Generation 1
Best fitness: 636964.529089
Worst fitness: 1.26201879919e+149
Average fitness: 1.24952356356e+147
Number of repeated individuals: 7
Mutation improvement rate: 50.0%
Crossover improvement rate: 50.0%

Generation 2
Best fitness: 636964.529089
Worst fitness: inf
Average fitness: 4.22158362402e+26
Number of repeated individuals: 8
Mutation improvement rate: 37.5%
Crossover improvement rate: 26.19%

Generation 3
Best fitness: 576661.205972
Worst fitness: 7.14377538231e+19
Average fitness: 9.90768746422e+17
Number of repeated individuals: 23
Mutation improvement rate: 0.0%
Crossover improvement rate: 35.9%

Generation 4
Best fitness: 576661.205972
Worst fitness: 3.69254644202e+18
Average fitness: 1.09678747232e+17
Number of repeated individuals: 22
Mutation improvement rate: 25.0%
Crossover improvement rate: 31.91%

Generation 5
Best fitness: 576661.205972
Worst fitness: 866221.11367
Average fitness: 645340.14216
Number of repeated individuals: 17
Mutation improvement rate: 0.0%
Crossover improvement rate: 25.56%

Generation 6
Best fitness: 576661.205972
Worst fitness: 5.12451770069e+17
Average fitness: 5.07385034047e+15
Number of repeated individuals: 16
Mutation improvement rate: 0.0%
Crossover improvement rate: 36.36%

Generation 7
Best fitness: 576661.205972
Worst fitness: 5.74964624532e+18
Average fitness: 5.74964629718e+16
Number of repeated individuals: 8
Mutation improvement rate: 5.56%
Crossover improvement rate: 28.95%

Generation 8
Best fitness: 502354.569567
Worst fitness: 1.6304692498e+149
Average fitness: 1.6304692498e+147
Number of repeated individuals: 5
Mutation improvement rate: 0.0%
Crossover improvement rate: 41.46%

Generation 9
Best fitness: 415139.445908
Worst fitness: 5.84047953906e+19
Average fitness: 6.69669816848e+17
Number of repeated individuals: 2
Mutation improvement rate: 14.29%
Crossover improvement rate: 34.15%

Generation 10
Best fitness: 415139.445908
Worst fitness: 5.06888788269e+19
Average fitness: 5.06888790496e+17
Number of repeated individuals: 5
Mutation improvement rate: 25.0%
Crossover improvement rate: 34.52%

Generation 11
Best fitness: 405996.613282
Worst fitness: 1.91917092755e+17
Average fitness: 1.90017098083e+15
Number of repeated individuals: 0
Mutation improvement rate: 16.67%
Crossover improvement rate: 32.93%

Generation 12
Best fitness: 405996.613282
Worst fitness: inf
Average fitness: 1.62742768956e+17
Number of repeated individuals: 1
Mutation improvement rate: 0.0%
Crossover improvement rate: 33.72%

Generation 13
Best fitness: 361993.390182
Worst fitness: 64658929205.2
Average fitness: 2098561392.79
Number of repeated individuals: 1
Mutation improvement rate: 20.0%
Crossover improvement rate: 42.11%

Generation 14
Best fitness: 325009.529509
Worst fitness: 4.68125885096e+18
Average fitness: 4.68125886893e+16
Number of repeated individuals: 2
Mutation improvement rate: 25.0%
Crossover improvement rate: 41.67%

Generation 15
Best fitness: 325009.529509
Worst fitness: 683131411849.0
Average fitness: 7247220913.59
Number of repeated individuals: 1
Mutation improvement rate: 25.0%
Crossover improvement rate: 42.31%

Generation 16
Best fitness: 325009.529509
Worst fitness: 2.0581065599e+18
Average fitness: 2.03772928313e+16
Number of repeated individuals: 4
Mutation improvement rate: 0.0%
Crossover improvement rate: 34.09%

Generation 17
Best fitness: 318389.164784
Worst fitness: 175643944167.0
Average fitness: 1874862230.6
Number of repeated individuals: 4
Mutation improvement rate: 0.0%
Crossover improvement rate: 37.78%

Generation 18
Best fitness: 304918.484062
Worst fitness: 8.14479384984e+28
Average fitness: 8.06415232657e+26
Number of repeated individuals: 4
Mutation improvement rate: 0.0%
Crossover improvement rate: 41.11%

Generation 19
Best fitness: 304918.484062
Worst fitness: 191732455743.0
Average fitness: 3891272726.34
Number of repeated individuals: 3
Mutation improvement rate: 20.0%
Crossover improvement rate: 30.49%

Generation 20
Best fitness: 286717.050739
Worst fitness: 147995536533.0
Average fitness: 2698340635.06
Number of repeated individuals: 2
Mutation improvement rate: 21.43%
Crossover improvement rate: 30.0%

Generation 21
Best fitness: 279438.441786
Worst fitness: 4.32705082945e+41
Average fitness: 4.28420874203e+39
Number of repeated individuals: 2
Mutation improvement rate: 0.0%
Crossover improvement rate: 32.5%

Generation 22
Best fitness: 267307.572883
Worst fitness: 13300621492.0
Average fitness: 281873143.156
Number of repeated individuals: 1
Mutation improvement rate: 10.0%
Crossover improvement rate: 48.81%

Generation 23
Best fitness: 265935.554676
Worst fitness: 119768205763.0
Average fitness: 1495678682.75
Number of repeated individuals: 0
Mutation improvement rate: 8.33%
Crossover improvement rate: 40.48%

Generation 24
Best fitness: 261679.105465
Worst fitness: 1.80813511604e+12
Average fitness: 18197503873.9
Number of repeated individuals: 2
Mutation improvement rate: 0.0%
Crossover improvement rate: 36.9%

Generation 25
Best fitness: 261679.105465
Worst fitness: 129256186732.0
Average fitness: 2155105102.19
Number of repeated individuals: 5
Mutation improvement rate: 16.67%
Crossover improvement rate: 41.46%

Generation 26
Best fitness: 259380.241544
Worst fitness: inf
Average fitness: 1.03738639678e+72
Number of repeated individuals: 6
Mutation improvement rate: 9.09%
Crossover improvement rate: 43.06%

Generation 27
Best fitness: 259380.241544
Worst fitness: 47196984212.0
Average fitness: 687819280.821
Number of repeated individuals: 1
Mutation improvement rate: 12.5%
Crossover improvement rate: 36.49%

Generation 28
Best fitness: 259305.703364
Worst fitness: 6302718217.61
Average fitness: 152921600.339
Number of repeated individuals: 3
Mutation improvement rate: 0.0%
Crossover improvement rate: 26.74%

Generation 29
Best fitness: 259305.703364
Worst fitness: 174125841990.0
Average fitness: 3433669260.01
Number of repeated individuals: 2
Mutation improvement rate: 25.0%
Crossover improvement rate: 39.53%

Generation 30
Best fitness: 253157.999767
Worst fitness: inf
Average fitness: 3.49958573349e+17
Number of repeated individuals: 2
Mutation improvement rate: 25.0%
Crossover improvement rate: 34.21%

Generation 31
Best fitness: 253157.999767
Worst fitness: 6.6369248799e+23
Average fitness: 6.6369248799e+21
Number of repeated individuals: 2
Mutation improvement rate: 0.0%
Crossover improvement rate: 40.91%

Generation 32
Best fitness: 253157.999767
Worst fitness: 10531469697.1
Average fitness: 211907484.537
Number of repeated individuals: 1
Mutation improvement rate: 27.78%
Crossover improvement rate: 35.14%

Generation 33
Best fitness: 253157.999767
Worst fitness: 142519813004.0
Average fitness: 3804334851.71
Number of repeated individuals: 3
Mutation improvement rate: 5.0%
Crossover improvement rate: 21.05%

Generation 34
Best fitness: 252766.538592
Worst fitness: 9006441028.49
Average fitness: 96561006.7493
Number of repeated individuals: 3
Mutation improvement rate: 0.0%
Crossover improvement rate: 46.59%

Generation 35
Best fitness: 252766.538592
Worst fitness: 72978325787.3
Average fitness: 1180613295.8
Number of repeated individuals: 2
Mutation improvement rate: 16.67%
Crossover improvement rate: 29.27%

Generation 36
Best fitness: 252766.538592
Worst fitness: 2.0372090071e+13
Average fitness: 233080635629.0
Number of repeated individuals: 3
Mutation improvement rate: 50.0%
Crossover improvement rate: 26.6%

Generation 37
Best fitness: 252766.538592
Worst fitness: 102285030468.0
Average fitness: 3415037530.4
Number of repeated individuals: 1
Mutation improvement rate: 12.5%
Crossover improvement rate: 13.95%

Generation 38
Best fitness: 252766.538592
Worst fitness: inf
Average fitness: 9.13205161389e+16
Number of repeated individuals: 1
Mutation improvement rate: 7.14%
Crossover improvement rate: 26.92%

Generation 39
Best fitness: 252766.538592
Worst fitness: 140466587603.0
Average fitness: 2008052567.37
Number of repeated individuals: 1
Mutation improvement rate: 16.67%
Crossover improvement rate: 36.67%

Generation 40
Best fitness: 252727.311626
Worst fitness: 23925452585.8
Average fitness: 401711895.7
Number of repeated individuals: 4
Mutation improvement rate: 0.0%
Crossover improvement rate: 27.38%

Generation 41
Best fitness: 252727.289174
Worst fitness: inf
Average fitness: 2.67566188378e+17
Number of repeated individuals: 5
Mutation improvement rate: 25.0%
Crossover improvement rate: 31.25%

Generation 42
Best fitness: 252727.289174
Worst fitness: inf
Average fitness: 9.13205168645e+16
Number of repeated individuals: 3
Mutation improvement rate: 0.0%
Crossover improvement rate: 19.51%

Generation 43
Best fitness: 252727.289174
Worst fitness: 10819666571.9
Average fitness: 165112702.191
Number of repeated individuals: 5
Mutation improvement rate: 0.0%
Crossover improvement rate: 17.39%

Generation 44
Best fitness: 252677.192552
Worst fitness: 1.07698535263e+147
Average fitness: 1.07698535263e+145
Number of repeated individuals: 5
Mutation improvement rate: 27.27%
Crossover improvement rate: 24.29%

Generation 45
Best fitness: 252677.192552
Worst fitness: 4412488176.83
Average fitness: 71756569.5301
Number of repeated individuals: 5
Mutation improvement rate: 0.0%
Crossover improvement rate: 15.56%

Generation 46
Best fitness: 252677.192552
Worst fitness: inf
Average fitness: 1.84467441052e+17
Number of repeated individuals: 11
Mutation improvement rate: 16.67%
Crossover improvement rate: 18.92%

Generation 47
Best fitness: 252677.192552
Worst fitness: 77882708202.9
Average fitness: 1330484153.78
Number of repeated individuals: 8
Mutation improvement rate: 20.0%
Crossover improvement rate: 8.54%

Generation 48
Best fitness: 252522.30027
Worst fitness: 150119728152.0
Average fitness: 2290593614.48
Number of repeated individuals: 2
Mutation improvement rate: 8.33%
Crossover improvement rate: 21.25%

Generation 49
Best fitness: 252522.30027
Worst fitness: inf
Average fitness: 1.84467440993e+17
Number of repeated individuals: 2
Mutation improvement rate: 7.14%
Crossover improvement rate: 20.73%

Generation 50
Best fitness: 252522.30027
Worst fitness: 4.5635164676e+12
Average fitness: 45712247796.6
Number of repeated individuals: 3
Mutation improvement rate: 6.25%
Crossover improvement rate: 25.64%

Top 5 individuals for training dataset:

	 ((((x2)+((((5.421780963399295)*(x2))*(0.5545263071558288))+(x2)))*(0.5545263071558288))+((log(((5.421780963399295)+((5.421780963399295)*(x2)))+(((x4)*(x2))*(0.5545263071558288))))*((x5)*((((5.421780963399295)*(x2))*(0.5545263071558288))-(0.5545263071558288))))) 	Fitness: 252522.30027
	 (((5.421780963399295)*(x2))+((log(((x7)+((5.421780963399295)*(x2)))+(((5.421780963399295)*(x2))*(0.5545263071558288))))*((x5)*((((5.421780963399295)*(x2))*(0.5545263071558288))-(log((log((x5)*((((5.421780963399295)*(5.421780963399295))*(0.5545263071558288))-((5.421780963399295)*(x2)))))+(0.5545263071558288))))))) 	Fitness: 252667.192609
	 (((((5.421780963399295)*(x2))+((5.421780963399295)*(x2)))*(0.5545263071558288))+((log(((log((log(((log(x1))+((4.697642918524217)*(x2)))+(((5.421780963399295)*(x2))*(0.5545263071558288))))*((x5)*((((5.421780963399295)*(x2))*(0.5545263071558288))-(log((log(x5))+(log(x5))))))))+((5.421780963399295)*(x2)))+(((4.697642918524217)*(x2))*(0.5545263071558288))))*((x5)*((((5.421780963399295)*(x2))*(0.5545263071558288))-(0.5545263071558288))))) 	Fitness: 252671.322532
	 (((((5.421780963399295)*(x2))+((5.421780963399295)*(x2)))*(0.5545263071558288))+((log(((log((5.421780963399295)*(x2)))+((5.421780963399295)*(x2)))+(((4.697642918524217)*(x2))*(0.5545263071558288))))*((x5)*((((5.421780963399295)*(x2))*(0.5545263071558288))-(0.5545263071558288))))) 	Fitness: 252672.454175
	 (((((5.421780963399295)*(x2))+((5.421780963399295)*(x2)))*(0.5545263071558288))+((log(((log((5.421780963399295)*(x2)))+((5.421780963399295)*(x2)))+(((4.697642918524217)*(x2))*(0.5545263071558288))))*((x5)*((((5.421780963399295)*(x2))*(0.5545263071558288))-(0.5545263071558288))))) 	Fitness: 252672.454175

Top 5 individuals for test dataset:

	 ((((x2)+((((5.421780963399295)*(x2))*(0.5545263071558288))+(x2)))*(0.5545263071558288))+((log(((5.421780963399295)+((5.421780963399295)*(x2)))+(((x4)*(x2))*(0.5545263071558288))))*((x5)*((((5.421780963399295)*(x2))*(0.5545263071558288))-(0.5545263071558288))))) 	Fitness: 252522.30027
	 (((5.421780963399295)*(x2))+((log(((x7)+((5.421780963399295)*(x2)))+(((5.421780963399295)*(x2))*(0.5545263071558288))))*((x5)*((((5.421780963399295)*(x2))*(0.5545263071558288))-(log((log((x5)*((((5.421780963399295)*(5.421780963399295))*(0.5545263071558288))-((5.421780963399295)*(x2)))))+(0.5545263071558288))))))) 	Fitness: 252667.192609
	 (((((5.421780963399295)*(x2))+((5.421780963399295)*(x2)))*(0.5545263071558288))+((log(((log((log(((log(x1))+((4.697642918524217)*(x2)))+(((5.421780963399295)*(x2))*(0.5545263071558288))))*((x5)*((((5.421780963399295)*(x2))*(0.5545263071558288))-(log((log(x5))+(log(x5))))))))+((5.421780963399295)*(x2)))+(((4.697642918524217)*(x2))*(0.5545263071558288))))*((x5)*((((5.421780963399295)*(x2))*(0.5545263071558288))-(0.5545263071558288))))) 	Fitness: 252671.322532
	 (((((5.421780963399295)*(x2))+((5.421780963399295)*(x2)))*(0.5545263071558288))+((log(((log((5.421780963399295)*(x2)))+((5.421780963399295)*(x2)))+(((4.697642918524217)*(x2))*(0.5545263071558288))))*((x5)*((((5.421780963399295)*(x2))*(0.5545263071558288))-(0.5545263071558288))))) 	Fitness: 252672.454175
	 (((((5.421780963399295)*(x2))+((5.421780963399295)*(x2)))*(0.5545263071558288))+((log(((log((5.421780963399295)*(x2)))+((5.421780963399295)*(x2)))+(((4.697642918524217)*(x2))*(0.5545263071558288))))*((x5)*((((5.421780963399295)*(x2))*(0.5545263071558288))-(0.5545263071558288))))) 	Fitness: 252672.454175
