Generation 1
Best fitness: 652426.932716
Worst fitness: 1.10885693451e+13
Average fitness: 221772539522.0
Number of repeated individuals: 7
Mutation improvement rate: 0.0%
Crossover improvement rate: 40.48%

Generation 2
Best fitness: 652426.932716
Worst fitness: inf
Average fitness: 1.8446744178e+17
Number of repeated individuals: 9
Mutation improvement rate: 25.0%
Crossover improvement rate: 47.37%

Generation 3
Best fitness: 650666.714851
Worst fitness: 1.15077512105e+63
Average fitness: 2.25642180597e+61
Number of repeated individuals: 10
Mutation improvement rate: 25.0%
Crossover improvement rate: 38.64%

Generation 4
Best fitness: 650340.118016
Worst fitness: inf
Average fitness: 3.61700864192e+17
Number of repeated individuals: 14
Mutation improvement rate: 0.0%
Crossover improvement rate: 39.58%

Generation 5
Best fitness: 646823.102625
Worst fitness: 1.61007592392e+39
Average fitness: 3.15701161554e+37
Number of repeated individuals: 21
Mutation improvement rate: 0.0%
Crossover improvement rate: 50.0%

Generation 6
Best fitness: 644413.411026
Worst fitness: 654513.563287
Average fitness: 649639.604235
Number of repeated individuals: 19
Mutation improvement rate: 0.0%
Crossover improvement rate: 50.0%

Generation 7
Best fitness: 638823.815703
Worst fitness: 654515.000789
Average fitness: 647930.846384
Number of repeated individuals: 9
Mutation improvement rate: 12.5%
Crossover improvement rate: 57.89%

Generation 8
Best fitness: 635641.02824
Worst fitness: 652753.693389
Average fitness: 644521.080032
Number of repeated individuals: 12
Mutation improvement rate: 0.0%
Crossover improvement rate: 47.83%

Generation 9
Best fitness: 626700.361542
Worst fitness: 654515.000789
Average fitness: 639543.79877
Number of repeated individuals: 6
Mutation improvement rate: 0.0%
Crossover improvement rate: 47.62%

Generation 10
Best fitness: 613639.864721
Worst fitness: inf
Average fitness: 1.84467440738e+17
Number of repeated individuals: 3
Mutation improvement rate: 0.0%
Crossover improvement rate: 55.0%

Generation 11
Best fitness: 599897.996455
Worst fitness: 650993.586775
Average fitness: 625683.808185
Number of repeated individuals: 7
Mutation improvement rate: 0.0%
Crossover improvement rate: 56.52%

Generation 12
Best fitness: 580748.704235
Worst fitness: inf
Average fitness: 1.80850432096e+17
Number of repeated individuals: 2
Mutation improvement rate: 0.0%
Crossover improvement rate: 60.53%

Generation 13
Best fitness: 516858.058103
Worst fitness: 654515.003002
Average fitness: 602109.40119
Number of repeated individuals: 1
Mutation improvement rate: 0.0%
Crossover improvement rate: 57.89%

Generation 14
Best fitness: 480862.885012
Worst fitness: 12355618.3265
Average fitness: 814790.34352
Number of repeated individuals: 3
Mutation improvement rate: 16.67%
Crossover improvement rate: 57.5%

Generation 15
Best fitness: 462494.14076
Worst fitness: 1.50725815338e+31
Average fitness: 3.01451630675e+29
Number of repeated individuals: 2
Mutation improvement rate: 0.0%
Crossover improvement rate: 61.9%

Generation 16
Best fitness: 386463.782739
Worst fitness: inf
Average fitness: 1.80850432096e+17
Number of repeated individuals: 3
Mutation improvement rate: 0.0%
Crossover improvement rate: 61.9%

Generation 17
Best fitness: 354741.555316
Worst fitness: 654514.837869
Average fitness: 447903.349116
Number of repeated individuals: 1
Mutation improvement rate: 16.67%
Crossover improvement rate: 65.0%

Generation 18
Best fitness: 263865.066324
Worst fitness: 654515.010201
Average fitness: 428596.426139
Number of repeated individuals: 0
Mutation improvement rate: 0.0%
Crossover improvement rate: 52.94%

Generation 19
Best fitness: 263865.066324
Worst fitness: 654515.007719
Average fitness: 358822.575395
Number of repeated individuals: 1
Mutation improvement rate: 8.33%
Crossover improvement rate: 58.33%

Generation 20
Best fitness: 262483.927633
Worst fitness: 526364.592678
Average fitness: 296908.626108
Number of repeated individuals: 2
Mutation improvement rate: 0.0%
Crossover improvement rate: 39.13%

Generation 21
Best fitness: 262188.255826
Worst fitness: 364939.322108
Average fitness: 275253.70023
Number of repeated individuals: 6
Mutation improvement rate: 0.0%
Crossover improvement rate: 52.08%

Generation 22
Best fitness: 262089.26043
Worst fitness: 655124.704373
Average fitness: 323049.756468
Number of repeated individuals: 4
Mutation improvement rate: 0.0%
Crossover improvement rate: 40.48%

Generation 23
Best fitness: 262089.26043
Worst fitness: inf
Average fitness: 1.80850432095e+17
Number of repeated individuals: 5
Mutation improvement rate: 20.0%
Crossover improvement rate: 28.95%

Generation 24
Best fitness: 262017.47301
Worst fitness: 294055.613858
Average fitness: 264607.373803
Number of repeated individuals: 5
Mutation improvement rate: 0.0%
Crossover improvement rate: 38.64%

Generation 25
Best fitness: 261984.009928
Worst fitness: 1.20307984584e+36
Average fitness: 2.35898008988e+34
Number of repeated individuals: 0
Mutation improvement rate: 0.0%
Crossover improvement rate: 23.68%

Generation 26
Best fitness: 261918.38505
Worst fitness: 654642.920295
Average fitness: 279919.525588
Number of repeated individuals: 0
Mutation improvement rate: 0.0%
Crossover improvement rate: 28.57%

Generation 27
Best fitness: 261891.073311
Worst fitness: 654506.801599
Average fitness: 274337.783825
Number of repeated individuals: 1
Mutation improvement rate: 0.0%
Crossover improvement rate: 31.82%

Generation 28
Best fitness: 261836.000056
Worst fitness: 2.60876356507e+17
Average fitness: 5.11522267688e+15
Number of repeated individuals: 1
Mutation improvement rate: 0.0%
Crossover improvement rate: 35.0%

Generation 29
Best fitness: 261775.451412
Worst fitness: 427256.550476
Average fitness: 272339.00565
Number of repeated individuals: 3
Mutation improvement rate: 0.0%
Crossover improvement rate: 23.91%

Generation 30
Best fitness: 261715.916227
Worst fitness: 655110.434592
Average fitness: 288277.565245
Number of repeated individuals: 2
Mutation improvement rate: 16.67%
Crossover improvement rate: 22.5%

Generation 31
Best fitness: 261657.497331
Worst fitness: 654515.000422
Average fitness: 276375.706977
Number of repeated individuals: 6
Mutation improvement rate: 0.0%
Crossover improvement rate: 43.18%

Generation 32
Best fitness: 261631.188765
Worst fitness: 654515.000789
Average fitness: 280186.655943
Number of repeated individuals: 2
Mutation improvement rate: 0.0%
Crossover improvement rate: 20.45%

Generation 33
Best fitness: 261568.860165
Worst fitness: 652426.932716
Average fitness: 280746.022359
Number of repeated individuals: 0
Mutation improvement rate: 0.0%
Crossover improvement rate: 27.5%

Generation 34
Best fitness: 261488.198899
Worst fitness: 652426.932716
Average fitness: 284759.728099
Number of repeated individuals: 5
Mutation improvement rate: 0.0%
Crossover improvement rate: 26.09%

Generation 35
Best fitness: 261430.906271
Worst fitness: 424790.043884
Average fitness: 276997.146593
Number of repeated individuals: 0
Mutation improvement rate: 0.0%
Crossover improvement rate: 19.57%

Generation 36
Best fitness: 261430.906271
Worst fitness: 654514.996432
Average fitness: 287659.60511
Number of repeated individuals: 1
Mutation improvement rate: 25.0%
Crossover improvement rate: 27.5%

Generation 37
Best fitness: 261358.705623
Worst fitness: 330395.999465
Average fitness: 267991.109005
Number of repeated individuals: 1
Mutation improvement rate: 0.0%
Crossover improvement rate: 30.43%

Generation 38
Best fitness: 261310.841302
Worst fitness: 430782.350633
Average fitness: 273689.507017
Number of repeated individuals: 1
Mutation improvement rate: 0.0%
Crossover improvement rate: 19.57%

Generation 39
Best fitness: 261273.399672
Worst fitness: 654515.000789
Average fitness: 284150.084932
Number of repeated individuals: 3
Mutation improvement rate: 25.0%
Crossover improvement rate: 32.5%

Generation 40
Best fitness: 261179.998062
Worst fitness: 655118.273184
Average fitness: 280770.17213
Number of repeated individuals: 2
Mutation improvement rate: 0.0%
Crossover improvement rate: 40.91%

Generation 41
Best fitness: 261179.998062
Worst fitness: 654516.160095
Average fitness: 290889.122773
Number of repeated individuals: 3
Mutation improvement rate: 25.0%
Crossover improvement rate: 30.0%

Generation 42
Best fitness: 261127.215666
Worst fitness: 654515.389792
Average fitness: 297349.815631
Number of repeated individuals: 0
Mutation improvement rate: 0.0%
Crossover improvement rate: 13.89%

Generation 43
Best fitness: 261056.493638
Worst fitness: 9.22337203685e+18
Average fitness: 1.84467440737e+17
Number of repeated individuals: 0
Mutation improvement rate: 0.0%
Crossover improvement rate: 34.09%

Generation 44
Best fitness: 260856.934466
Worst fitness: 654514.168797
Average fitness: 270227.254881
Number of repeated individuals: 2
Mutation improvement rate: 0.0%
Crossover improvement rate: 35.71%

Generation 45
Best fitness: 260809.761956
Worst fitness: 654515.000789
Average fitness: 282173.029246
Number of repeated individuals: 3
Mutation improvement rate: 0.0%
Crossover improvement rate: 22.73%

Generation 46
Best fitness: 260809.761956
Worst fitness: 281576.825274
Average fitness: 263294.417192
Number of repeated individuals: 2
Mutation improvement rate: 0.0%
Crossover improvement rate: 31.82%

Generation 47
Best fitness: 260777.474905
Worst fitness: 654514.9641
Average fitness: 287477.345272
Number of repeated individuals: 0
Mutation improvement rate: 0.0%
Crossover improvement rate: 22.22%

Generation 48
Best fitness: 260655.209845
Worst fitness: 654519.191907
Average fitness: 295239.92487
Number of repeated individuals: 1
Mutation improvement rate: 12.5%
Crossover improvement rate: 44.74%

Generation 49
Best fitness: 260422.516256
Worst fitness: 650986.78916
Average fitness: 278177.413657
Number of repeated individuals: 2
Mutation improvement rate: 50.0%
Crossover improvement rate: 45.45%

Generation 50
Best fitness: 260358.212886
Worst fitness: 654514.996692
Average fitness: 301222.99699
Number of repeated individuals: 5
Mutation improvement rate: 12.5%
Crossover improvement rate: 36.84%

Top 5 individuals for training dataset:

	 ((((x2)+(x2))+((x2)+(((x2)+(x2))+((x7)+((((x5)+(((x2)+((((x2)+(x2))+((x2)+(((x2)+(((x7)+(x6))+((x2)+((((x2)+((((x2)+(x2))+(((x2)+(x6))+(((x2)+(x2))+((x7)+((((x2)+(x2))+(x6))+((x7)+((x5)+((x6)+(((x7)+(x6))+((x2)+(x6)))))))))))+((x7)+((x5)+(((x2)+(((x7)+(x6))+((x2)+((((x2)+(x2))+(x6))+((x2)+(((x7)+(x6))+((x2)+((((x2)+((((x6)+(x2))+(x6))+((x2)+(((x7)+(x6))+((x2)+((((x2)+(x2))+(x6))+(x6)))))))+(x2))+(x6)))))))))+(((x7)+(x6))+((x2)+(x6))))))))+(x6))+(x6)))))+(((x2)+(x2))+((x7)+(((x2)+(x2))+(((x5)+((x6)+(((x7)+(x6))+((x2)+(x6)))))+((x2)+((x7)+((x5)+((x6)+(((x7)+(x6))+((x2)+((((x2)+((((x2)+((x5)+((x6)+(x6))))+(x6))+((x2)+(x6))))+((x6)+((((x2)+(x2))+((x2)+(((x2)+(x2))+(((x2)+(x2))+((x7)+(((x2)+(x2))+(((x5)+(((x5)+((x6)+(x6)))+(((x7)+(x6))+((x2)+(x6)))))+((x2)+((x7)+((x5)+((x6)+(((x7)+(x6))+((((x2)+(x2))+(((x2)+(x2))+(((x2)+(x2))+((x7)+((((x2)+(x6))+(x6))+((x7)+((x5)+(x2))))))))+((x7)+((x5)+(((x2)+(((x7)+(x6))+((x2)+(x2))))+(((x7)+(x6))+((x2)+(x6)))))))))))))))))))+(((x2)+(x2))+((x7)+(((x7)+(x2))+((x7)+(x2))))))))+(x6)))))))))))))))+((x2)+((((x2)+(x2))+(x6))+((x2)+(((x7)+(x6))+((x2)+((((x2)+((((x2)+(x2))+(x6))+((x2)+(((x7)+(x6))+((x2)+(x2))))))+(x6))+(x6)))))))))+(((x7)+(x6))+((x2)+(x6)))))+(x6))+((x7)+((((((((x2)+(((x7)+(x6))+((x2)+((((x2)+(x2))+(x6))+(x2)))))+(x6))+(x6))+((x2)+((x5)+(((x2)+(((x7)+(x6))+((x2)+(x2))))+(((x7)+(x6))+((x2)+(x6)))))))+((x6)+(((x7)+(x6))+((x2)+(x6)))))+(x2))+(x6))))))))+((x7)+((x5)+(((x2)+((((x2)+(x2))+((x2)+(((x2)+(((x7)+(x6))+((x2)+((((x2)+((((x2)+(x2))+(((x2)+(x6))+(((x2)+(x2))+((x7)+((((x2)+(x6))+((x7)+(x6)))+((x7)+((x5)+((x6)+(((x7)+(x6))+((x2)+(x6)))))))))))+((x7)+((x5)+(((x2)+(((x7)+(x6))+((x2)+(x2))))+(((x7)+(x6))+((x2)+(x6))))))))+(x6))+((x2)+(((x7)+(((x2)+(x2))+((x7)+(((x7)+(x2))+((x7)+(x2))))))+((x2)+((((x2)+(x2))+(x6))+(x6)))))))))+(((x2)+(x2))+((x7)+(((x2)+(x2))+(((x5)+(x7))+((x2)+((x7)+((x5)+((x6)+(((x7)+(x7))+((x2)+((((x2)+((((x2)+((x5)+((x6)+(x6))))+(x6))+((x2)+(x6))))+((x6)+((((x2)+(x2))+((x2)+(((x2)+(x2))+(((x2)+(x2))+((x7)+(((x2)+(x2))+(((x7)+(x6))+((x2)+((((x2)+((((x2)+(x2))+((x2)+(((x2)+(x2))+((x7)+((((x2)+(x6))+(x6))+(x2))))))+((x7)+((x5)+(((x2)+(((x7)+(x6))+((x2)+(x2))))+(((x7)+(x6))+((x2)+(x6))))))))+(x6))+(x6))))))))))+(((x2)+(x2))+((x7)+((x2)+((x7)+((x5)+((x6)+(((x7)+(x6))+((x2)+(x2))))))))))))+(x6)))))))))))))))+((x2)+((((x2)+(x2))+(x6))+((x2)+(((x7)+(x6))+((x2)+((((x7)+((((x2)+(x2))+(x6))+((x2)+(((x7)+(x6))+((x2)+(((((x7)*(x1))+(x2))+(x6))+(x6)))))))+(x6))+(x6)))))))))+(((x7)+((x2)+(x6)))+((x2)+(x6))))))) 	Fitness: 260358.212886
	 ((((x2)+(x2))+((x2)+(((x2)+(x2))+((x7)+((((x5)+(((x2)+((((x2)+(x2))+((x2)+(((x2)+(((x7)+(x6))+((x2)+((((x2)+((((x2)+(x2))+(((x2)+(x6))+(((x2)+(x2))+((x7)+((((x2)+(x2))+(x6))+((x7)+((x5)+((x6)+(((x7)+(x6))+((x2)+(x6)))))))))))+((x7)+((x5)+(((x2)+(((x7)+(x6))+((x2)+((((x2)+(x2))+(x6))+((x2)+(((x7)+(x6))+((x2)+((((x2)+((((x6)+(x2))+(x6))+((x2)+(((x7)+(x6))+((x2)+((((x2)+(x2))+(x6))+(x6)))))))+(x2))+(x6)))))))))+(((x7)+(x6))+((x2)+(x6))))))))+(x6))+(x6)))))+(((x2)+(x2))+((x7)+(((x2)+(x2))+(((x5)+((x6)+(((x7)+(x6))+((x2)+(x6)))))+((x2)+((x7)+((x5)+((x6)+(((x7)+(x6))+((x2)+((((x2)+((((x2)+((x5)+((x6)+(x6))))+(x6))+((x2)+(x6))))+((x6)+((((x2)+(x2))+((x2)+(((x2)+(x2))+(((x2)+(x2))+((x7)+(((x2)+(x2))+(((x5)+(((x5)+((x6)+(x6)))+(((x7)+(x6))+((x2)+(x6)))))+((x2)+((x7)+((x5)+((x6)+(((x7)+(x6))+((((x2)+(x2))+(((x2)+(x2))+(((x2)+(x2))+((x7)+((((x2)+(x6))+(x6))+((x7)+((x5)+(x2))))))))+((x7)+((x5)+(((x2)+(((x7)+(x6))+((x2)+(x2))))+(((x7)+(x6))+((x2)+(x6)))))))))))))))))))+(((x2)+(x2))+((x7)+(((x7)+(x2))+((x7)+(x2))))))))+(x6)))))))))))))))+((x2)+((((x2)+(x2))+(x6))+((x2)+(((x7)+(x6))+((x2)+((((x2)+((((x2)+(x2))+(x6))+((x2)+(((x7)+(x6))+((x2)+(x2))))))+(x6))+(x6)))))))))+(((x7)+(x6))+((x2)+(x6)))))+(x6))+((x7)+((((((((x2)+(((x7)+(x6))+((x2)+((((x2)+(x2))+(x6))+(x2)))))+(x6))+(x6))+((x2)+((x5)+(((x2)+(((x7)+(x6))+((x2)+(x2))))+(((x7)+(x6))+((x2)+(x6)))))))+((x6)+(((x7)+(x6))+((x2)+(x6)))))+(x2))+(x6))))))))+((x7)+((x5)+(((x2)+((((x2)+(x2))+((x2)+(((x2)+(((x7)+(x6))+((x2)+((((x2)+((((x2)+(x2))+(((x2)+(x6))+(((x2)+(x2))+((x7)+((((x2)+(x6))+((x7)+(x6)))+((x7)+((x5)+((x6)+(((x7)+(x6))+((x2)+(x6)))))))))))+((x7)+((x5)+(((x2)+(((x7)+(x6))+((x2)+(x2))))+(((x7)+(x6))+((x2)+(x6))))))))+(x6))+((x2)+(((x7)+(((x2)+(x2))+((x7)+(((x7)+(x2))+((x7)+(x2))))))+((x2)+((((x2)+(x2))+(x6))+(x6)))))))))+(((x2)+(x2))+((x7)+(((x2)+(x2))+(((x5)+(x7))+((x2)+((x7)+((x5)+((x6)+(((x7)+(x7))+((x2)+((((x2)+((((x2)+((x5)+((x6)+(x6))))+(x6))+((x2)+(x6))))+((x6)+((((x2)+(x2))+((x2)+(((x2)+(x2))+(((x2)+(x2))+((x7)+(((x2)+(x2))+(((x7)+(x6))+((x2)+((((x2)+((((x2)+(x2))+(((x2)+(x6))+(((x2)+(x2))+((x7)+((((x2)+(x6))+(x6))+(x2))))))+((x7)+((x5)+(((x2)+(((x7)+(x6))+((x2)+(x2))))+(((x7)+(x6))+((x2)+(x6))))))))+(x6))+(x6))))))))))+(((x2)+(x2))+((x7)+((x2)+((x7)+((x5)+((x6)+(((x7)+(x6))+((x2)+(x2))))))))))))+(x6)))))))))))))))+((x2)+((((x2)+(x2))+(x6))+((x2)+(((x7)+(x6))+((x2)+((((x7)+((((x2)+(x2))+(x6))+((x2)+(((x7)+(x6))+((x2)+(((((x7)*(x1))+(x2))+(x6))+(x6)))))))+(x6))+(x6)))))))))+(((x7)+((x2)+(x6)))+((x2)+(x6))))))) 	Fitness: 260422.516256
	 ((((x2)+(x2))+((x2)+(((x2)+(x2))+((x7)+((((x5)+(((x2)+((((x2)+(x2))+((x2)+(((x2)+(((x7)+(x6))+((x2)+((((x2)+((((x2)+(x2))+(((x2)+(x6))+(((x2)+(x2))+((x7)+((((x2)+(x2))+(x6))+((x7)+((x5)+((x6)+(((x7)+(x6))+((x2)+(x6)))))))))))+((x7)+((x5)+(((x2)+(((x7)+(x6))+((x2)+((((x2)+(x2))+(x6))+((x2)+(((x7)+(x6))+((x2)+((((x2)+((((x6)+(x2))+(x6))+((x2)+(((x7)+(x6))+((x2)+((((x2)+(x2))+(x6))+(x6)))))))+(x2))+(x6)))))))))+(((x7)+(x6))+((x2)+(x6))))))))+(x6))+(x6)))))+(((x2)+(x2))+((x7)+(((x2)+(x2))+(((x5)+((x6)+(((x7)+(x6))+((x2)+(x6)))))+((x2)+((x7)+((x5)+((x6)+(((x7)+(x6))+((x2)+((((x2)+((((x2)+((x5)+((x6)+(x6))))+(x6))+((x2)+(x6))))+((x6)+((((x2)+(x2))+((x2)+(((x2)+(x2))+(((x2)+(x2))+((x7)+(((x2)+(x2))+(((x5)+(((2.7919497744509023)+((x6)+(x6)))+(((x7)+(x6))+((x2)+(x6)))))+((x2)+((x7)+((x5)+((x6)+(((x7)+(x6))+((((x2)+(x2))+(((x2)+(x2))+(((x2)+(x2))+((x7)+((((x2)+(x6))+(x6))+((x7)+((x5)+(x2))))))))+((x7)+((x5)+(((x2)+(((x7)+(x6))+((x2)+(x2))))+(((x7)+(x6))+((x2)+(x6)))))))))))))))))))+(((x2)+(x2))+((x7)+(((x7)+(x2))+((x7)+(x2))))))))+(x6)))))))))))))))+((x2)+((((x2)+(x2))+(x6))+((x2)+(((x7)+(x6))+((x2)+((((x2)+((((x2)+(x2))+(x6))+((x2)+(((x7)+(x6))+((x2)+(x2))))))+(x6))+(x6)))))))))+(((x7)+(x6))+((x2)+(x6)))))+(x6))+((x7)+((((((((x2)+(((x7)+(x6))+((x2)+((((x2)+(x2))+(x6))+(x2)))))+(x6))+(x6))+((x2)+((x5)+(((x2)+(((x7)+(x6))+((x2)+(x2))))+(((x7)+(x6))+((x2)+(x6)))))))+((x6)+(((x7)+(x6))+((x2)+(x6)))))+(x2))+(x6))))))))+((x7)+((x5)+(((x2)+((((x2)+(x2))+((x2)+(((x2)+(((x7)+(x6))+((x2)+((((x2)+((((x2)+(x2))+(((x2)+(x6))+(((x2)+(x2))+((x7)+((((x2)+(x6))+((x7)+(x6)))+((x7)+((x5)+((x6)+(((x7)+(x6))+((x2)+(x6)))))))))))+((x7)+((x5)+(((x2)+(((x7)+(x6))+((x2)+(x2))))+(((x7)+(x6))+((x2)+(x6))))))))+(x6))+((x2)+(((x7)+(((x2)+(x2))+((x7)+(((x7)+(x2))+((x7)+(x2))))))+((x2)+((((x2)+(x2))+(x6))+(x6)))))))))+(((x2)+(x2))+((x7)+(((x2)+(x2))+(((x5)+(x7))+((x2)+((x7)+((x5)+((x6)+(((x7)+(x7))+((x2)+((((x2)+((((x2)+((x5)+((x6)+(x6))))+(x6))+((x2)+(x6))))+((x6)+((((x2)+(x2))+((x2)+(((x2)+(x2))+(((x2)+(x2))+((x7)+(((x2)+(x2))+(((x7)+(x6))+((x2)+((((x2)+((((x2)+(x2))+(((x2)+(x6))+(((x2)+(x2))+((x7)+((((x2)+(x6))+(x6))+(x2))))))+((x7)+((x5)+(((x2)+(((x7)+(x6))+((x2)+(x2))))+(((x7)+(x6))+((x2)+(x6))))))))+(x6))+(x6))))))))))+(((x2)+(x2))+((x7)+((x2)+((x7)+((x5)+((x6)+(((x7)+(x6))+((x2)+(x2))))))))))))+(x6)))))))))))))))+((x2)+((((x2)+(x2))+(x6))+((x2)+(((x7)+(x6))+((x2)+((((x7)+((((x2)+(x2))+(x6))+((x2)+(((x7)+(x6))+((x2)+(((((x7)*(x1))+(x2))+(x6))+(x6)))))))+(x6))+(x6)))))))))+(((x7)+((x2)+(x6)))+((x2)+(x6))))))) 	Fitness: 260422.575692
	 ((((x2)+(x2))+((x2)+(((x2)+(x2))+((x7)+((((x5)+(((x2)+((((x2)+(x2))+((x2)+(((x2)+(((x7)+(x6))+((x2)+((((x2)+((((x2)+(x2))+(((x2)+(x6))+(((x2)+(x2))+((x7)+((((x2)+(x2))+(x6))+((x7)+((x5)+((x6)+(((x7)+(x6))+((x2)+(x6)))))))))))+((x7)+((x5)+(((x2)+(((x7)+(x6))+((x2)+((((x2)+(x2))+(x6))+((x2)+(((x7)+(x6))+((x2)+((((x2)+((((x6)+(x2))+(x6))+((x2)+(((x7)+(x6))+((x2)+((((x2)+(x2))+(x6))+(x6)))))))+(x2))+(x6)))))))))+(((x7)+(x6))+((x2)+(x6))))))))+(x6))+(x6)))))+(((x2)+(x2))+((x7)+(((x2)+(x2))+(((x5)+((x6)+(((x7)+(x6))+((x2)+(x6)))))+((x2)+((x7)+((x5)+((x6)+(((x7)+(x6))+((x2)+((((x2)+((((x2)+((x5)+((x6)+(x6))))+(x6))+((x2)+(x6))))+((x6)+((((x2)+(x2))+((x2)+(((x2)+(x2))+(((x2)+(x2))+((x7)+(((x2)+(x2))+(((x5)+(((x5)+((x6)+(x6)))+(((x7)+(x6))+((x2)+(x6)))))+((x2)+((x7)+((x5)+((x6)+(((x7)+(x6))+((((x2)+(x2))+(((x2)+(x2))+(((x2)+(x2))+((x7)+((((x2)+(x6))+(x6))+((x7)+((x5)+(x2))))))))+((x7)+((x5)+(((x2)+(((x7)+(x6))+((x2)+(x2))))+(((x7)+(x6))+((x2)+(x6)))))))))))))))))))+(((x2)+(x2))+((x7)+(((x7)+(x2))+((x7)+(x2))))))))+(x6)))))))))))))))+((x2)+((((x2)+(x2))+(x6))+((x2)+(((x7)+(x6))+((x2)+((((x2)+((((x2)+(x2))+(x6))+((x2)+(((x7)+(x6))+((x2)+(x2))))))+(x6))+(x6)))))))))+(((x7)+(x6))+((x2)+(x6)))))+(x6))+((x7)+((((((((x2)+(((x7)+(x6))+((x2)+((((x2)+(x2))+(x6))+(x2)))))+(x6))+(x6))+((x2)+((x5)+(((x2)+((((x7)+(x2))+(x6))+((x2)+(x2))))+(((x7)+(x6))+((x2)+(x6)))))))+((x6)+(((x7)+(x6))+((x2)+(x6)))))+(x2))+(x6))))))))+((x7)+((x5)+(((x2)+((((x2)+(x2))+((x2)+(((x2)+(((x7)+(x6))+((x2)+((((x2)+((((x2)+(x2))+(((x2)+(x6))+(((x2)+(x2))+((x7)+((((x2)+(x6))+((x7)+(x6)))+((x7)+((x5)+((x6)+(((x7)+(x6))+((x2)+(x6)))))))))))+((x7)+((x5)+(((x2)+(((x7)+(x6))+((x2)+(x2))))+(((x7)+(x6))+((x2)+(x6))))))))+(x6))+((x2)+(((x7)+(((x2)+(x2))+((x7)+(((x7)+(x2))+((x7)+(x2))))))+((x2)+((((x2)+(x2))+(x6))+(x6)))))))))+(((x2)+(x2))+((x7)+(((x2)+(x2))+(((x5)+(x7))+((x2)+((x7)+((x5)+((x6)+(((x7)+(x7))+((x2)+((((x2)+((((x2)+((x5)+((x6)+(x6))))+(x6))+((x2)+(x6))))+((x6)+((((x2)+(x2))+((x2)+(((x2)+(x2))+(((x2)+(x2))+((x7)+(((x2)+(x2))+(((x7)+(x6))+((x2)+((((x2)+((((x2)+(x2))+(((x2)+(x6))+(((x2)+(x2))+((x7)+((((x2)+(x6))+(x6))+(x2))))))+((x7)+((x5)+(((x2)+(((x7)+(x6))+((x2)+(x2))))+(((x7)+(x6))+((x2)+(x6))))))))+(x6))+(x6))))))))))+(((x2)+(x2))+((x7)+((x2)+((x7)+((x5)+((x6)+(((x7)+(x6))+((x2)+(x2))))))))))))+(x6)))))))))))))))+((x2)+((((x2)+(x2))+(x6))+((x2)+(((x7)+(x6))+((x2)+((((x7)+((((x2)+(x2))+(x6))+((x2)+(((x7)+(x6))+((x2)+(((((x7)*(x1))+(x2))+(x6))+(x6)))))))+(x6))+(x6)))))))))+(((x7)+((x2)+(x6)))+((x2)+(x6))))))) 	Fitness: 260465.968212
	 ((((x2)+(x2))+((x2)+(((x2)+(x2))+((x7)+((((x5)+(((x2)+((((x2)+(x2))+((x2)+(((x2)+(((x7)+(x6))+((x2)+((((x2)+((((x2)+(x2))+(((x2)+(x6))+(((x2)+(x2))+((x7)+((((x2)+(x2))+(x6))+((x7)+((x5)+((x6)+(((x7)+(x6))+((x2)+(x6)))))))))))+((x7)+((x5)+(((x2)+(((x7)+(x6))+((x2)+((((x2)+(x2))+(x6))+((x2)+(((x2)+(x6))+((x2)+((((x2)+((((x6)+(x2))+(x6))+((x2)+(((x7)+(x6))+((x7)+((((x2)+(x2))+(x6))+(x6)))))))+(x2))+(x6)))))))))+(((x7)+(((x7)+(x2))+((x7)+(x2))))+((x2)+(x6))))))))+(x6))+(x6)))))+(((x2)+(x2))+((x7)+(((x2)+(x2))+(((x5)+((x6)+(((x7)+(x6))+((x2)+(x6)))))+((x2)+((x7)+((x5)+((x6)+(((x7)+(x6))+((x2)+(((((x7)+(x2))+((x7)+(x2)))+((x2)+((((x2)+(x2))+((x2)+(((x2)+(x2))+(((x2)+(x2))+((x7)+(((x2)+(x2))+(((x5)+(((x5)+((x6)+(x6)))+(((x7)+(x6))+((x2)+(x6)))))+((x2)+((x7)+((x5)+((x6)+(((x7)+(x6))+((((x2)+(x2))+(((x2)+(x2))+(((x2)+(x2))+((x7)+((((x2)+(x6))+(x6))+((x7)+((x5)+((x6)+(((x7)+(x6))+((x2)+(x6)))))))))))+((x7)+((x5)+(((x2)+(((x7)+(x6))+((x2)+(x2))))+(((x7)+(x6))+((x2)+(x6)))))))))))))))))))+(((x2)+(x2))+((x7)+(((x7)+(x2))+((x7)+(x2))))))))+(x6)))))))))))))))+((x2)+((((x2)+(x2))+(x6))+((x2)+(((x7)+(x6))+((x2)+((((x2)+((((x2)+(x2))+(x6))+((x2)+(((x7)+(x6))+((x2)+(x2))))))+(x6))+(x6)))))))))+(((x7)+(x6))+((x2)+(x6)))))+(x6))+((x7)+((((((((x2)+(((x7)+(x6))+((x2)+((((x2)+(x2))+(x6))+(x6)))))+(x6))+(x6))+((x2)+((((x2)+(x2))+((((x2)+(x6))+(x6))+((x2)+(x6))))+(x6))))+(x7))+(x2))+(x6))))))))+((x7)+((x5)+(((x2)+((((x2)+(x2))+((x2)+(((x2)+(((x7)+(x6))+((x2)+((((x2)+((((x2)+(x2))+(((x2)+(x6))+(((x2)+(x2))+((x7)+((((x2)+(x6))+((x7)+(x6)))+((x7)+((x5)+((x6)+(((x7)+(x6))+((x2)+(x6)))))))))))+((x7)+((x5)+(((x2)+(((x7)+(x6))+((x2)+(x2))))+(((x7)+(x6))+(((x7)+(x6))+((x2)+(x6)))))))))+(x6))+(x6)))))+(((x2)+(x2))+((x7)+(((x2)+(x2))+(((x5)+((x6)+(((x7)+(x6))+((x2)+(x6)))))+((x2)+((x7)+((x5)+((x6)+(((x7)+(x6))+((x2)+((((x2)+((((x2)+((x5)+((x6)+(x6))))+(x6))+((x2)+(x6))))+((x6)+((((x2)+(x2))+((x2)+(((x2)+(x2))+(((x2)+(x2))+((x7)+(((x2)+(x2))+(((x7)+(x6))+((x2)+((((x2)+((((x2)+(x2))+(((x2)+(x6))+(((x2)+(x2))+((x7)+((((x2)+(x6))+(x6))+(x2))))))+((x7)+((x5)+(((x2)+(((x7)+(x6))+((x2)+(x2))))+(((x7)+(x6))+((x2)+(x6))))))))+(x6))+(x6))))))))))+(((x2)+(x2))+((x7)+((x2)+((x7)+((x5)+((x6)+(((x7)+(x6))+((x2)+(x2))))))))))))+(x6)))))))))))))))+((x2)+((((x2)+(x2))+(x6))+((x2)+(((x7)+(x6))+((x2)+((((x7)+((((x2)+(x2))+(x6))+((x2)+(((x7)+(((x2)+(x2))+((x7)+(((x7)+(x2))+((x7)+(x2))))))+((x2)+((((x2)+(x2))+(x6))+(x6)))))))+(x6))+(x6)))))))))+(((x7)+(x6))+((x2)+(x6))))))) 	Fitness: 260494.108662

Top 5 individuals for test dataset:

	 ((((x2)+(x2))+((x2)+(((x2)+(x2))+((x7)+((((x5)+(((x2)+((((x2)+(x2))+((x2)+(((x2)+(((x7)+(x6))+((x2)+((((x2)+((((x2)+(x2))+(((x2)+(x6))+(((x2)+(x2))+((x7)+((((x2)+(x2))+(x6))+((x7)+((x5)+((x6)+(((x7)+(x6))+((x2)+(x6)))))))))))+((x7)+((x5)+(((x2)+(((x7)+(x6))+((x2)+((((x2)+(x2))+(x6))+((x2)+(((x7)+(x6))+((x2)+((((x2)+((((x6)+(x2))+(x6))+((x2)+(((x7)+(x6))+((x2)+((((x2)+(x2))+(x6))+(x6)))))))+(x2))+(x6)))))))))+(((x7)+(x6))+((x2)+(x6))))))))+(x6))+(x6)))))+(((x2)+(x2))+((x7)+(((x2)+(x2))+(((x5)+((x6)+(((x7)+(x6))+((x2)+(x6)))))+((x2)+((x7)+((x5)+((x6)+(((x7)+(x6))+((x2)+((((x2)+((((x2)+((x5)+((x6)+(x6))))+(x6))+((x2)+(x6))))+((x6)+((((x2)+(x2))+((x2)+(((x2)+(x2))+(((x2)+(x2))+((x7)+(((x2)+(x2))+(((x5)+(((x5)+((x6)+(x6)))+(((x7)+(x6))+((x2)+(x6)))))+((x2)+((x7)+((x5)+((x6)+(((x7)+(x6))+((((x2)+(x2))+(((x2)+(x2))+(((x2)+(x2))+((x7)+((((x2)+(x6))+(x6))+((x7)+((x5)+(x2))))))))+((x7)+((x5)+(((x2)+(((x7)+(x6))+((x2)+(x2))))+(((x7)+(x6))+((x2)+(x6)))))))))))))))))))+(((x2)+(x2))+((x7)+(((x7)+(x2))+((x7)+(x2))))))))+(x6)))))))))))))))+((x2)+((((x2)+(x2))+(x6))+((x2)+(((x7)+(x6))+((x2)+((((x2)+((((x2)+(x2))+(x6))+((x2)+(((x7)+(x6))+((x2)+(x2))))))+(x6))+(x6)))))))))+(((x7)+(x6))+((x2)+(x6)))))+(x6))+((x7)+((((((((x2)+(((x7)+(x6))+((x2)+((((x2)+(x2))+(x6))+(x2)))))+(x6))+(x6))+((x2)+((x5)+(((x2)+(((x7)+(x6))+((x2)+(x2))))+(((x7)+(x6))+((x2)+(x6)))))))+((x6)+(((x7)+(x6))+((x2)+(x6)))))+(x2))+(x6))))))))+((x7)+((x5)+(((x2)+((((x2)+(x2))+((x2)+(((x2)+(((x7)+(x6))+((x2)+((((x2)+((((x2)+(x2))+(((x2)+(x6))+(((x2)+(x2))+((x7)+((((x2)+(x6))+((x7)+(x6)))+((x7)+((x5)+((x6)+(((x7)+(x6))+((x2)+(x6)))))))))))+((x7)+((x5)+(((x2)+(((x7)+(x6))+((x2)+(x2))))+(((x7)+(x6))+((x2)+(x6))))))))+(x6))+((x2)+(((x7)+(((x2)+(x2))+((x7)+(((x7)+(x2))+((x7)+(x2))))))+((x2)+((((x2)+(x2))+(x6))+(x6)))))))))+(((x2)+(x2))+((x7)+(((x2)+(x2))+(((x5)+(x7))+((x2)+((x7)+((x5)+((x6)+(((x7)+(x7))+((x2)+((((x2)+((((x2)+((x5)+((x6)+(x6))))+(x6))+((x2)+(x6))))+((x6)+((((x2)+(x2))+((x2)+(((x2)+(x2))+(((x2)+(x2))+((x7)+(((x2)+(x2))+(((x7)+(x6))+((x2)+((((x2)+((((x2)+(x2))+((x2)+(((x2)+(x2))+((x7)+((((x2)+(x6))+(x6))+(x2))))))+((x7)+((x5)+(((x2)+(((x7)+(x6))+((x2)+(x2))))+(((x7)+(x6))+((x2)+(x6))))))))+(x6))+(x6))))))))))+(((x2)+(x2))+((x7)+((x2)+((x7)+((x5)+((x6)+(((x7)+(x6))+((x2)+(x2))))))))))))+(x6)))))))))))))))+((x2)+((((x2)+(x2))+(x6))+((x2)+(((x7)+(x6))+((x2)+((((x7)+((((x2)+(x2))+(x6))+((x2)+(((x7)+(x6))+((x2)+(((((x7)*(x1))+(x2))+(x6))+(x6)))))))+(x6))+(x6)))))))))+(((x7)+((x2)+(x6)))+((x2)+(x6))))))) 	Fitness: 260358.212886
	 ((((x2)+(x2))+((x2)+(((x2)+(x2))+((x7)+((((x5)+(((x2)+((((x2)+(x2))+((x2)+(((x2)+(((x7)+(x6))+((x2)+((((x2)+((((x2)+(x2))+(((x2)+(x6))+(((x2)+(x2))+((x7)+((((x2)+(x2))+(x6))+((x7)+((x5)+((x6)+(((x7)+(x6))+((x2)+(x6)))))))))))+((x7)+((x5)+(((x2)+(((x7)+(x6))+((x2)+((((x2)+(x2))+(x6))+((x2)+(((x7)+(x6))+((x2)+((((x2)+((((x6)+(x2))+(x6))+((x2)+(((x7)+(x6))+((x2)+((((x2)+(x2))+(x6))+(x6)))))))+(x2))+(x6)))))))))+(((x7)+(x6))+((x2)+(x6))))))))+(x6))+(x6)))))+(((x2)+(x2))+((x7)+(((x2)+(x2))+(((x5)+((x6)+(((x7)+(x6))+((x2)+(x6)))))+((x2)+((x7)+((x5)+((x6)+(((x7)+(x6))+((x2)+((((x2)+((((x2)+((x5)+((x6)+(x6))))+(x6))+((x2)+(x6))))+((x6)+((((x2)+(x2))+((x2)+(((x2)+(x2))+(((x2)+(x2))+((x7)+(((x2)+(x2))+(((x5)+(((x5)+((x6)+(x6)))+(((x7)+(x6))+((x2)+(x6)))))+((x2)+((x7)+((x5)+((x6)+(((x7)+(x6))+((((x2)+(x2))+(((x2)+(x2))+(((x2)+(x2))+((x7)+((((x2)+(x6))+(x6))+((x7)+((x5)+(x2))))))))+((x7)+((x5)+(((x2)+(((x7)+(x6))+((x2)+(x2))))+(((x7)+(x6))+((x2)+(x6)))))))))))))))))))+(((x2)+(x2))+((x7)+(((x7)+(x2))+((x7)+(x2))))))))+(x6)))))))))))))))+((x2)+((((x2)+(x2))+(x6))+((x2)+(((x7)+(x6))+((x2)+((((x2)+((((x2)+(x2))+(x6))+((x2)+(((x7)+(x6))+((x2)+(x2))))))+(x6))+(x6)))))))))+(((x7)+(x6))+((x2)+(x6)))))+(x6))+((x7)+((((((((x2)+(((x7)+(x6))+((x2)+((((x2)+(x2))+(x6))+(x2)))))+(x6))+(x6))+((x2)+((x5)+(((x2)+(((x7)+(x6))+((x2)+(x2))))+(((x7)+(x6))+((x2)+(x6)))))))+((x6)+(((x7)+(x6))+((x2)+(x6)))))+(x2))+(x6))))))))+((x7)+((x5)+(((x2)+((((x2)+(x2))+((x2)+(((x2)+(((x7)+(x6))+((x2)+((((x2)+((((x2)+(x2))+(((x2)+(x6))+(((x2)+(x2))+((x7)+((((x2)+(x6))+((x7)+(x6)))+((x7)+((x5)+((x6)+(((x7)+(x6))+((x2)+(x6)))))))))))+((x7)+((x5)+(((x2)+(((x7)+(x6))+((x2)+(x2))))+(((x7)+(x6))+((x2)+(x6))))))))+(x6))+((x2)+(((x7)+(((x2)+(x2))+((x7)+(((x7)+(x2))+((x7)+(x2))))))+((x2)+((((x2)+(x2))+(x6))+(x6)))))))))+(((x2)+(x2))+((x7)+(((x2)+(x2))+(((x5)+(x7))+((x2)+((x7)+((x5)+((x6)+(((x7)+(x7))+((x2)+((((x2)+((((x2)+((x5)+((x6)+(x6))))+(x6))+((x2)+(x6))))+((x6)+((((x2)+(x2))+((x2)+(((x2)+(x2))+(((x2)+(x2))+((x7)+(((x2)+(x2))+(((x7)+(x6))+((x2)+((((x2)+((((x2)+(x2))+(((x2)+(x6))+(((x2)+(x2))+((x7)+((((x2)+(x6))+(x6))+(x2))))))+((x7)+((x5)+(((x2)+(((x7)+(x6))+((x2)+(x2))))+(((x7)+(x6))+((x2)+(x6))))))))+(x6))+(x6))))))))))+(((x2)+(x2))+((x7)+((x2)+((x7)+((x5)+((x6)+(((x7)+(x6))+((x2)+(x2))))))))))))+(x6)))))))))))))))+((x2)+((((x2)+(x2))+(x6))+((x2)+(((x7)+(x6))+((x2)+((((x7)+((((x2)+(x2))+(x6))+((x2)+(((x7)+(x6))+((x2)+(((((x7)*(x1))+(x2))+(x6))+(x6)))))))+(x6))+(x6)))))))))+(((x7)+((x2)+(x6)))+((x2)+(x6))))))) 	Fitness: 260422.516256
	 ((((x2)+(x2))+((x2)+(((x2)+(x2))+((x7)+((((x5)+(((x2)+((((x2)+(x2))+((x2)+(((x2)+(((x7)+(x6))+((x2)+((((x2)+((((x2)+(x2))+(((x2)+(x6))+(((x2)+(x2))+((x7)+((((x2)+(x2))+(x6))+((x7)+((x5)+((x6)+(((x7)+(x6))+((x2)+(x6)))))))))))+((x7)+((x5)+(((x2)+(((x7)+(x6))+((x2)+((((x2)+(x2))+(x6))+((x2)+(((x7)+(x6))+((x2)+((((x2)+((((x6)+(x2))+(x6))+((x2)+(((x7)+(x6))+((x2)+((((x2)+(x2))+(x6))+(x6)))))))+(x2))+(x6)))))))))+(((x7)+(x6))+((x2)+(x6))))))))+(x6))+(x6)))))+(((x2)+(x2))+((x7)+(((x2)+(x2))+(((x5)+((x6)+(((x7)+(x6))+((x2)+(x6)))))+((x2)+((x7)+((x5)+((x6)+(((x7)+(x6))+((x2)+((((x2)+((((x2)+((x5)+((x6)+(x6))))+(x6))+((x2)+(x6))))+((x6)+((((x2)+(x2))+((x2)+(((x2)+(x2))+(((x2)+(x2))+((x7)+(((x2)+(x2))+(((x5)+(((2.7919497744509023)+((x6)+(x6)))+(((x7)+(x6))+((x2)+(x6)))))+((x2)+((x7)+((x5)+((x6)+(((x7)+(x6))+((((x2)+(x2))+(((x2)+(x2))+(((x2)+(x2))+((x7)+((((x2)+(x6))+(x6))+((x7)+((x5)+(x2))))))))+((x7)+((x5)+(((x2)+(((x7)+(x6))+((x2)+(x2))))+(((x7)+(x6))+((x2)+(x6)))))))))))))))))))+(((x2)+(x2))+((x7)+(((x7)+(x2))+((x7)+(x2))))))))+(x6)))))))))))))))+((x2)+((((x2)+(x2))+(x6))+((x2)+(((x7)+(x6))+((x2)+((((x2)+((((x2)+(x2))+(x6))+((x2)+(((x7)+(x6))+((x2)+(x2))))))+(x6))+(x6)))))))))+(((x7)+(x6))+((x2)+(x6)))))+(x6))+((x7)+((((((((x2)+(((x7)+(x6))+((x2)+((((x2)+(x2))+(x6))+(x2)))))+(x6))+(x6))+((x2)+((x5)+(((x2)+(((x7)+(x6))+((x2)+(x2))))+(((x7)+(x6))+((x2)+(x6)))))))+((x6)+(((x7)+(x6))+((x2)+(x6)))))+(x2))+(x6))))))))+((x7)+((x5)+(((x2)+((((x2)+(x2))+((x2)+(((x2)+(((x7)+(x6))+((x2)+((((x2)+((((x2)+(x2))+(((x2)+(x6))+(((x2)+(x2))+((x7)+((((x2)+(x6))+((x7)+(x6)))+((x7)+((x5)+((x6)+(((x7)+(x6))+((x2)+(x6)))))))))))+((x7)+((x5)+(((x2)+(((x7)+(x6))+((x2)+(x2))))+(((x7)+(x6))+((x2)+(x6))))))))+(x6))+((x2)+(((x7)+(((x2)+(x2))+((x7)+(((x7)+(x2))+((x7)+(x2))))))+((x2)+((((x2)+(x2))+(x6))+(x6)))))))))+(((x2)+(x2))+((x7)+(((x2)+(x2))+(((x5)+(x7))+((x2)+((x7)+((x5)+((x6)+(((x7)+(x7))+((x2)+((((x2)+((((x2)+((x5)+((x6)+(x6))))+(x6))+((x2)+(x6))))+((x6)+((((x2)+(x2))+((x2)+(((x2)+(x2))+(((x2)+(x2))+((x7)+(((x2)+(x2))+(((x7)+(x6))+((x2)+((((x2)+((((x2)+(x2))+(((x2)+(x6))+(((x2)+(x2))+((x7)+((((x2)+(x6))+(x6))+(x2))))))+((x7)+((x5)+(((x2)+(((x7)+(x6))+((x2)+(x2))))+(((x7)+(x6))+((x2)+(x6))))))))+(x6))+(x6))))))))))+(((x2)+(x2))+((x7)+((x2)+((x7)+((x5)+((x6)+(((x7)+(x6))+((x2)+(x2))))))))))))+(x6)))))))))))))))+((x2)+((((x2)+(x2))+(x6))+((x2)+(((x7)+(x6))+((x2)+((((x7)+((((x2)+(x2))+(x6))+((x2)+(((x7)+(x6))+((x2)+(((((x7)*(x1))+(x2))+(x6))+(x6)))))))+(x6))+(x6)))))))))+(((x7)+((x2)+(x6)))+((x2)+(x6))))))) 	Fitness: 260422.575692
	 ((((x2)+(x2))+((x2)+(((x2)+(x2))+((x7)+((((x5)+(((x2)+((((x2)+(x2))+((x2)+(((x2)+(((x7)+(x6))+((x2)+((((x2)+((((x2)+(x2))+(((x2)+(x6))+(((x2)+(x2))+((x7)+((((x2)+(x2))+(x6))+((x7)+((x5)+((x6)+(((x7)+(x6))+((x2)+(x6)))))))))))+((x7)+((x5)+(((x2)+(((x7)+(x6))+((x2)+((((x2)+(x2))+(x6))+((x2)+(((x7)+(x6))+((x2)+((((x2)+((((x6)+(x2))+(x6))+((x2)+(((x7)+(x6))+((x2)+((((x2)+(x2))+(x6))+(x6)))))))+(x2))+(x6)))))))))+(((x7)+(x6))+((x2)+(x6))))))))+(x6))+(x6)))))+(((x2)+(x2))+((x7)+(((x2)+(x2))+(((x5)+((x6)+(((x7)+(x6))+((x2)+(x6)))))+((x2)+((x7)+((x5)+((x6)+(((x7)+(x6))+((x2)+((((x2)+((((x2)+((x5)+((x6)+(x6))))+(x6))+((x2)+(x6))))+((x6)+((((x2)+(x2))+((x2)+(((x2)+(x2))+(((x2)+(x2))+((x7)+(((x2)+(x2))+(((x5)+(((x5)+((x6)+(x6)))+(((x7)+(x6))+((x2)+(x6)))))+((x2)+((x7)+((x5)+((x6)+(((x7)+(x6))+((((x2)+(x2))+(((x2)+(x2))+(((x2)+(x2))+((x7)+((((x2)+(x6))+(x6))+((x7)+((x5)+(x2))))))))+((x7)+((x5)+(((x2)+(((x7)+(x6))+((x2)+(x2))))+(((x7)+(x6))+((x2)+(x6)))))))))))))))))))+(((x2)+(x2))+((x7)+(((x7)+(x2))+((x7)+(x2))))))))+(x6)))))))))))))))+((x2)+((((x2)+(x2))+(x6))+((x2)+(((x7)+(x6))+((x2)+((((x2)+((((x2)+(x2))+(x6))+((x2)+(((x7)+(x6))+((x2)+(x2))))))+(x6))+(x6)))))))))+(((x7)+(x6))+((x2)+(x6)))))+(x6))+((x7)+((((((((x2)+(((x7)+(x6))+((x2)+((((x2)+(x2))+(x6))+(x2)))))+(x6))+(x6))+((x2)+((x5)+(((x2)+((((x7)+(x2))+(x6))+((x2)+(x2))))+(((x7)+(x6))+((x2)+(x6)))))))+((x6)+(((x7)+(x6))+((x2)+(x6)))))+(x2))+(x6))))))))+((x7)+((x5)+(((x2)+((((x2)+(x2))+((x2)+(((x2)+(((x7)+(x6))+((x2)+((((x2)+((((x2)+(x2))+(((x2)+(x6))+(((x2)+(x2))+((x7)+((((x2)+(x6))+((x7)+(x6)))+((x7)+((x5)+((x6)+(((x7)+(x6))+((x2)+(x6)))))))))))+((x7)+((x5)+(((x2)+(((x7)+(x6))+((x2)+(x2))))+(((x7)+(x6))+((x2)+(x6))))))))+(x6))+((x2)+(((x7)+(((x2)+(x2))+((x7)+(((x7)+(x2))+((x7)+(x2))))))+((x2)+((((x2)+(x2))+(x6))+(x6)))))))))+(((x2)+(x2))+((x7)+(((x2)+(x2))+(((x5)+(x7))+((x2)+((x7)+((x5)+((x6)+(((x7)+(x7))+((x2)+((((x2)+((((x2)+((x5)+((x6)+(x6))))+(x6))+((x2)+(x6))))+((x6)+((((x2)+(x2))+((x2)+(((x2)+(x2))+(((x2)+(x2))+((x7)+(((x2)+(x2))+(((x7)+(x6))+((x2)+((((x2)+((((x2)+(x2))+(((x2)+(x6))+(((x2)+(x2))+((x7)+((((x2)+(x6))+(x6))+(x2))))))+((x7)+((x5)+(((x2)+(((x7)+(x6))+((x2)+(x2))))+(((x7)+(x6))+((x2)+(x6))))))))+(x6))+(x6))))))))))+(((x2)+(x2))+((x7)+((x2)+((x7)+((x5)+((x6)+(((x7)+(x6))+((x2)+(x2))))))))))))+(x6)))))))))))))))+((x2)+((((x2)+(x2))+(x6))+((x2)+(((x7)+(x6))+((x2)+((((x7)+((((x2)+(x2))+(x6))+((x2)+(((x7)+(x6))+((x2)+(((((x7)*(x1))+(x2))+(x6))+(x6)))))))+(x6))+(x6)))))))))+(((x7)+((x2)+(x6)))+((x2)+(x6))))))) 	Fitness: 260465.968212
	 ((((x2)+(x2))+((x2)+(((x2)+(x2))+((x7)+((((x5)+(((x2)+((((x2)+(x2))+((x2)+(((x2)+(((x7)+(x6))+((x2)+((((x2)+((((x2)+(x2))+(((x2)+(x6))+(((x2)+(x2))+((x7)+((((x2)+(x2))+(x6))+((x7)+((x5)+((x6)+(((x7)+(x6))+((x2)+(x6)))))))))))+((x7)+((x5)+(((x2)+(((x7)+(x6))+((x2)+((((x2)+(x2))+(x6))+((x2)+(((x2)+(x6))+((x2)+((((x2)+((((x6)+(x2))+(x6))+((x2)+(((x7)+(x6))+((x7)+((((x2)+(x2))+(x6))+(x6)))))))+(x2))+(x6)))))))))+(((x7)+(((x7)+(x2))+((x7)+(x2))))+((x2)+(x6))))))))+(x6))+(x6)))))+(((x2)+(x2))+((x7)+(((x2)+(x2))+(((x5)+((x6)+(((x7)+(x6))+((x2)+(x6)))))+((x2)+((x7)+((x5)+((x6)+(((x7)+(x6))+((x2)+(((((x7)+(x2))+((x7)+(x2)))+((x2)+((((x2)+(x2))+((x2)+(((x2)+(x2))+(((x2)+(x2))+((x7)+(((x2)+(x2))+(((x5)+(((x5)+((x6)+(x6)))+(((x7)+(x6))+((x2)+(x6)))))+((x2)+((x7)+((x5)+((x6)+(((x7)+(x6))+((((x2)+(x2))+(((x2)+(x2))+(((x2)+(x2))+((x7)+((((x2)+(x6))+(x6))+((x7)+((x5)+((x6)+(((x7)+(x6))+((x2)+(x6)))))))))))+((x7)+((x5)+(((x2)+(((x7)+(x6))+((x2)+(x2))))+(((x7)+(x6))+((x2)+(x6)))))))))))))))))))+(((x2)+(x2))+((x7)+(((x7)+(x2))+((x7)+(x2))))))))+(x6)))))))))))))))+((x2)+((((x2)+(x2))+(x6))+((x2)+(((x7)+(x6))+((x2)+((((x2)+((((x2)+(x2))+(x6))+((x2)+(((x7)+(x6))+((x2)+(x2))))))+(x6))+(x6)))))))))+(((x7)+(x6))+((x2)+(x6)))))+(x6))+((x7)+((((((((x2)+(((x7)+(x6))+((x2)+((((x2)+(x2))+(x6))+(x6)))))+(x6))+(x6))+((x2)+((((x2)+(x2))+((((x2)+(x6))+(x6))+((x2)+(x6))))+(x6))))+(x7))+(x2))+(x6))))))))+((x7)+((x5)+(((x2)+((((x2)+(x2))+((x2)+(((x2)+(((x7)+(x6))+((x2)+((((x2)+((((x2)+(x2))+(((x2)+(x6))+(((x2)+(x2))+((x7)+((((x2)+(x6))+((x7)+(x6)))+((x7)+((x5)+((x6)+(((x7)+(x6))+((x2)+(x6)))))))))))+((x7)+((x5)+(((x2)+(((x7)+(x6))+((x2)+(x2))))+(((x7)+(x6))+(((x7)+(x6))+((x2)+(x6)))))))))+(x6))+(x6)))))+(((x2)+(x2))+((x7)+(((x2)+(x2))+(((x5)+((x6)+(((x7)+(x6))+((x2)+(x6)))))+((x2)+((x7)+((x5)+((x6)+(((x7)+(x6))+((x2)+((((x2)+((((x2)+((x5)+((x6)+(x6))))+(x6))+((x2)+(x6))))+((x6)+((((x2)+(x2))+((x2)+(((x2)+(x2))+(((x2)+(x2))+((x7)+(((x2)+(x2))+(((x7)+(x6))+((x2)+((((x2)+((((x2)+(x2))+(((x2)+(x6))+(((x2)+(x2))+((x7)+((((x2)+(x6))+(x6))+(x2))))))+((x7)+((x5)+(((x2)+(((x7)+(x6))+((x2)+(x2))))+(((x7)+(x6))+((x2)+(x6))))))))+(x6))+(x6))))))))))+(((x2)+(x2))+((x7)+((x2)+((x7)+((x5)+((x6)+(((x7)+(x6))+((x2)+(x2))))))))))))+(x6)))))))))))))))+((x2)+((((x2)+(x2))+(x6))+((x2)+(((x7)+(x6))+((x2)+((((x7)+((((x2)+(x2))+(x6))+((x2)+(((x7)+(((x2)+(x2))+((x7)+(((x7)+(x2))+((x7)+(x2))))))+((x2)+((((x2)+(x2))+(x6))+(x6)))))))+(x6))+(x6)))))))))+(((x7)+(x6))+((x2)+(x6))))))) 	Fitness: 260494.108662
