Generation 1
Best fitness: 564858.849339
Worst fitness: inf
Average fitness: 3.84808270297e+149
Number of repeated individuals: 85
Mutation improvement rate: 18.33%
Crossover improvement rate: 48.06%

Generation 2
Best fitness: 556122.973068
Worst fitness: inf
Average fitness: 2.51897803696e+131
Number of repeated individuals: 137
Mutation improvement rate: 18.75%
Crossover improvement rate: 47.18%

Generation 3
Best fitness: 556122.973068
Worst fitness: inf
Average fitness: 2.95405412836e+32
Number of repeated individuals: 104
Mutation improvement rate: 5.36%
Crossover improvement rate: 38.89%

Generation 4
Best fitness: 556122.973068
Worst fitness: inf
Average fitness: 2.75022838739e+82
Number of repeated individuals: 85
Mutation improvement rate: 8.33%
Crossover improvement rate: 43.87%

Generation 5
Best fitness: 544260.064796
Worst fitness: inf
Average fitness: 7.01575369673e+82
Number of repeated individuals: 77
Mutation improvement rate: 9.09%
Crossover improvement rate: 42.62%

Generation 6
Best fitness: 358052.220549
Worst fitness: inf
Average fitness: 1.62674400205e+22
Number of repeated individuals: 46
Mutation improvement rate: 4.35%
Crossover improvement rate: 39.29%

Generation 7
Best fitness: 344290.327305
Worst fitness: inf
Average fitness: 5.94930264853e+93
Number of repeated individuals: 20
Mutation improvement rate: 12.5%
Crossover improvement rate: 37.74%

Generation 8
Best fitness: 344290.327305
Worst fitness: inf
Average fitness: 6.54035682368e+92
Number of repeated individuals: 22
Mutation improvement rate: 4.0%
Crossover improvement rate: 45.34%

Generation 9
Best fitness: 338255.334928
Worst fitness: inf
Average fitness: 3.13046602577e+87
Number of repeated individuals: 14
Mutation improvement rate: 6.67%
Crossover improvement rate: 37.38%

Generation 10
Best fitness: 338255.334928
Worst fitness: inf
Average fitness: 6.3257875496e+86
Number of repeated individuals: 21
Mutation improvement rate: 5.56%
Crossover improvement rate: 41.3%

Generation 11
Best fitness: 338255.329919
Worst fitness: inf
Average fitness: 2.24969466662e+94
Number of repeated individuals: 25
Mutation improvement rate: 7.14%
Crossover improvement rate: 40.25%

Generation 12
Best fitness: 312846.168395
Worst fitness: 2.6643009056e+114
Average fitness: 5.3286018112e+111
Number of repeated individuals: 16
Mutation improvement rate: 6.06%
Crossover improvement rate: 47.82%

Generation 13
Best fitness: 286109.62645
Worst fitness: inf
Average fitness: 4.28388291552e+138
Number of repeated individuals: 20
Mutation improvement rate: 12.96%
Crossover improvement rate: 46.17%

Generation 14
Best fitness: 286109.62645
Worst fitness: inf
Average fitness: 7.86299989374e+107
Number of repeated individuals: 17
Mutation improvement rate: 11.67%
Crossover improvement rate: 45.02%

Generation 15
Best fitness: 286109.62645
Worst fitness: inf
Average fitness: 8.43856902583e+139
Number of repeated individuals: 11
Mutation improvement rate: 6.25%
Crossover improvement rate: 43.17%

Generation 16
Best fitness: 286109.62645
Worst fitness: inf
Average fitness: 8.42736884268e+148
Number of repeated individuals: 14
Mutation improvement rate: 7.89%
Crossover improvement rate: 41.29%

Generation 17
Best fitness: 286109.62645
Worst fitness: inf
Average fitness: 1.77703433592e+53
Number of repeated individuals: 14
Mutation improvement rate: 14.29%
Crossover improvement rate: 40.38%

Generation 18
Best fitness: 286109.62645
Worst fitness: inf
Average fitness: 1.58663589208e+147
Number of repeated individuals: 18
Mutation improvement rate: 15.91%
Crossover improvement rate: 44.04%

Generation 19
Best fitness: 273368.312043
Worst fitness: inf
Average fitness: 9.66531607474e+97
Number of repeated individuals: 9
Mutation improvement rate: 8.33%
Crossover improvement rate: 42.27%

Generation 20
Best fitness: 267932.253656
Worst fitness: inf
Average fitness: 8.30279949513e+20
Number of repeated individuals: 17
Mutation improvement rate: 9.09%
Crossover improvement rate: 42.49%

Generation 21
Best fitness: 267932.253656
Worst fitness: inf
Average fitness: 1.97896251335e+91
Number of repeated individuals: 15
Mutation improvement rate: 12.96%
Crossover improvement rate: 43.99%

Generation 22
Best fitness: 267932.253656
Worst fitness: inf
Average fitness: 7.80578399431e+60
Number of repeated individuals: 9
Mutation improvement rate: 22.22%
Crossover improvement rate: 43.16%

Generation 23
Best fitness: 267932.253656
Worst fitness: inf
Average fitness: 7.41397326584e+60
Number of repeated individuals: 6
Mutation improvement rate: 10.94%
Crossover improvement rate: 38.16%

Generation 24
Best fitness: 267932.253656
Worst fitness: inf
Average fitness: 4.68894169296e+128
Number of repeated individuals: 7
Mutation improvement rate: 9.62%
Crossover improvement rate: 41.87%

Generation 25
Best fitness: 266831.674078
Worst fitness: inf
Average fitness: 6.5155240922e+90
Number of repeated individuals: 12
Mutation improvement rate: 11.9%
Crossover improvement rate: 42.99%

Generation 26
Best fitness: 264269.450367
Worst fitness: inf
Average fitness: 1.55252577232e+147
Number of repeated individuals: 6
Mutation improvement rate: 12.5%
Crossover improvement rate: 47.17%

Generation 27
Best fitness: 261820.563591
Worst fitness: inf
Average fitness: 7.36396972388e+16
Number of repeated individuals: 11
Mutation improvement rate: 17.74%
Crossover improvement rate: 49.5%

Generation 28
Best fitness: 255461.567407
Worst fitness: inf
Average fitness: 1.10514596729e+131
Number of repeated individuals: 6
Mutation improvement rate: 20.59%
Crossover improvement rate: 44.57%

Generation 29
Best fitness: 255461.567407
Worst fitness: inf
Average fitness: 6.06931680543e+97
Number of repeated individuals: 11
Mutation improvement rate: 6.82%
Crossover improvement rate: 43.52%

Generation 30
Best fitness: 255461.567407
Worst fitness: inf
Average fitness: 1.18832594923e+88
Number of repeated individuals: 10
Mutation improvement rate: 6.82%
Crossover improvement rate: 38.04%

Generation 31
Best fitness: 255461.567407
Worst fitness: inf
Average fitness: 5.44926704276e+87
Number of repeated individuals: 9
Mutation improvement rate: 2.17%
Crossover improvement rate: 35.14%

Generation 32
Best fitness: 254771.784763
Worst fitness: inf
Average fitness: 1.16081930231e+117
Number of repeated individuals: 8
Mutation improvement rate: 12.96%
Crossover improvement rate: 42.65%

Generation 33
Best fitness: 254771.784763
Worst fitness: inf
Average fitness: 4.2333459391e+23
Number of repeated individuals: 7
Mutation improvement rate: 16.67%
Crossover improvement rate: 47.37%

Generation 34
Best fitness: 254771.784763
Worst fitness: inf
Average fitness: 6.96532942718e+89
Number of repeated individuals: 8
Mutation improvement rate: 9.62%
Crossover improvement rate: 42.96%

Generation 35
Best fitness: 254771.784763
Worst fitness: inf
Average fitness: 2.60308940683e+52
Number of repeated individuals: 9
Mutation improvement rate: 7.35%
Crossover improvement rate: 44.92%

Generation 36
Best fitness: 254771.784763
Worst fitness: inf
Average fitness: 2.92992926522e+83
Number of repeated individuals: 4
Mutation improvement rate: 8.06%
Crossover improvement rate: 40.05%

Generation 37
Best fitness: 254562.967305
Worst fitness: inf
Average fitness: 1.23598898946e+52
Number of repeated individuals: 12
Mutation improvement rate: 15.52%
Crossover improvement rate: 41.55%

Generation 38
Best fitness: 254562.967305
Worst fitness: inf
Average fitness: 2.26242772775e+102
Number of repeated individuals: 10
Mutation improvement rate: 3.85%
Crossover improvement rate: 43.0%

Generation 39
Best fitness: 253339.359727
Worst fitness: inf
Average fitness: 4.27456332334e+87
Number of repeated individuals: 2
Mutation improvement rate: 4.55%
Crossover improvement rate: 44.69%

Generation 40
Best fitness: 253339.359727
Worst fitness: inf
Average fitness: 5.47129364151e+145
Number of repeated individuals: 5
Mutation improvement rate: 13.33%
Crossover improvement rate: 39.95%

Generation 41
Best fitness: 253188.102907
Worst fitness: inf
Average fitness: 5.19420071361e+82
Number of repeated individuals: 7
Mutation improvement rate: 8.7%
Crossover improvement rate: 40.48%

Generation 42
Best fitness: 252100.50314
Worst fitness: inf
Average fitness: 5.74222532043e+87
Number of repeated individuals: 4
Mutation improvement rate: 7.14%
Crossover improvement rate: 48.55%

Generation 43
Best fitness: 252100.50314
Worst fitness: inf
Average fitness: 1.66321451259e+83
Number of repeated individuals: 2
Mutation improvement rate: 12.5%
Crossover improvement rate: 43.27%

Generation 44
Best fitness: 252100.50314
Worst fitness: inf
Average fitness: 2.52982055102e+82
Number of repeated individuals: 3
Mutation improvement rate: 10.0%
Crossover improvement rate: 45.65%

Generation 45
Best fitness: 251979.127204
Worst fitness: inf
Average fitness: 1.00975365569e+80
Number of repeated individuals: 5
Mutation improvement rate: 8.82%
Crossover improvement rate: 46.83%

Generation 46
Best fitness: 251979.127204
Worst fitness: inf
Average fitness: 2.23718549246e+57
Number of repeated individuals: 7
Mutation improvement rate: 0.0%
Crossover improvement rate: 46.62%

Generation 47
Best fitness: 251920.055991
Worst fitness: inf
Average fitness: 2.47397679902e+145
Number of repeated individuals: 4
Mutation improvement rate: 10.0%
Crossover improvement rate: 42.66%

Generation 48
Best fitness: 251920.055991
Worst fitness: inf
Average fitness: 2.29473831411e+83
Number of repeated individuals: 2
Mutation improvement rate: 8.0%
Crossover improvement rate: 45.26%

Generation 49
Best fitness: 248902.782117
Worst fitness: inf
Average fitness: 2.7742044971e+53
Number of repeated individuals: 9
Mutation improvement rate: 11.36%
Crossover improvement rate: 40.97%

Generation 50
Best fitness: 248902.782117
Worst fitness: inf
Average fitness: 3.21523367136e+82
Number of repeated individuals: 5
Mutation improvement rate: 4.0%
Crossover improvement rate: 43.1%

Top 5 individuals for training dataset:

	 ((((((log(((((8.540235661315744)+(-4.948658958022678))+(0.4382736043699005))*(((log(((((8.540235661315744)+(x0))+(0.4382736043699005))*((x5)*(8.540235661315744)))*(((((x3)+(log((x5)*(-7.116419073165911))))+((x3)+(x3)))^(log((((((log(((((8.540235661315744)+(x3))+(0.4382736043699005))*((cos(log((x6)*((x3)*(x1)))))*(x1)))*((((8.540235661315744)+(x3))+(0.4382736043699005))*((x3)*(x3)))))*(x6))*(((x3)+((((8.540235661315744)+(x0))+(0.4382736043699005))*((x5)*(log((0.4382736043699005)+((x3)+((x3)+(x3))))))))*(((sin(cos(x2)))+((x3)+(x3)))^(x6))))+((x7)+((((((((8.540235661315744)+(x3))+(0.4382736043699005))*(x3))*((((8.540235661315744)+(x3))+(0.4382736043699005))*((x3)*(x1))))+((8.540235661315744)+((log((x6)*((x3)*(x1))))*(x6))))+((x3)/(sqrt(sin(x0)))))-(cos((((log(log((x6)*((x3)*(x1)))))*((log((x6)*((x3)*(x1))))*(x6)))+((x3)+(x3)))-(x0))))))+((x7)+(((((log(((-6.0725171070813655)*(x3))*((x5)*((x3)*(x1)))))*(x6))*(x5))+((x7)+((((x6)+((8.540235661315744)+(x3)))+((x3)/(sqrt(sin(x0)))))-(cos((((log((x6)*((x3)-(cos(-6.516950433340658)))))*((sin(x5))*(x6)))+((x3)+(x3)))-(x0))))))+(x3))))*(x6))))*((((log(((((8.540235661315744)+(x0))+(0.4382736043699005))*((x5)*(log((0.4382736043699005)+((x3)+((x3)+(x3)))))))*((((x3)+((x2)*(x5)))+(0.4382736043699005))*((x3)*(x1)))))*(x2))*(x5))*((((log(((((8.540235661315744)+(x0))+(0.4382736043699005))*((x5)*(log((0.4382736043699005)+((x3)+((x3)+(x3)))))))*((((x3)+((x2)*(x5)))+(0.4382736043699005))*(((((log(((x7)+((x3)-(cos((log(((x6)+(x2))*(x3)))*(x6)))))*((((x3)+((x2)*(x5)))+(0.4382736043699005))*((x3)*(x1)))))*(x2))*(x5))+(sin(((x1)+((x3)+(x3)))^(x3))))+((x7)+(x5))))))*(x2))*(x5))+(sin(x5)))))))*(x2))*(log((0.4382736043699005)+((x4)^(x0))))))*((((x3)+((x2)*(x5)))+(0.4382736043699005))*((log(((log((x6)*(0.4382736043699005)))*((log((x6)*((x3)*(x1))))*(x6)))*((((((sin(cos(x2)))+((x3)+(sin(x5))))^(x7))+(x3))+(0.4382736043699005))*((x3)*(x1)))))*(((8.540235661315744)+(-4.948658958022678))+(0.4382736043699005))))))*(x2))*(x5))+(sin(x5)))+(x7))^(log((-6.0725171070813655)/(((x7)+((x3)-(cos((log(((x6)+(x2))*(x3)))*(x6)))))*(((x7)+((x3)+(x3)))^(x3)))))) 	Fitness: 248902.782117
	 ((((((log(((((8.540235661315744)+(-4.948658958022678))+(0.4382736043699005))*((x3)*(log((x3)+((x4)^((x7)+((x0)-(cos((log(((x6)+(x2))*(x3)))*(x6))))))))))*((((log(((((8.540235661315744)+(-4.948658958022678))+(log((-6.0725171070813655)/((x5)*(((sin(cos(x2)))+((x3)+(sin(x5))))^(x1))))))*(((log((x3)*((((x3)+(((x2)*(x5))*(x5)))+(0.4382736043699005))*((x3)*(x1)))))*(x2))*(x5)))*(x5)))*(x2))+(0.4382736043699005))*((log(((((8.540235661315744)+(x3))+(0.4382736043699005))*(((x3)+((x0)+(x3)))*((((x3)+(log((x5)*(-7.116419073165911))))+((x3)+(x3)))^(log((((((log(((((8.540235661315744)+(x3))+(0.4382736043699005))*((cos(cos(-9.754087806783804)))*(x1)))*((((8.540235661315744)+(x3))+(0.4382736043699005))*((x3)*(x3)))))*(x6))*(((x3)+(8.540235661315744))*(((sin(cos(x2)))+((x3)+(x3)))^(x6))))+((x7)+((((((((8.540235661315744)+(x3))+(0.4382736043699005))*(x3))*((((8.540235661315744)+(x3))+(0.4382736043699005))*((x3)*(x1))))+((8.540235661315744)+(sin(cos(x2)))))+((x3)/(sqrt(sin(x0)))))-(cos((((log(log((x6)*((x3)*(x1)))))*((log((x6)*((x3)*(x1))))*(x6)))+((x3)+(x3)))-(x0))))))+((x7)+(((((log(((((8.540235661315744)+(x3))+(0.4382736043699005))*(x3))*((x5)*((x3)*(x1)))))*(x6))*(x5))+((x7)+((((x6)+((8.540235661315744)+(x3)))+(x3))-(cos((((log((x6)*((x3)-(cos(-6.516950433340658)))))*((log((x6)*((x3)*(x1))))*(x6)))+((x3)+(x3)))-(x0))))))+(x3))))*(x6))))))*((((8.540235661315744)+(x3))+(0.4382736043699005))*(((x4)/(x3))*(x1)))))*(x1)))))*(x2))*(x5))+(sin(x5)))+(x7))^(log((-6.0725171070813655)/(((x7)+((x3)-(cos((log(((x6)+(x2))*(x3)))*(x6)))))*(((x1)+((x3)+(x3)))^(x3)))))) 	Fitness: 250871.168462
	 ((((((log(((((8.540235661315744)+(-4.948658958022678))+(0.4382736043699005))*(((log(((((8.540235661315744)+(x0))+(0.4382736043699005))*((x5)*(8.540235661315744)))*((((x3)+(x7))+(0.4382736043699005))*((((log(((((((x3)+(log((x5)*(-7.116419073165911))))+(x3))^(log((((((log(((((8.540235661315744)+(x3))+(0.4382736043699005))*(((log(((((8.540235661315744)+(-4.948658958022678))+(0.4382736043699005))*((x5)*(x1)))*((((8.540235661315744)+(x3))+(0.4382736043699005))*((x3)*(x1)))))*(x6))*(x5)))*((((8.540235661315744)+(x3))+(0.4382736043699005))*((x3)*(x3)))))*(x6))*(((x3)+(8.540235661315744))*(((sin(cos(x2)))+((x3)+(x3)))^(x6))))+((x7)+(((((x3)*(x1))+((8.540235661315744)+(sin(cos(x2)))))+(x2))-(cos((x2)*(x5))))))+((x7)+(((((log(((((8.540235661315744)+(x3))+(0.4382736043699005))*(x3))*((x5)*((x3)*(x1)))))*(x6))*(x5))+((x7)+(((((log(((((8.540235661315744)+(x0))+(0.4382736043699005))*((x5)*(log(x7))))*((((x3)+((x2)*(x5)))+(0.4382736043699005))*((((log(((((cos((sqrt((-5.8567054856177725)*(x5)))/(((x7)-(7.320704581533445))-(0.4382736043699005))))+(x0))+(0.4382736043699005))*((x5)*(log((0.4382736043699005)+(((x3)+(x3))+((x3)+(x3)))))))*((((x3)+((x2)*(x5)))+(0.4382736043699005))*((x3)*(x1)))))*(x2))*(x5))*(x1)))))*(x2))*(x5))+(sin(x5)))-(cos((((log((x6)*((x3)-(cos(-6.516950433340658)))))*((log((x6)*((x3)*(x1))))*(x6)))+((x3)+(x3)))-(x0))))))+(x3))))*(x6))))+(0.4382736043699005))*((x5)*(log((0.4382736043699005)+((x3)+((x3)+(x3)))))))*((((x3)+((x2)*(x5)))+(0.4382736043699005))*((x3)*(x1)))))*(x2))*(x5))*(x1)))))*(x2))*(log((0.4382736043699005)+((x4)^(x0))))))*(((log(((((8.540235661315744)+(x0))+(0.4382736043699005))*((x5)*(log((0.4382736043699005)+((x3)+((x3)+(x3)))))))*(((x5)*(((((8.540235661315744)+(x3))+(0.4382736043699005))*(((x3)+((x0)+(x3)))*((((x3)+(log((x5)*(-7.116419073165911))))+((x3)+(x6)))^(log((((((log(((((8.540235661315744)+(x3))+(0.4382736043699005))*((cos(log((x6)*((x3)*(x1)))))*(x1)))*((((8.540235661315744)+(x3))+(0.4382736043699005))*((x3)*(x3)))))*(x6))*(((x3)+(8.540235661315744))*(((sin(cos(x2)))+((x3)+(x3)))^(x6))))+((x7)+((((((((8.540235661315744)+(x3))+(0.4382736043699005))*(x3))*((((8.540235661315744)+(x3))+(0.4382736043699005))*((x3)*(x1))))+((8.540235661315744)+(sin(cos(x2)))))+((x3)/(sqrt(sin(x0)))))-(((log((x3)+(x3)))*((sin(x5))*(x6)))+((x3)+(x3))))))+((x7)+(((((log(((((8.540235661315744)+(x3))+(0.4382736043699005))*(x3))*((x5)*((x3)*(x1)))))*(x6))*(x5))+((x7)+((((x6)+((8.540235661315744)+(x3)))+((x3)/(sqrt(sin(x0)))))-(cos((((log((x3)+(x3)))*((sin(x5))*(x6)))+((x3)+(x3)))-(x0))))))+(x3))))*(x6))))))*(x1)))*((x3)*(x1)))))*(x2))*((log(((log((x6)*((x3)-(cos(-6.516950433340658)))))*((log((x6)*((log(((x7)+((x3)+(x3)))*((((x3)+((x2)*(x5)))+(0.4382736043699005))*((x3)*(x1)))))*(x1))))*(x6)))*((((((sin(cos(x2)))+((x3)+(sin(x5))))^(x3))+(x3))+(0.4382736043699005))*((x3)*(x1)))))*(((8.540235661315744)+(-4.948658958022678))+(0.4382736043699005))))))*(x2))*(x5))+(sin(x5)))+(x7))^(log((-6.0725171070813655)/(((x7)+((x3)-(cos((log(((x6)+(x2))*(x3)))*(x6)))))*(((x7)+((x3)+(x3)))^(x3)))))) 	Fitness: 251142.279829
	 ((((((log(((((8.540235661315744)+(-4.948658958022678))+(0.4382736043699005))*((((log(((((8.540235661315744)+(x3))+(0.4382736043699005))*(x3))*((((8.540235661315744)+((((x3)+(log((x5)*(-7.116419073165911))))+((x3)+(x3)))^(log((((((log(((((8.540235661315744)+(x3))+(0.4382736043699005))*((cos(log((x6)*((x3)*(x1)))))*(x1)))*((((8.540235661315744)+(x3))+(0.4382736043699005))*((x3)*(x3)))))*(x6))*(((x3)+(8.540235661315744))*(((sin(cos(x2)))+((x3)+(x3)))^(x6))))+((x7)+((((((((8.540235661315744)+(x3))+(0.4382736043699005))*(x3))*((((8.540235661315744)+(x3))+(0.4382736043699005))*((x3)*(x1))))+((8.540235661315744)+(sin(cos(x2)))))+((x3)/(sqrt(sin(x0)))))-(cos((((log(log((x6)*((x3)*(x1)))))*((log((x6)*((x3)*(x1))))*(x6)))+((x3)+(x3)))-(x0))))))+((x7)+(((((log(((((8.540235661315744)+(x3))+(0.4382736043699005))*(x3))*((x5)*((x3)*(x1)))))*(x6))*(x5))+((x7)+((((x6)+((8.540235661315744)+(x3)))+((x3)/(sqrt(sin(x0)))))-(cos((((log((x3)+(x3)))*((sin(x5))*(x6)))+((x3)+(x3)))-(x0))))))+(x3))))*(x6)))))+(0.4382736043699005))*((x3)*(x1)))))*(x6))*(x5))+((x7)+((((x6)+((8.540235661315744)+(x3)))+((x3)/(sqrt(sin(x0)))))-(cos((((log((x6)*((x3)-(cos(-6.516950433340658)))))*((log((x6)*((x3)*(x1))))*(x6)))+((x3)+(x3)))-(x0)))))))*((((x3)+((x2)*(x5)))+(0.4382736043699005))*((log(((((8.540235661315744)+(x3))+(0.4382736043699005))*(((x3)+((x0)+(x3)))*((((x3)+(log((x5)*(-7.116419073165911))))+((x3)+(x3)))^(log((((((log(((((8.540235661315744)+(x3))+(0.4382736043699005))*((cos(log((x6)*((x3)*(x1)))))*(x1)))*((((8.540235661315744)+(x3))+(0.4382736043699005))*((x3)*(x3)))))*(x6))*(((x3)+(8.540235661315744))*(((sin(cos(x2)))+((x3)+(x3)))^(x6))))+((x7)+(((((((((x3)-(cos((log(((x6)+(x2))*(x3)))*(x6))))+(x3))+(0.4382736043699005))*(x3))*((((8.540235661315744)+(x3))+(0.4382736043699005))*((x3)*(x1))))+((8.540235661315744)+(sin(cos(x2)))))+((x3)/(sqrt(sin(x0)))))-(cos((((log(log((x6)*((x3)*(((((log(((((8.540235661315744)+(x3))+(0.4382736043699005))*(x3))*(x1)))*(x6))*(x5))+((x7)+((((x6)+((8.540235661315744)+(x3)))+((x3)/((x3)*(x3))))-(cos((((log((x6)*((x3)-(cos(-6.516950433340658)))))*((log((x6)*((x3)*(x1))))*(x6)))+((x3)+(x3)))-(x0))))))+(x3))))))*((log((x6)*((x3)*(x1))))*(x6)))+((x3)+(x3)))-(x0))))))+((x7)+(((((log(((((8.540235661315744)+(x3))+(0.4382736043699005))*(x3))*((x5)*((x3)*(x1)))))*(x6))*(x5))+((x7)+((((x6)+((8.540235661315744)+(x3)))+((x3)/(sqrt(sin(x0)))))-(cos((((log((x3)+(x3)))*((sin(x5))*(x6)))+((x3)+(x3)))-(x0))))))+(x3))))*(x6))))))*((((8.540235661315744)+(x3))+(0.4382736043699005))*((x3)*(x1)))))*(x1)))))*(x2))*(x5))+(sin(x5)))+(x7))^(log((-6.0725171070813655)/(((x7)+((x3)-(cos((log(((x6)+(x2))*(x3)))*(x6)))))*(((x1)+((x3)+(x3)))^(x3)))))) 	Fitness: 251179.766275
	 ((((((log(((((8.540235661315744)+(-4.948658958022678))+(0.4382736043699005))*(((log((x7)*((((x3)+((x2)*(x5)))+(0.4382736043699005))*((((log(((((8.540235661315744)+(x0))+(0.4382736043699005))*((x5)*(log((0.4382736043699005)+((x3)+((x3)+(x3)))))))*((((x3)+((x2)*(x5)))+(0.4382736043699005))*((x3)*(x1)))))*(x2))*(x5))*(x1)))))*(x2))*(log((0.4382736043699005)+((x4)^(x0))))))*((((x3)+((x2)*(x5)))+(0.4382736043699005))*((log(((((8.540235661315744)+(x3))+(0.4382736043699005))*(((x3)+((x0)+(x3)))*((((x3)+(log((x5)*(-7.116419073165911))))+((x3)+(x3)))^(log((((((log(((((8.540235661315744)+(-4.948658958022678))+(0.4382736043699005))*((x5)*(x1)))*((((8.540235661315744)+(x3))+(0.4382736043699005))*((x3)*(x1)))))*(x6))*(x5))+((x7)+((((x6)+((8.540235661315744)+(sin(cos((-3.2193269652598167)*(3.3645117136419618))))))+((x3)/(sqrt(sin(x0)))))-(cos((x3)+(x3))))))+((x7)+(((((((((sin(cos(x2)))+((x3)+(sin(x5))))^(x3))+(x3))+(0.4382736043699005))*(x6))*(x5))+((x7)+((((x6)+((8.540235661315744)+(x3)))+((x3)/(sqrt(sin(x0)))))-(cos(((((log(((((8.540235661315744)+(x3))+(0.4382736043699005))*(x3))*((((8.540235661315744)+(x3))+(0.4382736043699005))*((x3)*(x1)))))*(x6))*(x5))+((x7)+((((x6)+((8.540235661315744)+(x3)))+((x3)/(sqrt(sin(x0)))))-(cos((((log((x6)*((x3)-(cos(-6.516950433340658)))))*((log((x6)*((x3)*(x1))))*(x6)))+((x3)+(x3)))-(x0))))))-(x0))))))+(x3))))*(x6))))))*(((((((x3)+(8.540235661315744))*(((sin(cos(x2)))+((x2)+(x3)))^(x6)))^(x3))+(x3))+(0.4382736043699005))*((x3)*(x1)))))*(((8.540235661315744)+(-4.948658958022678))+(0.4382736043699005))))))*(x2))*(x5))+(sin(x5)))+(x7))^(log((-6.0725171070813655)/(((x7)+((x3)-(cos((log(((x6)+(x2))*(x3)))*(x6)))))*(((x7)+((x3)+(x3)))^(x3)))))) 	Fitness: 251259.453582

Top 5 individuals for test dataset:

	 ((((((log(((((8.540235661315744)+(-4.948658958022678))+(0.4382736043699005))*(((log(((((8.540235661315744)+(x0))+(0.4382736043699005))*((x5)*(8.540235661315744)))*(((((x3)+(log((x5)*(-7.116419073165911))))+((x3)+(x3)))^(log((((((log(((((8.540235661315744)+(x3))+(0.4382736043699005))*((cos(log((x6)*((x3)*(x1)))))*(x1)))*((((8.540235661315744)+(x3))+(0.4382736043699005))*((x3)*(x3)))))*(x6))*(((x3)+((((8.540235661315744)+(x0))+(0.4382736043699005))*((x5)*(log((0.4382736043699005)+((x3)+((x3)+(x3))))))))*(((sin(cos(x2)))+((x3)+(x3)))^(x6))))+((x7)+((((((((8.540235661315744)+(x3))+(0.4382736043699005))*(x3))*((((8.540235661315744)+(x3))+(0.4382736043699005))*((x3)*(x1))))+((8.540235661315744)+((log((x6)*((x3)*(x1))))*(x6))))+((x3)/(sqrt(sin(x0)))))-(cos((((log(log((x6)*((x3)*(x1)))))*((log((x6)*((x3)*(x1))))*(x6)))+((x3)+(x3)))-(x0))))))+((x7)+(((((log(((-6.0725171070813655)*(x3))*((x5)*((x3)*(x1)))))*(x6))*(x5))+((x7)+((((x6)+((8.540235661315744)+(x3)))+((x3)/(sqrt(sin(x0)))))-(cos((((log((x6)*((x3)-(cos(-6.516950433340658)))))*((sin(x5))*(x6)))+((x3)+(x3)))-(x0))))))+(x3))))*(x6))))*((((log(((((8.540235661315744)+(x0))+(0.4382736043699005))*((x5)*(log((0.4382736043699005)+((x3)+((x3)+(x3)))))))*((((x3)+((x2)*(x5)))+(0.4382736043699005))*((x3)*(x1)))))*(x2))*(x5))*((((log(((((8.540235661315744)+(x0))+(0.4382736043699005))*((x5)*(log((0.4382736043699005)+((x3)+((x3)+(x3)))))))*((((x3)+((x2)*(x5)))+(0.4382736043699005))*(((((log(((x7)+((x3)-(cos((log(((x6)+(x2))*(x3)))*(x6)))))*((((x3)+((x2)*(x5)))+(0.4382736043699005))*((x3)*(x1)))))*(x2))*(x5))+(sin(((x1)+((x3)+(x3)))^(x3))))+((x7)+(x5))))))*(x2))*(x5))+(sin(x5)))))))*(x2))*(log((0.4382736043699005)+((x4)^(x0))))))*((((x3)+((x2)*(x5)))+(0.4382736043699005))*((log(((log((x6)*(0.4382736043699005)))*((log((x6)*((x3)*(x1))))*(x6)))*((((((sin(cos(x2)))+((x3)+(sin(x5))))^(x7))+(x3))+(0.4382736043699005))*((x3)*(x1)))))*(((8.540235661315744)+(-4.948658958022678))+(0.4382736043699005))))))*(x2))*(x5))+(sin(x5)))+(x7))^(log((-6.0725171070813655)/(((x7)+((x3)-(cos((log(((x6)+(x2))*(x3)))*(x6)))))*(((x7)+((x3)+(x3)))^(x3)))))) 	Fitness: 248902.782117
	 ((((((log(((((8.540235661315744)+(-4.948658958022678))+(0.4382736043699005))*((x3)*(log((x3)+((x4)^((x7)+((x0)-(cos((log(((x6)+(x2))*(x3)))*(x6))))))))))*((((log(((((8.540235661315744)+(-4.948658958022678))+(log((-6.0725171070813655)/((x5)*(((sin(cos(x2)))+((x3)+(sin(x5))))^(x1))))))*(((log((x3)*((((x3)+(((x2)*(x5))*(x5)))+(0.4382736043699005))*((x3)*(x1)))))*(x2))*(x5)))*(x5)))*(x2))+(0.4382736043699005))*((log(((((8.540235661315744)+(x3))+(0.4382736043699005))*(((x3)+((x0)+(x3)))*((((x3)+(log((x5)*(-7.116419073165911))))+((x3)+(x3)))^(log((((((log(((((8.540235661315744)+(x3))+(0.4382736043699005))*((cos(cos(-9.754087806783804)))*(x1)))*((((8.540235661315744)+(x3))+(0.4382736043699005))*((x3)*(x3)))))*(x6))*(((x3)+(8.540235661315744))*(((sin(cos(x2)))+((x3)+(x3)))^(x6))))+((x7)+((((((((8.540235661315744)+(x3))+(0.4382736043699005))*(x3))*((((8.540235661315744)+(x3))+(0.4382736043699005))*((x3)*(x1))))+((8.540235661315744)+(sin(cos(x2)))))+((x3)/(sqrt(sin(x0)))))-(cos((((log(log((x6)*((x3)*(x1)))))*((log((x6)*((x3)*(x1))))*(x6)))+((x3)+(x3)))-(x0))))))+((x7)+(((((log(((((8.540235661315744)+(x3))+(0.4382736043699005))*(x3))*((x5)*((x3)*(x1)))))*(x6))*(x5))+((x7)+((((x6)+((8.540235661315744)+(x3)))+(x3))-(cos((((log((x6)*((x3)-(cos(-6.516950433340658)))))*((log((x6)*((x3)*(x1))))*(x6)))+((x3)+(x3)))-(x0))))))+(x3))))*(x6))))))*((((8.540235661315744)+(x3))+(0.4382736043699005))*(((x4)/(x3))*(x1)))))*(x1)))))*(x2))*(x5))+(sin(x5)))+(x7))^(log((-6.0725171070813655)/(((x7)+((x3)-(cos((log(((x6)+(x2))*(x3)))*(x6)))))*(((x1)+((x3)+(x3)))^(x3)))))) 	Fitness: 250871.168462
	 ((((((log(((((8.540235661315744)+(-4.948658958022678))+(0.4382736043699005))*(((log(((((8.540235661315744)+(x0))+(0.4382736043699005))*((x5)*(8.540235661315744)))*((((x3)+(x7))+(0.4382736043699005))*((((log(((((((x3)+(log((x5)*(-7.116419073165911))))+(x3))^(log((((((log(((((8.540235661315744)+(x3))+(0.4382736043699005))*(((log(((((8.540235661315744)+(-4.948658958022678))+(0.4382736043699005))*((x5)*(x1)))*((((8.540235661315744)+(x3))+(0.4382736043699005))*((x3)*(x1)))))*(x6))*(x5)))*((((8.540235661315744)+(x3))+(0.4382736043699005))*((x3)*(x3)))))*(x6))*(((x3)+(8.540235661315744))*(((sin(cos(x2)))+((x3)+(x3)))^(x6))))+((x7)+(((((x3)*(x1))+((8.540235661315744)+(sin(cos(x2)))))+(x2))-(cos((x2)*(x5))))))+((x7)+(((((log(((((8.540235661315744)+(x3))+(0.4382736043699005))*(x3))*((x5)*((x3)*(x1)))))*(x6))*(x5))+((x7)+(((((log(((((8.540235661315744)+(x0))+(0.4382736043699005))*((x5)*(log(x7))))*((((x3)+((x2)*(x5)))+(0.4382736043699005))*((((log(((((cos((sqrt((-5.8567054856177725)*(x5)))/(((x7)-(7.320704581533445))-(0.4382736043699005))))+(x0))+(0.4382736043699005))*((x5)*(log((0.4382736043699005)+(((x3)+(x3))+((x3)+(x3)))))))*((((x3)+((x2)*(x5)))+(0.4382736043699005))*((x3)*(x1)))))*(x2))*(x5))*(x1)))))*(x2))*(x5))+(sin(x5)))-(cos((((log((x6)*((x3)-(cos(-6.516950433340658)))))*((log((x6)*((x3)*(x1))))*(x6)))+((x3)+(x3)))-(x0))))))+(x3))))*(x6))))+(0.4382736043699005))*((x5)*(log((0.4382736043699005)+((x3)+((x3)+(x3)))))))*((((x3)+((x2)*(x5)))+(0.4382736043699005))*((x3)*(x1)))))*(x2))*(x5))*(x1)))))*(x2))*(log((0.4382736043699005)+((x4)^(x0))))))*(((log(((((8.540235661315744)+(x0))+(0.4382736043699005))*((x5)*(log((0.4382736043699005)+((x3)+((x3)+(x3)))))))*(((x5)*(((((8.540235661315744)+(x3))+(0.4382736043699005))*(((x3)+((x0)+(x3)))*((((x3)+(log((x5)*(-7.116419073165911))))+((x3)+(x6)))^(log((((((log(((((8.540235661315744)+(x3))+(0.4382736043699005))*((cos(log((x6)*((x3)*(x1)))))*(x1)))*((((8.540235661315744)+(x3))+(0.4382736043699005))*((x3)*(x3)))))*(x6))*(((x3)+(8.540235661315744))*(((sin(cos(x2)))+((x3)+(x3)))^(x6))))+((x7)+((((((((8.540235661315744)+(x3))+(0.4382736043699005))*(x3))*((((8.540235661315744)+(x3))+(0.4382736043699005))*((x3)*(x1))))+((8.540235661315744)+(sin(cos(x2)))))+((x3)/(sqrt(sin(x0)))))-(((log((x3)+(x3)))*((sin(x5))*(x6)))+((x3)+(x3))))))+((x7)+(((((log(((((8.540235661315744)+(x3))+(0.4382736043699005))*(x3))*((x5)*((x3)*(x1)))))*(x6))*(x5))+((x7)+((((x6)+((8.540235661315744)+(x3)))+((x3)/(sqrt(sin(x0)))))-(cos((((log((x3)+(x3)))*((sin(x5))*(x6)))+((x3)+(x3)))-(x0))))))+(x3))))*(x6))))))*(x1)))*((x3)*(x1)))))*(x2))*((log(((log((x6)*((x3)-(cos(-6.516950433340658)))))*((log((x6)*((log(((x7)+((x3)+(x3)))*((((x3)+((x2)*(x5)))+(0.4382736043699005))*((x3)*(x1)))))*(x1))))*(x6)))*((((((sin(cos(x2)))+((x3)+(sin(x5))))^(x3))+(x3))+(0.4382736043699005))*((x3)*(x1)))))*(((8.540235661315744)+(-4.948658958022678))+(0.4382736043699005))))))*(x2))*(x5))+(sin(x5)))+(x7))^(log((-6.0725171070813655)/(((x7)+((x3)-(cos((log(((x6)+(x2))*(x3)))*(x6)))))*(((x7)+((x3)+(x3)))^(x3)))))) 	Fitness: 251142.279829
	 ((((((log(((((8.540235661315744)+(-4.948658958022678))+(0.4382736043699005))*((((log(((((8.540235661315744)+(x3))+(0.4382736043699005))*(x3))*((((8.540235661315744)+((((x3)+(log((x5)*(-7.116419073165911))))+((x3)+(x3)))^(log((((((log(((((8.540235661315744)+(x3))+(0.4382736043699005))*((cos(log((x6)*((x3)*(x1)))))*(x1)))*((((8.540235661315744)+(x3))+(0.4382736043699005))*((x3)*(x3)))))*(x6))*(((x3)+(8.540235661315744))*(((sin(cos(x2)))+((x3)+(x3)))^(x6))))+((x7)+((((((((8.540235661315744)+(x3))+(0.4382736043699005))*(x3))*((((8.540235661315744)+(x3))+(0.4382736043699005))*((x3)*(x1))))+((8.540235661315744)+(sin(cos(x2)))))+((x3)/(sqrt(sin(x0)))))-(cos((((log(log((x6)*((x3)*(x1)))))*((log((x6)*((x3)*(x1))))*(x6)))+((x3)+(x3)))-(x0))))))+((x7)+(((((log(((((8.540235661315744)+(x3))+(0.4382736043699005))*(x3))*((x5)*((x3)*(x1)))))*(x6))*(x5))+((x7)+((((x6)+((8.540235661315744)+(x3)))+((x3)/(sqrt(sin(x0)))))-(cos((((log((x3)+(x3)))*((sin(x5))*(x6)))+((x3)+(x3)))-(x0))))))+(x3))))*(x6)))))+(0.4382736043699005))*((x3)*(x1)))))*(x6))*(x5))+((x7)+((((x6)+((8.540235661315744)+(x3)))+((x3)/(sqrt(sin(x0)))))-(cos((((log((x6)*((x3)-(cos(-6.516950433340658)))))*((log((x6)*((x3)*(x1))))*(x6)))+((x3)+(x3)))-(x0)))))))*((((x3)+((x2)*(x5)))+(0.4382736043699005))*((log(((((8.540235661315744)+(x3))+(0.4382736043699005))*(((x3)+((x0)+(x3)))*((((x3)+(log((x5)*(-7.116419073165911))))+((x3)+(x3)))^(log((((((log(((((8.540235661315744)+(x3))+(0.4382736043699005))*((cos(log((x6)*((x3)*(x1)))))*(x1)))*((((8.540235661315744)+(x3))+(0.4382736043699005))*((x3)*(x3)))))*(x6))*(((x3)+(8.540235661315744))*(((sin(cos(x2)))+((x3)+(x3)))^(x6))))+((x7)+(((((((((x3)-(cos((log(((x6)+(x2))*(x3)))*(x6))))+(x3))+(0.4382736043699005))*(x3))*((((8.540235661315744)+(x3))+(0.4382736043699005))*((x3)*(x1))))+((8.540235661315744)+(sin(cos(x2)))))+((x3)/(sqrt(sin(x0)))))-(cos((((log(log((x6)*((x3)*(((((log(((((8.540235661315744)+(x3))+(0.4382736043699005))*(x3))*(x1)))*(x6))*(x5))+((x7)+((((x6)+((8.540235661315744)+(x3)))+((x3)/((x3)*(x3))))-(cos((((log((x6)*((x3)-(cos(-6.516950433340658)))))*((log((x6)*((x3)*(x1))))*(x6)))+((x3)+(x3)))-(x0))))))+(x3))))))*((log((x6)*((x3)*(x1))))*(x6)))+((x3)+(x3)))-(x0))))))+((x7)+(((((log(((((8.540235661315744)+(x3))+(0.4382736043699005))*(x3))*((x5)*((x3)*(x1)))))*(x6))*(x5))+((x7)+((((x6)+((8.540235661315744)+(x3)))+((x3)/(sqrt(sin(x0)))))-(cos((((log((x3)+(x3)))*((sin(x5))*(x6)))+((x3)+(x3)))-(x0))))))+(x3))))*(x6))))))*((((8.540235661315744)+(x3))+(0.4382736043699005))*((x3)*(x1)))))*(x1)))))*(x2))*(x5))+(sin(x5)))+(x7))^(log((-6.0725171070813655)/(((x7)+((x3)-(cos((log(((x6)+(x2))*(x3)))*(x6)))))*(((x1)+((x3)+(x3)))^(x3)))))) 	Fitness: 251179.766275
	 ((((((log(((((8.540235661315744)+(-4.948658958022678))+(0.4382736043699005))*(((log((x7)*((((x3)+((x2)*(x5)))+(0.4382736043699005))*((((log(((((8.540235661315744)+(x0))+(0.4382736043699005))*((x5)*(log((0.4382736043699005)+((x3)+((x3)+(x3)))))))*((((x3)+((x2)*(x5)))+(0.4382736043699005))*((x3)*(x1)))))*(x2))*(x5))*(x1)))))*(x2))*(log((0.4382736043699005)+((x4)^(x0))))))*((((x3)+((x2)*(x5)))+(0.4382736043699005))*((log(((((8.540235661315744)+(x3))+(0.4382736043699005))*(((x3)+((x0)+(x3)))*((((x3)+(log((x5)*(-7.116419073165911))))+((x3)+(x3)))^(log((((((log(((((8.540235661315744)+(-4.948658958022678))+(0.4382736043699005))*((x5)*(x1)))*((((8.540235661315744)+(x3))+(0.4382736043699005))*((x3)*(x1)))))*(x6))*(x5))+((x7)+((((x6)+((8.540235661315744)+(sin(cos((-3.2193269652598167)*(3.3645117136419618))))))+((x3)/(sqrt(sin(x0)))))-(cos((x3)+(x3))))))+((x7)+(((((((((sin(cos(x2)))+((x3)+(sin(x5))))^(x3))+(x3))+(0.4382736043699005))*(x6))*(x5))+((x7)+((((x6)+((8.540235661315744)+(x3)))+((x3)/(sqrt(sin(x0)))))-(cos(((((log(((((8.540235661315744)+(x3))+(0.4382736043699005))*(x3))*((((8.540235661315744)+(x3))+(0.4382736043699005))*((x3)*(x1)))))*(x6))*(x5))+((x7)+((((x6)+((8.540235661315744)+(x3)))+((x3)/(sqrt(sin(x0)))))-(cos((((log((x6)*((x3)-(cos(-6.516950433340658)))))*((log((x6)*((x3)*(x1))))*(x6)))+((x3)+(x3)))-(x0))))))-(x0))))))+(x3))))*(x6))))))*(((((((x3)+(8.540235661315744))*(((sin(cos(x2)))+((x2)+(x3)))^(x6)))^(x3))+(x3))+(0.4382736043699005))*((x3)*(x1)))))*(((8.540235661315744)+(-4.948658958022678))+(0.4382736043699005))))))*(x2))*(x5))+(sin(x5)))+(x7))^(log((-6.0725171070813655)/(((x7)+((x3)-(cos((log(((x6)+(x2))*(x3)))*(x6)))))*(((x7)+((x3)+(x3)))^(x3)))))) 	Fitness: 251259.453582
