Generation 1
Best fitness: 627858.613129
Worst fitness: inf
Average fitness: 9.13205153618e+16
Number of repeated individuals: 4
Mutation improvement rate: 25.0%
Crossover improvement rate: 44.57%

Generation 2
Best fitness: 618952.36689
Worst fitness: 3.84081229012e+149
Average fitness: 3.84081229012e+147
Number of repeated individuals: 10
Mutation improvement rate: 0.0%
Crossover improvement rate: 44.57%

Generation 3
Best fitness: 618952.36689
Worst fitness: 21271076.9199
Average fitness: 936640.811035
Number of repeated individuals: 20
Mutation improvement rate: 0.0%
Crossover improvement rate: 44.57%

Generation 4
Best fitness: 618952.36689
Worst fitness: 160910557.778
Average fitness: 2223378.06443
Number of repeated individuals: 3
Mutation improvement rate: 50.0%
Crossover improvement rate: 61.46%

Generation 5
Best fitness: 569080.158849
Worst fitness: 160975597.128
Average fitness: 2235886.93303
Number of repeated individuals: 0
Mutation improvement rate: 0.0%
Crossover improvement rate: 43.75%

Generation 6
Best fitness: 569080.158849
Worst fitness: 25875006196.9
Average fitness: 256964120.859
Number of repeated individuals: 1
Mutation improvement rate: 25.0%
Crossover improvement rate: 50.0%

Generation 7
Best fitness: 569079.413295
Worst fitness: 435508325.867
Average fitness: 5557755.44023
Number of repeated individuals: 3
Mutation improvement rate: 33.33%
Crossover improvement rate: 39.77%

Generation 8
Best fitness: 536474.384311
Worst fitness: inf
Average fitness: 9.22337204073e+16
Number of repeated individuals: 2
Mutation improvement rate: 0.0%
Crossover improvement rate: 50.0%

Generation 9
Best fitness: 536474.384311
Worst fitness: 13741758031.5
Average fitness: 166179016.482
Number of repeated individuals: 1
Mutation improvement rate: 0.0%
Crossover improvement rate: 32.61%

Generation 10
Best fitness: 513649.593369
Worst fitness: inf
Average fitness: 9.22337213432e+16
Number of repeated individuals: 2
Mutation improvement rate: 10.0%
Crossover improvement rate: 44.05%

Generation 11
Best fitness: 505863.69066
Worst fitness: 64408118008.9
Average fitness: 662308385.008
Number of repeated individuals: 0
Mutation improvement rate: 25.0%
Crossover improvement rate: 44.68%

Generation 12
Best fitness: 492889.501366
Worst fitness: 282961479.289
Average fitness: 3359088.94422
Number of repeated individuals: 1
Mutation improvement rate: 7.14%
Crossover improvement rate: 53.57%

Generation 13
Best fitness: 492889.501366
Worst fitness: 9.22337203686e+18
Average fitness: 1.09206788957e+17
Number of repeated individuals: 2
Mutation improvement rate: 12.5%
Crossover improvement rate: 43.18%

Generation 14
Best fitness: 449957.164124
Worst fitness: 282960870.53
Average fitness: 4706676.75244
Number of repeated individuals: 0
Mutation improvement rate: 0.0%
Crossover improvement rate: 39.58%

Generation 15
Best fitness: 449956.83529
Worst fitness: inf
Average fitness: 9.22337203776e+16
Number of repeated individuals: 0
Mutation improvement rate: 0.0%
Crossover improvement rate: 46.67%

Generation 16
Best fitness: 390985.338747
Worst fitness: 1.16270983295e+19
Average fitness: 1.53992737629e+17
Number of repeated individuals: 0
Mutation improvement rate: 0.0%
Crossover improvement rate: 35.11%

Generation 17
Best fitness: 378758.332503
Worst fitness: 5512281749.3
Average fitness: 60378736.467
Number of repeated individuals: 2
Mutation improvement rate: 0.0%
Crossover improvement rate: 46.74%

Generation 18
Best fitness: 355410.582365
Worst fitness: 34393982.5481
Average fitness: 1537923.26341
Number of repeated individuals: 2
Mutation improvement rate: 25.0%
Crossover improvement rate: 53.26%

Generation 19
Best fitness: 355410.582365
Worst fitness: 4060435666.36
Average fitness: 69922525.1047
Number of repeated individuals: 0
Mutation improvement rate: 0.0%
Crossover improvement rate: 42.22%

Generation 20
Best fitness: 355410.582365
Worst fitness: 1.41587014501e+12
Average fitness: 14073865993.6
Number of repeated individuals: 3
Mutation improvement rate: 0.0%
Crossover improvement rate: 46.81%

Generation 21
Best fitness: 336056.160013
Worst fitness: 2220334300.16
Average fitness: 89246477.5801
Number of repeated individuals: 1
Mutation improvement rate: 0.0%
Crossover improvement rate: 32.95%

Generation 22
Best fitness: 336056.160013
Worst fitness: 91847980250.6
Average fitness: 1057090009.28
Number of repeated individuals: 3
Mutation improvement rate: 0.0%
Crossover improvement rate: 40.22%

Generation 23
Best fitness: 330956.860383
Worst fitness: inf
Average fitness: 9.13205153272e+16
Number of repeated individuals: 1
Mutation improvement rate: 12.5%
Crossover improvement rate: 44.32%

Generation 24
Best fitness: 330956.860383
Worst fitness: 4440469980.58
Average fitness: 100924731.805
Number of repeated individuals: 1
Mutation improvement rate: 16.67%
Crossover improvement rate: 43.33%

Generation 25
Best fitness: 304870.64657
Worst fitness: 6212152338.96
Average fitness: 214555445.47
Number of repeated individuals: 0
Mutation improvement rate: 25.0%
Crossover improvement rate: 44.44%

Generation 26
Best fitness: 304870.64657
Worst fitness: inf
Average fitness: 9.13205154246e+16
Number of repeated individuals: 2
Mutation improvement rate: 25.0%
Crossover improvement rate: 43.18%

Generation 27
Best fitness: 304868.43465
Worst fitness: 8.98135524113e+93
Average fitness: 8.89243093181e+91
Number of repeated individuals: 2
Mutation improvement rate: 25.0%
Crossover improvement rate: 43.62%

Generation 28
Best fitness: 304360.894913
Worst fitness: 14201371918.6
Average fitness: 259323921.288
Number of repeated individuals: 4
Mutation improvement rate: 50.0%
Crossover improvement rate: 30.43%

Generation 29
Best fitness: 304360.725681
Worst fitness: 2576159259.94
Average fitness: 30343804.3196
Number of repeated individuals: 0
Mutation improvement rate: 16.67%
Crossover improvement rate: 40.91%

Generation 30
Best fitness: 304360.060903
Worst fitness: 12803011120.8
Average fitness: 197768563.448
Number of repeated individuals: 7
Mutation improvement rate: 0.0%
Crossover improvement rate: 31.11%

Generation 31
Best fitness: 303867.625753
Worst fitness: 5.04742129195e+23
Average fitness: 4.99744682371e+21
Number of repeated individuals: 2
Mutation improvement rate: 0.0%
Crossover improvement rate: 26.83%

Generation 32
Best fitness: 303860.509333
Worst fitness: 18194637018.4
Average fitness: 200525300.976
Number of repeated individuals: 1
Mutation improvement rate: 16.67%
Crossover improvement rate: 23.33%

Generation 33
Best fitness: 303390.15197
Worst fitness: 2.05632204231e+21
Average fitness: 2.03596241825e+19
Number of repeated individuals: 1
Mutation improvement rate: 0.0%
Crossover improvement rate: 38.54%

Generation 34
Best fitness: 297789.100893
Worst fitness: 11327705866.2
Average fitness: 160137343.638
Number of repeated individuals: 0
Mutation improvement rate: 0.0%
Crossover improvement rate: 26.67%

Generation 35
Best fitness: 297789.100893
Worst fitness: 11336016552.7
Average fitness: 179809265.326
Number of repeated individuals: 2
Mutation improvement rate: 25.0%
Crossover improvement rate: 36.96%

Generation 36
Best fitness: 297789.100893
Worst fitness: 87502142180.7
Average fitness: 921960301.994
Number of repeated individuals: 2
Mutation improvement rate: 12.5%
Crossover improvement rate: 35.23%

Generation 37
Best fitness: 297789.100893
Worst fitness: 2220605833.37
Average fitness: 32455213.0974
Number of repeated individuals: 2
Mutation improvement rate: 0.0%
Crossover improvement rate: 31.11%

Generation 38
Best fitness: 296710.420113
Worst fitness: 2220226495.57
Average fitness: 26076041.7886
Number of repeated individuals: 2
Mutation improvement rate: 0.0%
Crossover improvement rate: 39.36%

Generation 39
Best fitness: 296710.420113
Worst fitness: 5.1515406158e+139
Average fitness: 5.10053526317e+137
Number of repeated individuals: 3
Mutation improvement rate: 0.0%
Crossover improvement rate: 26.6%

Generation 40
Best fitness: 296407.185613
Worst fitness: 8404439735.24
Average fitness: 199104829.641
Number of repeated individuals: 2
Mutation improvement rate: 25.0%
Crossover improvement rate: 32.61%

Generation 41
Best fitness: 296407.185613
Worst fitness: inf
Average fitness: 9.13205152669e+16
Number of repeated individuals: 5
Mutation improvement rate: 16.67%
Crossover improvement rate: 26.09%

Generation 42
Best fitness: 296191.43307
Worst fitness: 15373369413.0
Average fitness: 247227063.135
Number of repeated individuals: 3
Mutation improvement rate: 0.0%
Crossover improvement rate: 29.79%

Generation 43
Best fitness: 293950.259128
Worst fitness: 87502150850.5
Average fitness: 1124960378.94
Number of repeated individuals: 3
Mutation improvement rate: 0.0%
Crossover improvement rate: 32.22%

Generation 44
Best fitness: 288838.729077
Worst fitness: 9.22337203685e+18
Average fitness: 9.13205161795e+16
Number of repeated individuals: 0
Mutation improvement rate: 12.5%
Crossover improvement rate: 24.44%

Generation 45
Best fitness: 286247.899903
Worst fitness: 6572649098.07
Average fitness: 69843087.9965
Number of repeated individuals: 4
Mutation improvement rate: 0.0%
Crossover improvement rate: 39.8%

Generation 46
Best fitness: 286247.899903
Worst fitness: 2220175528.29
Average fitness: 48026295.2215
Number of repeated individuals: 1
Mutation improvement rate: 50.0%
Crossover improvement rate: 28.72%

Generation 47
Best fitness: 286247.899903
Worst fitness: 3141226861.77
Average fitness: 73591812.3025
Number of repeated individuals: 1
Mutation improvement rate: 25.0%
Crossover improvement rate: 36.96%

Generation 48
Best fitness: 286247.899875
Worst fitness: 1588174048.35
Average fitness: 24982581.6289
Number of repeated individuals: 3
Mutation improvement rate: 0.0%
Crossover improvement rate: 36.67%

Generation 49
Best fitness: 286244.270705
Worst fitness: 14201371737.4
Average fitness: 188949667.404
Number of repeated individuals: 7
Mutation improvement rate: 25.0%
Crossover improvement rate: 44.57%

Generation 50
Best fitness: 281085.310106
Worst fitness: 16242895349.2
Average fitness: 172395141.263
Number of repeated individuals: 0
Mutation improvement rate: 25.0%
Crossover improvement rate: 38.3%

Generation 51
Best fitness: 281085.203169
Worst fitness: inf
Average fitness: 9.13205163167e+16
Number of repeated individuals: 3
Mutation improvement rate: 0.0%
Crossover improvement rate: 36.96%

Generation 52
Best fitness: 281084.855076
Worst fitness: 60293738.6705
Average fitness: 1450727.80031
Number of repeated individuals: 3
Mutation improvement rate: 33.33%
Crossover improvement rate: 37.78%

Generation 53
Best fitness: 280760.219637
Worst fitness: 11995153583.2
Average fitness: 153063391.977
Number of repeated individuals: 5
Mutation improvement rate: 0.0%
Crossover improvement rate: 38.54%

Generation 54
Best fitness: 280760.214311
Worst fitness: 2249522168.95
Average fitness: 103738378.741
Number of repeated individuals: 0
Mutation improvement rate: 0.0%
Crossover improvement rate: 26.04%

Generation 55
Best fitness: 280757.453154
Worst fitness: 15484598594.3
Average fitness: 499236129.303
Number of repeated individuals: 0
Mutation improvement rate: 0.0%
Crossover improvement rate: 36.17%

Generation 56
Best fitness: 276700.223526
Worst fitness: 4440345435.1
Average fitness: 137968654.919
Number of repeated individuals: 2
Mutation improvement rate: 0.0%
Crossover improvement rate: 48.96%

Generation 57
Best fitness: 276700.223408
Worst fitness: 87502150734.0
Average fitness: 1054125595.18
Number of repeated individuals: 2
Mutation improvement rate: 0.0%
Crossover improvement rate: 32.98%

Generation 58
Best fitness: 276700.223408
Worst fitness: 4385269757.61
Average fitness: 90912635.9785
Number of repeated individuals: 1
Mutation improvement rate: 0.0%
Crossover improvement rate: 36.96%

Generation 59
Best fitness: 276319.019422
Worst fitness: 3520617978.23
Average fitness: 39485088.8734
Number of repeated individuals: 3
Mutation improvement rate: 25.0%
Crossover improvement rate: 38.89%

Generation 60
Best fitness: 274130.831577
Worst fitness: 713326092.321
Average fitness: 7887671.90976
Number of repeated individuals: 0
Mutation improvement rate: 25.0%
Crossover improvement rate: 39.13%

Generation 61
Best fitness: 273380.985397
Worst fitness: inf
Average fitness: 9.2233720387e+16
Number of repeated individuals: 0
Mutation improvement rate: 0.0%
Crossover improvement rate: 45.56%

Generation 62
Best fitness: 273380.985397
Worst fitness: 3853421157.79
Average fitness: 47585973.3833
Number of repeated individuals: 2
Mutation improvement rate: 0.0%
Crossover improvement rate: 39.8%

Generation 63
Best fitness: 270335.872114
Worst fitness: 2576137043.45
Average fitness: 79171847.6174
Number of repeated individuals: 5
Mutation improvement rate: 0.0%
Crossover improvement rate: 39.13%

Generation 64
Best fitness: 270315.864354
Worst fitness: 2220158021.82
Average fitness: 58058912.3031
Number of repeated individuals: 6
Mutation improvement rate: 0.0%
Crossover improvement rate: 35.42%

Generation 65
Best fitness: 268372.528272
Worst fitness: 111283869015.0
Average fitness: 1323926099.07
Number of repeated individuals: 3
Mutation improvement rate: 50.0%
Crossover improvement rate: 40.0%

Generation 66
Best fitness: 268372.473538
Worst fitness: inf
Average fitness: 9.13205154202e+16
Number of repeated individuals: 3
Mutation improvement rate: 27.78%
Crossover improvement rate: 36.25%

Generation 67
Best fitness: 268317.423193
Worst fitness: 7358645311.55
Average fitness: 163530339.533
Number of repeated individuals: 0
Mutation improvement rate: 0.0%
Crossover improvement rate: 33.33%

Generation 68
Best fitness: 268317.423193
Worst fitness: inf
Average fitness: 9.22345160747e+16
Number of repeated individuals: 3
Mutation improvement rate: 33.33%
Crossover improvement rate: 34.09%

Generation 69
Best fitness: 268317.422378
Worst fitness: 1.71647283968e+13
Average fitness: 170026060558.0
Number of repeated individuals: 7
Mutation improvement rate: 0.0%
Crossover improvement rate: 28.72%

Generation 70
Best fitness: 268138.778228
Worst fitness: 1.52499919352e+22
Average fitness: 1.52499919353e+20
Number of repeated individuals: 6
Mutation improvement rate: 7.14%
Crossover improvement rate: 23.08%

Generation 71
Best fitness: 268026.485613
Worst fitness: 4044721969.5
Average fitness: 122624410.971
Number of repeated individuals: 3
Mutation improvement rate: 0.0%
Crossover improvement rate: 30.85%

Generation 72
Best fitness: 267270.71594
Worst fitness: 111283851794.0
Average fitness: 1338500597.48
Number of repeated individuals: 0
Mutation improvement rate: 0.0%
Crossover improvement rate: 20.93%

Generation 73
Best fitness: 266043.737328
Worst fitness: 1.10490367087e+20
Average fitness: 1.19011609682e+18
Number of repeated individuals: 0
Mutation improvement rate: 0.0%
Crossover improvement rate: 32.14%

Generation 74
Best fitness: 266040.609791
Worst fitness: 115249351278.0
Average fitness: 1498512773.14
Number of repeated individuals: 1
Mutation improvement rate: 0.0%
Crossover improvement rate: 29.17%

Generation 75
Best fitness: 266040.120903
Worst fitness: inf
Average fitness: 9.13205152653e+16
Number of repeated individuals: 2
Mutation improvement rate: 33.33%
Crossover improvement rate: 33.33%

Generation 76
Best fitness: 266026.830028
Worst fitness: inf
Average fitness: 9.2233720496e+16
Number of repeated individuals: 2
Mutation improvement rate: 33.33%
Crossover improvement rate: 27.78%

Generation 77
Best fitness: 265038.661688
Worst fitness: 7.13716542478e+12
Average fitness: 72149269055.1
Number of repeated individuals: 2
Mutation improvement rate: 50.0%
Crossover improvement rate: 26.09%

Generation 78
Best fitness: 265038.661688
Worst fitness: 3735042884.91
Average fitness: 196154877.447
Number of repeated individuals: 4
Mutation improvement rate: 0.0%
Crossover improvement rate: 27.66%

Generation 79
Best fitness: 265038.661688
Worst fitness: 19013077150.7
Average fitness: 282901559.099
Number of repeated individuals: 2
Mutation improvement rate: 0.0%
Crossover improvement rate: 23.4%

Generation 80
Best fitness: 265038.661688
Worst fitness: 1565513440.46
Average fitness: 19438112.2612
Number of repeated individuals: 2
Mutation improvement rate: 0.0%
Crossover improvement rate: 36.36%

Generation 81
Best fitness: 265038.628043