Generation 1
Best fitness: 417508.553642
Worst fitness: inf
Average fitness: 3.91300764145e+30
Number of repeated individuals: 0
Mutation improvement rate: 0.0%
Crossover improvement rate: 52.08%

Generation 2
Best fitness: 417508.553642
Worst fitness: inf
Average fitness: 9.05488761806e+25
Number of repeated individuals: 2
Mutation improvement rate: 25.0%
Crossover improvement rate: 40.7%

Generation 3
Best fitness: 417508.553642
Worst fitness: 113316241567.0
Average fitness: 1491032307.09
Number of repeated individuals: 0
Mutation improvement rate: 0.0%
Crossover improvement rate: 31.4%

Generation 4
Best fitness: 417508.553642
Worst fitness: 187541754005.0
Average fitness: 3688451536.13
Number of repeated individuals: 1
Mutation improvement rate: 8.33%
Crossover improvement rate: 36.25%

Generation 5
Best fitness: 417508.553642
Worst fitness: inf
Average fitness: 7.61103085862e+50
Number of repeated individuals: 0
Mutation improvement rate: 25.0%
Crossover improvement rate: 34.78%

Generation 6
Best fitness: 407836.238342
Worst fitness: 1.66317903269e+39
Average fitness: 1.66489724908e+37
Number of repeated individuals: 1
Mutation improvement rate: 12.5%
Crossover improvement rate: 38.64%

Generation 7
Best fitness: 407836.238342
Worst fitness: inf
Average fitness: 4.34480911841e+42
Number of repeated individuals: 0
Mutation improvement rate: 33.33%
Crossover improvement rate: 32.95%

Generation 8
Best fitness: 407836.238342
Worst fitness: 7.43002350057e+59
Average fitness: 7.35645891146e+57
Number of repeated individuals: 1
Mutation improvement rate: 25.0%
Crossover improvement rate: 42.39%

Generation 9
Best fitness: 407835.774812
Worst fitness: 8.36900554487e+41
Average fitness: 8.36900554487e+39
Number of repeated individuals: 1
Mutation improvement rate: 0.0%
Crossover improvement rate: 41.67%

Generation 10
Best fitness: 372107.925679
Worst fitness: inf
Average fitness: 9.74622333429e+21
Number of repeated individuals: 0
Mutation improvement rate: 12.5%
Crossover improvement rate: 38.37%

Generation 11
Best fitness: 372107.925679
Worst fitness: inf
Average fitness: 9.22337204099e+16
Number of repeated individuals: 0
Mutation improvement rate: 0.0%
Crossover improvement rate: 31.52%

Generation 12
Best fitness: 372107.925679
Worst fitness: 3.89203691198e+37
Average fitness: 3.85350189305e+35
Number of repeated individuals: 6
Mutation improvement rate: 0.0%
Crossover improvement rate: 35.71%

Generation 13
Best fitness: 372107.925679
Worst fitness: 73366850742.4
Average fitness: 1457865148.24
Number of repeated individuals: 2
Mutation improvement rate: 0.0%
Crossover improvement rate: 38.3%

Generation 14
Best fitness: 372107.925679
Worst fitness: 8.50792995211e+37
Average fitness: 1.64161025096e+36
Number of repeated individuals: 1
Mutation improvement rate: 16.67%
Crossover improvement rate: 56.82%

Generation 15
Best fitness: 372107.925679
Worst fitness: 5.74113876042e+19
Average fitness: 5.74113877034e+17
Number of repeated individuals: 1
Mutation improvement rate: 0.0%
Crossover improvement rate: 51.09%

Generation 16
Best fitness: 372107.925679
Worst fitness: 1.22281458052e+25
Average fitness: 1.22281458053e+23
Number of repeated individuals: 2
Mutation improvement rate: 0.0%
Crossover improvement rate: 43.18%

Generation 17
Best fitness: 364330.67048
Worst fitness: inf
Average fitness: 3.74803736077e+30
Number of repeated individuals: 0
Mutation improvement rate: 0.0%
Crossover improvement rate: 46.67%

Generation 18
Best fitness: 364330.67048
Worst fitness: 1.26869623982e+142
Average fitness: 1.25613489091e+140
Number of repeated individuals: 1
Mutation improvement rate: 0.0%
Crossover improvement rate: 43.88%

Generation 19
Best fitness: 350074.69583
Worst fitness: 3.19525617062e+19
Average fitness: 3.19525617064e+17
Number of repeated individuals: 0
Mutation improvement rate: 25.0%
Crossover improvement rate: 42.39%

Generation 20
Best fitness: 341987.158635
Worst fitness: inf
Average fitness: 5.93377565013e+17
Number of repeated individuals: 2
Mutation improvement rate: 0.0%
Crossover improvement rate: 52.13%

Generation 21
Best fitness: 341987.158635
Worst fitness: 456952381.475
Average fitness: 10350130.9971
Number of repeated individuals: 3
Mutation improvement rate: 16.67%
Crossover improvement rate: 47.78%

Generation 22
Best fitness: 333122.316232
Worst fitness: 14403218876.3
Average fitness: 313224167.375
Number of repeated individuals: 0
Mutation improvement rate: 50.0%
Crossover improvement rate: 36.46%

Generation 23
Best fitness: 333122.298772
Worst fitness: 2.76005671821e+50
Average fitness: 4.78133225165e+48
Number of repeated individuals: 0
Mutation improvement rate: 0.0%
Crossover improvement rate: 39.36%

Generation 24
Best fitness: 333003.83392
Worst fitness: inf
Average fitness: 1.83454644786e+81
Number of repeated individuals: 0
Mutation improvement rate: 7.14%
Crossover improvement rate: 36.59%

Generation 25
Best fitness: 322039.817723
Worst fitness: 1.31239479195e+17
Average fitness: 1.32550375659e+15
Number of repeated individuals: 1
Mutation improvement rate: 16.67%
Crossover improvement rate: 31.11%

Generation 26
Best fitness: 322039.444394
Worst fitness: 2.4208748731e+54
Average fitness: 2.39690581495e+52
Number of repeated individuals: 0
Mutation improvement rate: 0.0%
Crossover improvement rate: 32.98%

Generation 27
Best fitness: 322039.444394
Worst fitness: 9838748649.22
Average fitness: 239290435.699
Number of repeated individuals: 1
Mutation improvement rate: 0.0%
Crossover improvement rate: 35.56%

Generation 28
Best fitness: 298933.668898
Worst fitness: 3587488358.44
Average fitness: 85923392.8641
Number of repeated individuals: 0
Mutation improvement rate: 16.67%
Crossover improvement rate: 44.32%

Generation 29
Best fitness: 298933.540781
Worst fitness: 3.55508882832e+12
Average fitness: 43642478234.0
Number of repeated individuals: 0
Mutation improvement rate: 0.0%
Crossover improvement rate: 43.75%

Generation 30
Best fitness: 298933.540781
Worst fitness: inf
Average fitness: 2.39690581495e+52
Number of repeated individuals: 1
Mutation improvement rate: 25.0%
Crossover improvement rate: 36.05%

Generation 31
Best fitness: 298933.505403
Worst fitness: 2.78838250794e+32
Average fitness: 3.09392609573e+30
Number of repeated individuals: 0
Mutation improvement rate: 16.67%
Crossover improvement rate: 46.67%

Generation 32
Best fitness: 296556.921717
Worst fitness: 6640914068.12
Average fitness: 67656023.8717
Number of repeated individuals: 1
Mutation improvement rate: 12.5%
Crossover improvement rate: 50.0%

Generation 33
Best fitness: 296556.921717
Worst fitness: 2.20955711242e+146
Average fitness: 2.18768030933e+144
Number of repeated individuals: 0
Mutation improvement rate: 0.0%
Crossover improvement rate: 47.83%

Generation 34
Best fitness: 296556.921717
Worst fitness: 136966603254.0
Average fitness: 1450348905.55
Number of repeated individuals: 2
Mutation improvement rate: 0.0%
Crossover improvement rate: 46.81%

Generation 35
Best fitness: 296556.906845
Worst fitness: 1702780617.97
Average fitness: 42276267.2478
Number of repeated individuals: 2
Mutation improvement rate: 0.0%
Crossover improvement rate: 45.92%

Generation 36
Best fitness: 296532.715428
Worst fitness: inf
Average fitness: 9.22337203908e+16
Number of repeated individuals: 1
Mutation improvement rate: 25.0%
Crossover improvement rate: 40.91%

Generation 37
Best fitness: 296532.715428
Worst fitness: 29912141157.0
Average fitness: 313988246.066
Number of repeated individuals: 2
Mutation improvement rate: 0.0%
Crossover improvement rate: 44.44%

Generation 38
Best fitness: 296532.715428
Worst fitness: 136963871645.0
Average fitness: 2676824879.82
Number of repeated individuals: 1
Mutation improvement rate: 25.0%
Crossover improvement rate: 36.67%

Generation 39
Best fitness: 296532.677292
Worst fitness: 3.49786947018e+17
Average fitness: 3.46880922611e+15
Number of repeated individuals: 0
Mutation improvement rate: 16.67%
Crossover improvement rate: 33.7%

Generation 40
Best fitness: 296531.629898
Worst fitness: 932223440827.0
Average fitness: 9503050691.35
Number of repeated individuals: 1
Mutation improvement rate: