Generation 1
Best fitness: 627686.515445
Worst fitness: 5.71260264563e+79
Average fitness: 5.71260264563e+77
Number of repeated individuals: 7
Mutation improvement rate: 16.67%
Crossover improvement rate: 47.78%

Generation 2
Best fitness: 626183.945121
Worst fitness: 668536.131894
Average fitness: 646284.378172
Number of repeated individuals: 13
Mutation improvement rate: 0.0%
Crossover improvement rate: 43.88%

Generation 3
Best fitness: 626183.945121
Worst fitness: 4162416.06918
Average fitness: 678727.514787
Number of repeated individuals: 11
Mutation improvement rate: 25.0%
Crossover improvement rate: 38.04%

Generation 4
Best fitness: 607747.289113
Worst fitness: inf
Average fitness: 1.87076204562e+17
Number of repeated individuals: 2
Mutation improvement rate: 0.0%
Crossover improvement rate: 30.0%

Generation 5
Best fitness: 607723.420354
Worst fitness: 1.50340414193e+64
Average fitness: 1.48851895241e+62
Number of repeated individuals: 1
Mutation improvement rate: 0.0%
Crossover improvement rate: 35.56%

Generation 6
Best fitness: 597619.89053
Worst fitness: 1395310167.09
Average fitness: 17622249.5272
Number of repeated individuals: 1
Mutation improvement rate: 16.67%
Crossover improvement rate: 35.56%

Generation 7
Best fitness: 561449.478117
Worst fitness: inf
Average fitness: 9.22337203791e+16
Number of repeated individuals: 0
Mutation improvement rate: 20.0%
Crossover improvement rate: 38.37%

Generation 8
Best fitness: 510338.234446
Worst fitness: 2384247655.9
Average fitness: 30733025.7988
Number of repeated individuals: 2
Mutation improvement rate: 0.0%
Crossover improvement rate: 39.36%

Generation 9
Best fitness: 467363.17316
Worst fitness: inf
Average fitness: 9.13205152256e+16
Number of repeated individuals: 0
Mutation improvement rate: 0.0%
Crossover improvement rate: 56.38%

Generation 10
Best fitness: 454320.64634
Worst fitness: 421107241.092
Average fitness: 5710282.99994
Number of repeated individuals: 0
Mutation improvement rate: 12.5%
Crossover improvement rate: 45.56%

Generation 11
Best fitness: 443201.431791
Worst fitness: 2410874260.43
Average fitness: 49034508.2211
Number of repeated individuals: 2
Mutation improvement rate: 50.0%
Crossover improvement rate: 42.39%

Generation 12
Best fitness: 425726.234311
Worst fitness: 1.51970698985e+118
Average fitness: 1.50466038599e+116
Number of repeated individuals: 1
Mutation improvement rate: 33.33%
Crossover improvement rate: 39.13%

Generation 13
Best fitness: 423009.839194
Worst fitness: 2.42725543936e+21
Average fitness: 2.4272554418e+19
Number of repeated individuals: 4
Mutation improvement rate: 50.0%
Crossover improvement rate: 37.23%

Generation 14
Best fitness: 423009.839194
Worst fitness: 4.64340236762e+46
Average fitness: 4.59742808676e+44
Number of repeated individuals: 2
Mutation improvement rate: 0.0%
Crossover improvement rate: 23.86%

Generation 15
Best fitness: 415066.155027
Worst fitness: 2.42965466845e+21
Average fitness: 2.40559868164e+19
Number of repeated individuals: 3
Mutation improvement rate: 16.67%
Crossover improvement rate: 30.0%

Generation 16
Best fitness: 354565.41157
Worst fitness: 1.72171815984e+21
Average fitness: 1.70467144539e+19
Number of repeated individuals: 1
Mutation improvement rate: 0.0%
Crossover improvement rate: 31.11%

Generation 17
Best fitness: 354565.41157
Worst fitness: 2.46114896765e+21
Average fitness: 2.43680299582e+19
Number of repeated individuals: 3
Mutation improvement rate: 0.0%
Crossover improvement rate: 31.11%

Generation 18
Best fitness: 354565.39023
Worst fitness: 2.46364850192e+21
Average fitness: 2.46364850238e+19
Number of repeated individuals: 2
Mutation improvement rate: 0.0%
Crossover improvement rate: 31.11%

Generation 19
Best fitness: 353559.871899
Worst fitness: 55528599214.7
Average fitness: 552078454.212
Number of repeated individuals: 0
Mutation improvement rate: 0.0%
Crossover improvement rate: 35.56%

Generation 20
Best fitness: 353559.871899
Worst fitness: inf
Average fitness: 9.22337205517e+16
Number of repeated individuals: 2
Mutation improvement rate: 0.0%
Crossover improvement rate: 33.72%

Generation 21
Best fitness: 344781.572243
Worst fitness: 1.81245504124e+21
Average fitness: 1.79450994182e+19
Number of repeated individuals: 1
Mutation improvement rate: 0.0%
Crossover improvement rate: 38.89%

Generation 22
Best fitness: 324923.607052
Worst fitness: 7.29137057497e+12
Average fitness: 72954290765.3
Number of repeated individuals: 2
Mutation improvement rate: 16.67%
Crossover improvement rate: 34.09%

Generation 23
Best fitness: 292559.157003
Worst fitness: 6084816627.51
Average fitness: 81476379.3905
Number of repeated individuals: 0
Mutation improvement rate: 25.0%
Crossover improvement rate: 34.04%

Generation 24
Best fitness: 292559.157003
Worst fitness: 5542542.59966
Average fitness: 501278.968747
Number of repeated individuals: 0
Mutation improvement rate: 25.0%
Crossover improvement rate: 32.22%

Generation 25
Best fitness: 292559.132836
Worst fitness: 1.0318237985e+145
Average fitness: 1.0318237985e+143
Number of repeated individuals: 1
Mutation improvement rate: 0.0%
Crossover improvement rate: 31.91%

Generation 26
Best fitness: 291545.343631
Worst fitness: 2.2168730946e+13
Average fitness: 219578246777.0
Number of repeated individuals: 1
Mutation improvement rate: 0.0%
Crossover improvement rate: 30.85%

Generation 27
Best fitness: 291545.343631
Worst fitness: inf
Average fitness: 9.22338117389e+16
Number of repeated individuals: 3
Mutation improvement rate: 50.0%
Crossover improvement rate: 37.23%

Generation 28
Best fitness: 291544.054407
Worst fitness: 7.60807419752e+151
Average fitness: 7.60807419752e+149
Number of repeated individuals: 0
Mutation improvement rate: 25.0%
Crossover improvement rate: 34.88%

Generation 29
Best fitness: 291544.054407
Worst fitness: 4.14115961859e+45
Average fitness: 4.10015803821e+43
Number of repeated individuals: 0
Mutation improvement rate: 0.0%
Crossover improvement rate: 34.04%

Generation 30
Best fitness: 291544.054407
Worst fitness: 67445135.9672
Average fitness: 1071367.71324
Number of repeated individuals: 0
Mutation improvement rate: 25.0%
Crossover improvement rate: 42.39%

Generation 31
Best fitness: 287405.368284
Worst fitness: 5.85971795682e+20
Average fitness: 5.85971795682e+18
Number of repeated individuals: 0
Mutation improvement rate: 0.0%
Crossover improvement rate: 28.72%

Generation 32
Best fitness: 287404.799929
Worst fitness: 1.0318237985e+145
Average fitness: 1.0318237985e+143
Number of repeated individuals: 0
Mutation improvement rate: 37.5%
Crossover improvement rate: 37.21%

Generation 33
Best fitness: 286614.257153
Worst fitness: inf
Average fitness: 9.13205178899e+16
Number of repeated individuals: 0
Mutation improvement rate: 12.5%
Crossover improvement rate: 26.14%

Generation 34
Best fitness: 286417.570795
Worst fitness: 7.29137057497e+12
Average fitness: 82549276431.0
Number of repeated individuals: 2
Mutation improvement rate: 25.0%
Crossover improvement rate: 32.56%

Generation 35
Best fitness: 286417.570795
Worst fitness: 5.74407591475e+30
Average fitness: 5.68720387599e+28
Number of repeated individuals: 5
Mutation improvement rate: 50.0%
Crossover improvement rate: 40.91%

Generation 36
Best fitness: 286101.025293
Worst fitness: 5.09957138132e+20
Average fitness: 5.09957138135e+18
Number of repeated individuals: 0
Mutation improvement rate: 0.0%
Crossover improvement rate: 38.3%

Generation 37
Best fitness: 286101.025293
Worst fitness: 1207454227.66
Average fitness: 12898381.9954
Number of repeated individuals: 4
Mutation improvement rate: 0.0%
Crossover improvement rate: 44.05%

Generation 38
Best fitness: 286087.216879
Worst fitness: 2854072261.95
Average fitness: 28886159.964
Number of repeated individuals: 2
Mutation improvement rate: 0.0%
Crossover improvement rate: 41.3%

Generation 39
Best fitness: 285538.296514
Worst fitness: 1.44856098581e+148
Average fitness: 1.44856098581e+146
Number of repeated individuals: 2
Mutation improvement rate: 20.0%
Crossover improvement rate: 42.86%

Generation 40
Best fitness: 285538.296514
Worst fitness: 5.07888319062e+20
Average fitness: 5.07888319072e+18
Number of repeated individuals: 0
Mutation improvement rate: 0.0%
Crossover improvement rate: 30.0%

Generation 41
Best fitness: 285538.278016
Worst fitness: 2854228811.85
Average fitness: 28889445.1885
Number of repeated individuals: 1
Mutation improvement rate: 50.0%
Crossover improvement rate: 44.68%

Generation 42
Best fitness: 285144.478295
Worst fitness: 959081205169.0
Average fitness: 9591492814.1
Number of repeated individuals: 1
Mutation improvement rate: 25.0%
Crossover improvement rate: 48.91%

Generation 43
Best fitness: 285144.478295
Worst fitness: 4360543.61642
Average fitness: 351114.15618
Number of repeated individuals: 0
Mutation improvement rate: 0.0%
Crossover improvement rate: 33.33%

Generation 44
Best fitness: 285144.478295
Worst fitness: 875325.214177
Average fitness: 329569.984061
Number of repeated individuals: 2
Mutation improvement rate: 0.0%
Crossover improvement rate: 43.62%

Generation 45
Best fitness: 285144.46094
Worst fitness: 656276.812572
Average fitness: 343642.455529
Number of repeated individuals: 0
Mutation improvement rate: 37.5%
Crossover improvement rate: 47.67%

Generation 46
Best fitness: 285144.407238
Worst fitness: 654515.000789
Average fitness: 333529.389593
Number of repeated individuals: 1
Mutation improvement rate: 0.0%
Crossover improvement rate: 44.68%

Generation 47
Best fitness: 285136.005918
Worst fitness: 6.84243707551e+151
Average fitness: 6.84243707551e+149
Number of repeated individuals: 1
Mutation improvement rate: 0.0%
Crossover improvement rate: 50.0%

Generation 48
Best fitness: 285008.377349
Worst fitness: 5.8436184831e+14
Average fitness: 5.84362148472e+12
Number of repeated individuals: 2
Mutation improvement rate: 0.0%
Crossover improvement rate: 42.55%

Generation 49
Best fitness: 285001.947581
Worst fitness: 7.29137057497e+12
Average fitness: 72192147138.0
Number of repeated individuals: 0
Mutation improvement rate: 25.0%
Crossover improvement rate: 37.23%

Generation 50
Best fitness: 284999.732247
Worst fitness: 857426.674595
Average fitness: 334393.073336
Number of repeated individuals: 1
Mutation improvement rate: 0.0%
Crossover improvement rate: 51.11%

Generation 51
Best fitness: 284998.271146
Worst fitness: 3.84991580538e+25
Average fitness: 3.84991580538e+23
Number of repeated individuals: 1
Mutation improvement rate: 20.0%
Crossover improvement rate: 40.91%

Generation 52
Best fitness: 284996.60838
Worst fitness: 654520.40909
Average fitness: 340852.695432
Number of repeated individuals: 0
Mutation improvement rate: 16.67%
Crossover improvement rate: 34.78%

Generation 53
Best fitness: 284754.108656
Worst fitness: 845019.397477
Average fitness: 370042.135132
Number of repeated individuals: 0
Mutation improvement rate: 0.0%
Crossover improvement rate: 29.55%

Generation 54
Best fitness: 284702.067301
Worst fitness: 9.53151472202e+25
Average fitness: 9.43714328918e+23
Number of repeated individuals: 1
Mutation improvement rate: 0.0%
Crossover improvement rate: 26.14%

Generation 55
Best fitness: 284701.827168
Worst fitness: 7.29137057497e+12
Average fitness: 72221860956.3
Number of repeated individuals: 1
Mutation improvement rate: 0.0%
Crossover improvement rate: 36.46%

Generation 56
Best fitness: 284681.632619
Worst fitness: 58399002.8277
Average fitness: 916053.061219
Number of repeated individuals: 3
Mutation improvement rate: 0.0%
Crossover improvement rate: 43.33%

Generation 57
Best fitness: 284585.479311
Worst fitness: 131574905.966
Average fitness: 1652864.80073
Number of repeated individuals: 1
Mutation improvement rate: 0.0%
Crossover improvement rate: 39.36%

Generation 58
Best fitness: 284529.199549
Worst fitness: 3055299428.66
Average fitness: 30874855.9568
Number of repeated individuals: 2
Mutation improvement rate: 0.0%
Crossover improvement rate: 45.56%

Generation 59
Best fitness: 284221.055294
Worst fitness: 1.42554442123e+15
Average fitness: 1.43283886287e+13
Number of repeated individuals: 2
Mutation improvement rate: 25.0%
Crossover improvement rate: 41.3%

Generation 60
Best fitness: 284221.055294
Worst fitness: 1.60935651883e+82
Average fitness: 1.59342229587e+80
Number of repeated individuals: 3
Mutation improvement rate: 33.33%
Crossover improvement rate: 38.89%

Generation 61
Best fitness: 282773.403963
Worst fitness: 30367417.7917
Average fitness: 689541.12352
Number of repeated individuals: 3
Mutation improvement rate: 0.0%
Crossover improvement rate: 41.3%

Generation 62
Best fitness: 281148.771457
Worst fitness: 7274921.50731
Average fitness: 395037.822972
Number of repeated individuals: 1
Mutation improvement rate: 0.0%
Crossover improvement rate: 37.5%

Generation 63
Best fitness: 281148.771457
Worst fitness: inf
Average fitness: 9.13205152167e+16
Number of repeated individuals: 1
Mutation improvement rate: 30.0%
Crossover improvement rate: 38.37%

Generation 64
Best fitness: 281148.473051
Worst fitness: 2.17736288773e+149
Average fitness: 2.17741364831e+147
Number of repeated individuals: 1
Mutation improvement rate: 25.0%
Crossover improvement rate: 31.82%

Generation 65
Best fitness: 281140.918491
Worst fitness: 1.0318237985e+145
Average fitness: 1.02160772128e+143
Number of repeated individuals: 2
Mutation improvement rate: 0.0%
Crossover improvement rate: 40.82%

Generation 66
Best fitness: 280776.561896
Worst fitness: 5783247.63298
Average fitness: 421435.545795
Number of repeated individuals: 0
Mutation improvement rate: 0.0%
Crossover improvement rate: 40.62%

Generation 67
Best fitness: 280776.561896
Worst fitness: 7.29137057497e+12
Average fitness: 72914026431.6
Number of repeated individuals: 0
Mutation improvement rate: 25.0%
Crossover improvement rate: 35.87%

Generation 68
Best fitness: 280016.342114
Worst fitness: 4.90346995445e+20
Average fitness: 4.90346995445e+18
Number of repeated individuals: 1
Mutation improvement rate: 25.0%
Crossover improvement rate: 27.17%

Generation 69
Best fitness: 277940.174465
Worst fitness: inf
Average fitness: 9.13205152167e+16
Number of repeated individuals: 1
Mutation improvement rate: 0.0%
Crossover improvement rate: 26.14%

Generation 70
Best fitness: 277940.174465
Worst fitness: 20881441.4288
Average fitness: 523118.82438
Number of repeated individuals: 3
Mutation improvement rate: 0.0%
Crossover improvement rate: 38.04%

Generation 71
Best fitness: 277637.486485
Worst fitness: inf
Average fitness: 1.84467440737e+17
Number of repeated individuals: 3
Mutation improvement rate: 20.0%
Crossover improvement rate: 33.33%

Generation 72
Best fitness: 274311.743003
Worst fitness: 4811393818.44
Average fitness: 47946004.6635
Number of repeated individuals: 4
Mutation improvement rate: 0.0%
Crossover improvement rate: 29.35%

Generation 73
Best fitness: 274311.743003
Worst fitness: 5.89687721516e+14
Average fitness: 5.83849262868e+12
Number of repeated individuals: 0
Mutation improvement rate: 20.0%
Crossover improvement rate: 31.4%

Generation 74
Best fitness: 274310.914952
Worst fitness: 654514.873234
Average fitness: 305778.451578
Number of repeated individuals: 1
Mutation improvement rate: 25.0%
Crossover improvement rate: 45.35%

Generation 75
Best fitness: 274288.974601
Worst fitness: 1146055.17484
Average fitness: 336619.709472
Number of repeated individuals: 0
Mutation improvement rate: 33.33%
Crossover improvement rate: 31.11%

Generation 76
Best fitness: 274288.974601
Worst fitness: 2.65863093864e+16
Average fitness: 2.63230786321e+14
Number of repeated individuals: 0
Mutation improvement rate: 16.67%
Crossover improvement rate: 34.78%

Generation 77
Best fitness: 274288.974601
Worst fitness: inf
Average fitness: 9.23317937303e+16
Number of repeated individuals: 0
Mutation improvement rate: 16.67%
Crossover improvement rate: 29.35%

Generation 78
Best fitness: 274138.277953
Worst fitness: 4.50056612843e+151
Average fitness: 4.50056612843e+149
Number of repeated individuals: 1
Mutation improvement rate: 0.0%
Crossover improvement rate: 31.25%

Generation 79
Best fitness: 273892.310404
Worst fitness: 1.0318237985e+145
Average fitness: 1.02160772128e+143
Number of repeated individuals: 0
Mutation improvement rate: 0.0%
Crossover improvement rate: 27.66%

Generation 80
Best fitness: