Generation 1
Best fitness: 579213.439741
Worst fitness: inf
Average fitness: 3.5146788283e+73
Number of repeated individuals: 4
Mutation improvement rate: 37.5%
Crossover improvement rate: 41.11%

Generation 2
Best fitness: 462869.290763
Worst fitness: inf
Average fitness: 1.91505478694e+42
Number of repeated individuals: 1
Mutation improvement rate: 16.67%
Crossover improvement rate: 34.44%

Generation 3
Best fitness: 462869.290763
Worst fitness: 2.27067152584e+75
Average fitness: 2.27067152584e+73
Number of repeated individuals: 3
Mutation improvement rate: 0.0%
Crossover improvement rate: 26.6%

Generation 4
Best fitness: 405451.800833
Worst fitness: inf
Average fitness: 2.97472599393e+73
Number of repeated individuals: 4
Mutation improvement rate: 0.0%
Crossover improvement rate: 30.0%

Generation 5
Best fitness: 405451.800833
Worst fitness: 1.67366021955e+14
Average fitness: 3.34744240282e+12
Number of repeated individuals: 6
Mutation improvement rate: 0.0%
Crossover improvement rate: 38.3%

Generation 6
Best fitness: 379843.662783
Worst fitness: inf
Average fitness: 8.20081005455e+71
Number of repeated individuals: 4
Mutation improvement rate: 0.0%
Crossover improvement rate: 23.91%

Generation 7
Best fitness: 379843.662783
Worst fitness: 1.67366021955e+14
Average fitness: 1.67416338921e+12
Number of repeated individuals: 3
Mutation improvement rate: 0.0%
Crossover improvement rate: 18.48%

Generation 8
Best fitness: 379843.662783
Worst fitness: 4.92029898616e+75
Average fitness: 9.84059797233e+73
Number of repeated individuals: 3
Mutation improvement rate: 0.0%
Crossover improvement rate: 30.23%

Generation 9
Best fitness: 362982.893886
Worst fitness: 71331340561.8
Average fitness: 1359842462.69
Number of repeated individuals: 0
Mutation improvement rate: 0.0%
Crossover improvement rate: 23.33%

Generation 10
Best fitness: 354354.936936
Worst fitness: 3.53345728449e+64
Average fitness: 3.4984725589e+62
Number of repeated individuals: 2
Mutation improvement rate: 0.0%
Crossover improvement rate: 23.86%

Generation 11
Best fitness: 354354.936936
Worst fitness: 2.59665713134e+76
Average fitness: 2.57094765479e+74
Number of repeated individuals: 1
Mutation improvement rate: 0.0%
Crossover improvement rate: 16.3%

Generation 12
Best fitness: 354354.936936
Worst fitness: 2.89562396239e+69
Average fitness: 2.89562396239e+67
Number of repeated individuals: 4
Mutation improvement rate: 12.5%
Crossover improvement rate: 22.73%

Generation 13
Best fitness: 353185.501062
Worst fitness: 1.61948779839e+74
Average fitness: 1.61948779839e+72
Number of repeated individuals: 3
Mutation improvement rate: 0.0%
Crossover improvement rate: 29.07%

Generation 14
Best fitness: 344920.584696
Worst fitness: 7.84878710401e+75
Average fitness: 7.7710763406e+73
Number of repeated individuals: 9
Mutation improvement rate: 0.0%
Crossover improvement rate: 16.67%

Generation 15
Best fitness: 344920.584696
Worst fitness: 2.89582293788e+33
Average fitness: 2.86715142364e+31
Number of repeated individuals: 5
Mutation improvement rate: 0.0%
Crossover improvement rate: 20.21%

Generation 16
Best fitness: 344803.271067
Worst fitness: inf
Average fitness: 9.13206991116e+16
Number of repeated individuals: 1
Mutation improvement rate: 0.0%
Crossover improvement rate: 28.89%

Generation 17
Best fitness: 344521.749408
Worst fitness: 1.38095452542e+29
Average fitness: 1.36728170834e+27
Number of repeated individuals: 6
Mutation improvement rate: 0.0%
Crossover improvement rate: 20.0%

Generation 18
Best fitness: 344521.749408
Worst fitness: 1.27868886614e+13
Average fitness: 128489454358.0
Number of repeated individuals: 8
Mutation improvement rate: 0.0%
Crossover improvement rate: 22.09%

Generation 19
Best fitness: 344521.749408
Worst fitness: inf
Average fitness: 2.86695441821e+67
Number of repeated individuals: 1
Mutation improvement rate: 0.0%
Crossover improvement rate: 17.05%

Generation 20
Best fitness: 340539.278569
Worst fitness: inf
Average fitness: 1.84467440768e+17
Number of repeated individuals: 5
Mutation improvement rate: 12.5%
Crossover improvement rate: 19.32%

Generation 21
Best fitness: 340483.867279
Worst fitness: 1.67366021955e+14
Average fitness: 1.67366068571e+12
Number of repeated individuals: 3
Mutation improvement rate: 0.0%
Crossover improvement rate: 25.56%

Generation 22
Best fitness: 339534.762207
Worst fitness: inf
Average fitness: 9.13208306319e+16
Number of repeated individuals: 2
Mutation improvement rate: 33.33%
Crossover improvement rate: 26.67%

Generation 23
Best fitness: 339534.762207
Worst fitness: 8.00558612483e+48
Average fitness: 7.92632289587e+46
Number of repeated individuals: 7
Mutation improvement rate: 0.0%
Crossover improvement rate: 28.72%

Generation 24
Best fitness: 339534.762207
Worst fitness: 3.35325117561e+25
Average fitness: 3.32005066892e+23
Number of repeated individuals: 6
Mutation improvement rate: 0.0%
Crossover improvement rate: 19.77%

Generation 25
Best fitness: 338402.816482
Worst fitness: inf
Average fitness: 1.21819090806e+17
Number of repeated individuals: 1
Mutation improvement rate: 12.5%
Crossover improvement rate: 26.14%

Generation 26
Best fitness: 338402.816482
Worst fitness: 5.31745369075e+75
Average fitness: 5.31745369075e+73
Number of repeated individuals: 3
Mutation improvement rate: 12.5%
Crossover improvement rate: 31.82%

Generation 27
Best fitness: 338284.877246
Worst fitness: 5.70125463392e+64
Average fitness: 5.70125463392e+62
Number of repeated individuals: 1
Mutation improvement rate: 0.0%
Crossover improvement rate: 27.17%

Generation 28
Best fitness: 337092.18249
Worst fitness: 32962712386.7
Average fitness: 331227231.717
Number of repeated individuals: 1
Mutation improvement rate: 0.0%
Crossover improvement rate: 27.66%

Generation 29
Best fitness: 337092.18249
Worst fitness: inf
Average fitness: 6.08485593913e+38
Number of repeated individuals: 0
Mutation improvement rate: 0.0%
Crossover improvement rate: 40.0%

Generation 30
Best fitness: 336945.372088
Worst fitness: 4.44652856263e+74
Average fitness: 4.40250352737e+72
Number of repeated individuals: 0
Mutation improvement rate: 10.0%
Crossover improvement rate: 38.64%

Generation 31
Best fitness: 336945.372088
Worst fitness: inf
Average fitness: 9.34356652202e+73
Number of repeated individuals: 3
Mutation improvement rate: 0.0%
Crossover improvement rate: 28.41%

Generation 32
Best fitness: 336764.238131
Worst fitness: 7.33287634924e+141
Average fitness: 7.33287634924e+139
Number of repeated individuals: 4
Mutation improvement rate: 10.0%
Crossover improvement rate: 33.33%

Generation 33
Best fitness: 336716.596822
Worst fitness: 4.88350383009e+150
Average fitness: 4.83515230702e+148
Number of repeated individuals: 1
Mutation improvement rate: 12.5%
Crossover improvement rate: 31.11%

Generation 34
Best fitness: 336578.786477
Worst fitness: 6.41002161052e+75
Average fitness: 9.12537144979e+73
Number of repeated individuals: 1
Mutation improvement rate: 12.5%
Crossover improvement rate: 32.22%

Generation 35
Best fitness: 335453.069021
Worst fitness: 3.57525632604e+38
Average fitness: 3.57525632604e+36
Number of repeated individuals: 1
Mutation improvement rate: 0.0%
Crossover improvement rate: 25.0%

Generation 36
Best fitness: 335453.069021
Worst fitness: 4.97735646834e+76
Average fitness: 4.92807571123e+74
Number of repeated individuals: 2
Mutation improvement rate: 12.5%
Crossover improvement rate: 19.32%

Generation 37
Best fitness: 335278.992813
Worst fitness: 2.42680206998e+76
Average fitness: 5.05655030445e+74
Number of repeated individuals: 0
Mutation improvement rate: 8.33%
Crossover improvement rate: 33.72%

Generation 38
Best fitness: 335152.832587
Worst fitness: 3.0057940795e+74
Average fitness: 5.28288860291e+72
Number of repeated individuals: 1
Mutation improvement rate: 50.0%
Crossover improvement rate: 27.08%

Generation 39
Best fitness: 334712.663436
Worst fitness: 4.10851480378e+75
Average fitness: 4.10851480378e+73
Number of repeated individuals: 2
Mutation improvement rate: 0.0%
Crossover improvement rate: 28.89%

Generation 40
Best fitness: 334712.663436
Worst fitness: 7.6260504782e+76
Average fitness: 1.46712358191e+75