Generation 1
Best fitness: 641168.333525
Worst fitness: inf
Average fitness: 9.22337386685e+16
Number of repeated individuals: 16
Mutation improvement rate: 0.0%
Crossover improvement rate: 47.83%

Generation 2
Best fitness: 641158.709254
Worst fitness: inf
Average fitness: 3.29826525523e+17
Number of repeated individuals: 20
Mutation improvement rate: 0.0%
Crossover improvement rate: 39.53%

Generation 3
Best fitness: 638420.468513
Worst fitness: 148635600.212
Average fitness: 3510279.41432
Number of repeated individuals: 32
Mutation improvement rate: 0.0%
Crossover improvement rate: 32.98%

Generation 4
Best fitness: 616362.93435
Worst fitness: 5.68027599997e+21
Average fitness: 5.62403564353e+19
Number of repeated individuals: 67
Mutation improvement rate: 0.0%
Crossover improvement rate: 13.83%

Generation 5
Best fitness: 616362.93435
Worst fitness: 5.65909485829e+18
Average fitness: 5.60306421965e+16
Number of repeated individuals: 49
Mutation improvement rate: 0.0%
Crossover improvement rate: 31.52%

Generation 6
Best fitness: 616362.93435
Worst fitness: inf
Average fitness: 9.13205154379e+16
Number of repeated individuals: 6
Mutation improvement rate: 0.0%
Crossover improvement rate: 42.55%

Generation 7
Best fitness: 611893.888961
Worst fitness: 22242977897.2
Average fitness: 557492017.768
Number of repeated individuals: 8
Mutation improvement rate: 0.0%
Crossover improvement rate: 28.72%

Generation 8
Best fitness: 611893.888961
Worst fitness: 135463537848.0
Average fitness: 2851137991.19
Number of repeated individuals: 7
Mutation improvement rate: 25.0%
Crossover improvement rate: 32.22%

Generation 9
Best fitness: 611893.662665
Worst fitness: 277611492603.0
Average fitness: 6064743963.91
Number of repeated individuals: 1
Mutation improvement rate: 0.0%
Crossover improvement rate: 21.11%

Generation 10
Best fitness: 610283.241384
Worst fitness: 73762086176.4
Average fitness: 5098626054.92
Number of repeated individuals: 1
Mutation improvement rate: 0.0%
Crossover improvement rate: 20.21%

Generation 11
Best fitness: 610283.241384
Worst fitness: 31680463061.8
Average fitness: 738052284.926
Number of repeated individuals: 3
Mutation improvement rate: 0.0%
Crossover improvement rate: 22.34%

Generation 12
Best fitness: 610014.405038
Worst fitness: 66834563833.6
Average fitness: 2147781082.73
Number of repeated individuals: 2
Mutation improvement rate: 0.0%
Crossover improvement rate: 27.27%

Generation 13
Best fitness: 610014.243338
Worst fitness: 1.58520889175e+23
Average fitness: 1.58520889176e+21
Number of repeated individuals: 1
Mutation improvement rate: 0.0%
Crossover improvement rate: 26.04%

Generation 14
Best fitness: 608344.728738
Worst fitness: 33417251281.8
Average fitness: 1256884750.73
Number of repeated individuals: 1
Mutation improvement rate: 0.0%
Crossover improvement rate: 33.7%

Generation 15
Best fitness: 608084.231863
Worst fitness: 47611913047.3
Average fitness: 583400731.404
Number of repeated individuals: 4
Mutation improvement rate: 16.67%
Crossover improvement rate: 29.35%

Generation 16
Best fitness: 607600.829703
Worst fitness: 8.70693038937e+17
Average fitness: 8.62072382359e+15
Number of repeated individuals: 2
Mutation improvement rate: 0.0%
Crossover improvement rate: 32.95%

Generation 17
Best fitness: 607600.829703
Worst fitness: 47018321948.7
Average fitness: 1195299036.99
Number of repeated individuals: 4
Mutation improvement rate: 25.0%
Crossover improvement rate: 33.7%

Generation 18
Best fitness: 606046.073185
Worst fitness: 187478432079.0
Average fitness: 2218030380.23
Number of repeated individuals: 5
Mutation improvement rate: 33.33%
Crossover improvement rate: 39.13%

Generation 19
Best fitness: 605450.072386
Worst fitness: 32461583601.5
Average fitness: 548180159.606
Number of repeated individuals: 5
Mutation improvement rate: 0.0%
Crossover improvement rate: 30.43%

Generation 20
Best fitness: 604728.773313
Worst fitness: 32461545700.3
Average fitness: 821702129.65
Number of repeated individuals: 2
Mutation improvement rate: 0.0%
Crossover improvement rate: 23.33%

Generation 21
Best fitness: 598807.51405
Worst fitness: 6.05800736814e+18
Average fitness: 5.99802714736e+16
Number of repeated individuals: 3
Mutation improvement rate: 12.5%
Crossover improvement rate: 42.22%

Generation 22
Best fitness: 598807.51405
Worst fitness: 27928985165.0
Average fitness: 588660269.867
Number of repeated individuals: 1
Mutation improvement rate: 0.0%
Crossover improvement rate: 38.64%

Generation 23
Best fitness: 596007.286378
Worst fitness: 2.71110662378e+18
Average fitness: 2.71110665545e+16
Number of repeated individuals: 4
Mutation improvement rate: 0.0%
Crossover improvement rate: 47.83%

Generation 24
Best fitness: 592716.635542
Worst fitness: inf
Average fitness: 9.2233720372e+16
Number of repeated individuals: 4
Mutation improvement rate: 0.0%
Crossover improvement rate: 39.36%

Generation 25
Best fitness: 588592.657525
Worst fitness: 15896126716.2
Average fitness: 160517536.789
Number of repeated individuals: 1
Mutation improvement rate: 25.0%
Crossover improvement rate: 23.91%

Generation 26
Best fitness: 588592.657525
Worst fitness: 4.36642705997e+32
Average fitness: 4.32319510888e+30
Number of repeated individuals: 4
Mutation improvement rate: 0.0%
Crossover improvement rate: 27.78%

Generation 27
Best fitness: 582281.420107
Worst fitness: 33561825672.7
Average fitness: 793139738.327
Number of repeated individuals: 4
Mutation improvement rate: 0.0%
Crossover improvement rate: 36.96%

Generation 28
Best fitness: 582281.420107
Worst fitness: 113305024580.0
Average fitness: 1148899997.13
Number of repeated individuals: 1
Mutation improvement rate: 0.0%
Crossover improvement rate: 31.4%

Generation 29
Best fitness: 557629.46347
Worst fitness: 460222769.356
Average fitness: 5703146.31851
Number of repeated individuals: 4
Mutation improvement rate: 25.0%
Crossover improvement rate: 38.04%

Generation 30
Best fitness: 557629.46347
Worst fitness: 11121562736.4
Average fitness: 122999010.9
Number of repeated individuals: 0
Mutation improvement rate: 16.67%
Crossover improvement rate: 44.57%

Generation 31
Best fitness: 533765.783378
Worst fitness: 460200006.723
Average fitness: 6412319.16606
Number of repeated individuals: 1
Mutation improvement rate: 0.0%
Crossover improvement rate: 50.0%

Generation 32
Best fitness: 528210.605413
Worst fitness: inf
Average fitness: 9.22337211763e+16
Number of repeated individuals: 1
Mutation improvement rate: 16.67%
Crossover improvement rate: 35.56%

Generation 33
Best fitness: 502541.137177
Worst fitness: 268711910.5
Average fitness: 4291032.95882
Number of repeated individuals: 0
Mutation improvement rate: 0.0%
Crossover improvement rate: 33.33%

Generation 34
Best fitness: 497913.147486
Worst fitness: 14775941.0027
Average fitness: 710278.936293
Number of repeated individuals: 0
Mutation improvement rate: 0.0%
Crossover improvement rate: 43.88%

Generation 35
Best fitness: 483710.716268
Worst fitness: 35191639196.8
Average fitness: 361610798.711
Number of repeated individuals: 1
Mutation improvement rate: 33.33%
Crossover improvement rate: 41.3%

Generation 36
Best fitness: 449258.761326
Worst fitness: 4234766860.79
Average fitness: 42902453.322
Number of repeated individuals: 5
Mutation improvement rate: 0.0%
Crossover improvement rate: 47.87%

Generation 37
Best fitness: 449258.761326
Worst fitness: 2.98681051912e+14
Average fitness: 2.98704755423e+12
Number of repeated individuals: 0
Mutation improvement rate: 25.0%
Crossover improvement rate: 51.19%

Generation 38
Best fitness: 443704.2055
Worst fitness: 12227846567.5
Average fitness: 124830799.614
Number of repeated individuals: 4
Mutation improvement rate: 0.0%
Crossover improvement rate: 44.79%

Generation 39
Best fitness: 440593.215003
Worst fitness: 33217402951.7
Average fitness: 335048801.228
Number of repeated individuals: 1
Mutation improvement rate: 16.67%
Crossover improvement rate: 47.73%

Generation 40
Best fitness: 433588.586459
Worst fitness: 3666492867.38
Average fitness: 65798494.4241
Number of repeated individuals: 3
Mutation improvement rate: 25.0%
Crossover improvement rate: 51.14%

Generation 41
Best fitness: 432671.811038
Worst fitness: 4780353323.91
Average fitness: 74826023.4401
Number of repeated individuals: 2
Mutation improvement rate: 12.5%
Crossover improvement rate: 50.0%

Generation 42
Best fitness: 429871.72383
Worst fitness: 172199099.512
Average fitness: 3559449.09042
Number of repeated individuals: 3
Mutation improvement rate: 0.0%
Crossover improvement rate: 45.83%

Generation 43
Best fitness: 409518.93117
Worst fitness: 333624219.65
Average fitness: 5023517.43249
Number of repeated individuals: 1
Mutation improvement rate: 50.0%
Crossover improvement rate: 44.79%

Generation 44
Best fitness: 409518.93117
Worst fitness: 1423319846.85
Average fitness: 17076650.2952
Number of repeated individuals: 2
Mutation improvement rate: 50.0%
Crossover improvement rate: 50.0%

Generation 45
Best fitness: 397319.026472
Worst fitness: 442344861.997
Average fitness: 8244854.73308
Number of repeated individuals: 1
Mutation improvement rate: 0.0%
Crossover improvement rate: 47.83%

Generation 46
Best fitness: 388586.119616
Worst fitness: 105672567.814
Average fitness: 2104719.39079
Number of repeated individuals: 2
Mutation improvement rate: 0.0%
Crossover improvement rate: 40.0%

Generation 47
Best fitness: 374499.64436
Worst fitness: 1497563739.04
Average fitness: 19810459.2318
Number of repeated individuals: 7
Mutation improvement rate: 16.67%
Crossover improvement rate: 40.91%

Generation 48
Best fitness: 374499.370295
Worst fitness: 5.00090738878e+12
Average fitness: 50023321318.7
Number of repeated individuals: 8
Mutation improvement rate: 0.0%
Crossover improvement rate: 41.3%

Generation 49
Best fitness: 351895.443272
Worst fitness: inf
Average fitness: 9.22337204418e+16
Number of repeated individuals: 3
Mutation improvement rate: 8.33%
Crossover improvement rate: 47.62%

Generation 50
Best fitness: 344393.784804
Worst fitness: 398611792448.0
Average fitness: 4016789353.18
Number of repeated individuals: 3
Mutation improvement rate: 0.0%
Crossover improvement rate: 44.79%

Generation 51
Best fitness: 344393.784804
Worst fitness: 3112828891.55
Average fitness: 33329805.056
Number of repeated individuals: 2
Mutation improvement rate: 0.0%
Crossover improvement rate: 43.48%

Generation 52
Best fitness: 344393.784804
Worst fitness: 14304782956.8
Average fitness: 186343681.577
Number of repeated individuals: 1
Mutation improvement rate: 0.0%
Crossover improvement rate: 40.22%

Generation 53
Best fitness: 344393.784804
Worst fitness: 1218901747.91
Average fitness: 14282237.643
Number of repeated individuals: 2
Mutation improvement rate: 0.0%
Crossover improvement rate: 36.67%

Generation 54
Best fitness: 339846.828247
Worst fitness: 9.22337203685e+18
Average fitness: 9.13205152527e+16
Number of repeated individuals: 5
Mutation improvement rate: 16.67%
Crossover improvement rate: 23.86%

Generation 55
Best fitness: 339846.828247
Worst fitness: 236622581.04
Average fitness: 4427666.95269
Number of repeated individuals: 1
Mutation improvement rate: 0.0%
Crossover improvement rate: 26.67%

Generation 56
Best fitness: 338581.208594
Worst fitness: 1755595301.11
Average fitness: 42134176.6482
Number of repeated individuals: 2
Mutation improvement rate: 25.0%
Crossover improvement rate: 45.74%

Generation 57
Best fitness: 330961.132228
Worst fitness: 2112564641.27
Average fitness: 25074434.2648
Number of repeated individuals: 0
Mutation improvement rate: 25.0%
Crossover improvement rate: 38.64%

Generation 58
Best fitness: 323313.734076
Worst fitness: 40216637853.4
Average fitness: 417249980.164
Number of repeated individuals: 3
Mutation improvement rate: 50.0%
Crossover improvement rate: 36.96%

Generation 59
Best fitness: 323313.734076
Worst fitness: 6996145752.65
Average fitness: 77260871.3423
Number of repeated individuals: 2
Mutation improvement rate: 0.0%
Crossover improvement rate: 42.39%

Generation 60
Best fitness: 323311.907094
Worst fitness: inf
Average fitness: 9.22337203701e+16
Number of repeated individuals: 0
Mutation improvement rate: 0.0%
Crossover improvement rate: 44.44%

Generation 61
Best fitness: 318013.47524
Worst fitness: 1849153406.18
Average fitness: 26352053.1993
Number of repeated individuals: 2
Mutation improvement rate: 0.0%
Crossover improvement rate: 39.58%

Generation 62
Best fitness: 318013.47524
Worst fitness: 5342068910.39
Average fitness: 83401758.6539
Number of repeated individuals: 2
Mutation improvement rate: 0.0%
Crossover improvement rate: 32.22%

Generation 63
Best fitness: 315273.764846
Worst fitness: 21813868690.2
Average fitness: 241076289.736
Number of repeated individuals: 2
Mutation improvement rate: 0.0%
Crossover improvement rate: 32.98%

Generation 64
Best fitness: 314330.892797
Worst fitness: 951598709.72
Average fitness: 12114815.0079
Number of repeated individuals: 4
Mutation improvement rate: 0.0%
Crossover improvement rate: 44.44%

Generation 65
Best fitness: 314330.892797
Worst fitness: inf
Average fitness: 9.13205152352e+16
Number of repeated individuals: 4
Mutation improvement rate: 0.0%
Crossover improvement rate: 28.72%

Generation 66
Best fitness: 314319.944626
Worst fitness: 2626382369.57
Average fitness: 38991944.2344
Number of repeated individuals: 1
Mutation improvement rate: 0.0%
Crossover improvement rate: 31.82%

Generation 67
Best fitness: 312226.493881
Worst fitness: 450886155.322
Average fitness: 8128659.4042
Number of repeated individuals: 5
Mutation improvement rate: 0.0%
Crossover improvement rate: 37.21%

Generation 68
Best fitness: 312090.283659
Worst fitness: 165423736.374
Average fitness: 2090603.51635
Number of repeated individuals: 3
Mutation improvement rate: 0.0%
Crossover improvement rate: 39.58%

Generation 69
Best fitness: 309695.030786
Worst fitness: 10924132750.9
Average fitness: 111660217.85
Number of repeated individuals: 6
Mutation improvement rate: 0.0%
Crossover improvement rate: 37.78%

Generation 70
Best fitness: 309695.030786
Worst fitness: inf
Average fitness: 9.22337203726e+16
Number of repeated individuals: 0
Mutation improvement rate: 0.0%
Crossover improvement rate: 39.13%

Generation 71
Best fitness: 309695.030786
Worst fitness: inf
Average fitness: 9.13205152182e+16
Number of repeated individuals: 1
Mutation improvement rate: 0.0%
Crossover improvement rate: 31.52%

Generation 72
Best fitness: 309694.400328
Worst fitness: inf
Average fitness: 9.22337204625e+16
Number of repeated individuals: 3
Mutation improvement rate: 0.0%
Crossover improvement rate: 44.57%

Generation 73
Best fitness: 309608.341009
Worst fitness: 29394379393.4
Average fitness: 291663668.555
Number of repeated individuals: 5
Mutation improvement rate: 0.0%
Crossover improvement rate: 39.77%

Generation 74
Best fitness: 308789.420266
Worst fitness: 811750082.454
Average fitness: 8372526.62035
Number of repeated individuals: 8
Mutation improvement rate: 0.0%
Crossover improvement rate: 45.56%

Generation 75
Best fitness: 301727.530249
Worst fitness: 107804364.473
Average fitness: 3085131.86439
Number of repeated individuals: 2
Mutation improvement rate: 0.0%
Crossover improvement rate: 33.33%

Generation 76
Best fitness: 301727.530249
Worst fitness: 9163036828.94
Average fitness: 108756484.476
Number of repeated individuals: 1
Mutation improvement rate: 0.0%
Crossover improvement rate: 38.04%

Generation 77
Best fitness: 301719.207801
Worst fitness: 1352481747.43
Average fitness: 15263627.7933
Number of repeated individuals: 1
Mutation improvement rate: 20.0%
Crossover improvement rate: 37.21%

Generation 78
Best fitness: 301719.207801
Worst fitness: inf
Average fitness: 9.13205153359e+16
Number of repeated individuals: 2
Mutation improvement rate: 0.0%
Crossover improvement rate: 47.67%

Generation 79
Best fitness: 301719.207692
Worst fitness: 107666054.321
Average fitness: 4324277.30847
Number of repeated individuals: 2
Mutation improvement rate: 0.0%
Crossover improvement rate: 41.67%

Generation 80
Best fitness: 301371.725443
Worst fitness: 2.91668633436e+17
Average fitness: 2.9166863372e+15
Number of repeated individuals: 1
Mutation improvement rate: 33.33%
Crossover improvement rate: 31.11%

Generation 81
Best fitness: 301171.480566
Worst fitness: 18629847492.9