Generation 1
Best fitness: 636964.529089
Worst fitness: inf
Average fitness: 3.65282060867e+17
Number of repeated individuals: 6
Mutation improvement rate: 42.11%
Crossover improvement rate: 53.57%

Generation 2
Best fitness: 510581.414333
Worst fitness: inf
Average fitness: 1.61187956752e+28
Number of repeated individuals: 9
Mutation improvement rate: 21.88%
Crossover improvement rate: 48.48%

Generation 3
Best fitness: 510581.414333
Worst fitness: inf
Average fitness: 4.48656427879e+37
Number of repeated individuals: 10
Mutation improvement rate: 9.38%
Crossover improvement rate: 43.1%

Generation 4
Best fitness: 510581.414333
Worst fitness: 7.48532525039e+39
Average fitness: 7.48532525039e+37
Number of repeated individuals: 13
Mutation improvement rate: 20.59%
Crossover improvement rate: 46.67%

Generation 5
Best fitness: 510581.414333
Worst fitness: 1.90284375908e+20
Average fitness: 1.90442271309e+18
Number of repeated individuals: 9
Mutation improvement rate: 13.33%
Crossover improvement rate: 40.62%

Generation 6
Best fitness: 510581.414333
Worst fitness: inf
Average fitness: 8.08293335843e+138
Number of repeated individuals: 7
Mutation improvement rate: 12.5%
Crossover improvement rate: 41.38%

Generation 7
Best fitness: 510581.414333
Worst fitness: inf
Average fitness: 1.8671941205e+17
Number of repeated individuals: 9
Mutation improvement rate: 15.38%
Crossover improvement rate: 31.25%

Generation 8
Best fitness: 510581.414333
Worst fitness: 1.4013571812e+129
Average fitness: 1.4013571812e+127
Number of repeated individuals: 6
Mutation improvement rate: 15.62%
Crossover improvement rate: 34.48%

Generation 9
Best fitness: 510581.414333
Worst fitness: inf
Average fitness: 2.08731119985e+18
Number of repeated individuals: 4
Mutation improvement rate: 9.52%
Crossover improvement rate: 33.33%

Generation 10
Best fitness: 510581.414333
Worst fitness: inf
Average fitness: 2.27177864151e+18
Number of repeated individuals: 4
Mutation improvement rate: 10.87%
Crossover improvement rate: 41.3%

Generation 11
Best fitness: 510581.414333
Worst fitness: inf
Average fitness: 6.99698279823e+131
Number of repeated individuals: 4
Mutation improvement rate: 14.29%
Crossover improvement rate: 46.77%

Generation 12
Best fitness: 434191.852273
Worst fitness: inf
Average fitness: 9.53964272017e+16
Number of repeated individuals: 1
Mutation improvement rate: 14.71%
Crossover improvement rate: 46.88%

Generation 13
Best fitness: 372593.41809
Worst fitness: 1.00980799835e+47
Average fitness: 1.00980799835e+45
Number of repeated individuals: 0
Mutation improvement rate: 18.18%
Crossover improvement rate: 34.72%

Generation 14
Best fitness: 372593.41809
Worst fitness: inf
Average fitness: 1.425438461e+20
Number of repeated individuals: 0
Mutation improvement rate: 5.56%
Crossover improvement rate: 32.76%

Generation 15
Best fitness: 298041.975834
Worst fitness: inf
Average fitness: 9.50352595214e+16
Number of repeated individuals: 1
Mutation improvement rate: 10.0%
Crossover improvement rate: 41.67%

Generation 16
Best fitness: 298041.975834
Worst fitness: inf
Average fitness: 9.41253874364e+16
Number of repeated individuals: 0
Mutation improvement rate: 8.82%
Crossover improvement rate: 39.66%

Generation 17
Best fitness: 298041.975834
Worst fitness: 7.78494527611e+16
Average fitness: 7.70791593989e+14
Number of repeated individuals: 1
Mutation improvement rate: 17.86%
Crossover improvement rate: 54.84%

Generation 18
Best fitness: 298041.975834
Worst fitness: inf
Average fitness: 1.76647956549e+19
Number of repeated individuals: 0
Mutation improvement rate: 14.29%
Crossover improvement rate: 36.67%

Generation 19
Best fitness: 298041.975834
Worst fitness: inf
Average fitness: 1.8264103078e+17
Number of repeated individuals: 0
Mutation improvement rate: 14.29%
Crossover improvement rate: 37.88%

Generation 20
Best fitness: 298041.975834
Worst fitness: inf
Average fitness: 7.03392404217e+111
Number of repeated individuals: 0
Mutation improvement rate: 3.33%
Crossover improvement rate: 42.42%

Generation 21
Best fitness: 292682.434064
Worst fitness: 9.68624492514e+12
Average fitness: 98869239990.1
Number of repeated individuals: 1
Mutation improvement rate: 3.85%
Crossover improvement rate: 36.76%

Generation 22
Best fitness: 289657.865981
Worst fitness: 4.339543105e+14
Average fitness: 8.31658769775e+12
Number of repeated individuals: 2
Mutation improvement rate: 11.11%
Crossover improvement rate: 28.33%

Generation 23
Best fitness: 289657.865981
Worst fitness: inf
Average fitness: 9.14109492145e+16
Number of repeated individuals: 0
Mutation improvement rate: 11.76%
Crossover improvement rate: 37.1%

Generation 24
Best fitness: 289657.865981
Worst fitness: 1.58002641829e+145
Average fitness: 1.57312071585e+143
Number of repeated individuals: 2
Mutation improvement rate: 14.71%
Crossover improvement rate: 36.67%

Generation 25
Best fitness: 289657.865981
Worst fitness: 2.71027736146e+29
Average fitness: 2.68344293794e+27
Number of repeated individuals: 1
Mutation improvement rate: 13.33%
Crossover improvement rate: 43.55%

Generation 26
Best fitness: 289657.865981
Worst fitness: inf
Average fitness: 2.10190932955e+20
Number of repeated individuals: 2
Mutation improvement rate: 13.33%
Crossover improvement rate: 37.88%

Generation 27
Best fitness: 289657.865981
Worst fitness: inf
Average fitness: 6.73053451204e+81
Number of repeated individuals: 0
Mutation improvement rate: 2.78%
Crossover improvement rate: 31.03%

Generation 28
Best fitness: 274477.49685
Worst fitness: inf
Average fitness: 6.12413954032e+18
Number of repeated individuals: 2
Mutation improvement rate: 13.64%
Crossover improvement rate: 33.78%

Generation 29
Best fitness: 274477.49685
Worst fitness: 3.73355684395e+14
Average fitness: 3.835563225e+12
Number of repeated individuals: 1
Mutation improvement rate: 10.53%
Crossover improvement rate: 40.38%

Generation 30
Best fitness: 259735.695092
Worst fitness: 2.09821997977e+22
Average fitness: 2.12879513723e+20
Number of repeated individuals: 0
Mutation improvement rate: 10.53%
Crossover improvement rate: 31.03%

Generation 31
Best fitness: 259735.695092
Worst fitness: 4.12795869241e+16
Average fitness: 4.09102749715e+14
Number of repeated individuals: 1
Mutation improvement rate: 14.29%
Crossover improvement rate: 40.91%

Generation 32
Best fitness: 259735.695092
Worst fitness: 2.28361643209e+16
Average fitness: 3.78015402487e+14
Number of repeated individuals: 1
Mutation improvement rate: 15.62%
Crossover improvement rate: 42.19%

Generation 33
Best fitness: 259735.695092
Worst fitness: 2.13044865043e+16
Average fitness: 2.24577594686e+14
Number of repeated individuals: 1
Mutation improvement rate: 12.5%
Crossover improvement rate: 50.0%

Generation 34
Best fitness: 259735.695092
Worst fitness: 6.03210729884e+17
Average fitness: 7.42048165641e+15
Number of repeated individuals: 0
Mutation improvement rate: 12.5%
Crossover improvement rate: 48.39%

Generation 35
Best fitness: 259735.695092
Worst fitness: inf
Average fitness: 1.46737928327e+53
Number of repeated individuals: 0
Mutation improvement rate: 8.7%
Crossover improvement rate: 50.0%

Generation 36
Best fitness: 259359.331792
Worst fitness: inf
Average fitness: 3.56789808645e+57
Number of repeated individuals: 2
Mutation improvement rate: 12.5%
Crossover improvement rate: 48.53%

Generation 37
Best fitness: 258939.828107
Worst fitness: inf
Average fitness: 1.84976534939e+71
Number of repeated individuals: 2
Mutation improvement rate: 8.33%
Crossover improvement rate: 41.67%

Generation 38
Best fitness: 258939.828107
Worst fitness: 2.09821997977e+22
Average fitness: 2.07744557814e+20
Number of repeated individuals: 0
Mutation improvement rate: 0.0%
Crossover improvement rate: 32.81%

Generation 39
Best fitness: 258758.773308
Worst fitness: inf
Average fitness: 5.37773195354e+61
Number of repeated individuals: 0
Mutation improvement rate: 9.52%
Crossover improvement rate: 31.48%

Generation 40
Best fitness: 258758.773308
Worst fitness: inf
Average fitness: 2.38016886613e+149
Number of repeated individuals: 0
Mutation improvement rate: 10.0%
Crossover improvement rate: 51.56%

Generation 41
Best fitness: 257656.656927
Worst fitness: 1.82588188267e+59
Average fitness: 1.82588188267e+57
Number of repeated individuals: 0
Mutation improvement rate: 16.67%
Crossover improvement rate: 51.52%

Generation 42
Best fitness: 257656.656927
Worst fitness: 4.22570729961e+15
Average fitness: 4.19591375861e+13
Number of repeated individuals: 1
Mutation improvement rate: 3.33%
Crossover improvement rate: 40.32%

Generation 43
Best fitness: 257656.656927
Worst fitness: 2.1559195236e+35
Average fitness: 2.1559195236e+33
Number of repeated individuals: 0
Mutation improvement rate: 12.5%
Crossover improvement rate: 38.71%

Generation 44
Best fitness: 257656.656927
Worst fitness: inf
Average fitness: 2.21445772467e+133
Number of repeated individuals: 1
Mutation improvement rate: 14.71%
Crossover improvement rate: 46.43%

Generation 45
Best fitness: 257656.656927
Worst fitness: inf
Average fitness: 5.86112081443e+48
Number of repeated individuals: 0
Mutation improvement rate: 16.67%
Crossover improvement rate: 38.89%

Generation 46
Best fitness: 257656.656927
Worst fitness: inf
Average fitness: 7.14607594033e+18
Number of repeated individuals: 1
Mutation improvement rate: 13.89%
Crossover improvement rate: 46.43%

Generation 47
Best fitness: 257656.656927
Worst fitness: inf
Average fitness: 9.22339229262e+16
Number of repeated individuals: 1
Mutation improvement rate: 18.18%
Crossover improvement rate: 35.42%

Generation 48
Best fitness: 257656.656927
Worst fitness: 6.08406770512e+93
Average fitness: 6.02382941101e+91
Number of repeated individuals: 0
Mutation improvement rate: 5.56%
Crossover improvement rate: 48.33%

Generation 49
Best fitness: 257656.656927
Worst fitness: inf
Average fitness: 1.98857997803e+17
Number of repeated individuals: 0
Mutation improvement rate: 6.82%
Crossover improvement rate: 38.0%

Generation 50
Best fitness: 257495.082137
Worst fitness: inf
Average fitness: 9.22486714891e+16
Number of repeated individuals: 1
Mutation improvement rate: 16.67%
Crossover improvement rate: 51.56%

Generation 51
Best fitness: 257495.082137
Worst fitness: inf
Average fitness: 9.22337286281e+16
Number of repeated individuals: 0
Mutation improvement rate: 13.64%
Crossover improvement rate: 38.57%

Generation 52
Best fitness: 257495.082137
Worst fitness: inf
Average fitness: 2.76755947571e+17
Number of repeated individuals: 1
Mutation improvement rate: 2.94%
Crossover improvement rate: 34.48%

Generation 53
Best fitness: 257495.082137
Worst fitness: 5.50465492249e+97
Average fitness: 5.50465492249e+95
Number of repeated individuals: 0
Mutation improvement rate: 6.67%
Crossover improvement rate: 50.0%

Generation 54
Best fitness: 257250.533671
Worst fitness: inf
Average fitness: 1.71165478417e+20
Number of repeated individuals: 2
Mutation improvement rate: 7.89%
Crossover improvement rate: 64.29%

Generation 55
Best fitness: 257134.316801
Worst fitness: inf
Average fitness: 2.7039013751e+41
Number of repeated individuals: 1
Mutation improvement rate: 11.76%
Crossover improvement rate: 33.87%

Generation 56
Best fitness: 257134.316801
Worst fitness: 6.2394030332e+38
Average fitness: 6.23940305232e+36
Number of repeated individuals: 2
Mutation improvement rate: 13.04%
Crossover improvement rate: 30.95%

Generation 57
Best fitness: 256967.166356
Worst fitness: 2.09821997977e+22
Average fitness: 2.10720508308e+20
Number of repeated individuals: 0
Mutation improvement rate: 13.89%
Crossover improvement rate: 50.0%

Generation 58
Best fitness: 256967.166356
Worst fitness: 7.77138471766e+73
Average fitness: 7.77138471766e+71
Number of repeated individuals: 1
Mutation improvement rate: 12.5%
Crossover improvement rate: 52.86%

Generation 59
Best fitness: 256967.166356
Worst fitness: 1.95952244841e+19
Average fitness: 1.94012132714e+17
Number of repeated individuals: 1
Mutation improvement rate: 10.71%
Crossover improvement rate: 48.44%

Generation 60
Best fitness: 256613.756838
Worst fitness: inf
Average fitness: 1.84830372621e+17
Number of repeated individuals: 0
Mutation improvement rate: 6.67%
Crossover improvement rate: 42.19%

Generation 61
Best fitness: 256613.756838
Worst fitness: inf
Average fitness: 5.74172767782e+33
Number of repeated individuals: 0
Mutation improvement rate: 5.56%
Crossover improvement rate: 46.55%

Generation 62
Best fitness: 256613.756838
Worst fitness: inf
Average fitness: 5.11880502211e+35
Number of repeated individuals: 1
Mutation improvement rate: 9.38%
Crossover improvement rate: 35.0%

Generation 63
Best fitness: 256613.756838
Worst fitness: inf
Average fitness: 2.11269548104e+17
Number of repeated individuals: 0
Mutation improvement rate: 20.0%
Crossover improvement rate: 42.19%

Generation 64
Best fitness: 256523.662444
Worst fitness: inf
Average fitness: 7.39357712374e+34
Number of repeated individuals: 0
Mutation improvement rate: 18.75%
Crossover improvement rate: 40.32%

Generation 65
Best fitness: 256523.662444
Worst fitness: 495271954286.0
Average fitness: 4958993368.97
Number of repeated individuals: 0
Mutation improvement rate: 17.86%
Crossover improvement rate: 53.23%

Generation 66
Best fitness: 254396.171895
Worst fitness: inf
Average fitness: 2.81301975476e+33
Number of repeated individuals: 1
Mutation improvement rate: 18.42%
Crossover improvement rate: 35.0%

Generation 67
Best fitness: 254396.171895
Worst fitness: 5.07257862984e+150
Average fitness: 5.02235507905e+148
Number of repeated individuals: 0
Mutation improvement rate: 25.0%
Crossover improvement rate: 38.0%

Generation 68
Best fitness: 254396.171895
Worst fitness: 3.6626891067e+40
Average fitness: 3.6626891067e+38
Number of repeated individuals: 0
Mutation improvement rate: 10.71%
Crossover improvement rate: 45.59%

Generation 69
Best fitness: 254147.32272
Worst fitness: 4.13915837299e+47
Average fitness: 4.13915837299e+45
Number of repeated individuals: 0
Mutation improvement rate: 14.71%
Crossover improvement rate: 38.71%

Generation 70
Best fitness: 254147.32272
Worst fitness: inf
Average fitness: 6.70717655778e+149
Number of repeated individuals: 0
Mutation improvement rate: 7.14%
Crossover improvement rate: 39.06%

Generation 71
Best fitness: 254147.32272
Worst fitness: inf
Average fitness: 9.2233745514e+16
Number of repeated individuals: 0
Mutation improvement rate: 17.86%
Crossover improvement rate: 41.94%

Generation 72
Best fitness: 252596.989415
Worst fitness: inf
Average fitness: 2.70315900094e+41
Number of repeated individuals: 0
Mutation improvement rate: 22.22%
Crossover improvement rate: 50.0%

Generation 73
Best fitness: 252596.989415
Worst fitness: inf
Average fitness: 7.10145261905e+32
Number of repeated individuals: 0
Mutation improvement rate: 15.62%
Crossover improvement rate: 35.48%

Generation 74
Best fitness: 252596.989415
Worst fitness: 1.53532666728e+22
Average fitness: 1.5203826074e+20
Number of repeated individuals: 1
Mutation improvement rate: 2.63%
Crossover improvement rate: 40.38%

Generation 75
Best fitness: 252596.989415
Worst fitness: 6.42703697107e+21
Average fitness: 6.93252784545e+19
Number of repeated individuals: 0
Mutation improvement rate: 13.33%
Crossover improvement rate: 57.81%

Generation 76
Best fitness: 252138.004092
Worst fitness: 2.82226518058e+49
Average fitness: 2.82226518967e+47
Number of repeated individuals: 0
Mutation improvement rate: 7.89%
Crossover improvement rate: 37.5%

Generation 77
Best fitness: 252138.004092
Worst fitness: 2.91668633436e+17
Average fitness: 2.88780825776e+15
Number of repeated individuals: 1
Mutation improvement rate: 13.33%
Crossover improvement rate: 47.06%

Generation 78
Best fitness: 252138.004092
Worst fitness: inf
Average fitness: 2.09930127254e+20
Number of repeated individuals: 0
Mutation improvement rate: 15.0%
Crossover improvement rate: 38.89%

Generation 79
Best fitness: 252138.004092
Worst fitness: 3.64436620394e+17
Average fitness: 3.60832845009e+15
Number of repeated individuals: 1
Mutation improvement rate: 8.33%
Crossover improvement rate: 45.71%

Generation 80
Best fitness: 252138.004092
Worst fitness: inf
Average fitness: 2.0792719351e+20
Number of repeated individuals: 1
Mutation improvement rate: 19.44%
Crossover improvement rate: 33.93%

Generation 81
Best fitness: 251604.544443
Worst fitness: 2.09821997977e+22
Average fitness: 2.07744693803e+20
Number of repeated individuals: 0
Mutation improvement rate: 6.67%
Crossover improvement rate: 42.19%

Generation 82
Best fitness: 251604.544443
Worst fitness: inf
Average fitness: 1.03796791226e+57
Number of repeated individuals: 0
Mutation improvement rate: 6.67%
Crossover improvement rate: 36.36%

Generation 83
Best fitness: 251604.544443
Worst fitness: inf
Average fitness: 2.93925070067e+83
Number of repeated individuals: 0
Mutation improvement rate: 5.26%
Crossover improvement rate: 50.0%

Generation 84
Best fitness: 251137.790904
Worst fitness: inf
Average fitness: 8.80378661708e+25
Number of repeated individuals: 2
Mutation improvement rate: 12.5%
Crossover improvement rate: 33.33%

Generation 85
Best fitness: 251137.790904
Worst fitness: inf
Average fitness: 3.72130041926e+17
Number of repeated individuals: 1
Mutation improvement rate: 11.36%
Crossover improvement rate: 42.0%

Generation 86
Best fitness: 251137.790904
Worst fitness: inf
Average fitness: 9.2233720369e+16
Number of repeated individuals: 1
Mutation improvement rate: 4.55%
Crossover improvement rate: 38.89%

Generation 87
Best fitness: 251137.790904
Worst fitness: 284537163613.0
Average fitness: 2836996021.64
Number of repeated individuals: 0
Mutation improvement rate: 0.0%
Crossover improvement rate: 43.06%

Generation 88
Best fitness: 251137.790904
Worst fitness: 4.29606245428e+18
Average fitness: 5.46547303509e+16
Number of repeated individuals: 0
Mutation improvement rate: 11.76%
Crossover improvement rate: 38.71%

Generation 89
Best fitness: 251137.790904
Worst fitness: 851395312975.0
Average fitness: 13853608465.6
Number of repeated individuals: 0
Mutation improvement rate: 3.33%
Crossover improvement rate: 51.56%

Generation 90
Best fitness: 251137.790904
Worst fitness: inf
Average fitness: 1.9902636644e+71
Number of repeated individuals: 0
Mutation improvement rate: 3.85%
Crossover improvement rate: 41.18%

Generation 91
Best fitness: 251137.790904
Worst fitness: 96019492.7784
Average fitness: 1277334.54226
Number of repeated individuals: 0
Mutation improvement rate: 3.57%
Crossover improvement rate: 45.45%

Generation 92
Best fitness: 248700.811418
Worst fitness: inf
Average fitness: 1.45892398983e+48
Number of repeated individuals: 0
Mutation improvement rate: 0.0%
Crossover improvement rate: 40.32%

Generation 93
Best fitness: 248700.811418
Worst fitness: inf
Average fitness: 1.84467440737e+17
Number of repeated individuals: 0
Mutation improvement rate: 3.85%
Crossover improvement rate: 40.91%

Generation 94
Best fitness: 248700.811418
Worst fitness: inf
Average fitness: 7.55908382303e+18
Number of repeated individuals: 0
Mutation improvement rate: 7.14%
Crossover improvement rate: 48.48%

Generation 95
Best fitness: 248700.811418
Worst fitness: inf
Average fitness: 2.75182197017e+112
Number of repeated individuals: 0
Mutation improvement rate: 3.33%
Crossover improvement rate: 42.19%

Generation 96
Best fitness: 248700.811418
Worst fitness: inf
Average fitness: 2.07835872968e+20
Number of repeated individuals: 0
Mutation improvement rate: 3.85%
Crossover improvement rate: 31.43%

Generation 97
Best fitness: 248700.811418
Worst fitness: inf
Average fitness: 1.82995478699e+17
Number of repeated individuals: 1
Mutation improvement rate: 11.54%
Crossover improvement rate: 48.44%

Generation 98
Best fitness: 248700.811418
Worst fitness: 2.15397481148e+20
Average fitness: 2.1326483282e+18
Number of repeated individuals: 0
Mutation improvement rate: 3.12%
Crossover improvement rate: 31.25%

Generation 99
Best fitness: 248700.811418
Worst fitness: inf
Average fitness: 1.85239707669e+17
Number of repeated individuals: 0
Mutation improvement rate: 15.62%
Crossover improvement rate: 35.48%

Generation 100
Best fitness: 248700.811418
Worst fitness: inf
Average fitness: 6.79242599641e+75
Number of repeated individuals: 0
Mutation improvement rate: 0.0%
Crossover improvement rate: 40.54%

Top 5 individuals for training dataset:

	 ((((0.4627242214601637)+((6.597947372066862)+(4.303574979274851)))^(log((7.671119665621742)+(log(((log(((7.671119665621742)+(log((7.671119665621742)+(x4))))^(log((7.671119665621742)+((cos((x5)+(sqrt(4.303574979274851))))*((8.216420171735852)*(6.86735035678441)))))))+(sqrt((log(((((x2)^(-5.995005558108191))*(x2))+((4.303574979274851)+(4.303574979274851)))^(x7)))+(log((log((7.671119665621742)+((0.7149070674104578)^(-0.1544508858936986))))^(log((7.671119665621742)+(((1.0447725271107409)-(sin(cos(x0))))*(((log(x7))+(sqrt(4.303574979274851)))^(((((x1)^(((7.671119665621742)+((((x4)+(-4.0137229286092335))-(sin(x1)))*(((log(x7))+(sqrt(4.303574979274851)))^((x4)-(sqrt(x1))))))-(sin(x1))))*(log((sin(x4))+(4.303574979274851))))+((4.303574979274851)+(4.303574979274851)))-((3.906481138293307)+(log(((x5)+(sqrt(4.303574979274851)))+(sqrt(sqrt(sin((sin(-8.990948252234531))*(((7.671119665621742)+(log(((-2.9822364320714723)+(sqrt((4.303574979274851)+(log((log((7.671119665621742)+(-4.893662451627194)))^(log((7.671119665621742)+((((x4)+(-4.0137229286092335))-(sin(x1)))*(((log(x7))+(sqrt(4.303574979274851)))^((x4)-(-8.28567127551443)))))))))))+(sqrt(x1)))))^(3.1375579858079625)))))))))))))))))))+(sqrt(x1)))))))*(x2)) 	Fitness: 248700.811418
	 ((((0.4627242214601637)+((6.597947372066862)+(4.303574979274851)))^(log((7.671119665621742)+(log(((log(((7.671119665621742)+(log(((7.671119665621742)+(((1.0447725271107409)-(sin(cos(x0))))*(((log(x7))+(sqrt(4.303574979274851)))^(((((x1)^(((7.671119665621742)+((((x4)+(-4.0137229286092335))-(sin(x1)))*(((log(4.303574979274851))+(sqrt(4.303574979274851)))^((x4)-(sqrt(x1))))))-(sin(x1))))*(log((sin(x4))+(4.303574979274851))))+((4.303574979274851)+(4.303574979274851)))-((7.671119665621742)+(log(((x5)+(sqrt(4.303574979274851)))+(sqrt(sqrt(sin((sin((sin(-8.990948252234531))*(sqrt((0.2806564697437999)/(3.906481138293307)))))*(((7.671119665621742)+(log(((log((x4)+(sqrt(x1))))/(sin(x4)))+(sqrt(x1)))))^(3.1375579858079625)))))))))))))+(x4))))^(log((log((sin(x4))+(4.303574979274851)))+((cos((log((x4)+(sqrt(x2))))/(sin(x4))))*((8.216420171735852)*(6.86735035678441)))))))+(sqrt((log((((7.671119665621742)*(x2))+((4.303574979274851)+(4.303574979274851)))^(x7)))+(log((log((7.671119665621742)+((0.7149070674104578)^(-0.1544508858936986))))^(log((7.671119665621742)+(((1.0447725271107409)-(sin(cos(sqrt(4.303574979274851)))))*(((log(x7))+(sqrt(4.303574979274851)))^(((((sqrt(4.303574979274851))^(((7.671119665621742)+((((x4)+(-4.0137229286092335))-(sin(x1)))*(((log(x7))+(sqrt(4.303574979274851)))^((x4)-(sqrt(x1))))))-(sin(x1))))*(log((sin(x4))+(4.303574979274851))))+((6.597947372066862)+(4.303574979274851)))-((7.671119665621742)+(log(((x5)+(sqrt(4.303574979274851)))+(sqrt(sqrt(sin((sin(-8.990948252234531))*(((7.671119665621742)+(log(((-2.9822364320714723)+(sqrt((x3)+(log((log((7.671119665621742)+((0.7149070674104578)^(-0.1544508858936986))))^(log((7.671119665621742)+((((x4)+(-4.0137229286092335))-(sin(x1)))*(((log(x7))+(sqrt(4.303574979274851)))^((sin((sin((0.3965426388250606)^(3.1375579858079625)))*((sqrt(x1))^(3.1375579858079625))))-(-8.28567127551443)))))))))))+(sqrt(x1)))))^(3.1375579858079625)))))))))))))))))))+(sqrt(x1)))))))*(x2)) 	Fitness: 250391.24498
	 ((((0.4627242214601637)+((6.597947372066862)+(4.303574979274851)))^(log((7.671119665621742)+(log(((log(((7.671119665621742)+(log(((7.671119665621742)+(((1.0447725271107409)-(sin(cos(x0))))*(((log(x7))+(sqrt(4.303574979274851)))^(((((x1)^(((7.671119665621742)+((((x4)+(-4.0137229286092335))-(sin(x1)))*(((log(4.303574979274851))+(sqrt(4.303574979274851)))^((x4)-(sqrt(x1))))))-(sin(x1))))*(log((sin(7.671119665621742))+(4.303574979274851))))+((4.303574979274851)+(4.303574979274851)))-((7.671119665621742)+(log(((x5)+(sqrt(4.303574979274851)))+(sqrt(sqrt(sin((sin((sin(-8.990948252234531))*(sqrt((0.2806564697437999)/(3.906481138293307)))))*(((7.671119665621742)+(log(((log((x4)+(sqrt(x1))))/(sin(x4)))+(sqrt(x1)))))^(3.1375579858079625)))))))))))))+(x4))))^(log((7.671119665621742)+((cos((log((x4)+(sqrt(x2))))/(sin(x4))))*((8.216420171735852)*(6.86735035678441)))))))+(sqrt((log((((7.671119665621742)*(x2))+((4.303574979274851)+(4.303574979274851)))^(x7)))+(log((log((7.671119665621742)+((0.7149070674104578)^(-0.1544508858936986))))^(log((7.671119665621742)+(((1.0447725271107409)-(sin(cos(sqrt(4.303574979274851)))))*(((log(x7))+(sqrt(4.303574979274851)))^(((((sqrt(4.303574979274851))^(((7.671119665621742)+((((x4)+(-4.0137229286092335))-(sin(x1)))*(((log(x7))+(sqrt(4.303574979274851)))^((x4)-(sqrt(x1))))))-(sin(x1))))*(log((sin(x4))+(4.303574979274851))))+((6.597947372066862)+(4.303574979274851)))-((7.671119665621742)+(log(((x5)+(sqrt(4.303574979274851)))+(sqrt(sqrt(sin((sin(-8.990948252234531))*(((7.671119665621742)+(log(((-2.9822364320714723)+(sqrt((x3)+(log((log((7.671119665621742)+((0.7149070674104578)^(-0.1544508858936986))))^(log((7.671119665621742)+((((x4)+(-4.0137229286092335))-(sin(x1)))*(((log(x7))+(sqrt(4.303574979274851)))^((sin((sin((0.3965426388250606)^(3.1375579858079625)))*((sqrt(x1))^(3.1375579858079625))))-(-8.28567127551443)))))))))))+(sqrt(x1)))))^(3.1375579858079625)))))))))))))))))))+(sqrt(x1)))))))*(x2)) 	Fitness: 250771.856111
	 ((((0.4627242214601637)+((6.597947372066862)+(4.303574979274851)))^(log((7.671119665621742)+(log(((log(((7.671119665621742)+(sin(-2.61969899422406)))^(log((7.671119665621742)+((cos((log((x4)+(sqrt(x2))))/(sin(x4))))*((8.216420171735852)*(6.86735035678441)))))))+(sqrt((log(((((x2)^(-5.995005558108191))*(x2))+((4.303574979274851)+(4.303574979274851)))^(x7)))+(log((log((7.671119665621742)+((0.7149070674104578)^(-0.1544508858936986))))^(log((7.671119665621742)+(((1.0447725271107409)-(sin(cos(x0))))*(((1.0447725271107409)-(sin(cos(x0))))*(((log(x7))+(sqrt(4.303574979274851)))^(((((x1)^(((7.671119665621742)+((((x4)+(-4.0137229286092335))-(sin(x1)))*(((log(x7))+(sqrt(4.303574979274851)))^((x4)-(sqrt(x1))))))-(sin(x1))))*(log((sin(x4))+(4.303574979274851))))+((x5)+(4.303574979274851)))-((7.671119665621742)+(log(((x5)+(sqrt(4.303574979274851)))+(sqrt(sqrt(sin((sin((-2.9822364320714723)*(sqrt((0.2806564697437999)/(3.906481138293307)))))*(((7.671119665621742)+(log(((log((x4)+(sqrt(x1))))/(sin(x4)))+(sqrt(x1)))))^(3.1375579858079625))))))))))))))))))))+(sqrt(x1)))))))*(x2)) 	Fitness: 250781.926168
	 ((((0.4627242214601637)+((6.597947372066862)+(4.303574979274851)))^(log((7.671119665621742)+(log(((log(((7.671119665621742)+(sin((sin(-8.990948252234531))*((x4)^(3.1375579858079625)))))^(log((7.671119665621742)+((cos((log((x4)+(sqrt(x2))))/(sin(x4))))*((8.216420171735852)*(6.86735035678441)))))))+(sqrt((log(((((x2)^(-5.995005558108191))*(x2))+((4.303574979274851)+(4.303574979274851)))^(x7)))+(log((log((7.671119665621742)+((0.7149070674104578)^(-0.1544508858936986))))^(log((7.671119665621742)+(((1.0447725271107409)-(sin(cos(x0))))*(((log(x7))+(sqrt(4.303574979274851)))^(((((x1)^(((7.671119665621742)+((((x4)+(-4.0137229286092335))-(sin(x1)))*(((log(x7))+(sqrt(4.303574979274851)))^((x4)-(sqrt(x1))))))-(sin(x1))))*(log((sin(x4))+(4.303574979274851))))+((4.303574979274851)+(4.303574979274851)))-(((log(((7.671119665621742)+(sin(-2.61969899422406)))^(log((7.671119665621742)+((cos((log((x4)+(sqrt(x2))))/(sin(x4))))*((8.216420171735852)*(6.86735035678441)))))))+(sqrt((log(((((x2)^(-5.995005558108191))*(x2))+((4.303574979274851)+(4.303574979274851)))^(x7)))+(log((log((7.671119665621742)+((0.7149070674104578)^(-0.1544508858936986))))^(log((7.671119665621742)+(((1.0447725271107409)-(sin(cos(x0))))*(((log(x7))+(sqrt(4.303574979274851)))^(((((x1)^(((7.671119665621742)+((((x4)+(-4.0137229286092335))-(sin(x1)))*(((log(x7))+(sqrt(4.303574979274851)))^((x4)-(sqrt(x1))))))-(sin(x1))))*(log((sin(x4))+(4.303574979274851))))+((4.303574979274851)+(4.303574979274851)))-((7.671119665621742)+(log(((x0)+(sqrt(x1)))+(sqrt(sqrt(sin((sin(-8.990948252234531))*(((7.671119665621742)+(log(((7.671119665621742)+(((1.0447725271107409)-(sin(cos(x0))))*(((log(x7))+(sqrt(4.303574979274851)))^(((((x1)^(((7.671119665621742)+((((x4)+(-4.0137229286092335))-(sin(x1)))*(((log(x7))+(sqrt(4.303574979274851)))^((x4)-(sqrt(x1))))))-(sin(x1))))*(log((sin(x4))+(4.303574979274851))))+((4.303574979274851)+(4.303574979274851)))-((7.671119665621742)+(log(((x5)+(sqrt(4.303574979274851)))+(sqrt(sqrt(sin((1.0447725271107409)*((x4)^(3.1375579858079625)))))))))))))+(sqrt(x1)))))^(3.1375579858079625)))))))))))))))))))+(sqrt(x1)))))))))))))+(sqrt(x1)))))))*(x2)) 	Fitness: 250783.658563

Top 5 individuals for test dataset:

	 ((((0.4627242214601637)+((6.597947372066862)+(4.303574979274851)))^(log((7.671119665621742)+(log(((log(((7.671119665621742)+(log((7.671119665621742)+(x4))))^(log((7.671119665621742)+((cos((x5)+(sqrt(4.303574979274851))))*((8.216420171735852)*(6.86735035678441)))))))+(sqrt((log(((((x2)^(-5.995005558108191))*(x2))+((4.303574979274851)+(4.303574979274851)))^(x7)))+(log((log((7.671119665621742)+((0.7149070674104578)^(-0.1544508858936986))))^(log((7.671119665621742)+(((1.0447725271107409)-(sin(cos(x0))))*(((log(x7))+(sqrt(4.303574979274851)))^(((((x1)^(((7.671119665621742)+((((x4)+(-4.0137229286092335))-(sin(x1)))*(((log(x7))+(sqrt(4.303574979274851)))^((x4)-(sqrt(x1))))))-(sin(x1))))*(log((sin(x4))+(4.303574979274851))))+((4.303574979274851)+(4.303574979274851)))-((3.906481138293307)+(log(((x5)+(sqrt(4.303574979274851)))+(sqrt(sqrt(sin((sin(-8.990948252234531))*(((7.671119665621742)+(log(((-2.9822364320714723)+(sqrt((4.303574979274851)+(log((log((7.671119665621742)+(-4.893662451627194)))^(log((7.671119665621742)+((((x4)+(-4.0137229286092335))-(sin(x1)))*(((log(x7))+(sqrt(4.303574979274851)))^((x4)-(-8.28567127551443)))))))))))+(sqrt(x1)))))^(3.1375579858079625)))))))))))))))))))+(sqrt(x1)))))))*(x2)) 	Fitness: 248700.811418
	 ((((0.4627242214601637)+((6.597947372066862)+(4.303574979274851)))^(log((7.671119665621742)+(log(((log(((7.671119665621742)+(log(((7.671119665621742)+(((1.0447725271107409)-(sin(cos(x0))))*(((log(x7))+(sqrt(4.303574979274851)))^(((((x1)^(((7.671119665621742)+((((x4)+(-4.0137229286092335))-(sin(x1)))*(((log(4.303574979274851))+(sqrt(4.303574979274851)))^((x4)-(sqrt(x1))))))-(sin(x1))))*(log((sin(x4))+(4.303574979274851))))+((4.303574979274851)+(4.303574979274851)))-((7.671119665621742)+(log(((x5)+(sqrt(4.303574979274851)))+(sqrt(sqrt(sin((sin((sin(-8.990948252234531))*(sqrt((0.2806564697437999)/(3.906481138293307)))))*(((7.671119665621742)+(log(((log((x4)+(sqrt(x1))))/(sin(x4)))+(sqrt(x1)))))^(3.1375579858079625)))))))))))))+(x4))))^(log((log((sin(x4))+(4.303574979274851)))+((cos((log((x4)+(sqrt(x2))))/(sin(x4))))*((8.216420171735852)*(6.86735035678441)))))))+(sqrt((log((((7.671119665621742)*(x2))+((4.303574979274851)+(4.303574979274851)))^(x7)))+(log((log((7.671119665621742)+((0.7149070674104578)^(-0.1544508858936986))))^(log((7.671119665621742)+(((1.0447725271107409)-(sin(cos(sqrt(4.303574979274851)))))*(((log(x7))+(sqrt(4.303574979274851)))^(((((sqrt(4.303574979274851))^(((7.671119665621742)+((((x4)+(-4.0137229286092335))-(sin(x1)))*(((log(x7))+(sqrt(4.303574979274851)))^((x4)-(sqrt(x1))))))-(sin(x1))))*(log((sin(x4))+(4.303574979274851))))+((6.597947372066862)+(4.303574979274851)))-((7.671119665621742)+(log(((x5)+(sqrt(4.303574979274851)))+(sqrt(sqrt(sin((sin(-8.990948252234531))*(((7.671119665621742)+(log(((-2.9822364320714723)+(sqrt((x3)+(log((log((7.671119665621742)+((0.7149070674104578)^(-0.1544508858936986))))^(log((7.671119665621742)+((((x4)+(-4.0137229286092335))-(sin(x1)))*(((log(x7))+(sqrt(4.303574979274851)))^((sin((sin((0.3965426388250606)^(3.1375579858079625)))*((sqrt(x1))^(3.1375579858079625))))-(-8.28567127551443)))))))))))+(sqrt(x1)))))^(3.1375579858079625)))))))))))))))))))+(sqrt(x1)))))))*(x2)) 	Fitness: 250391.24498
	 ((((0.4627242214601637)+((6.597947372066862)+(4.303574979274851)))^(log((7.671119665621742)+(log(((log(((7.671119665621742)+(log(((7.671119665621742)+(((1.0447725271107409)-(sin(cos(x0))))*(((log(x7))+(sqrt(4.303574979274851)))^(((((x1)^(((7.671119665621742)+((((x4)+(-4.0137229286092335))-(sin(x1)))*(((log(4.303574979274851))+(sqrt(4.303574979274851)))^((x4)-(sqrt(x1))))))-(sin(x1))))*(log((sin(7.671119665621742))+(4.303574979274851))))+((4.303574979274851)+(4.303574979274851)))-((7.671119665621742)+(log(((x5)+(sqrt(4.303574979274851)))+(sqrt(sqrt(sin((sin((sin(-8.990948252234531))*(sqrt((0.2806564697437999)/(3.906481138293307)))))*(((7.671119665621742)+(log(((log((x4)+(sqrt(x1))))/(sin(x4)))+(sqrt(x1)))))^(3.1375579858079625)))))))))))))+(x4))))^(log((7.671119665621742)+((cos((log((x4)+(sqrt(x2))))/(sin(x4))))*((8.216420171735852)*(6.86735035678441)))))))+(sqrt((log((((7.671119665621742)*(x2))+((4.303574979274851)+(4.303574979274851)))^(x7)))+(log((log((7.671119665621742)+((0.7149070674104578)^(-0.1544508858936986))))^(log((7.671119665621742)+(((1.0447725271107409)-(sin(cos(sqrt(4.303574979274851)))))*(((log(x7))+(sqrt(4.303574979274851)))^(((((sqrt(4.303574979274851))^(((7.671119665621742)+((((x4)+(-4.0137229286092335))-(sin(x1)))*(((log(x7))+(sqrt(4.303574979274851)))^((x4)-(sqrt(x1))))))-(sin(x1))))*(log((sin(x4))+(4.303574979274851))))+((6.597947372066862)+(4.303574979274851)))-((7.671119665621742)+(log(((x5)+(sqrt(4.303574979274851)))+(sqrt(sqrt(sin((sin(-8.990948252234531))*(((7.671119665621742)+(log(((-2.9822364320714723)+(sqrt((x3)+(log((log((7.671119665621742)+((0.7149070674104578)^(-0.1544508858936986))))^(log((7.671119665621742)+((((x4)+(-4.0137229286092335))-(sin(x1)))*(((log(x7))+(sqrt(4.303574979274851)))^((sin((sin((0.3965426388250606)^(3.1375579858079625)))*((sqrt(x1))^(3.1375579858079625))))-(-8.28567127551443)))))))))))+(sqrt(x1)))))^(3.1375579858079625)))))))))))))))))))+(sqrt(x1)))))))*(x2)) 	Fitness: 250771.856111
	 ((((0.4627242214601637)+((6.597947372066862)+(4.303574979274851)))^(log((7.671119665621742)+(log(((log(((7.671119665621742)+(sin(-2.61969899422406)))^(log((7.671119665621742)+((cos((log((x4)+(sqrt(x2))))/(sin(x4))))*((8.216420171735852)*(6.86735035678441)))))))+(sqrt((log(((((x2)^(-5.995005558108191))*(x2))+((4.303574979274851)+(4.303574979274851)))^(x7)))+(log((log((7.671119665621742)+((0.7149070674104578)^(-0.1544508858936986))))^(log((7.671119665621742)+(((1.0447725271107409)-(sin(cos(x0))))*(((1.0447725271107409)-(sin(cos(x0))))*(((log(x7))+(sqrt(4.303574979274851)))^(((((x1)^(((7.671119665621742)+((((x4)+(-4.0137229286092335))-(sin(x1)))*(((log(x7))+(sqrt(4.303574979274851)))^((x4)-(sqrt(x1))))))-(sin(x1))))*(log((sin(x4))+(4.303574979274851))))+((x5)+(4.303574979274851)))-((7.671119665621742)+(log(((x5)+(sqrt(4.303574979274851)))+(sqrt(sqrt(sin((sin((-2.9822364320714723)*(sqrt((0.2806564697437999)/(3.906481138293307)))))*(((7.671119665621742)+(log(((log((x4)+(sqrt(x1))))/(sin(x4)))+(sqrt(x1)))))^(3.1375579858079625))))))))))))))))))))+(sqrt(x1)))))))*(x2)) 	Fitness: 250781.926168
	 ((((0.4627242214601637)+((6.597947372066862)+(4.303574979274851)))^(log((7.671119665621742)+(log(((log(((7.671119665621742)+(sin((sin(-8.990948252234531))*((x4)^(3.1375579858079625)))))^(log((7.671119665621742)+((cos((log((x4)+(sqrt(x2))))/(sin(x4))))*((8.216420171735852)*(6.86735035678441)))))))+(sqrt((log(((((x2)^(-5.995005558108191))*(x2))+((4.303574979274851)+(4.303574979274851)))^(x7)))+(log((log((7.671119665621742)+((0.7149070674104578)^(-0.1544508858936986))))^(log((7.671119665621742)+(((1.0447725271107409)-(sin(cos(x0))))*(((log(x7))+(sqrt(4.303574979274851)))^(((((x1)^(((7.671119665621742)+((((x4)+(-4.0137229286092335))-(sin(x1)))*(((log(x7))+(sqrt(4.303574979274851)))^((x4)-(sqrt(x1))))))-(sin(x1))))*(log((sin(x4))+(4.303574979274851))))+((4.303574979274851)+(4.303574979274851)))-(((log(((7.671119665621742)+(sin(-2.61969899422406)))^(log((7.671119665621742)+((cos((log((x4)+(sqrt(x2))))/(sin(x4))))*((8.216420171735852)*(6.86735035678441)))))))+(sqrt((log(((((x2)^(-5.995005558108191))*(x2))+((4.303574979274851)+(4.303574979274851)))^(x7)))+(log((log((7.671119665621742)+((0.7149070674104578)^(-0.1544508858936986))))^(log((7.671119665621742)+(((1.0447725271107409)-(sin(cos(x0))))*(((log(x7))+(sqrt(4.303574979274851)))^(((((x1)^(((7.671119665621742)+((((x4)+(-4.0137229286092335))-(sin(x1)))*(((log(x7))+(sqrt(4.303574979274851)))^((x4)-(sqrt(x1))))))-(sin(x1))))*(log((sin(x4))+(4.303574979274851))))+((4.303574979274851)+(4.303574979274851)))-((7.671119665621742)+(log(((x0)+(sqrt(x1)))+(sqrt(sqrt(sin((sin(-8.990948252234531))*(((7.671119665621742)+(log(((7.671119665621742)+(((1.0447725271107409)-(sin(cos(x0))))*(((log(x7))+(sqrt(4.303574979274851)))^(((((x1)^(((7.671119665621742)+((((x4)+(-4.0137229286092335))-(sin(x1)))*(((log(x7))+(sqrt(4.303574979274851)))^((x4)-(sqrt(x1))))))-(sin(x1))))*(log((sin(x4))+(4.303574979274851))))+((4.303574979274851)+(4.303574979274851)))-((7.671119665621742)+(log(((x5)+(sqrt(4.303574979274851)))+(sqrt(sqrt(sin((1.0447725271107409)*((x4)^(3.1375579858079625)))))))))))))+(sqrt(x1)))))^(3.1375579858079625)))))))))))))))))))+(sqrt(x1)))))))))))))+(sqrt(x1)))))))*(x2)) 	Fitness: 250783.658563
