Generation 1
Best fitness: 1.11025793162
Worst fitness: inf
Average fitness: 4.00875815253e+41
Number of repeated individuals: 5
Mutation improvement rate: 0.0%
Crossover improvement rate: 36.59%

Generation 2
Best fitness: 2.77477679664e-09
Worst fitness: 247.109268617
Average fitness: 11.5694593422
Number of repeated individuals: 7
Mutation improvement rate: 0.0%
Crossover improvement rate: 40.0%

Generation 3
Best fitness: 2.77477679664e-09
Worst fitness: 610.421234563
Average fitness: 13.4365274081
Number of repeated individuals: 8
Mutation improvement rate: 0.0%
Crossover improvement rate: 25.0%

Generation 4
Best fitness: 2.77477679664e-09
Worst fitness: 54.6117978468
Average fitness: 2.6838026399
Number of repeated individuals: 14
Mutation improvement rate: 0.0%
Crossover improvement rate: 34.78%

Generation 5
Best fitness: 2.77477679664e-09
Worst fitness: 246.061522599
Average fitness: 9.43856548169
Number of repeated individuals: 27
Mutation improvement rate: 0.0%
Crossover improvement rate: 14.44%

Generation 6
Best fitness: 2.77477679664e-09
Worst fitness: 7170.77811326
Average fitness: 82.4876573216
Number of repeated individuals: 44
Mutation improvement rate: 16.67%
Crossover improvement rate: 12.5%

Generation 7
Best fitness: 2.77477679664e-09
Worst fitness: 430626.728751
Average fitness: 4275.69189975
Number of repeated individuals: 55
Mutation improvement rate: 0.0%
Crossover improvement rate: 5.43%

Generation 8
Best fitness: 2.77477679664e-09
Worst fitness: 180.184367682
Average fitness: 11.8216206836
Number of repeated individuals: 75
Mutation improvement rate: 0.0%
Crossover improvement rate: 4.44%

Generation 9
Best fitness: 2.77477679664e-09
Worst fitness: 54.6117978468
Average fitness: 10.8069321427
Number of repeated individuals: 77
Mutation improvement rate: 0.0%
Crossover improvement rate: 0.0%

Generation 10
Best fitness: 2.77477679664e-09
Worst fitness: 58.1678605417
Average fitness: 10.1403188177
Number of repeated individuals: 72
Mutation improvement rate: 0.0%
Crossover improvement rate: 0.0%

Generation 11
Best fitness: 2.77477679664e-09
Worst fitness: 58.1678605417
Average fitness: 9.93674084383
Number of repeated individuals: 55
Mutation improvement rate: 0.0%
Crossover improvement rate: 0.0%

Generation 12
Best fitness: 2.77477679664e-09
Worst fitness: 20847.9276128
Average fitness: 217.003664292
Number of repeated individuals: 70
Mutation improvement rate: 0.0%
Crossover improvement rate: 2.22%

Generation 13
Best fitness: 2.77477679664e-09
Worst fitness: 150.535835538
Average fitness: 8.89074088416
Number of repeated individuals: 51
Mutation improvement rate: 0.0%
Crossover improvement rate: 0.0%

Generation 14
Best fitness: 2.77477679664e-09
Worst fitness: 780.866948943
Average fitness: 25.939435106
Number of repeated individuals: 51
Mutation improvement rate: 0.0%
Crossover improvement rate: 0.0%

Generation 15
Best fitness: 2.77477679664e-09
Worst fitness: 806.751024332
Average fitness: 16.1309195107
Number of repeated individuals: 35
Mutation improvement rate: 0.0%
Crossover improvement rate: 2.13%

Generation 16
Best fitness: 2.77477679664e-09
Worst fitness: 332.015732022
Average fitness: 11.0806074752
Number of repeated individuals: 15
Mutation improvement rate: 0.0%
Crossover improvement rate: 1.04%

Generation 17
Best fitness: 2.77477679664e-09
Worst fitness: 10293.3511539
Average fitness: 116.841099212
Number of repeated individuals: 15
Mutation improvement rate: 0.0%
Crossover improvement rate: 1.14%

Generation 18
Best fitness: 2.77477679664e-09
Worst fitness: 735.075153532
Average fitness: 13.8573625879
Number of repeated individuals: 9
Mutation improvement rate: 0.0%
Crossover improvement rate: 0.0%

Generation 19
Best fitness: 2.77477679664e-09
Worst fitness: 11905.0719111
Average fitness: 124.298186526
Number of repeated individuals: 2
Mutation improvement rate: 0.0%
Crossover improvement rate: 0.0%

Generation 20
Best fitness: 2.77477679664e-09
Worst fitness: 4700.48015352
Average fitness: 49.3464285357
Number of repeated individuals: 4
Mutation improvement rate: 0.0%
Crossover improvement rate: 0.0%

Generation 21
Best fitness: 2.77477679664e-09
Worst fitness: 8.07455301788e+18
Average fitness: 8.07455301788e+16
Number of repeated individuals: 1
Mutation improvement rate: 0.0%
Crossover improvement rate: 0.0%

Generation 22
Best fitness: 2.77477679664e-09
Worst fitness: 142.55329127
Average fitness: 2.38233234694
Number of repeated individuals: 8
Mutation improvement rate: 0.0%
Crossover improvement rate: 0.0%

Generation 23
Best fitness: 2.77477679664e-09
Worst fitness: 58.2255496279
Average fitness: 2.140964926
Number of repeated individuals: 2
Mutation improvement rate: 0.0%
Crossover improvement rate: 0.0%

Generation 24
Best fitness: 2.77477679664e-09
Worst fitness: 2.77407401642e+91
Average fitness: 2.74660793705e+89
Number of repeated individuals: 3
Mutation improvement rate: 0.0%
Crossover improvement rate: 0.0%

Generation 25
Best fitness: 2.77477679664e-09
Worst fitness: inf
Average fitness: 9.22337203685e+16
Number of repeated individuals: 5
Mutation improvement rate: 0.0%
Crossover improvement rate: 0.0%

Generation 26
Best fitness: 2.77477679664e-09
Worst fitness: 60.2373737014
Average fitness: 1.25882062409
Number of repeated individuals: 1
Mutation improvement rate: 0.0%
Crossover improvement rate: 0.0%

Generation 27
Best fitness: 2.77477679664e-09
Worst fitness: 58.1678605417
Average fitness: 0.873323002138
Number of repeated individuals: 2
Mutation improvement rate: 0.0%
Crossover improvement rate: 0.0%

Generation 28
Best fitness: 2.77477679664e-09
Worst fitness: 54.6117978468
Average fitness: 0.826260547004
Number of repeated individuals: 2
Mutation improvement rate: 0.0%
Crossover improvement rate: 0.0%

Generation 29
Best fitness: 2.77477679664e-09
Worst fitness: 2.40007533125e+49
Average fitness: 2.40007533125e+47
Number of repeated individuals: 0
Mutation improvement rate: 0.0%
Crossover improvement rate: 0.0%

Generation 30
Best fitness: 2.77477679664e-09
Worst fitness: 5938.59098201
Average fitness: 59.0464880292
Number of repeated individuals: 0
Mutation improvement rate: 0.0%
Crossover improvement rate: 0.0%

Generation 31
Best fitness: 2.77477679664e-09
Worst fitness: 1.11703209997e+98
Average fitness: 1.11703209997e+96
Number of repeated individuals: 1
Mutation improvement rate: 0.0%
Crossover improvement rate: 0.0%

Generation 32
Best fitness: 2.77477679664e-09
Worst fitness: 3.60533700022e+38
Average fitness: 3.56964059428e+36
Number of repeated individuals: 1
Mutation improvement rate: 0.0%
Crossover improvement rate: 0.0%

Generation 33
Best fitness: 2.77477679664e-09
Worst fitness: 3.87870666483
Average fitness: 0.145186448213
Number of repeated individuals: 0
Mutation improvement rate: 0.0%
Crossover improvement rate: 0.0%

Generation 34
Best fitness: 2.77477679664e-09
Worst fitness: 7.67382195246
Average fitness: 0.151221454548
Number of repeated individuals: 3
Mutation improvement rate: 0.0%
Crossover improvement rate: 0.0%

Generation 35
Best fitness: 2.77477679664e-09
Worst fitness: 54.6117978468
Average fitness: 0.694057537835
Number of repeated individuals: 1
Mutation improvement rate: 0.0%
Crossover improvement rate: 0.0%

Generation 36
Best fitness: 2.77477679664e-09
Worst fitness: 7.98193365487
Average fitness: 0.264222781772
Number of repeated individuals: 0
Mutation improvement rate: 0.0%
Crossover improvement rate: 0.0%

Generation 37
Best fitness: 2.77477679664e-09
Worst fitness: inf
Average fitness: 1.37894025731e+17
Number of repeated individuals: 2
Mutation improvement rate: 0.0%
Crossover improvement rate: 0.0%

Generation 38
Best fitness: 2.77477679664e-09
Worst fitness: 251.44941986
Average fitness: 3.53688291
Number of repeated individuals: 1
Mutation improvement rate: 0.0%
Crossover improvement rate: 0.0%

Generation 39
Best fitness: 2.77477679664e-09
Worst fitness: 44.0507192058
Average fitness: 0.695802971758
Number of repeated individuals: 1
Mutation improvement rate: 0.0%
Crossover improvement rate: 0.0%

Generation 40
Best fitness: 2.77477679664e-09
Worst fitness: 10912.1710027
Average fitness: 109.178498772
Number of repeated individuals: 1
Mutation improvement rate: 0.0%
Crossover improvement rate: 0.0%

Generation 41
Best fitness: 2.77477679664e-09
Worst fitness: 400.198370261
Average fitness: 4.1741677713
Number of repeated individuals: 1
Mutation improvement rate: 0.0%
Crossover improvement rate: 0.0%

Generation 42
Best fitness: 2.77477679664e-09
Worst fitness: 7.10633520186
Average fitness: 0.156019368623
Number of repeated individuals: 1
Mutation improvement rate: 0.0%
Crossover improvement rate: 0.0%

Generation 43
Best fitness: 2.77477679664e-09
Worst fitness: 6.80334128307
Average fitness: 0.291861151857
Number of repeated individuals: 2
Mutation improvement rate: 0.0%
Crossover improvement rate: 0.0%

Generation 44
Best fitness: 2.77477679664e-09
Worst fitness: 90.172574226
Average fitness: 0.99923261532
Number of repeated individuals: 1
Mutation improvement rate: 0.0%
Crossover improvement rate: 0.0%

Generation 45
Best fitness: 2.77477679664e-09
Worst fitness: 54.6117978468
Average fitness: 0.618060509143
Number of repeated individuals: 0
Mutation improvement rate: 0.0%
Crossover improvement rate: 0.0%

Generation 46
Best fitness: 2.77477679664e-09
Worst fitness: 59.3028685566
Average fitness: 0.901995792146
Number of repeated individuals: 0
Mutation improvement rate: 0.0%
Crossover improvement rate: 0.0%

Generation 47
Best fitness: 2.77477679664e-09
Worst fitness: 1138.69034326
Average fitness: 12.0548216908
Number of repeated individuals: 1
Mutation improvement rate: 0.0%
Crossover improvement rate: 0.0%

Generation 48
Best fitness: 2.77477679664e-09
Worst fitness: 63.1512958574
Average fitness: 0.724635700183
Number of repeated individuals: 0
Mutation improvement rate: 0.0%
Crossover improvement rate: 0.0%

Generation 49
Best fitness: 2.77477679664e-09
Worst fitness: 54.6117978468
Average fitness: 0.625036612175
Number of repeated individuals: 0
Mutation improvement rate: 0.0%
Crossover improvement rate: 0.0%

Generation 50
Best fitness: 2.77477679664e-09
Worst fitness: 54.6117978468
Average fitness: 1.09494290921
Number of repeated individuals: 1
Mutation improvement rate: 0.0%
Crossover improvement rate: 0.0%

Generation 51
Best fitness: 2.77477679664e-09
Worst fitness: 4592.18674246
Average fitness: 46.0233885281
Number of repeated individuals: 0
Mutation improvement rate: 0.0%
Crossover improvement rate: 0.0%

Generation 52
Best fitness: 2.77477679664e-09
Worst fitness: 6.13155465523
Average fitness: 0.131297965102
Number of repeated individuals: 0
Mutation improvement rate: 0.0%
Crossover improvement rate: 0.0%

Generation 53
Best fitness: 2.77477679664e-09
Worst fitness: 253.166322162
Average fitness: 2.58485250679
Number of repeated individuals: 0
Mutation improvement rate: 0.0%
Crossover improvement rate: 0.0%

Generation 54
Best fitness: 2.77477679664e-09
Worst fitness: inf
Average fitness: 9.22337203685e+16
Number of repeated individuals: 2
Mutation improvement rate: 0.0%
Crossover improvement rate: 0.0%

Generation 55
Best fitness: 2.77477679664e-09
Worst fitness: 7.98193365487
Average fitness: 0.180176946405
Number of repeated individuals: 0
Mutation improvement rate: 0.0%
Crossover improvement rate: 0.0%

Generation 56
Best fitness: 2.77477679664e-09
Worst fitness: 3.75277273751
Average fitness: 0.154319538282
Number of repeated individuals: 2
Mutation improvement rate: 0.0%
Crossover improvement rate: 0.0%

Generation 57
Best fitness: 2.77477679664e-09
Worst fitness: 278.95979768
Average fitness: 3.50175244934
Number of repeated individuals: 0
Mutation improvement rate: 0.0%
Crossover improvement rate: 0.0%

Generation 58
Best fitness: 2.77477679664e-09
Worst fitness: 6.13155465523
Average fitness: 0.204696597043
Number of repeated individuals: 0
Mutation improvement rate: 0.0%
Crossover improvement rate: 0.0%

Generation 59
Best fitness: 2.77477679664e-09
Worst fitness: 3.78051971941
Average fitness: 0.0760930610805
Number of repeated individuals: 1
Mutation improvement rate: 0.0%
Crossover improvement rate: 0.0%

Generation 60
Best fitness: 2.77477679664e-09
Worst fitness: 3.75277273751
Average fitness: 0.0395433723219
Number of repeated individuals: 0
Mutation improvement rate: 0.0%
Crossover improvement rate: 0.0%

Generation 61
Best fitness: 2.77477679664e-09
Worst fitness: 415245468409.0
Average fitness: 4111341271.39
Number of repeated individuals: 1
Mutation improvement rate: 0.0%
Crossover improvement rate: 0.0%

Generation 62
Best fitness: 2.77477679664e-09
Worst fitness: 65.1461778642
Average fitness: 0.94277826138
Number of repeated individuals: 1
Mutation improvement rate: 0.0%
Crossover improvement rate: 0.0%

Generation 63
Best fitness: 2.77477679664e-09
Worst fitness: 25.3549451015
Average fitness: 0.373099285212
Number of repeated individuals: 0
Mutation improvement rate: 0.0%
Crossover improvement rate: 0.0%

Generation 64
Best fitness: 2.77477679664e-09
Worst fitness: 7.12780850366
Average fitness: 0.159522828577
Number of repeated individuals: 0
Mutation improvement rate: 0.0%
Crossover improvement rate: 0.0%

Generation 65
Best fitness: 2.77477679664e-09
Worst fitness: 54.6117978468
Average fitness: 1.1483244403
Number of repeated individuals: 1
Mutation improvement rate: 0.0%
Crossover improvement rate: 0.0%

Generation 66
Best fitness: 2.77477679664e-09
Worst fitness: 3.7954685991
Average fitness: 0.0945142482234
Number of repeated individuals: 2
Mutation improvement rate: 0.0%
Crossover improvement rate: 0.0%

Generation 67
Best fitness: 2.77477679664e-09
Worst fitness: 29550.6433884
Average fitness: 292.660927551
Number of repeated individuals: 0
Mutation improvement rate: 0.0%
Crossover improvement rate: 0.0%

Generation 68
Best fitness: 2.77477679664e-09
Worst fitness: 3.75277273751
Average fitness: 0.118289768668
Number of repeated individuals: 0
Mutation improvement rate: 0.0%
Crossover improvement rate: 0.0%

Generation 69
Best fitness: 2.77477679664e-09
Worst fitness: 0.184295046537
Average fitness: 0.0018429532124
Number of repeated individuals: 2
Mutation improvement rate: 0.0%
Crossover improvement rate: 0.0%

Generation 70
Best fitness: 2.77477679664e-09
Worst fitness: 1.00185386033e+99
Average fitness: 1.00185386033e+97
Number of repeated individuals: 0
Mutation improvement rate: 0.0%
Crossover improvement rate: 0.0%

Generation 71
Best fitness: 2.77477679664e-09
Worst fitness: 688.06779471
Average fitness: 7.20488639679
Number of repeated individuals: 1
Mutation improvement rate: 0.0%
Crossover improvement rate: 0.0%

Generation 72
Best fitness: 2.77477679664e-09
Worst fitness: 1801434.29425
Average fitness: 17836.0157546
Number of repeated individuals: 1
Mutation improvement rate: 0.0%
Crossover improvement rate: 0.0%

Generation 73
Best fitness: 2.77477679664e-09
Worst fitness: 54.6117978468
Average fitness: 0.77840174612
Number of repeated individuals: 2
Mutation improvement rate: 0.0%
Crossover improvement rate: 0.0%

Generation 74
Best fitness: 2.77477679664e-09
Worst fitness: 164.199428342
Average fitness: 2.39399712234
Number of repeated individuals: 1
Mutation improvement rate: 0.0%
Crossover improvement rate: 0.0%

Generation 75
Best fitness: 2.77477679664e-09
Worst fitness: 50.2890777914
Average fitness: 0.606928675042
Number of repeated individuals: 2
Mutation improvement rate: 0.0%
Crossover improvement rate: 0.0%

Generation 76
Best fitness: 2.77477679664e-09
Worst fitness: inf
Average fitness: 5.39700062643e+45
Number of repeated individuals: 0
Mutation improvement rate: 0.0%
Crossover improvement rate: 0.0%

Generation 77
Best fitness: 2.77477679664e-09
Worst fitness: 9.39588792825
Average fitness: 0.126450760381
Number of repeated individuals: 1
Mutation improvement rate: 0.0%
Crossover improvement rate: 0.0%

Generation 78
Best fitness: 2.77477679664e-09
Worst fitness: 7.98193365487
Average fitness: 0.129750244467
Number of repeated individuals: 0
Mutation improvement rate: 0.0%
Crossover improvement rate: 0.0%

Generation 79
Best fitness: 2.77477679664e-09
Worst fitness: 51.788453932
Average fitness: 0.607494930379
Number of repeated individuals: 0
Mutation improvement rate: 0.0%
Crossover improvement rate: 0.0%

Generation 80
Best fitness: 2.77477679664e-09
Worst fitness: 3.75277273751
Average fitness: 0.0761208176936
Number of repeated individuals: 0
Mutation improvement rate: 0.0%
Crossover improvement rate: 0.0%

Generation 81
Best fitness: 2.77477679664e-09
Worst fitness: 4.60340082268
Average fitness: 0.103454475494
Number of repeated individuals: 1
Mutation improvement rate: 0.0%
Crossover improvement rate: 0.0%

Generation 82
Best fitness: 2.77477679664e-09
Worst fitness: inf
Average fitness: 9.13205152164e+16
Number of repeated individuals: 0
Mutation improvement rate: 0.0%
Crossover improvement rate: 0.0%

Generation 83
Best fitness: 2.77477679664e-09
Worst fitness: 0.968123849355
Average fitness: 0.0122005398319
Number of repeated individuals: 3
Mutation improvement rate: 0.0%
Crossover improvement rate: 0.0%

Generation 84
Best fitness: 2.77477679664e-09
Worst fitness: 53.9411363174
Average fitness: 0.54016981121
Number of repeated individuals: 0
Mutation improvement rate: 0.0%
Crossover improvement rate: 0.0%

Generation 85
Best fitness: 2.77477679664e-09
Worst fitness: 12.1918975492
Average fitness: 0.151756814036
Number of repeated individuals: 1
Mutation improvement rate: 0.0%
Crossover improvement rate: 0.0%

Generation 86
Best fitness: 2.77477679664e-09
Worst fitness: 0.353185633673
Average fitness: 0.00637463091387
Number of repeated individuals: 0
Mutation improvement rate: 0.0%
Crossover improvement rate: 0.0%

Generation 87
Best fitness: 2.77477679664e-09
Worst fitness: 2.79437214927
Average fitness: 0.0810330291021
Number of repeated individuals: 0
Mutation improvement rate: 0.0%
Crossover improvement rate: 0.0%

Generation 88
Best fitness: 2.77477679664e-09
Worst fitness: 3.30830255385
Average fitness: 0.085986082771
Number of repeated individuals: 0
Mutation improvement rate: 0.0%
Crossover improvement rate: 0.0%

Generation 89
Best fitness: 2.77477679664e-09
Worst fitness: inf
Average fitness: 9.13205152164e+16
Number of repeated individuals: 1
Mutation improvement rate: 0.0%
Crossover improvement rate: 0.0%

Generation 90
Best fitness: 2.77477679664e-09
Worst fitness: 3.7570644917
Average fitness: 0.106101142443
Number of repeated individuals: 0
Mutation improvement rate: 0.0%
Crossover improvement rate: 0.0%

Generation 91
Best fitness: 2.77477679664e-09
Worst fitness: 58.5671149324
Average fitness: 0.813287017208
Number of repeated individuals: 1
Mutation improvement rate: 0.0%
Crossover improvement rate: 0.0%

Generation 92
Best fitness: 2.77477679664e-09
Worst fitness: 3.82851523717
Average fitness: 0.0442063923566
Number of repeated individuals: 1
Mutation improvement rate: 0.0%
Crossover improvement rate: 0.0%

Generation 93
Best fitness: 2.77477679664e-09
Worst fitness: 2719849.43119
Average fitness: 27198.634221
Number of repeated individuals: 0
Mutation improvement rate: 0.0%
Crossover improvement rate: 0.0%

Generation 94
Best fitness: 2.77477679664e-09
Worst fitness: 7.98193365487
Average fitness: 0.108783902929
Number of repeated individuals: 1
Mutation improvement rate: 0.0%
Crossover improvement rate: 0.0%

Generation 95
Best fitness: 2.77477679664e-09
Worst fitness: 6.27534569469
Average fitness: 0.0916875559873
Number of repeated individuals: 0
Mutation improvement rate: 0.0%
Crossover improvement rate: 0.0%

Generation 96
Best fitness: 2.77477679664e-09
Worst fitness: 189810156.011
Average fitness: 1879308.62625
Number of repeated individuals: 0
Mutation improvement rate: 0.0%
Crossover improvement rate: 0.0%

Generation 97
Best fitness: 2.77477679664e-09
Worst fitness: 2.79437214927
Average fitness: 0.0557114879455
Number of repeated individuals: 0
Mutation improvement rate: 0.0%
Crossover improvement rate: 0.0%

Generation 98
Best fitness: 2.77477679664e-09
Worst fitness: 5055.2144746
Average fitness: 50.7290740012
Number of repeated individuals: 0
Mutation improvement rate: 0.0%
Crossover improvement rate: 0.0%

Generation 99
Best fitness: 2.77477679664e-09
Worst fitness: 7.82448277232
Average fitness: 0.0825476881261
Number of repeated individuals: 0
Mutation improvement rate: 0.0%
Crossover improvement rate: 0.0%

Generation 100
Best fitness: 2.77477679664e-09
Worst fitness: 466.193607261
Average fitness: 4.6699505053
Number of repeated individuals: 0
Mutation improvement rate: 0.0%
Crossover improvement rate: 0.0%

Generation 101
Best fitness: 2.77477679664e-09
Worst fitness: inf
Average fitness: 9.22337203685e+16
Number of repeated individuals: 0
Mutation improvement rate: 0.0%
Crossover improvement rate: 0.0%

Generation 102
Best fitness: 2.77477679664e-09
Worst fitness: 4630.03228139
Average fitness: 48.0155709599
Number of repeated individuals: 1
Mutation improvement rate: 0.0%
Crossover improvement rate: 0.0%

Generation 103
Best fitness: 2.77477679664e-09
Worst fitness: 3.81424038048
Average fitness: 0.0771340637545
Number of repeated individuals: 2
Mutation improvement rate: 0.0%
Crossover improvement rate: 0.0%

Generation 104
Best fitness: 2.77477679664e-09
Worst fitness: 3.75277273751
Average fitness: 0.106874862956
Number of repeated individuals: 2
Mutation improvement rate: 0.0%
Crossover improvement rate: 0.0%

Generation 105
Best fitness: 2.77477679664e-09
Worst fitness: 4.00463999388
Average fitness: 0.11753808935
Number of repeated individuals: 0
Mutation improvement rate: 0.0%
Crossover improvement rate: 0.0%

Generation 106
Best fitness: 2.77477679664e-09
Worst fitness: 2.77477679664e-09
Average fitness: 2.77477679664e-09
Number of repeated individuals: 1
Mutation improvement rate: 0.0%
Crossover improvement rate: 0.0%

Generation 107
Best fitness: 2.77477679664e-09
Worst fitness: 4.04018552903
Average fitness: 0.118640479539
Number of repeated individuals: 1
Mutation improvement rate: 0.0%
Crossover improvement rate: 0.0%

Generation 108
Best fitness: 2.77477679664e-09
Worst fitness: inf
Average fitness: 9.22337203685e+16
Number of repeated individuals: 1
Mutation improvement rate: 0.0%
Crossover improvement rate: 0.0%

Generation 109
Best fitness: 2.77477679664e-09
Worst fitness: 3.98587677225
Average fitness: 0.0704348724811
Number of repeated individuals: 0
Mutation improvement rate: 0.0%
Crossover improvement rate: 0.0%

Generation 110
Best fitness: 2.77477679664e-09
Worst fitness: 6.39013959398e+18
Average fitness: 6.32687088513e+16
Number of repeated individuals: 0
Mutation improvement rate: 0.0%
Crossover improvement rate: 0.0%

Generation 111
Best fitness: 2.77477679664e-09
Worst fitness: 3.08544953022
Average fitness: 0.0308544980492
Number of repeated individuals: 0
Mutation improvement rate: 0.0%
Crossover improvement rate: 0.0%

Generation 112
Best fitness: 2.77477679664e-09
Worst fitness: 152.229097854
Average fitness: 1.5717837019
Number of repeated individuals: 1
Mutation improvement rate: 0.0%
Crossover improvement rate: 0.0%

Generation 113
Best fitness: 2.77477679664e-09
Worst fitness: 55.4722784511
Average fitness: 0.576029163513
Number of repeated individuals: 0
Mutation improvement rate: 0.0%
Crossover improvement rate: 0.0%

Generation 114
Best fitness: 2.77477679664e-09
Worst fitness: 3.91728607491
Average fitness: 0.103835106102
Number of repeated individuals: 0
Mutation improvement rate: 0.0%
Crossover improvement rate: 0.0%

Generation 115
Best fitness: 2.77477679664e-09
Worst fitness: 38.4307647236
Average fitness: 0.462943967987
Number of repeated individuals: 0
Mutation improvement rate: 0.0%
Crossover improvement rate: 0.0%

Generation 116
Best fitness: 2.77477679664e-09
Worst fitness: 548123.534317
Average fitness: 5481.27340084
Number of repeated individuals: 0
Mutation improvement rate: 0.0%
Crossover improvement rate: 0.0%

Generation 117
Best fitness: 2.77477679664e-09
Worst fitness: 3037000503.61
Average fitness: 30069311.9847
Number of repeated individuals: 2
Mutation improvement rate: 0.0%
Crossover improvement rate: 0.0%

Generation 118
Best fitness: 2.77477679664e-09
Worst fitness: 64.1539888301
Average fitness: 0.716124530057
Number of repeated individuals: 1
Mutation improvement rate: 0.0%
Crossover improvement rate: 0.0%

Generation 119
Best fitness: 2.77477679664e-09
Worst fitness: 4.5395053174
Average fitness: 0.111869203152
Number of repeated individuals: 0
Mutation improvement rate: 0.0%
Crossover improvement rate: 0.0%

Generation 120
Best fitness: 2.77477679664e-09
Worst fitness: 13862.6164011
Average fitness: 137.731699592
Number of repeated individuals: 1
Mutation improvement rate: 0.0%
Crossover improvement rate: 0.0%

Generation 121
Best fitness: 2.77477679664e-09
Worst fitness: 2.77477679664e-09
Average fitness: 2.77477679664e-09
Number of repeated individuals: 0
Mutation improvement rate: 0.0%
Crossover improvement rate: 0.0%

Generation 122
Best fitness: 2.77477679664e-09
Worst fitness: 4.57164398355
Average fitness: 0.083986023585
Number of repeated individuals: 0
Mutation improvement rate: 0.0%
Crossover improvement rate: 0.0%

Generation 123
Best fitness: 2.77477679664e-09
Worst fitness: 66.0263259344
Average fitness: 0.838892888123
Number of repeated individuals: 0
Mutation improvement rate: 0.0%
Crossover improvement rate: 0.0%

Generation 124
Best fitness: 2.77477679664e-09
Worst fitness: 3.98887739055
Average fitness: 0.0398887766526
Number of repeated individuals: 0
Mutation improvement rate: 0.0%
Crossover improvement rate: 0.0%

Generation 125
Best fitness: 2.77477679664e-09
Worst fitness: 54.5596764516
Average fitness: 0.591977994288
Number of repeated individuals: 3
Mutation improvement rate: 0.0%
Crossover improvement rate: 0.0%

Generation 126
Best fitness: 2.77477679664e-09
Worst fitness: 0.197529221443
Average fitness: 0.00286108744127
Number of repeated individuals: 0
Mutation improvement rate: 0.0%
Crossover improvement rate: 0.0%

Generation 127
Best fitness: 2.77477679664e-09
Worst fitness: inf
Average fitness: 9.22337203685e+16
Number of repeated individuals: 0
Mutation improvement rate: 0.0%
Crossover improvement rate: 0.0%

Generation 128
Best fitness: 2.77477679664e-09
Worst fitness: 55.4722784511
Average fitness: 0.555201688221
Number of repeated individuals: 0
Mutation improvement rate: 0.0%
Crossover improvement rate: 0.0%

Generation 129
Best fitness: 2.77477679664e-09
Worst fitness: 3.75277273751
Average fitness: 0.0375277301221
Number of repeated individuals: 0
Mutation improvement rate: 0.0%
Crossover improvement rate: 0.0%

Generation 130
Best fitness: 2.77477679664e-09
Worst fitness: 2.77477679664e-09
Average fitness: 2.77477679664e-09
Number of repeated individuals: 0
Mutation improvement rate: 0.0%
Crossover improvement rate: 0.0%

Generation 131
Best fitness: 2.77477679664e-09
Worst fitness: 57.5091585149
Average fitness: 0.797505592944
Number of repeated individuals: 0
Mutation improvement rate: 0.0%
Crossover improvement rate: 0.0%

Generation 132
Best fitness: 2.77477679664e-09
Worst fitness: 367.138617273
Average fitness: 3.72843755117
Number of repeated individuals: 1
Mutation improvement rate: 0.0%
Crossover improvement rate: 0.0%

Generation 133
Best fitness: 2.77477679664e-09
Worst fitness: 1815.67532939
Average fitness: 18.6818151347
Number of repeated individuals: 0
Mutation improvement rate: 0.0%
Crossover improvement rate: 0.0%

Generation 134
Best fitness: 2.77477679664e-09
Worst fitness: 3.75344208128
Average fitness: 0.111949032084
Number of repeated individuals: 2
Mutation improvement rate: 0.0%
Crossover improvement rate: 0.0%

Generation 135
Best fitness: 2.77477679664e-09
Worst fitness: 9.44250084536
Average fitness: 0.228589529094
Number of repeated individuals: 0
Mutation improvement rate: 0.0%
Crossover improvement rate: 0.0%

Generation 136
Best fitness: 2.77477679664e-09
Worst fitness: 5.36503818364e+20
Average fitness: 5.36503818364e+18
Number of repeated individuals: 0
Mutation improvement rate: 0.0%
Crossover improvement rate: 0.0%

Generation 137
Best fitness: 2.77477679664e-09
Worst fitness: 1625.72294575
Average fitness: 17.4240009886
Number of repeated individuals: 1
Mutation improvement rate: 0.0%
Crossover improvement rate: 0.0%

Generation 138
Best fitness: 2.77477679664e-09
Worst fitness: 3.81358165643
Average fitness: 0.188555387693
Number of repeated individuals: 1
Mutation improvement rate: 0.0%
Crossover improvement rate: 0.0%

Generation 139
Best fitness: 2.77477679664e-09
Worst fitness: 54.6117978468
Average fitness: 0.611239131397
Number of repeated individuals: 1
Mutation improvement rate: 0.0%
Crossover improvement rate: 0.0%

Generation 140
Best fitness: 2.77477679664e-09
Worst fitness: 0.0322279752666
Average fitness: 0.00031909161133
Number of repeated individuals: 0
Mutation improvement rate: 0.0%
Crossover improvement rate: 0.0%

Generation 141
Best fitness: 2.77477679664e-09
Worst fitness: 3.79914999451
Average fitness: 0.0634334811194
Number of repeated individuals: 0
Mutation improvement rate: 0.0%
Crossover improvement rate: 0.0%

Generation 142
Best fitness: 2.77477679664e-09
Worst fitness: 54.6117978468
Average fitness: 1.13076498349
Number of repeated individuals: 0
Mutation improvement rate: 0.0%
Crossover improvement rate: 0.0%

Generation 143
Best fitness: 2.77477679664e-09
Worst fitness: 3.30335936343
Average fitness: 0.0626411826973
Number of repeated individuals: 0
Mutation improvement rate: 0.0%
Crossover improvement rate: 0.0%

Generation 144
Best fitness: 2.77477679664e-09
Worst fitness: 23.5972925458
Average fitness: 0.234343338477
Number of repeated individuals: 0
Mutation improvement rate: 0.0%
Crossover improvement rate: 0.0%

Generation 145
Best fitness: 2.77477679664e-09
Worst fitness: 753.051032371
Average fitness: 8.15438102535
Number of repeated individuals: 0
Mutation improvement rate: 0.0%
Crossover improvement rate: 0.0%

Generation 146
Best fitness: 2.77477679664e-09
Worst fitness: 3.81671997753
Average fitness: 0.0576866509523
Number of repeated individuals: 0
Mutation improvement rate: 0.0%
Crossover improvement rate: 0.0%

Generation 147
Best fitness: 2.77477679664e-09
Worst fitness: 7.98193365487
Average fitness: 0.116864412757
Number of repeated individuals: 0
Mutation improvement rate: 0.0%
Crossover improvement rate: 0.0%

Generation 148
Best fitness: 2.77477679664e-09
Worst fitness: 3.75277258604
Average fitness: 0.0375277286074
Number of repeated individuals: 1
Mutation improvement rate: 0.0%
Crossover improvement rate: 0.0%

Generation 149
Best fitness: 2.77477679664e-09
Worst fitness: 5.39589455984
Average fitness: 0.102543297878
Number of repeated individuals: 4
Mutation improvement rate: 0.0%
Crossover improvement rate: 0.0%

Generation 150
Best fitness: 2.77477679664e-09
Worst fitness: 2.77477679664e-09
Average fitness: 2.77477679664e-09
Number of repeated individuals: 0
Mutation improvement rate: 0.0%
Crossover improvement rate: 0.0%

Generation 151
Best fitness: 2.77477679664e-09
Worst fitness: 0.175866613853
Average fitness: 0.00175866888556
Number of repeated individuals: 1
Mutation improvement rate: 0.0%
Crossover improvement rate: 0.0%

Generation 152
Best fitness: 2.77477679664e-09
Worst fitness: 6.13155465523
Average fitness: 0.0953180389024
Number of repeated individuals: 1
Mutation improvement rate: 0.0%
Crossover improvement rate: 0.0%

Generation 153
Best fitness: 2.77477679664e-09
Worst fitness: 54.6117978468
Average fitness: 0.588840131216
Number of repeated individuals: 1
Mutation improvement rate: 0.0%
Crossover improvement rate: 0.0%

Generation 154
Best fitness: 2.77477679664e-09
Worst fitness: 2172.39826576
Average fitness: 21.8317634228
Number of repeated individuals: 1
Mutation improvement rate: 0.0%
Crossover improvement rate: 0.0%

Generation 155
Best fitness: 2.77477679664e-09
Worst fitness: 2.79437214927
Average fitness: 0.0626980127258
Number of repeated individuals: 0
Mutation improvement rate: 0.0%
Crossover improvement rate: 0.0%

Generation 156
Best fitness: 2.77477679664e-09
Worst fitness: 54.6117978468
Average fitness: 0.55973070653
Number of repeated individuals: 0
Mutation improvement rate: 0.0%
Crossover improvement rate: 0.0%

Generation 157
Best fitness: 2.77477679664e-09
Worst fitness: 3.37191038027
Average fitness: 0.0337191065497
Number of repeated individuals: 1
Mutation improvement rate: 0.0%
Crossover improvement rate: 0.0%

Generation 158
Best fitness: 2.77477679664e-09
Worst fitness: 17.1639494189
Average fitness: 0.436621255559
Number of repeated individuals: 0
Mutation improvement rate: 0.0%
Crossover improvement rate: 0.0%

Generation 159
Best fitness: 2.77477679664e-09
Worst fitness: 52.8565724945
Average fitness: 0.838816126228
Number of repeated individuals: 0
Mutation improvement rate: 0.0%
Crossover improvement rate: 0.0%

Generation 160
Best fitness: 2.77477679664e-09
Worst fitness: 3.98779097178
Average fitness: 0.0852580474204
Number of repeated individuals: 1
Mutation improvement rate: 0.0%
Crossover improvement rate: 0.0%

Generation 161
Best fitness: 2.77477679664e-09
Worst fitness: 494.918419959
Average fitness: 4.93936012888
Number of repeated individuals: 0
Mutation improvement rate: 0.0%
Crossover improvement rate: 0.0%

Generation 162
Best fitness: 2.77477679664e-09
Worst fitness: 1217357.34377
Average fitness: 13162.9686716
Number of repeated individuals: 0
Mutation improvement rate: 0.0%
Crossover improvement rate: 0.0%

Generation 163
Best fitness: 2.77477679664e-09
Worst fitness: 7.98193365487
Average fitness: 0.150087847559
Number of repeated individuals: 1
Mutation improvement rate: 0.0%
Crossover improvement rate: 0.0%

Generation 164
Best fitness: 2.77477679664e-09
Worst fitness: 3.31063065658
Average fitness: 0.0606686993506
Number of repeated individuals: 0
Mutation improvement rate: 0.0%
Crossover improvement rate: 0.0%

Generation 165
Best fitness: 2.77477679664e-09
Worst fitness: 3.40611779408
Average fitness: 0.0768379573034
Number of repeated individuals: 0
Mutation improvement rate: 0.0%
Crossover improvement rate: 0.0%

Generation 166
Best fitness: 2.77477679664e-09
Worst fitness: 3.75277273751
Average fitness: 0.0674916022854
Number of repeated individuals: 1
Mutation improvement rate: 0.0%
Crossover improvement rate: 0.0%

Generation 167
Best fitness: 2.77477679664e-09
Worst fitness: 54.6117978468
Average fitness: 1.04860663508
Number of repeated individuals: 0
Mutation improvement rate: 0.0%
Crossover improvement rate: 0.0%

Generation 168
Best fitness: 2.77477679664e-09
Worst fitness: 3973.87219685
Average fitness: 47.691478497
Number of repeated individuals: 1
Mutation improvement rate: 0.0%
Crossover improvement rate: 0.0%

Generation 169
Best fitness: 2.77477679664e-09
Worst fitness: 0.434570915065
Average fitness: 0.00434571189768
Number of repeated individuals: 0
Mutation improvement rate: 0.0%
Crossover improvement rate: 0.0%

Generation 170
Best fitness: 2.77477679664e-09
Worst fitness: 1049.39007636
Average fitness: 10.6344852457
Number of repeated individuals: 0
Mutation improvement rate: 0.0%
Crossover improvement rate: 0.0%

Generation 171
Best fitness: 2.77477679664e-09
Worst fitness: 61.5629051424
Average fitness: 1.15094235162
Number of repeated individuals: 0
Mutation improvement rate: 0.0%
Crossover improvement rate: 0.0%

Generation 172
Best fitness: 2.77477679664e-09
Worst fitness: 352438395.827
Average fitness: 3524384.16938
Number of repeated individuals: 1
Mutation improvement rate: 0.0%
Crossover improvement rate: 0.0%

Generation 173
Best fitness: 2.77477679664e-09
Worst fitness: 0.204180047927
Average fitness: 0.00283692457729
Number of repeated individuals: 0
Mutation improvement rate: 0.0%
Crossover improvement rate: 0.0%

Generation 174
Best fitness: 2.77477679664e-09
Worst fitness: 4.62735177675
Average fitness: 0.0467328408008
Number of repeated individuals: 0
Mutation improvement rate: 0.0%
Crossover improvement rate: 0.0%

Generation 175
Best fitness: 2.77477679664e-09
Worst fitness: 3.74854866231
Average fitness: 0.0679184748795
Number of repeated individuals: 0
Mutation improvement rate: 0.0%
Crossover improvement rate: 0.0%

Generation 176
Best fitness: 2.77477679664e-09
Worst fitness: 54.6117978468
Average fitness: 0.618646726866
Number of repeated individuals: 2
Mutation improvement rate: 0.0%
Crossover improvement rate: 0.0%

Generation 177
Best fitness: 2.77477679664e-09
Worst fitness: 112.773284181
Average fitness: 1.14793735578
Number of repeated individuals: 1
Mutation improvement rate: 0.0%
Crossover improvement rate: 0.0%

Generation 178
Best fitness: 2.77477679664e-09
Worst fitness: 79.5000247971
Average fitness: 1.9799800028
Number of repeated individuals: 1
Mutation improvement rate: 0.0%
Crossover improvement rate: 0.0%

Generation 179
Best fitness: 2.77477679664e-09
Worst fitness: 3.81223261715
Average fitness: 0.179384393562
Number of repeated individuals: 1
Mutation improvement rate: 0.0%
Crossover improvement rate: 0.0%

Generation 180
Best fitness: 2.77477679664e-09
Worst fitness: 3.30830255385
Average fitness: 0.0742649916157
Number of repeated individuals: 2
Mutation improvement rate: 0.0%
Crossover improvement rate: 0.0%

Generation 181
Best fitness: 2.77477679664e-09
Worst fitness: 3.74062416832
Average fitness: 0.0374062444302
Number of repeated individuals: 0
Mutation improvement rate: 0.0%
Crossover improvement rate: 0.0%

Generation 182
Best fitness: 2.77477679664e-09
Worst fitness: 1.47686298059e+22
Average fitness: 1.47686298059e+20
Number of repeated individuals: 0
Mutation improvement rate: 0.0%
Crossover improvement rate: 0.0%

Generation 183
Best fitness: 2.77477679664e-09
Worst fitness: 6.19083458899
Average fitness: 0.201141951547
Number of repeated individuals: 1
Mutation improvement rate: 0.0%
Crossover improvement rate: 0.0%

Generation 184
Best fitness: 2.77477679664e-09
Worst fitness: 1.10186176119e+14
Average fitness: 1.10186176119e+12
Number of repeated individuals: 0
Mutation improvement rate: 0.0%
Crossover improvement rate: 0.0%

Generation 185
Best fitness: 2.77477679664e-09
Worst fitness: 2.16258175755e+48
Average fitness: 2.14117005698e+46
Number of repeated individuals: 1
Mutation improvement rate: 0.0%
Crossover improvement rate: 0.0%

Generation 186
Best fitness: 2.77477679664e-09
Worst fitness: 9.47614603594e+100
Average fitness: 9.47614603594e+98
Number of repeated individuals: 0
Mutation improvement rate: 0.0%
Crossover improvement rate: 0.0%

Generation 187
Best fitness: 2.77477679664e-09
Worst fitness: 3.81068006112
Average fitness: 0.101083402269
Number of repeated individuals: 0
Mutation improvement rate: 0.0%
Crossover improvement rate: 0.0%

Generation 188
Best fitness: 2.77477679664e-09
Worst fitness: 523.235140035
Average fitness: 5.43789670429
Number of repeated individuals: 0
Mutation improvement rate: 0.0%
Crossover improvement rate: 0.0%

Generation 189
Best fitness: 2.77477679664e-09
Worst fitness: 54.6117978468
Average fitness: 1.03313371937
Number of repeated individuals: 0
Mutation improvement rate: 0.0%
Crossover improvement rate: 0.0%

Generation 190
Best fitness: 2.77477679664e-09
Worst fitness: inf
Average fitness: 9.2234248064e+16
Number of repeated individuals: 1
Mutation improvement rate: 0.0%
Crossover improvement rate: 0.0%

Generation 191
Best fitness: 2.77477679664e-09
Worst fitness: 1075.50974092
Average fitness: 11.2539172219
Number of repeated individuals: 0
Mutation improvement rate: 0.0%
Crossover improvement rate: 0.0%

Generation 192
Best fitness: 2.77477679664e-09
Worst fitness: 3.74556228796
Average fitness: 0.0374556256266
Number of repeated individuals: 0
Mutation improvement rate: 0.0%
Crossover improvement rate: 0.0%

Generation 193
Best fitness: 2.77477679664e-09
Worst fitness: 2.70667776911
Average fitness: 0.0267987925405
Number of repeated individuals: 0
Mutation improvement rate: 0.0%
Crossover improvement rate: 0.0%

Generation 194
Best fitness: 2.77477679664e-09
Worst fitness: 120.430254369
Average fitness: 2.38797497502
Number of repeated individuals: 0
Mutation improvement rate: 0.0%
Crossover improvement rate: 0.0%

Generation 195
Best fitness: 2.77477679664e-09
Worst fitness: 55.4625434208
Average fitness: 0.886042537142
Number of repeated individuals: 0
Mutation improvement rate: 0.0%
Crossover improvement rate: 0.0%

Generation 196
Best fitness: 2.77477679664e-09
Worst fitness: 7.98193365487
Average fitness: 0.141608563624
Number of repeated individuals: 0
Mutation improvement rate: 0.0%
Crossover improvement rate: 0.0%

Generation 197
Best fitness: 2.77477679664e-09
Worst fitness: 3.766771737
Average fitness: 0.121498566715
Number of repeated individuals: 2
Mutation improvement rate: 0.0%
Crossover improvement rate: 0.0%

Generation 198
Best fitness: 2.77477679664e-09
Worst fitness: 3.66729140259
Average fitness: 0.0366729167729