Generation 1
Best fitness: 0.0881838940902
Worst fitness: 260.583903546
Average fitness: 3.58117784235
Number of repeated individuals: 3
Mutation improvement rate: 25.0%
Crossover improvement rate: 48.84%

Generation 2
Best fitness: 2.84208713603e-09
Worst fitness: 46.6109126849
Average fitness: 1.31355825446
Number of repeated individuals: 3
Mutation improvement rate: 35.71%
Crossover improvement rate: 58.75%

Generation 3
Best fitness: 2.84208713603e-09
Worst fitness: inf
Average fitness: 9.13621908087e+16
Number of repeated individuals: 3
Mutation improvement rate: 12.5%
Crossover improvement rate: 44.19%

Generation 4
Best fitness: 2.84208713603e-09
Worst fitness: 162308772.547
Average fitness: 1623132.37634
Number of repeated individuals: 6
Mutation improvement rate: 21.43%
Crossover improvement rate: 45.95%

Generation 5
Best fitness: 2.84208713603e-09
Worst fitness: 3.80327258142e+18
Average fitness: 3.76561641725e+16
Number of repeated individuals: 5
Mutation improvement rate: 0.0%
Crossover improvement rate: 40.24%

Generation 6
Best fitness: 2.84208713603e-09
Worst fitness: 19.8098409306
Average fitness: 0.723898544237
Number of repeated individuals: 4
Mutation improvement rate: 5.0%
Crossover improvement rate: 54.41%

Generation 7
Best fitness: 2.84208713603e-09
Worst fitness: inf
Average fitness: 1.84467440737e+17
Number of repeated individuals: 4
Mutation improvement rate: 37.5%
Crossover improvement rate: 45.35%

Generation 8
Best fitness: 2.84208713603e-09
Worst fitness: 9.22337203685e+17
Average fitness: 9.22337203685e+15
Number of repeated individuals: 2
Mutation improvement rate: 10.0%
Crossover improvement rate: 45.12%

Generation 9
Best fitness: 2.84208713603e-09
Worst fitness: 106.536417731
Average fitness: 1.60441351512
Number of repeated individuals: 3
Mutation improvement rate: 0.0%
Crossover improvement rate: 52.22%

Generation 10
Best fitness: 2.84208713603e-09
Worst fitness: 5.30761774722
Average fitness: 0.390206387285
Number of repeated individuals: 4
Mutation improvement rate: 20.0%
Crossover improvement rate: 46.34%

Generation 11
Best fitness: 2.84208713603e-09
Worst fitness: 9.20255663776
Average fitness: 0.425902380271
Number of repeated individuals: 3
Mutation improvement rate: 12.5%
Crossover improvement rate: 50.0%

Generation 12
Best fitness: 2.84208713603e-09
Worst fitness: 7.3350986165
Average fitness: 0.496279022012
Number of repeated individuals: 3
Mutation improvement rate: 10.0%
Crossover improvement rate: 47.56%

Generation 13
Best fitness: 2.84208713603e-09
Worst fitness: 2.89334796313
Average fitness: 0.327778710967
Number of repeated individuals: 2
Mutation improvement rate: 10.0%
Crossover improvement rate: 40.24%

Generation 14
Best fitness: 2.84208713603e-09
Worst fitness: 25.7726379903
Average fitness: 0.786232155482
Number of repeated individuals: 3
Mutation improvement rate: 20.0%
Crossover improvement rate: 48.81%

Generation 15
Best fitness: 2.84208713603e-09
Worst fitness: 22.965324645
Average fitness: 0.764889447209
Number of repeated individuals: 2
Mutation improvement rate: 10.0%
Crossover improvement rate: 45.12%

Generation 16
Best fitness: 2.84208713603e-09
Worst fitness: 8.74377909062
Average fitness: 0.360141923448
Number of repeated individuals: 2
Mutation improvement rate: 25.0%
Crossover improvement rate: 52.38%

Generation 17
Best fitness: 2.84208713603e-09
Worst fitness: 3.38201541311
Average fitness: 0.209565994321
Number of repeated individuals: 3
Mutation improvement rate: 8.33%
Crossover improvement rate: 50.0%

Generation 18
Best fitness: 2.84208713603e-09
Worst fitness: 15.7528945291
Average fitness: 0.519381236844
Number of repeated individuals: 4
Mutation improvement rate: 0.0%
Crossover improvement rate: 47.56%

Generation 19
Best fitness: 2.84208713603e-09
Worst fitness: inf
Average fitness: 9.13205152164e+16
Number of repeated individuals: 7
Mutation improvement rate: 0.0%
Crossover improvement rate: 30.23%

Generation 20
Best fitness: 2.84208713603e-09
Worst fitness: 5.06786365249
Average fitness: 0.317375403249
Number of repeated individuals: 6
Mutation improvement rate: 12.5%
Crossover improvement rate: 45.0%

Generation 21
Best fitness: 2.84208713603e-09
Worst fitness: inf
Average fitness: 9.13205152164e+16
Number of repeated individuals: 9
Mutation improvement rate: 8.33%
Crossover improvement rate: 39.02%

Generation 22
Best fitness: 2.84208713603e-09
Worst fitness: inf
Average fitness: 9.22337203685e+16
Number of repeated individuals: 7
Mutation improvement rate: 7.14%
Crossover improvement rate: 45.0%

Generation 23
Best fitness: 2.84208713603e-09
Worst fitness: 2.17841311703
Average fitness: 0.162298060784
Number of repeated individuals: 10
Mutation improvement rate: 0.0%
Crossover improvement rate: 43.48%

Generation 24
Best fitness: 2.84208713603e-09
Worst fitness: inf
Average fitness: 1.84467440739e+17
Number of repeated individuals: 10
Mutation improvement rate: 6.25%
Crossover improvement rate: 18.06%

Generation 25
Best fitness: 2.84208713603e-09
Worst fitness: 7.62611673721
Average fitness: 0.321556445376
Number of repeated individuals: 6
Mutation improvement rate: 0.0%
Crossover improvement rate: 39.77%

Generation 26
Best fitness: 2.84208713603e-09
Worst fitness: inf
Average fitness: 9.22337203685e+16
Number of repeated individuals: 4
Mutation improvement rate: 28.57%
Crossover improvement rate: 28.75%

Generation 27
Best fitness: 2.84208713603e-09
Worst fitness: 9.55263229524
Average fitness: 0.340552467327
Number of repeated individuals: 6
Mutation improvement rate: 0.0%
Crossover improvement rate: 32.93%

Generation 28
Best fitness: 2.84208713603e-09
Worst fitness: inf
Average fitness: 2.47719694388e+107
Number of repeated individuals: 6
Mutation improvement rate: 0.0%
Crossover improvement rate: 30.23%

Generation 29
Best fitness: 2.84208713603e-09
Worst fitness: 8.98983104089e+18
Average fitness: 8.90082281292e+16
Number of repeated individuals: 3
Mutation improvement rate: 0.0%
Crossover improvement rate: 32.43%

Generation 30
Best fitness: 2.84208713603e-09
Worst fitness: inf
Average fitness: 1.85869450845e+17
Number of repeated individuals: 5
Mutation improvement rate: 5.56%
Crossover improvement rate: 34.62%

Generation 31
Best fitness: 2.84208713603e-09
Worst fitness: inf
Average fitness: 2.73961545649e+17
Number of repeated individuals: 1
Mutation improvement rate: 0.0%
Crossover improvement rate: 42.86%

Generation 32
Best fitness: 2.84208713603e-09
Worst fitness: 12.5825161627
Average fitness: 0.501157356061
Number of repeated individuals: 1
Mutation improvement rate: 16.67%
Crossover improvement rate: 38.89%

Generation 33
Best fitness: 2.84208713603e-09
Worst fitness: inf
Average fitness: 9.22337203685e+16
Number of repeated individuals: 1
Mutation improvement rate: 0.0%
Crossover improvement rate: 33.33%

Generation 34
Best fitness: 2.84208713603e-09
Worst fitness: 1.6863008314
Average fitness: 0.223999831715
Number of repeated individuals: 1
Mutation improvement rate: 0.0%
Crossover improvement rate: 34.04%

Generation 35
Best fitness: 2.84208713603e-09
Worst fitness: 8.01528153225
Average fitness: 0.329473679976
Number of repeated individuals: 1
Mutation improvement rate: 14.29%
Crossover improvement rate: 45.0%

Generation 36
Best fitness: 2.84208713603e-09
Worst fitness: inf
Average fitness: 9.22337203685e+16
Number of repeated individuals: 0
Mutation improvement rate: 0.0%
Crossover improvement rate: 45.35%

Generation 37
Best fitness: 2.84208713603e-09
Worst fitness: 3.3897605956e+88
Average fitness: 3.3897605956e+86
Number of repeated individuals: 2
Mutation improvement rate: 0.0%
Crossover improvement rate: 36.59%

Generation 38
Best fitness: 2.84208713603e-09
Worst fitness: 7.87308840487
Average fitness: 0.221273624678
Number of repeated individuals: 1
Mutation improvement rate: 0.0%
Crossover improvement rate: 30.0%

Generation 39
Best fitness: 2.84208713603e-09
Worst fitness: 4.69312003142
Average fitness: 0.1611700801
Number of repeated individuals: 0
Mutation improvement rate: 0.0%
Crossover improvement rate: 12.16%

Generation 40
Best fitness: 2.84208713603e-09
Worst fitness: 111.763133175
Average fitness: 1.59577418266
Number of repeated individuals: 0
Mutation improvement rate: 0.0%
Crossover improvement rate: 14.63%

Generation 41
Best fitness: 2.84208713603e-09
Worst fitness: 1.90492864488
Average fitness: 0.0666006336882
Number of repeated individuals: 0
Mutation improvement rate: 0.0%
Crossover improvement rate: 6.25%

Generation 42
Best fitness: 2.84208713603e-09
Worst fitness: 1.04520645924
Average fitness: 0.0568174949027
Number of repeated individuals: 0
Mutation improvement rate: 0.0%
Crossover improvement rate: 1.16%

Generation 43
Best fitness: 2.84208713603e-09
Worst fitness: 111.425944183
Average fitness: 1.1846525857
Number of repeated individuals: 0
Mutation improvement rate: 0.0%
Crossover improvement rate: 3.41%

Generation 44
Best fitness: 2.84208713603e-09
Worst fitness: 9.22337203685e+17
Average fitness: 9.22337203685e+15
Number of repeated individuals: 1
Mutation improvement rate: 5.56%
Crossover improvement rate: 1.35%

Generation 45
Best fitness: 2.84208713603e-09
Worst fitness: 7.92906331895e+15
Average fitness: 7.92906331895e+13
Number of repeated individuals: 0
Mutation improvement rate: 0.0%
Crossover improvement rate: 9.46%

Generation 46
Best fitness: 2.84208713603e-09
Worst fitness: 5.72082589367
Average fitness: 0.111993103141
Number of repeated individuals: 1
Mutation improvement rate: 0.0%
Crossover improvement rate: 6.25%

Generation 47
Best fitness: 2.84208713603e-09
Worst fitness: 1.26969250748
Average fitness: 0.0549218992208
Number of repeated individuals: 1
Mutation improvement rate: 0.0%
Crossover improvement rate: 2.27%

Generation 48
Best fitness: 2.84208713603e-09
Worst fitness: 3.9383177019
Average fitness: 0.0993761132712
Number of repeated individuals: 0
Mutation improvement rate: 0.0%
Crossover improvement rate: 0.0%

Generation 49
Best fitness: 2.84208713603e-09
Worst fitness: inf
Average fitness: 9.13205152164e+16
Number of repeated individuals: 0
Mutation improvement rate: 0.0%
Crossover improvement rate: 1.14%

Generation 50
Best fitness: 2.84208713603e-09
Worst fitness: 1.7491274384
Average fitness: 0.035666160298
Number of repeated individuals: 1
Mutation improvement rate: 0.0%
Crossover improvement rate: 0.0%

Generation 51
Best fitness: 2.84208713603e-09
Worst fitness: 8.89285814566
Average fitness: 0.191047504561
Number of repeated individuals: 0
Mutation improvement rate: 0.0%
Crossover improvement rate: 0.0%

Generation 52
Best fitness: 2.84208713603e-09
Worst fitness: 1.52392225178
Average fitness: 0.0627818500916
Number of repeated individuals: 0
Mutation improvement rate: 16.67%
Crossover improvement rate: 3.33%

Generation 53
Best fitness: 2.84208713603e-09
Worst fitness: 529.644453994
Average fitness: 5.2730672307
Number of repeated individuals: 0
Mutation improvement rate: 0.0%
Crossover improvement rate: 0.0%

Generation 54
Best fitness: 2.84208713603e-09
Worst fitness: 6.50196157753
Average fitness: 0.171451587723
Number of repeated individuals: 2
Mutation improvement rate: 0.0%
Crossover improvement rate: 0.0%

Generation 55
Best fitness: 2.84208713603e-09
Worst fitness: 1.29197054075
Average fitness: 0.0500844904151
Number of repeated individuals: 1
Mutation improvement rate: 0.0%
Crossover improvement rate: 0.0%

Generation 56
Best fitness: 2.84208713603e-09
Worst fitness: 8.22005633607
Average fitness: 0.127750763179
Number of repeated individuals: 1
Mutation improvement rate: 0.0%
Crossover improvement rate: 0.0%

Generation 57
Best fitness: 2.84208713603e-09
Worst fitness: 45.7545945135
Average fitness: 0.522688854998
Number of repeated individuals: 0
Mutation improvement rate: 0.0%
Crossover improvement rate: 2.38%

Generation 58
Best fitness: 2.84208713603e-09
Worst fitness: 5.60170278974
Average fitness: 0.0841551181857
Number of repeated individuals: 0
Mutation improvement rate: 0.0%
Crossover improvement rate: 0.0%

Generation 59
Best fitness: 2.84208713603e-09
Worst fitness: 1.39035545965
Average fitness: 0.0302973093396
Number of repeated individuals: 1
Mutation improvement rate: 0.0%
Crossover improvement rate: 1.09%

Generation 60
Best fitness: 2.84208713603e-09
Worst fitness: inf
Average fitness: 9.22337203685e+16
Number of repeated individuals: 1
Mutation improvement rate: 0.0%
Crossover improvement rate: 0.0%

Generation 61
Best fitness: 2.84208713603e-09
Worst fitness: 1.70628674553
Average fitness: 0.0946612219909
Number of repeated individuals: 0
Mutation improvement rate: 0.0%
Crossover improvement rate: 7.14%

Generation 62
Best fitness: 2.84208713603e-09
Worst fitness: 7.84455023087
Average fitness: 0.198298553453
Number of repeated individuals: 0
Mutation improvement rate: 0.0%
Crossover improvement rate: 1.16%

Generation 63
Best fitness: 2.84208713603e-09
Worst fitness: 2.01000527157
Average fitness: 0.0599401033615
Number of repeated individuals: 0
Mutation improvement rate: 0.0%
Crossover improvement rate: 3.66%

Generation 64
Best fitness: 2.84208713603e-09
Worst fitness: 3.18466522436
Average fitness: 0.0990249337548
Number of repeated individuals: 0
Mutation improvement rate: 0.0%
Crossover improvement rate: 2.33%

Generation 65
Best fitness: 2.84208713603e-09
Worst fitness: 118.841677354
Average fitness: 1.27018288885
Number of repeated individuals: 0
Mutation improvement rate: 0.0%
Crossover improvement rate: 8.54%

Generation 66
Best fitness: 2.84208713603e-09
Worst fitness: 311.838905492
Average fitness: 3.13717092125
Number of repeated individuals: 0
Mutation improvement rate: 0.0%
Crossover improvement rate: 0.0%

Generation 67
Best fitness: 2.84208713603e-09
Worst fitness: 8.18813979867
Average fitness: 0.213353275403
Number of repeated individuals: 0
Mutation improvement rate: 0.0%
Crossover improvement rate: 2.27%

Generation 68
Best fitness: 2.84208713603e-09
Worst fitness: 5.47815570716
Average fitness: 0.164473833416
Number of repeated individuals: 0
Mutation improvement rate: 0.0%
Crossover improvement rate: 0.0%

Generation 69
Best fitness: 2.84208713603e-09
Worst fitness: 160.761713661
Average fitness: 1.91874329176
Number of repeated individuals: 0
Mutation improvement rate: 0.0%
Crossover improvement rate: 2.27%

Generation 70
Best fitness: 2.84208713603e-09
Worst fitness: inf
Average fitness: 9.13205152307e+16
Number of repeated individuals: 1
Mutation improvement rate: 0.0%
Crossover improvement rate: 2.5%

Generation 71
Best fitness: 2.84208713603e-09
Worst fitness: 7.19171335437
Average fitness: 0.168332639498
Number of repeated individuals: 0
Mutation improvement rate: 0.0%
Crossover improvement rate: 1.22%

Generation 72
Best fitness: 2.84208713603e-09
Worst fitness: 2.75688819483
Average fitness: 0.126611703186
Number of repeated individuals: 1
Mutation improvement rate: 0.0%
Crossover improvement rate: 3.49%

Generation 73
Best fitness: 2.84208713603e-09
Worst fitness: 79.7760813069
Average fitness: 1.00044441363
Number of repeated individuals: 0
Mutation improvement rate: 0.0%
Crossover improvement rate: 3.75%

Generation 74
Best fitness: 2.84208713603e-09
Worst fitness: 462.160616492
Average fitness: 4.67725623453
Number of repeated individuals: 0
Mutation improvement rate: 0.0%
Crossover improvement rate: 3.41%

Generation 75
Best fitness: 2.84208713603e-09
Worst fitness: 8.50619928626
Average fitness: 0.184882072278
Number of repeated individuals: 0
Mutation improvement rate: 0.0%
Crossover improvement rate: 2.44%

Generation 76
Best fitness: 2.84208713603e-09
Worst fitness: 317.965040645
Average fitness: 3.19582404815
Number of repeated individuals: 0
Mutation improvement rate: 0.0%
Crossover improvement rate: 1.16%

Generation 77
Best fitness: 2.84208713603e-09
Worst fitness: inf
Average fitness: 9.22337203685e+16
Number of repeated individuals: 0
Mutation improvement rate: 0.0%
Crossover improvement rate: 0.0%

Generation 78
Best fitness: 2.84208713603e-09
Worst fitness: inf
Average fitness: 9.22337203717e+16
Number of repeated individuals: 0
Mutation improvement rate: 7.14%
Crossover improvement rate: 1.28%

Generation 79
Best fitness: 2.84208713603e-09
Worst fitness: 5.90704802782
Average fitness: 0.108467676584
Number of repeated individuals: 0
Mutation improvement rate: 0.0%
Crossover improvement rate: 2.27%

Generation 80
Best fitness: 2.84208713603e-09
Worst fitness: 2.98514724147
Average fitness: 0.129250107146
Number of repeated individuals: 1
Mutation improvement rate: 0.0%
Crossover improvement rate: 2.63%

Generation 81
Best fitness: 2.84208713603e-09
Worst fitness: 2.78507790939
Average fitness: 0.111831743228
Number of repeated individuals: 0
Mutation improvement rate: 0.0%
Crossover improvement rate: 6.41%

Generation 82
Best fitness: 2.84208713603e-09
Worst fitness: inf
Average fitness: 9.13205152164e+16
Number of repeated individuals: 0
Mutation improvement rate: 0.0%
Crossover improvement rate: 1.14%

Generation 83
Best fitness: 2.84208713603e-09
Worst fitness: 0.790490853241
Average fitness: 0.0500748876654
Number of repeated individuals: 0
Mutation improvement rate: 0.0%
Crossover improvement rate: 0.0%

Generation 84
Best fitness: 2.84208713603e-09
Worst fitness: 1.49218408489e+20
Average fitness: 1.47740998504e+18
Number of repeated individuals: 1
Mutation improvement rate: 0.0%
Crossover improvement rate: 0.0%

Generation 85
Best fitness: 2.84208713603e-09
Worst fitness: 5.90704802782
Average fitness: 0.165841679045
Number of repeated individuals: 0
Mutation improvement rate: 0.0%
Crossover improvement rate: 6.1%

Generation 86
Best fitness: 2.84208713603e-09
Worst fitness: 9.17713930443e+18
Average fitness: 9.08627653904e+16
Number of repeated individuals: 0
Mutation improvement rate: 0.0%
Crossover improvement rate: 0.0%

Generation 87
Best fitness: 2.84208713603e-09
Worst fitness: inf
Average fitness: 9.22337203685e+16
Number of repeated individuals: 0
Mutation improvement rate: 0.0%
Crossover improvement rate: 0.0%

Generation 88
Best fitness: 2.84208713603e-09
Worst fitness: 85.0474721117
Average fitness: 1.06432532033
Number of repeated individuals: 0
Mutation improvement rate: 0.0%
Crossover improvement rate: 1.19%

Generation 89
Best fitness: 2.84208713603e-09
Worst fitness: inf
Average fitness: 9.22337203685e+16
Number of repeated individuals: 0
Mutation improvement rate: 0.0%
Crossover improvement rate: 2.44%

Generation 90
Best fitness: 2.84208713603e-09
Worst fitness: 130.436743393
Average fitness: 2.5802630674
Number of repeated individuals: 0
Mutation improvement rate: 0.0%
Crossover improvement rate: 3.85%

Generation 91
Best fitness: 2.84208713603e-09
Worst fitness: 0.496127617656
Average fitness: 0.0138473795165
Number of repeated individuals: 0
Mutation improvement rate: 0.0%
Crossover improvement rate: 0.0%

Generation 92
Best fitness: 2.84208713603e-09
Worst fitness: 2.06061360958
Average fitness: 0.0381229158439
Number of repeated individuals: 0
Mutation improvement rate: 0.0%
Crossover improvement rate: 0.0%

Generation 93
Best fitness: 2.84208713603e-09
Worst fitness: 0.91127307493
Average fitness: 0.0364209548822
Number of repeated individuals: 0
Mutation improvement rate: 0.0%
Crossover improvement rate: 1.22%

Generation 94
Best fitness: 2.84208713603e-09
Worst fitness: 7870.20289698
Average fitness: 79.0362322851
Number of repeated individuals: 0
Mutation improvement rate: 0.0%
Crossover improvement rate: 1.32%

Generation 95
Best fitness: 2.84208713603e-09
Worst fitness: 118.841677354
Average fitness: 1.23189708633
Number of repeated individuals: 0
Mutation improvement rate: 0.0%
Crossover improvement rate: 0.0%

Generation 96
Best fitness: 2.84208713603e-09
Worst fitness: 3.41323329992
Average fitness: 0.0634008215339
Number of repeated individuals: 0
Mutation improvement rate: 0.0%
Crossover improvement rate: 1.14%

Generation 97
Best fitness: 2.84208713603e-09
Worst fitness: 1.37742567035
Average fitness: 0.0376364024119
Number of repeated individuals: 0
Mutation improvement rate: 0.0%
Crossover improvement rate: 2.33%

Generation 98
Best fitness: 2.84208713603e-09
Worst fitness: 148.104215331
Average fitness: 1.64278958824
Number of repeated individuals: 0
Mutation improvement rate: 0.0%
Crossover improvement rate: 1.25%

Generation 99
Best fitness: 2.84208713603e-09
Worst fitness: 0.782003051272
Average fitness: 0.0223242667728
Number of repeated individuals: 0
Mutation improvement rate: 0.0%
Crossover improvement rate: 0.0%

Generation 100
Best fitness: 2.84208713603e-09
Worst fitness: 0.289467419652
Average fitness: 0.00371775712877
Number of repeated individuals: 0
Mutation improvement rate: 0.0%
Crossover improvement rate: 0.0%

Top 5 individuals for training dataset:

	 (((sin((log(sin(((x0)/(cos(cos(((cos(sin(cos(((-7.404178046763414)-(-5.122905470421577))*(x1)))))*(((x0)+(9.289242215866079))/(x1)))*(sin(((x0)/(((cos(sin(6.9262183337203425)))*(log((sin(cos(cos(sin(log(x0))))))/((cos(x1))^(x1)))))^(log((cos(sin(6.9262183337203425)))^(x1)))))^(x1)))))))^(x1))))^((cos(sin(cos(sin(sin((cos(log(cos(x1))))^(cos(sin(sin(((2.772820159008509)/(((cos(sin(6.9262183337203425)))*(log((sin(cos(cos(sin(log(x0))))))/((cos(x1))^(x1)))))^(log((cos(sin(6.9262183337203425)))^(x1)))))^(x1)))))))))))*(3.966954914657766))))+(x1))^(x0)) 	Fitness: 2.84208713603e-09
	 (((sin((log(sin(((x0)/(cos(cos(((cos(sin(cos(((-7.404178046763414)-(-5.122905470421577))*(x1)))))*(((x0)+(9.289242215866079))/(x1)))*(cos(sin(cos(((-7.404178046763414)-(-5.122905470421577))*(x1)))))))))^(x1))))^((cos(sin(cos(sin(sin((cos(((cos(sin(cos(x0))))*(((x0)+(9.289242215866079))/(x0)))*((sqrt(sin(((x0)/(((((cos(sin((x1)^(sqrt((-2.545637502465043)^((log(cos(sin(cos(sin(cos((x0)*(cos(((cos(sin(cos(x0))))*(((x0)+(9.289242215866079))/(x0)))*((sqrt(sin(((x0)/(((((cos(sin(x0)))*(4.442217960593492))+(((x1)*(-4.693962334771385))-(-5.122905470421577)))*(log((-9.116904079362751)/((cos(((cos(-6.5510824153704945))*(-4.693962334771385))/(x0)))^(x1)))))^(log((cos(sin(6.9262183337203425)))^(x1)))))^(x1))))*(x1)))))))))))*(x1)))))))*(-9.116904079362751))+(((x1)*(-4.693962334771385))-(-5.122905470421577)))*(log((-9.116904079362751)/((cos(x1))^(x1)))))^(log((cos(sin(6.9262183337203425)))^(x1)))))^(x1))))*(x1))))^(cos(sin(sin(((2.772820159008509)/(((cos(sin(6.9262183337203425)))*(log((sin(cos(cos(sin(log(x0))))))/((cos(x1))^(x1)))))^(log((cos(sin(6.9262183337203425)))^(x1)))))^(x1)))))))))))*(3.966954914657766))))+(x1))^(x0)) 	Fitness: 2.84208713603e-09
	 (((sin((log(sin(((x0)/(cos(cos(((cos(sin(cos(((-7.404178046763414)-(-5.122905470421577))*(x1)))))*(((x0)+(9.289242215866079))/(x1)))*(sin(((x0)/(((cos(sin(6.9262183337203425)))*(log((sin(cos(cos(sin(log(x0))))))/((cos(x1))^(x1)))))^(log((cos(sin(6.9262183337203425)))^(x1)))))^(x1)))))))^(x1))))^((cos(sin(cos(sin(sin((cos(((cos(sin(cos(x0))))*(((x0)+(9.289242215866079))/(x0)))*((sqrt(sin(((x0)/(((((cos(sin((x1)^(sqrt((-2.545637502465043)^((log(cos(sin(cos(sin(cos((x0)*(cos(((cos(sin(cos(x0))))*(((x0)+(9.289242215866079))/(x0)))*((sqrt(sin(((x0)/((((x1)+(((x1)*(-4.693962334771385))-(-5.122905470421577)))*(log((-9.116904079362751)/((cos(((cos(-6.5510824153704945))*((-5.122905470421577)*(cos(x0))))/(x0)))^(x1)))))^(log((cos(sin(6.9262183337203425)))^(x1)))))^(-6.5510824153704945))))*(x1)))))))))))*(x1)))))))*(-9.116904079362751))+(((x1)*(-4.693962334771385))-(-5.122905470421577)))*(log((-9.116904079362751)/((cos(x1))^(x1)))))^(log((cos(sin(6.9262183337203425)))^(x1)))))^(x1))))*(x1))))^(cos(sin(sin(((2.772820159008509)/(((cos(sin(6.9262183337203425)))*(log((sin(cos(cos(sin(log(x0))))))/((cos(x1))^(x1)))))^(log((cos(sin(6.9262183337203425)))^(x1)))))^(x1)))))))))))*(3.966954914657766))))+(x1))^(x0)) 	Fitness: 2.84208713603e-09
	 (((sin((log(sin(sin(cos(sin(cos(((-7.404178046763414)-(sin(x1)))*(cos(cos(sin(cos(((-7.404178046763414)-(-5.122905470421577))*(cos(((sin((sin(-7.404178046763414))+(x1)))+(log(4.194134879472662)))^(x0)))))))))))))))^((cos(sin(cos(sin((sin((log(sin(sin(cos(sin(cos((((-7.404178046763414)-((log((x0)/(x1)))*(cos((x0)+(9.289242215866079)))))*(x1))*(cos((cos(sin(cos(log(x0)))))^((sin(log(cos(sqrt(log(x0))))))+(log(cos(log(sin(((-7.404178046763414)-(sin(((x0)/(x0))^((x0)/(sqrt(sin(((sin(sin((((x1)+((cos(log(cos(x1))))-(x0)))*(sin((((cos(sin(cos(log(sin((log(cos(-1.3865008768464921)))^(x1)))))))^((sin(log(cos(sqrt(log((x1)+(x1)))))))+(log(cos(((-7.404178046763414)-(3.966954914657766))*(cos(((sin(((((x0)+(-2.545637502465043))*(cos((x0)+(9.289242215866079))))*((7.494855973724533)/(-6.5510824153704945)))^(log(x0))))+(log(x1)))^(log(log(x1))))))))))*(-6.5510824153704945))^(sin((x1)+((cos(x1))-(x0)))))))^(log((cos(sin(6.9262183337203425)))^(x1))))))+(cos(sin(cos(cos((x0)*(cos((cos(sin(cos(log(log(x0))))))^((sin(log(x1)))+(log(cos(((-7.404178046763414)-(3.966954914657766))*(cos(((sin(((((x0)+(-2.545637502465043))*(cos((x0)+(9.289242215866079))))*((7.494855973724533)/(-6.5510824153704945)))^(log(x0))))+(log(x1)))^(log(log(x0)))))))))))))))))^(x1))))))))*(cos(-9.116904079362751)))))))))))))))))^(x0)))+((log((x0)/(cos((sin(sin((((x1)+((cos(log(cos(x1))))-(((x1)*(-4.693962334771385))-(-5.122905470421577))))*(3.0798586975546733))^(log((cos(9.289242215866079))^(4.194134879472662))))))+(cos(sin(cos(((-7.404178046763414)-(-5.122905470421577))*(cos(((sin((((log((cos(sin(cos((-5.122905470421577)*(x0)))))*(((sin(sin((((x1)+(((-7.404178046763414)-(-5.122905470421577))-(x0)))*(log((-9.116904079362751)/(7.97467390804098))))^(-3.9628368191217973))))+(cos(sin(cos(((-5.122905470421577)-(-5.122905470421577))*((x0)^(5.644244251819035)))))))^(x0))))*(cos(x0)))*(-6.5510824153704945))^(sin(cos(((-7.404178046763414)-(-5.122905470421577))*(x0))))))+(log(cos(-1.3865008768464921))))^(log((-9.116904079362751)/((cos((sin((log((cos(sin(sin(6.9262183337203425))))^(x1)))^(x0)))+(x1)))^(x1))))))))))))))*(cos((x0)+(9.289242215866079)))))))))*((x0)+(-2.545637502465043)))))+(x1))^(x0)) 	Fitness: 2.84208713603e-09
	 (((sin((log(sin(sin(cos(sin(cos(((-7.404178046763414)-(sin(x1)))*(cos(cos(sin(cos(((-7.404178046763414)-(-5.122905470421577))*(cos(((sin((sin(-7.404178046763414))+(x1)))+(log(4.194134879472662)))^(x0)))))))))))))))^((cos(sin(cos(sin((sin((log(sin(sin(cos(sin(cos((((-7.404178046763414)-((log((x0)/(x1)))*(cos((x0)+(9.289242215866079)))))*(x1))*(cos((cos(sin(cos(log(x0)))))^((sin(log(cos(sqrt(log(x0))))))+(log(cos(log(sin(((-7.404178046763414)-(sin(((x0)/(x0))^((x0)/(sqrt(sin(((sin(sin((((x1)+((cos(log(cos(x1))))-(x0)))*(sin((((cos(sin(cos(log(sin((log(cos(-1.3865008768464921)))^(x1)))))))^((sin(log(cos(sqrt(log((x1)+(x1)))))))+(log(cos(((-7.404178046763414)-(3.966954914657766))*(cos(((sin(((((x0)+(-2.545637502465043))*(cos((x0)+(9.289242215866079))))*((7.494855973724533)/(-6.5510824153704945)))^(log(x0))))+(log(x1)))^(log(log(x1))))))))))*(-6.5510824153704945))^(sin((x1)+((cos(log(cos(x1))))-(x0)))))))^(log((cos(sin(6.9262183337203425)))^(x1))))))+(cos(sin(cos(cos((x0)*(cos((cos(sin(cos(log(log(x0))))))^((sin(log(x1)))+(log(cos(((-7.404178046763414)-(3.966954914657766))*(cos(((sin(((((x0)+(-2.545637502465043))*(cos((x0)+(9.289242215866079))))*((7.494855973724533)/(-6.5510824153704945)))^(log(x0))))+(log(x1)))^(log(log(x0)))))))))))))))))^(x1))))))))*(cos(-9.116904079362751)))))))))))))))))^(x0)))+((log((x0)/(cos((sin(sin((((x1)+((cos(log(cos(x1))))-(((x1)*(-4.693962334771385))-(-5.122905470421577))))*(3.0798586975546733))^(log((cos(9.289242215866079))^(4.194134879472662))))))+(cos(sin(cos(((-7.404178046763414)-(-5.122905470421577))*(cos(((sin((((log((cos(sin(cos((-5.122905470421577)*(x0)))))*(((sin(sin((((x1)+(((-7.404178046763414)-(-5.122905470421577))-(x0)))*(log((-9.116904079362751)/(7.97467390804098))))^(-3.9628368191217973))))+(cos(sin(cos(((-5.122905470421577)-(-5.122905470421577))*((x0)^(5.644244251819035)))))))^(x0))))*(cos(x0)))*(-6.5510824153704945))^(sin(cos(((-7.404178046763414)-(-5.122905470421577))*(x0))))))+(log(cos(-1.3865008768464921))))^(log((-9.116904079362751)/((cos((sin((log((cos(sin(sin(6.9262183337203425))))^(x1)))^(x0)))+(x1)))^(x1))))))))))))))*(cos((x0)+(9.289242215866079)))))))))*((x0)+(-2.545637502465043)))))+(x1))^(x0)) 	Fitness: 2.84208713603e-09

Top 5 individuals for test dataset:

	 (((sin((log(sin(((x0)/(cos(cos(((cos(sin(cos(((-7.404178046763414)-(-5.122905470421577))*(x1)))))*(((x0)+(9.289242215866079))/(x1)))*(sin(((x0)/(((cos(sin(6.9262183337203425)))*(log((sin(cos(cos(sin(log(x0))))))/((cos(x1))^(x1)))))^(log((cos(sin(6.9262183337203425)))^(x1)))))^(x1)))))))^(x1))))^((cos(sin(cos(sin(sin((cos(log(cos(x1))))^(cos(sin(sin(((2.772820159008509)/(((cos(sin(6.9262183337203425)))*(log((sin(cos(cos(sin(log(x0))))))/((cos(x1))^(x1)))))^(log((cos(sin(6.9262183337203425)))^(x1)))))^(x1)))))))))))*(3.966954914657766))))+(x1))^(x0)) 	Fitness: 2.84208713603e-09
	 (((sin((log(sin(((x0)/(cos(cos(((cos(sin(cos(((-7.404178046763414)-(-5.122905470421577))*(x1)))))*(((x0)+(9.289242215866079))/(x1)))*(cos(sin(cos(((-7.404178046763414)-(-5.122905470421577))*(x1)))))))))^(x1))))^((cos(sin(cos(sin(sin((cos(((cos(sin(cos(x0))))*(((x0)+(9.289242215866079))/(x0)))*((sqrt(sin(((x0)/(((((cos(sin((x1)^(sqrt((-2.545637502465043)^((log(cos(sin(cos(sin(cos((x0)*(cos(((cos(sin(cos(x0))))*(((x0)+(9.289242215866079))/(x0)))*((sqrt(sin(((x0)/(((((cos(sin(x0)))*(4.442217960593492))+(((x1)*(-4.693962334771385))-(-5.122905470421577)))*(log((-9.116904079362751)/((cos(((cos(-6.5510824153704945))*(-4.693962334771385))/(x0)))^(x1)))))^(log((cos(sin(6.9262183337203425)))^(x1)))))^(x1))))*(x1)))))))))))*(x1)))))))*(-9.116904079362751))+(((x1)*(-4.693962334771385))-(-5.122905470421577)))*(log((-9.116904079362751)/((cos(x1))^(x1)))))^(log((cos(sin(6.9262183337203425)))^(x1)))))^(x1))))*(x1))))^(cos(sin(sin(((2.772820159008509)/(((cos(sin(6.9262183337203425)))*(log((sin(cos(cos(sin(log(x0))))))/((cos(x1))^(x1)))))^(log((cos(sin(6.9262183337203425)))^(x1)))))^(x1)))))))))))*(3.966954914657766))))+(x1))^(x0)) 	Fitness: 2.84208713603e-09
	 (((sin((log(sin(((x0)/(cos(cos(((cos(sin(cos(((-7.404178046763414)-(-5.122905470421577))*(x1)))))*(((x0)+(9.289242215866079))/(x1)))*(sin(((x0)/(((cos(sin(6.9262183337203425)))*(log((sin(cos(cos(sin(log(x0))))))/((cos(x1))^(x1)))))^(log((cos(sin(6.9262183337203425)))^(x1)))))^(x1)))))))^(x1))))^((cos(sin(cos(sin(sin((cos(((cos(sin(cos(x0))))*(((x0)+(9.289242215866079))/(x0)))*((sqrt(sin(((x0)/(((((cos(sin((x1)^(sqrt((-2.545637502465043)^((log(cos(sin(cos(sin(cos((x0)*(cos(((cos(sin(cos(x0))))*(((x0)+(9.289242215866079))/(x0)))*((sqrt(sin(((x0)/((((x1)+(((x1)*(-4.693962334771385))-(-5.122905470421577)))*(log((-9.116904079362751)/((cos(((cos(-6.5510824153704945))*((-5.122905470421577)*(cos(x0))))/(x0)))^(x1)))))^(log((cos(sin(6.9262183337203425)))^(x1)))))^(-6.5510824153704945))))*(x1)))))))))))*(x1)))))))*(-9.116904079362751))+(((x1)*(-4.693962334771385))-(-5.122905470421577)))*(log((-9.116904079362751)/((cos(x1))^(x1)))))^(log((cos(sin(6.9262183337203425)))^(x1)))))^(x1))))*(x1))))^(cos(sin(sin(((2.772820159008509)/(((cos(sin(6.9262183337203425)))*(log((sin(cos(cos(sin(log(x0))))))/((cos(x1))^(x1)))))^(log((cos(sin(6.9262183337203425)))^(x1)))))^(x1)))))))))))*(3.966954914657766))))+(x1))^(x0)) 	Fitness: 2.84208713603e-09
	 (((sin((log(sin(sin(cos(sin(cos(((-7.404178046763414)-(sin(x1)))*(cos(cos(sin(cos(((-7.404178046763414)-(-5.122905470421577))*(cos(((sin((sin(-7.404178046763414))+(x1)))+(log(4.194134879472662)))^(x0)))))))))))))))^((cos(sin(cos(sin((sin((log(sin(sin(cos(sin(cos((((-7.404178046763414)-((log((x0)/(x1)))*(cos((x0)+(9.289242215866079)))))*(x1))*(cos((cos(sin(cos(log(x0)))))^((sin(log(cos(sqrt(log(x0))))))+(log(cos(log(sin(((-7.404178046763414)-(sin(((x0)/(x0))^((x0)/(sqrt(sin(((sin(sin((((x1)+((cos(log(cos(x1))))-(x0)))*(sin((((cos(sin(cos(log(sin((log(cos(-1.3865008768464921)))^(x1)))))))^((sin(log(cos(sqrt(log((x1)+(x1)))))))+(log(cos(((-7.404178046763414)-(3.966954914657766))*(cos(((sin(((((x0)+(-2.545637502465043))*(cos((x0)+(9.289242215866079))))*((7.494855973724533)/(-6.5510824153704945)))^(log(x0))))+(log(x1)))^(log(log(x1))))))))))*(-6.5510824153704945))^(sin((x1)+((cos(x1))-(x0)))))))^(log((cos(sin(6.9262183337203425)))^(x1))))))+(cos(sin(cos(cos((x0)*(cos((cos(sin(cos(log(log(x0))))))^((sin(log(x1)))+(log(cos(((-7.404178046763414)-(3.966954914657766))*(cos(((sin(((((x0)+(-2.545637502465043))*(cos((x0)+(9.289242215866079))))*((7.494855973724533)/(-6.5510824153704945)))^(log(x0))))+(log(x1)))^(log(log(x0)))))))))))))))))^(x1))))))))*(cos(-9.116904079362751)))))))))))))))))^(x0)))+((log((x0)/(cos((sin(sin((((x1)+((cos(log(cos(x1))))-(((x1)*(-4.693962334771385))-(-5.122905470421577))))*(3.0798586975546733))^(log((cos(9.289242215866079))^(4.194134879472662))))))+(cos(sin(cos(((-7.404178046763414)-(-5.122905470421577))*(cos(((sin((((log((cos(sin(cos((-5.122905470421577)*(x0)))))*(((sin(sin((((x1)+(((-7.404178046763414)-(-5.122905470421577))-(x0)))*(log((-9.116904079362751)/(7.97467390804098))))^(-3.9628368191217973))))+(cos(sin(cos(((-5.122905470421577)-(-5.122905470421577))*((x0)^(5.644244251819035)))))))^(x0))))*(cos(x0)))*(-6.5510824153704945))^(sin(cos(((-7.404178046763414)-(-5.122905470421577))*(x0))))))+(log(cos(-1.3865008768464921))))^(log((-9.116904079362751)/((cos((sin((log((cos(sin(sin(6.9262183337203425))))^(x1)))^(x0)))+(x1)))^(x1))))))))))))))*(cos((x0)+(9.289242215866079)))))))))*((x0)+(-2.545637502465043)))))+(x1))^(x0)) 	Fitness: 2.84208713603e-09
	 (((sin((log(sin(sin(cos(sin(cos(((-7.404178046763414)-(sin(x1)))*(cos(cos(sin(cos(((-7.404178046763414)-(-5.122905470421577))*(cos(((sin((sin(-7.404178046763414))+(x1)))+(log(4.194134879472662)))^(x0)))))))))))))))^((cos(sin(cos(sin((sin((log(sin(sin(cos(sin(cos((((-7.404178046763414)-((log((x0)/(x1)))*(cos((x0)+(9.289242215866079)))))*(x1))*(cos((cos(sin(cos(log(x0)))))^((sin(log(cos(sqrt(log(x0))))))+(log(cos(log(sin(((-7.404178046763414)-(sin(((x0)/(x0))^((x0)/(sqrt(sin(((sin(sin((((x1)+((cos(log(cos(x1))))-(x0)))*(sin((((cos(sin(cos(log(sin((log(cos(-1.3865008768464921)))^(x1)))))))^((sin(log(cos(sqrt(log((x1)+(x1)))))))+(log(cos(((-7.404178046763414)-(3.966954914657766))*(cos(((sin(((((x0)+(-2.545637502465043))*(cos((x0)+(9.289242215866079))))*((7.494855973724533)/(-6.5510824153704945)))^(log(x0))))+(log(x1)))^(log(log(x1))))))))))*(-6.5510824153704945))^(sin((x1)+((cos(log(cos(x1))))-(x0)))))))^(log((cos(sin(6.9262183337203425)))^(x1))))))+(cos(sin(cos(cos((x0)*(cos((cos(sin(cos(log(log(x0))))))^((sin(log(x1)))+(log(cos(((-7.404178046763414)-(3.966954914657766))*(cos(((sin(((((x0)+(-2.545637502465043))*(cos((x0)+(9.289242215866079))))*((7.494855973724533)/(-6.5510824153704945)))^(log(x0))))+(log(x1)))^(log(log(x0)))))))))))))))))^(x1))))))))*(cos(-9.116904079362751)))))))))))))))))^(x0)))+((log((x0)/(cos((sin(sin((((x1)+((cos(log(cos(x1))))-(((x1)*(-4.693962334771385))-(-5.122905470421577))))*(3.0798586975546733))^(log((cos(9.289242215866079))^(4.194134879472662))))))+(cos(sin(cos(((-7.404178046763414)-(-5.122905470421577))*(cos(((sin((((log((cos(sin(cos((-5.122905470421577)*(x0)))))*(((sin(sin((((x1)+(((-7.404178046763414)-(-5.122905470421577))-(x0)))*(log((-9.116904079362751)/(7.97467390804098))))^(-3.9628368191217973))))+(cos(sin(cos(((-5.122905470421577)-(-5.122905470421577))*((x0)^(5.644244251819035)))))))^(x0))))*(cos(x0)))*(-6.5510824153704945))^(sin(cos(((-7.404178046763414)-(-5.122905470421577))*(x0))))))+(log(cos(-1.3865008768464921))))^(log((-9.116904079362751)/((cos((sin((log((cos(sin(sin(6.9262183337203425))))^(x1)))^(x0)))+(x1)))^(x1))))))))))))))*(cos((x0)+(9.289242215866079)))))))))*((x0)+(-2.545637502465043)))))+(x1))^(x0)) 	Fitness: 2.84208713603e-09
