Generation 1
Best fitness: 0.0915317255364
Worst fitness: 3651.01018064
Average fitness: 38.364026287
Number of repeated individuals: 6
Mutation improvement rate: 75.0%
Crossover improvement rate: 60.23%

Generation 2
Best fitness: 0.0644005292442
Worst fitness: inf
Average fitness: 1.00452569206e+17
Number of repeated individuals: 7
Mutation improvement rate: 41.67%
Crossover improvement rate: 45.12%

Generation 3
Best fitness: 0.0644005292442
Worst fitness: 9.74574538753e+17
Average fitness: 9.64925285894e+15
Number of repeated individuals: 6
Mutation improvement rate: 40.0%
Crossover improvement rate: 42.86%

Generation 4
Best fitness: 0.0644005292442
Worst fitness: inf
Average fitness: 1.36818584773e+41
Number of repeated individuals: 1
Mutation improvement rate: 0.0%
Crossover improvement rate: 47.62%

Generation 5
Best fitness: 0.0644005292442
Worst fitness: inf
Average fitness: 9.22337203685e+16
Number of repeated individuals: 3
Mutation improvement rate: 0.0%
Crossover improvement rate: 47.62%

Generation 6
Best fitness: 0.0644005292442
Worst fitness: 54.0737431641
Average fitness: 1.0558192315
Number of repeated individuals: 3
Mutation improvement rate: 15.0%
Crossover improvement rate: 33.33%

Generation 7
Best fitness: 2.84208713603e-09
Worst fitness: 1.63065304292
Average fitness: 0.253548431029
Number of repeated individuals: 2
Mutation improvement rate: 16.67%
Crossover improvement rate: 45.35%

Generation 8
Best fitness: 2.84208713603e-09
Worst fitness: 9.01277981058
Average fitness: 0.425489699859
Number of repeated individuals: 3
Mutation improvement rate: 0.0%
Crossover improvement rate: 36.9%

Generation 9
Best fitness: 2.84208713603e-09
Worst fitness: 9.22337203685e+17
Average fitness: 9.13205152164e+15
Number of repeated individuals: 8
Mutation improvement rate: 6.25%
Crossover improvement rate: 28.75%

Generation 10
Best fitness: 2.84208713603e-09
Worst fitness: 5.37437824493
Average fitness: 0.371258770481
Number of repeated individuals: 4
Mutation improvement rate: 0.0%
Crossover improvement rate: 47.37%

Generation 11
Best fitness: 2.84208713603e-09
Worst fitness: 3.4322739824
Average fitness: 0.284194285294
Number of repeated individuals: 1
Mutation improvement rate: 8.33%
Crossover improvement rate: 45.24%

Generation 12
Best fitness: 2.84208713603e-09
Worst fitness: 1927.86641896
Average fitness: 19.5106519717
Number of repeated individuals: 2
Mutation improvement rate: 0.0%
Crossover improvement rate: 41.46%

Generation 13
Best fitness: 2.84208713603e-09
Worst fitness: 1927.86637537
Average fitness: 20.6119255402
Number of repeated individuals: 4
Mutation improvement rate: 10.0%
Crossover improvement rate: 36.05%

Generation 14
Best fitness: 2.84208713603e-09
Worst fitness: 0.883371912121
Average fitness: 0.157758661295
Number of repeated individuals: 2
Mutation improvement rate: 0.0%
Crossover improvement rate: 40.24%

Generation 15
Best fitness: 2.84208713603e-09
Worst fitness: inf
Average fitness: 9.22337203685e+16
Number of repeated individuals: 2
Mutation improvement rate: 0.0%
Crossover improvement rate: 32.95%

Generation 16
Best fitness: 2.84208713603e-09
Worst fitness: 1.74768989854
Average fitness: 0.187486402438
Number of repeated individuals: 1
Mutation improvement rate: 16.67%
Crossover improvement rate: 38.89%

Generation 17
Best fitness: 2.84208713603e-09
Worst fitness: 27.7679405545
Average fitness: 0.531523320008
Number of repeated individuals: 1
Mutation improvement rate: 16.67%
Crossover improvement rate: 39.47%

Generation 18
Best fitness: 2.84208713603e-09
Worst fitness: 178.186353798
Average fitness: 1.91967052347
Number of repeated individuals: 1
Mutation improvement rate: 0.0%
Crossover improvement rate: 42.05%

Generation 19
Best fitness: 2.84208713603e-09
Worst fitness: 308.716711361
Average fitness: 3.30706514145
Number of repeated individuals: 2
Mutation improvement rate: 0.0%
Crossover improvement rate: 37.5%

Generation 20
Best fitness: 2.84208713603e-09
Worst fitness: 308.716711361
Average fitness: 3.58226952953
Number of repeated individuals: 1
Mutation improvement rate: 16.67%
Crossover improvement rate: 38.1%

Generation 21
Best fitness: 2.84208713603e-09
Worst fitness: 3.09508808684
Average fitness: 0.218504024086
Number of repeated individuals: 1
Mutation improvement rate: 0.0%
Crossover improvement rate: 42.05%

Generation 22
Best fitness: 2.84208713603e-09
Worst fitness: 51.1238597029
Average fitness: 0.740818311742
Number of repeated individuals: 3
Mutation improvement rate: 7.14%
Crossover improvement rate: 36.59%

Generation 23
Best fitness: 2.84208713603e-09
Worst fitness: 6.87383104803
Average fitness: 0.236687759542
Number of repeated individuals: 3
Mutation improvement rate: 25.0%
Crossover improvement rate: 36.36%

Generation 24
Best fitness: 2.84208713603e-09
Worst fitness: 553.130432212
Average fitness: 7.46493368563
Number of repeated individuals: 4
Mutation improvement rate: 12.5%
Crossover improvement rate: 30.0%

Generation 25
Best fitness: 2.84208713603e-09
Worst fitness: inf
Average fitness: 9.22337203685e+16
Number of repeated individuals: 3
Mutation improvement rate: 0.0%
Crossover improvement rate: 33.33%

Generation 26
Best fitness: 2.84208713603e-09
Worst fitness: 1927.8663046
Average fitness: 19.4666931622
Number of repeated individuals: 4
Mutation improvement rate: 0.0%
Crossover improvement rate: 31.4%

Generation 27
Best fitness: 2.84208713603e-09
Worst fitness: inf
Average fitness: 9.13205152169e+16
Number of repeated individuals: 5
Mutation improvement rate: 7.14%
Crossover improvement rate: 24.39%

Generation 28
Best fitness: 2.84208713603e-09
Worst fitness: 8.46524476925
Average fitness: 0.331620073751
Number of repeated individuals: 4
Mutation improvement rate: 0.0%
Crossover improvement rate: 39.29%

Generation 29
Best fitness: 2.84208713603e-09
Worst fitness: 3690.59749575
Average fitness: 37.5523797646
Number of repeated individuals: 5
Mutation improvement rate: 0.0%
Crossover improvement rate: 28.57%

Generation 30
Best fitness: 2.84208713603e-09
Worst fitness: 5.41134636983
Average fitness: 0.269438135912
Number of repeated individuals: 5
Mutation improvement rate: 0.0%
Crossover improvement rate: 27.66%

Generation 31
Best fitness: 2.84208713603e-09
Worst fitness: inf
Average fitness: 9.22337203685e+16
Number of repeated individuals: 6
Mutation improvement rate: 10.0%
Crossover improvement rate: 27.91%

Generation 32
Best fitness: 2.84208713603e-09
Worst fitness: inf
Average fitness: 2.73961557362e+17
Number of repeated individuals: 5
Mutation improvement rate: 16.67%
Crossover improvement rate: 33.33%

Generation 33
Best fitness: 2.84208713603e-09
Worst fitness: 43955240.7739
Average fitness: 435220.049577
Number of repeated individuals: 6
Mutation improvement rate: 0.0%
Crossover improvement rate: 31.71%

Generation 34
Best fitness: 2.84208713603e-09
Worst fitness: inf
Average fitness: 9.22337203702e+16
Number of repeated individuals: 6
Mutation improvement rate: 13.64%
Crossover improvement rate: 38.57%

Generation 35
Best fitness: 2.84208713603e-09
Worst fitness: inf
Average fitness: 9.22337203685e+16
Number of repeated individuals: 9
Mutation improvement rate: 35.71%
Crossover improvement rate: 35.9%

Generation 36
Best fitness: 2.84208713603e-09
Worst fitness: inf
Average fitness: 9.22429489409e+16
Number of repeated individuals: 8
Mutation improvement rate: 0.0%
Crossover improvement rate: 43.75%

Generation 37
Best fitness: 2.84208713603e-09
Worst fitness: inf
Average fitness: 1.84467440737e+17
Number of repeated individuals: 7
Mutation improvement rate: 0.0%
Crossover improvement rate: 24.42%

Generation 38
Best fitness: 2.84208713603e-09
Worst fitness: 16494.7676425
Average fitness: 163.710666404
Number of repeated individuals: 8
Mutation improvement rate: 0.0%
Crossover improvement rate: 39.53%

Generation 39
Best fitness: 2.84208713603e-09
Worst fitness: 130682.627895
Average fitness: 1294.10404463
Number of repeated individuals: 5
Mutation improvement rate: 0.0%
Crossover improvement rate: 35.56%

Generation 40
Best fitness: 2.84208713603e-09
Worst fitness: 2246.75646031
Average fitness: 23.6526618542
Number of repeated individuals: 6
Mutation improvement rate: 6.25%
Crossover improvement rate: 27.63%

Generation 41
Best fitness: 2.84208713603e-09
Worst fitness: inf
Average fitness: 9.22337203685e+16
Number of repeated individuals: 6
Mutation improvement rate: 0.0%
Crossover improvement rate: 30.0%

Generation 42
Best fitness: 2.84208713603e-09
Worst fitness: inf
Average fitness: 9.22337203685e+16
Number of repeated individuals: 8
Mutation improvement rate: 0.0%
Crossover improvement rate: 35.9%

Generation 43
Best fitness: 2.84208713603e-09
Worst fitness: inf
Average fitness: 9.22337203685e+16
Number of repeated individuals: 4
Mutation improvement rate: 0.0%
Crossover improvement rate: 34.15%

Generation 44
Best fitness: 2.84208713603e-09
Worst fitness: inf
Average fitness: 9.22337203685e+16
Number of repeated individuals: 2
Mutation improvement rate: 0.0%
Crossover improvement rate: 35.0%

Generation 45
Best fitness: 2.84208713603e-09
Worst fitness: inf
Average fitness: 9.13205152164e+16
Number of repeated individuals: 3
Mutation improvement rate: 0.0%
Crossover improvement rate: 30.68%

Generation 46
Best fitness: 2.84208713603e-09
Worst fitness: 2.35121640489
Average fitness: 0.139393087738
Number of repeated individuals: 3
Mutation improvement rate: 0.0%
Crossover improvement rate: 35.37%

Generation 47
Best fitness: 2.84208713603e-09
Worst fitness: inf
Average fitness: 9.22337203685e+16
Number of repeated individuals: 5
Mutation improvement rate: 0.0%
Crossover improvement rate: 22.09%

Generation 48
Best fitness: 2.84208713603e-09
Worst fitness: 25.051437222
Average fitness: 0.365892497193
Number of repeated individuals: 4
Mutation improvement rate: 0.0%
Crossover improvement rate: 10.47%

Generation 49
Best fitness: 2.84208713603e-09
Worst fitness: 17.1529839937
Average fitness: 0.236042993052
Number of repeated individuals: 5
Mutation improvement rate: 0.0%
Crossover improvement rate: 9.76%

Generation 50
Best fitness: 2.84208713603e-09
Worst fitness: inf
Average fitness: 9.13205152164e+16
Number of repeated individuals: 5
Mutation improvement rate: 0.0%
Crossover improvement rate: 2.38%

Generation 51
Best fitness: 2.84208713603e-09
Worst fitness: inf
Average fitness: 9.13205152166e+16
Number of repeated individuals: 6
Mutation improvement rate: 0.0%
Crossover improvement rate: 7.69%

Generation 52
Best fitness: 2.84208713603e-09
Worst fitness: inf
Average fitness: 9.22337203685e+16
Number of repeated individuals: 8
Mutation improvement rate: 0.0%
Crossover improvement rate: 11.25%

Generation 53
Best fitness: 2.84208713603e-09
Worst fitness: 5.27803984063
Average fitness: 0.192363889357
Number of repeated individuals: 7
Mutation improvement rate: 0.0%
Crossover improvement rate: 9.46%

Generation 54
Best fitness: 2.84208713603e-09
Worst fitness: inf
Average fitness: 9.13205152164e+16
Number of repeated individuals: 7
Mutation improvement rate: 0.0%
Crossover improvement rate: 12.5%

Generation 55
Best fitness: 2.84208713603e-09
Worst fitness: 4.77665209628
Average fitness: 0.172000410733
Number of repeated individuals: 9
Mutation improvement rate: 50.0%
Crossover improvement rate: 21.74%

Generation 56
Best fitness: 2.84208713603e-09
Worst fitness: inf
Average fitness: 1.84005113413e+17
Number of repeated individuals: 9
Mutation improvement rate: 12.5%
Crossover improvement rate: 16.67%

Generation 57
Best fitness: 2.84208713603e-09
Worst fitness: inf
Average fitness: 9.13205152164e+16
Number of repeated individuals: 5
Mutation improvement rate: 0.0%
Crossover improvement rate: 15.48%

Generation 58
Best fitness: 2.84208713603e-09
Worst fitness: 2.58384201405
Average fitness: 0.127817915607
Number of repeated individuals: 11
Mutation improvement rate: 0.0%
Crossover improvement rate: 16.28%

Generation 59
Best fitness: 2.84208713603e-09
Worst fitness: 4034.46791441
Average fitness: 44.4245783606
Number of repeated individuals: 12
Mutation improvement rate: 0.0%
Crossover improvement rate: 8.54%

Generation 60
Best fitness: 2.84208713603e-09
Worst fitness: inf
Average fitness: 1.82641030433e+17
Number of repeated individuals: 6
Mutation improvement rate: 0.0%
Crossover improvement rate: 10.98%

Generation 61
Best fitness: 2.84208713603e-09
Worst fitness: inf
Average fitness: 1.84005113413e+17
Number of repeated individuals: 6
Mutation improvement rate: 5.56%
Crossover improvement rate: 20.27%

Generation 62
Best fitness: 2.84208713603e-09
Worst fitness: 113.890067281
Average fitness: 1.86644875242
Number of repeated individuals: 6
Mutation improvement rate: 0.0%
Crossover improvement rate: 28.21%

Generation 63
Best fitness: 2.84208713603e-09
Worst fitness: 0.999999999697
Average fitness: 0.122517547357
Number of repeated individuals: 5
Mutation improvement rate: 0.0%
Crossover improvement rate: 17.57%

Generation 64
Best fitness: 2.84208713603e-09
Worst fitness: 2.9531215984
Average fitness: 0.147339561847
Number of repeated individuals: 4
Mutation improvement rate: 0.0%
Crossover improvement rate: 16.25%

Generation 65
Best fitness: 2.84208713603e-09
Worst fitness: inf
Average fitness: 9.22337203685e+16
Number of repeated individuals: 3
Mutation improvement rate: 0.0%
Crossover improvement rate: 15.0%

Generation 66
Best fitness: 2.84208713603e-09
Worst fitness: 4034.62394156
Average fitness: 40.4554150437
Number of repeated individuals: 2
Mutation improvement rate: 0.0%
Crossover improvement rate: 18.29%

Generation 67
Best fitness: 2.84208713603e-09
Worst fitness: inf
Average fitness: 9.22337203685e+16
Number of repeated individuals: 2
Mutation improvement rate: 0.0%
Crossover improvement rate: 26.32%

Generation 68
Best fitness: 2.84208713603e-09
Worst fitness: 5.95484258111e+13
Average fitness: 595484258112.0
Number of repeated individuals: 0
Mutation improvement rate: 12.5%
Crossover improvement rate: 14.47%

Generation 69
Best fitness: 2.84208713603e-09
Worst fitness: 1.54503290395
Average fitness: 0.081042794023
Number of repeated individuals: 0
Mutation improvement rate: 0.0%
Crossover improvement rate: 21.43%

Generation 70
Best fitness: 2.84208713603e-09
Worst fitness: inf
Average fitness: 9.22337203685e+16
Number of repeated individuals: 0
Mutation improvement rate: 0.0%
Crossover improvement rate: 26.83%

Generation 71
Best fitness: 2.84208713603e-09
Worst fitness: 8.35064735306
Average fitness: 0.179041328688
Number of repeated individuals: 1
Mutation improvement rate: 0.0%
Crossover improvement rate: 25.0%

Generation 72
Best fitness: 2.84208713603e-09
Worst fitness: 1040.20263741
Average fitness: 11.5483098561
Number of repeated individuals: 0
Mutation improvement rate: 0.0%
Crossover improvement rate: 15.85%

Generation 73
Best fitness: 2.84208713603e-09
Worst fitness: inf
Average fitness: 9.13205152164e+16
Number of repeated individuals: 0
Mutation improvement rate: 0.0%
Crossover improvement rate: 4.65%

Generation 74
Best fitness: 2.84208713603e-09
Worst fitness: inf
Average fitness: 9.13205152164e+16
Number of repeated individuals: 0
Mutation improvement rate: 0.0%
Crossover improvement rate: 0.0%

Generation 75
Best fitness: 2.84208713603e-09
Worst fitness: inf
Average fitness: 5.32352553594e+108
Number of repeated individuals: 0
Mutation improvement rate: 0.0%
Crossover improvement rate: 0.0%

Generation 76
Best fitness: 2.84208713603e-09
Worst fitness: 10.0242624603
Average fitness: 0.172976801349
Number of repeated individuals: 0
Mutation improvement rate: 0.0%
Crossover improvement rate: 0.0%

Generation 77
Best fitness: 2.84208713603e-09
Worst fitness: 0.889012472372
Average fitness: 0.0218420601074
Number of repeated individuals: 0
Mutation improvement rate: 0.0%
Crossover improvement rate: 1.19%

Generation 78
Best fitness: 2.84208713603e-09
Worst fitness: 6.16557234327
Average fitness: 0.140078509494
Number of repeated individuals: 0
Mutation improvement rate: 0.0%
Crossover improvement rate: 0.0%

Generation 79
Best fitness: 2.84208713603e-09
Worst fitness: 989.551662488
Average fitness: 10.0787247499
Number of repeated individuals: 0
Mutation improvement rate: 0.0%
Crossover improvement rate: 2.63%

Generation 80
Best fitness: 2.84208713603e-09
Worst fitness: 4.43458104849
Average fitness: 0.0938753822407
Number of repeated individuals: 1
Mutation improvement rate: 0.0%
Crossover improvement rate: 3.57%

Generation 81
Best fitness: 2.84208713603e-09
Worst fitness: 0.182899829912
Average fitness: 0.00289278513839
Number of repeated individuals: 0
Mutation improvement rate: 0.0%
Crossover improvement rate: 4.44%

Generation 82
Best fitness: 2.84208713603e-09
Worst fitness: 2.34449950079
Average fitness: 0.0289422983861
Number of repeated individuals: 0
Mutation improvement rate: 0.0%
Crossover improvement rate: 0.0%

Generation 83
Best fitness: 2.84208713603e-09
Worst fitness: 4.63376582636
Average fitness: 0.100560855511
Number of repeated individuals: 0
Mutation improvement rate: 0.0%
Crossover improvement rate: 0.0%

Generation 84
Best fitness: 2.84208713603e-09
Worst fitness: 59.2896668737
Average fitness: 0.687283169985
Number of repeated individuals: 1
Mutation improvement rate: 0.0%
Crossover improvement rate: 0.0%

Generation 85
Best fitness: 2.84208713603e-09
Worst fitness: 6.87383104803
Average fitness: 0.110326692006
Number of repeated individuals: 0
Mutation improvement rate: 0.0%
Crossover improvement rate: 0.0%

Generation 86
Best fitness: 2.84208713603e-09
Worst fitness: 2.50129942016
Average fitness: 0.0896933397556
Number of repeated individuals: 0
Mutation improvement rate: 0.0%
Crossover improvement rate: 0.0%

Generation 87
Best fitness: 2.84208713603e-09
Worst fitness: 916510795330.0
Average fitness: 9074364310.28
Number of repeated individuals: 0
Mutation improvement rate: 0.0%
Crossover improvement rate: 3.49%

Generation 88
Best fitness: 2.84208713603e-09
Worst fitness: 1.80736436074
Average fitness: 0.0603892284685
Number of repeated individuals: 0
Mutation improvement rate: 0.0%
Crossover improvement rate: 5.0%

Generation 89
Best fitness: 2.84208713603e-09
Worst fitness: 518747.378569
Average fitness: 5136.18053445
Number of repeated individuals: 0
Mutation improvement rate: 0.0%
Crossover improvement rate: 0.0%

Generation 90
Best fitness: 2.84208713603e-09
Worst fitness: 8.73978554402
Average fitness: 0.108713629404
Number of repeated individuals: 0
Mutation improvement rate: 0.0%
Crossover improvement rate: 0.0%

Generation 91
Best fitness: 2.84208713603e-09
Worst fitness: 3.00029635158
Average fitness: 0.0807792642568
Number of repeated individuals: 0
Mutation improvement rate: 0.0%
Crossover improvement rate: 1.22%

Generation 92
Best fitness: 2.84208713603e-09
Worst fitness: 2.49086751275
Average fitness: 0.0468789355736
Number of repeated individuals: 0
Mutation improvement rate: 0.0%
Crossover improvement rate: 1.11%

Generation 93
Best fitness: 2.84208713603e-09
Worst fitness: inf
Average fitness: 9.13205152164e+16
Number of repeated individuals: 1
Mutation improvement rate: 0.0%
Crossover improvement rate: 0.0%

Generation 94
Best fitness: 2.84208713603e-09
Worst fitness: 0.782003051272
Average fitness: 0.0175008366188
Number of repeated individuals: 0
Mutation improvement rate: 0.0%
Crossover improvement rate: 0.0%

Generation 95
Best fitness: 2.84208713603e-09
Worst fitness: 2.72674851197
Average fitness: 0.0662716871277
Number of repeated individuals: 0
Mutation improvement rate: 0.0%
Crossover improvement rate: 2.33%

Generation 96
Best fitness: 2.84208713603e-09
Worst fitness: inf
Average fitness: 9.13205152164e+16
Number of repeated individuals: 0
Mutation improvement rate: 0.0%
Crossover improvement rate: 3.41%

Generation 97
Best fitness: 2.84208713603e-09
Worst fitness: 9.5187632475
Average fitness: 0.216629633441
Number of repeated individuals: 0
Mutation improvement rate: 0.0%
Crossover improvement rate: 0.0%

Generation 98
Best fitness: 2.84208713603e-09
Worst fitness: 1.52732785913
Average fitness: 0.04407757385
Number of repeated individuals: 0
Mutation improvement rate: 0.0%
Crossover improvement rate: 0.0%

Generation 99
Best fitness: 2.84208713603e-09
Worst fitness: 3.2134935838e+17
Average fitness: 3.18167681564e+15
Number of repeated individuals: 0
Mutation improvement rate: 0.0%
Crossover improvement rate: 0.0%

Generation 100
Best fitness: 2.84208713603e-09
Worst fitness: 0.997464500477
Average fitness: 0.0206452025827
Number of repeated individuals: 0
Mutation improvement rate: 0.0%
Crossover improvement rate: 0.0%

Top 5 individuals for training dataset:

	 ((x0)^((x0)*(cos((log((log(6.481215031476697))^((6.481215031476697)*(sin((log(sqrt(x0)))-(x0))))))^((log(sqrt(x0)))-(-0.7250538929446382)))))) 	Fitness: 2.84208713603e-09
	 ((x0)^((x0)*(cos((((sin((-7.176358993345122)^(sqrt((sqrt(cos(log((log(sqrt(sin(x0))))^((sqrt(cos(log((sin((log(5.344105695601527))^(sqrt(x0))))-((sqrt(2.260593890195704))-(cos(sqrt((cos(x0))^(-7.176358993345122)))))))))*(sqrt((log(x0))^((log(sqrt(5.344105695601527)))-(sqrt(sqrt((-6.13221736907655)*(cos((-0.15377845717971006)*(x1))))))))))))))^(log(-8.59591353631302))))))*(sqrt(cos(log((log(sqrt(x1)))^((x0)^(log((log(6.481215031476697))^(log(sqrt((1.8551762636904794)^(-2.3676069466641785))))))))))))^(sqrt(cos(sin(((sqrt(x1))*(log((log(sqrt(x1)))^(((sqrt(cos(x0)))/((sin(5.344105695601527))-(7.656766949431088)))*(sin(((x0)^(x0))/(((-0.7250538929446382)^((x0)*(sin((sqrt(x1))/((x0)*(x0))))))*(((x0)^(-9.240386464639174))/(((log(sqrt((1.8551762636904794)^(-2.3676069466641785))))^(x0))*(x0))))))))))-(-0.7250538929446382))))))^(sqrt(x1)))))) 	Fitness: 2.84208713603e-09
	 ((x0)^((x0)*(cos((((sin((-7.176358993345122)^(sqrt((sqrt(cos(log((log(sqrt(sin(x0))))^((sqrt(cos(log((sin((log(5.344105695601527))^(sqrt(x0))))-((sqrt(2.260593890195704))-(x1))))))*(sqrt((log(x0))^((log(sqrt(5.344105695601527)))-(sqrt(sqrt((-6.13221736907655)*((sqrt(cos(log((sqrt(x1))-((sqrt(2.260593890195704))-(cos(sqrt((sqrt(cos(x0)))^(log(-8.59591353631302))))))))))*(sqrt(7.656766949431088))))))))))))))^(log(-8.59591353631302))))))*(sqrt(cos(log((log(sqrt(x1)))^((x0)^(log((log(6.481215031476697))^((6.481215031476697)*(sin((log(sqrt(x0)))-(-0.7250538929446382))))))))))))^(sqrt(cos(sin(((sqrt(x1))*(log((log(sqrt(x1)))^(((sqrt(cos(x0)))/((sin(5.344105695601527))-(7.656766949431088)))*(sin(((x0)^(x0))/(((-0.7250538929446382)^((x0)*(sin((sqrt(x1))/((x0)*(x0))))))*((log(sqrt(x1)))/(((log(sqrt((1.8551762636904794)^(-2.3676069466641785))))^(x0))*(x0))))))))))-(-0.7250538929446382))))))^(sqrt(x1)))))) 	Fitness: 2.84208713603e-09
	 ((x0)^((x0)*(cos((((sin((-7.176358993345122)^(sqrt((sqrt(cos(log((log(sqrt(sin(x0))))^((sqrt(cos(log((sin((log(5.344105695601527))^(sqrt(x0))))-((sqrt(2.260593890195704))-(cos(sqrt((cos(x0))^(-9.240386464639174)))))))))*(sqrt((log(x0))^((log(sqrt(5.344105695601527)))-(sqrt(sqrt((-6.13221736907655)*(cos((-9.240386464639174)^(sqrt(x1)))))))))))))))^(log(-8.59591353631302))))))*(sqrt(cos(log(sin((sqrt(cos(log((log(sqrt(sin(x0))))^((sqrt(cos(log((sin((log(5.344105695601527))^(sqrt(x0))))-((x0)-(cos(sqrt((sqrt(cos(x0)))^(log(-8.59591353631302))))))))))*(sqrt((sin(sqrt((sqrt(x1))*(-0.15377845717971006))))^((log(sqrt(5.344105695601527)))-(sqrt(cos(-7.3237876454647255)))))))))))^(log(-8.59591353631302))))))))^(sqrt(cos(sin(((sqrt(x1))*(log((log(sqrt(x1)))^(((sqrt(cos(x0)))/((sin(5.344105695601527))-(7.656766949431088)))*(sin(((x0)^(x0))/(((-0.7250538929446382)^((x0)*(sin((sqrt(x1))/((x0)*(x0))))))*(((x0)^(-9.240386464639174))/(((log(sqrt((1.8551762636904794)^(-2.3676069466641785))))^(x0))*(x0))))))))))-(-0.7250538929446382))))))^(sqrt(x1)))))) 	Fitness: 2.84208713603e-09
	 ((x0)^((x0)*(cos((((sin((-7.176358993345122)^(sqrt((sqrt(cos(log((log(sqrt(sin(x0))))^((sqrt(cos(log((sin((log(5.344105695601527))^(sqrt(x0))))-((sqrt(2.260593890195704))-(cos(sqrt(((sin((-7.176358993345122)^(sqrt((sqrt(cos(log((log(sqrt(sin(x0))))^((sqrt(cos(log((sin((log(5.344105695601527))^(sqrt(x0))))-((sqrt(2.260593890195704))-(cos(sqrt((sqrt(cos(x0)))^(log(-8.59591353631302))))))))))*(sqrt((sin(sqrt((3.0907007155493975)*(-0.15377845717971006))))^((log(sqrt(5.344105695601527)))-(sqrt(cos(-7.3237876454647255)))))))))))^(log(-8.59591353631302))))))*(cos(sin(((sqrt(x1))*((log(x0))^((6.481215031476697)*(sin((sqrt(x1))/((x0)-(7.656766949431088)))))))-(-0.7250538929446382)))))^(-9.240386464639174)))))))))*(sqrt((log(x0))^((log(sqrt(5.344105695601527)))-(sqrt(sqrt((-6.13221736907655)*(((((sin((sqrt(x1))^(sqrt((sqrt(cos(log((log(sqrt(sin(x0))))^(sqrt(x1))))))^(log(-8.59591353631302))))))*((x0)^(sqrt(cos(sin(((sqrt(x1))*((x0)^((6.481215031476697)*(sin((sqrt(x1))/((x0)*(x0)))))))-(-0.7250538929446382)))))))^(sqrt(cos(sin(x0)))))/((sin(x0))/((-9.240386464639174)^(sqrt(sin(x0))))))*(sqrt(7.656766949431088))))))))))))))^(log(-8.59591353631302))))))*(sqrt(cos(log((log(sqrt(x1)))^((x0)^(log((log(6.481215031476697))^((6.481215031476697)*(sin((log(sqrt(x0)))-(-0.7250538929446382))))))))))))^(sqrt(cos(sin(((sqrt(x1))*(log((log(sqrt(x1)))^(((sqrt(cos(x0)))/((sin(5.344105695601527))-(7.656766949431088)))*(sin(((x0)^(x0))/(((-0.7250538929446382)^((x0)*(sin((sqrt(x1))/((x0)*(x0))))))*(((x0)^(-9.240386464639174))/(((log(sqrt((1.8551762636904794)^(-2.3676069466641785))))^(x0))*(x0))))))))))-(-0.7250538929446382))))))^(sqrt(x1)))))) 	Fitness: 2.84208713603e-09

Top 5 individuals for test dataset:

	 ((x0)^((x0)*(cos((log((log(6.481215031476697))^((6.481215031476697)*(sin((log(sqrt(x0)))-(x0))))))^((log(sqrt(x0)))-(-0.7250538929446382)))))) 	Fitness: 2.84208713603e-09
	 ((x0)^((x0)*(cos((((sin((-7.176358993345122)^(sqrt((sqrt(cos(log((log(sqrt(sin(x0))))^((sqrt(cos(log((sin((log(5.344105695601527))^(sqrt(x0))))-((sqrt(2.260593890195704))-(cos(sqrt((cos(x0))^(-7.176358993345122)))))))))*(sqrt((log(x0))^((log(sqrt(5.344105695601527)))-(sqrt(sqrt((-6.13221736907655)*(cos((-0.15377845717971006)*(x1))))))))))))))^(log(-8.59591353631302))))))*(sqrt(cos(log((log(sqrt(x1)))^((x0)^(log((log(6.481215031476697))^(log(sqrt((1.8551762636904794)^(-2.3676069466641785))))))))))))^(sqrt(cos(sin(((sqrt(x1))*(log((log(sqrt(x1)))^(((sqrt(cos(x0)))/((sin(5.344105695601527))-(7.656766949431088)))*(sin(((x0)^(x0))/(((-0.7250538929446382)^((x0)*(sin((sqrt(x1))/((x0)*(x0))))))*(((x0)^(-9.240386464639174))/(((log(sqrt((1.8551762636904794)^(-2.3676069466641785))))^(x0))*(x0))))))))))-(-0.7250538929446382))))))^(sqrt(x1)))))) 	Fitness: 2.84208713603e-09
	 ((x0)^((x0)*(cos((((sin((-7.176358993345122)^(sqrt((sqrt(cos(log((log(sqrt(sin(x0))))^((sqrt(cos(log((sin((log(5.344105695601527))^(sqrt(x0))))-((sqrt(2.260593890195704))-(x1))))))*(sqrt((log(x0))^((log(sqrt(5.344105695601527)))-(sqrt(sqrt((-6.13221736907655)*((sqrt(cos(log((sqrt(x1))-((sqrt(2.260593890195704))-(cos(sqrt((sqrt(cos(x0)))^(log(-8.59591353631302))))))))))*(sqrt(7.656766949431088))))))))))))))^(log(-8.59591353631302))))))*(sqrt(cos(log((log(sqrt(x1)))^((x0)^(log((log(6.481215031476697))^((6.481215031476697)*(sin((log(sqrt(x0)))-(-0.7250538929446382))))))))))))^(sqrt(cos(sin(((sqrt(x1))*(log((log(sqrt(x1)))^(((sqrt(cos(x0)))/((sin(5.344105695601527))-(7.656766949431088)))*(sin(((x0)^(x0))/(((-0.7250538929446382)^((x0)*(sin((sqrt(x1))/((x0)*(x0))))))*((log(sqrt(x1)))/(((log(sqrt((1.8551762636904794)^(-2.3676069466641785))))^(x0))*(x0))))))))))-(-0.7250538929446382))))))^(sqrt(x1)))))) 	Fitness: 2.84208713603e-09
	 ((x0)^((x0)*(cos((((sin((-7.176358993345122)^(sqrt((sqrt(cos(log((log(sqrt(sin(x0))))^((sqrt(cos(log((sin((log(5.344105695601527))^(sqrt(x0))))-((sqrt(2.260593890195704))-(cos(sqrt((cos(x0))^(-9.240386464639174)))))))))*(sqrt((log(x0))^((log(sqrt(5.344105695601527)))-(sqrt(sqrt((-6.13221736907655)*(cos((-9.240386464639174)^(sqrt(x1)))))))))))))))^(log(-8.59591353631302))))))*(sqrt(cos(log(sin((sqrt(cos(log((log(sqrt(sin(x0))))^((sqrt(cos(log((sin((log(5.344105695601527))^(sqrt(x0))))-((x0)-(cos(sqrt((sqrt(cos(x0)))^(log(-8.59591353631302))))))))))*(sqrt((sin(sqrt((sqrt(x1))*(-0.15377845717971006))))^((log(sqrt(5.344105695601527)))-(sqrt(cos(-7.3237876454647255)))))))))))^(log(-8.59591353631302))))))))^(sqrt(cos(sin(((sqrt(x1))*(log((log(sqrt(x1)))^(((sqrt(cos(x0)))/((sin(5.344105695601527))-(7.656766949431088)))*(sin(((x0)^(x0))/(((-0.7250538929446382)^((x0)*(sin((sqrt(x1))/((x0)*(x0))))))*(((x0)^(-9.240386464639174))/(((log(sqrt((1.8551762636904794)^(-2.3676069466641785))))^(x0))*(x0))))))))))-(-0.7250538929446382))))))^(sqrt(x1)))))) 	Fitness: 2.84208713603e-09
	 ((x0)^((x0)*(cos((((sin((-7.176358993345122)^(sqrt((sqrt(cos(log((log(sqrt(sin(x0))))^((sqrt(cos(log((sin((log(5.344105695601527))^(sqrt(x0))))-((sqrt(2.260593890195704))-(cos(sqrt(((sin((-7.176358993345122)^(sqrt((sqrt(cos(log((log(sqrt(sin(x0))))^((sqrt(cos(log((sin((log(5.344105695601527))^(sqrt(x0))))-((sqrt(2.260593890195704))-(cos(sqrt((sqrt(cos(x0)))^(log(-8.59591353631302))))))))))*(sqrt((sin(sqrt((3.0907007155493975)*(-0.15377845717971006))))^((log(sqrt(5.344105695601527)))-(sqrt(cos(-7.3237876454647255)))))))))))^(log(-8.59591353631302))))))*(cos(sin(((sqrt(x1))*((log(x0))^((6.481215031476697)*(sin((sqrt(x1))/((x0)-(7.656766949431088)))))))-(-0.7250538929446382)))))^(-9.240386464639174)))))))))*(sqrt((log(x0))^((log(sqrt(5.344105695601527)))-(sqrt(sqrt((-6.13221736907655)*(((((sin((sqrt(x1))^(sqrt((sqrt(cos(log((log(sqrt(sin(x0))))^(sqrt(x1))))))^(log(-8.59591353631302))))))*((x0)^(sqrt(cos(sin(((sqrt(x1))*((x0)^((6.481215031476697)*(sin((sqrt(x1))/((x0)*(x0)))))))-(-0.7250538929446382)))))))^(sqrt(cos(sin(x0)))))/((sin(x0))/((-9.240386464639174)^(sqrt(sin(x0))))))*(sqrt(7.656766949431088))))))))))))))^(log(-8.59591353631302))))))*(sqrt(cos(log((log(sqrt(x1)))^((x0)^(log((log(6.481215031476697))^((6.481215031476697)*(sin((log(sqrt(x0)))-(-0.7250538929446382))))))))))))^(sqrt(cos(sin(((sqrt(x1))*(log((log(sqrt(x1)))^(((sqrt(cos(x0)))/((sin(5.344105695601527))-(7.656766949431088)))*(sin(((x0)^(x0))/(((-0.7250538929446382)^((x0)*(sin((sqrt(x1))/((x0)*(x0))))))*(((x0)^(-9.240386464639174))/(((log(sqrt((1.8551762636904794)^(-2.3676069466641785))))^(x0))*(x0))))))))))-(-0.7250538929446382))))))^(sqrt(x1)))))) 	Fitness: 2.84208713603e-09
