Generation 1
Best fitness: 2.84208713603e-09
Worst fitness: 9.17713930443e+18
Average fitness: 9.08627653904e+16
Number of repeated individuals: 2
Mutation improvement rate: 25.0%
Crossover improvement rate: 62.5%

Generation 2
Best fitness: 2.84208713603e-09
Worst fitness: 161.051338197
Average fitness: 3.94170570999
Number of repeated individuals: 6
Mutation improvement rate: 27.78%
Crossover improvement rate: 55.41%

Generation 3
Best fitness: 2.84208713603e-09
Worst fitness: inf
Average fitness: 9.22337203685e+16
Number of repeated individuals: 5
Mutation improvement rate: 0.0%
Crossover improvement rate: 43.02%

Generation 4
Best fitness: 2.84208713603e-09
Worst fitness: inf
Average fitness: 9.13205152164e+16
Number of repeated individuals: 4
Mutation improvement rate: 12.5%
Crossover improvement rate: 53.66%

Generation 5
Best fitness: 2.84208713603e-09
Worst fitness: 24.4818429133
Average fitness: 0.900736784795
Number of repeated individuals: 5
Mutation improvement rate: 50.0%
Crossover improvement rate: 43.48%

Generation 6
Best fitness: 2.84208713603e-09
Worst fitness: 872.14549242
Average fitness: 11.1064956914
Number of repeated individuals: 4
Mutation improvement rate: 14.29%
Crossover improvement rate: 50.0%

Generation 7
Best fitness: 2.84208713603e-09
Worst fitness: 9.07084876818
Average fitness: 0.557017859742
Number of repeated individuals: 3
Mutation improvement rate: 10.0%
Crossover improvement rate: 46.51%

Generation 8
Best fitness: 2.84208713603e-09
Worst fitness: 6.87553901692
Average fitness: 0.356356214196
Number of repeated individuals: 4
Mutation improvement rate: 50.0%
Crossover improvement rate: 52.22%

Generation 9
Best fitness: 2.84208713603e-09
Worst fitness: inf
Average fitness: 9.13205152164e+16
Number of repeated individuals: 4
Mutation improvement rate: 25.0%
Crossover improvement rate: 42.31%

Generation 10
Best fitness: 2.84208713603e-09
Worst fitness: 6.3267595492
Average fitness: 0.335078509956
Number of repeated individuals: 3
Mutation improvement rate: 12.5%
Crossover improvement rate: 36.05%

Generation 11
Best fitness: 2.84208713603e-09
Worst fitness: 7.60613555871
Average fitness: 0.518747895614
Number of repeated individuals: 3
Mutation improvement rate: 10.0%
Crossover improvement rate: 45.0%

Generation 12
Best fitness: 2.84208713603e-09
Worst fitness: 12.8659060467
Average fitness: 0.584908921205
Number of repeated individuals: 0
Mutation improvement rate: 8.33%
Crossover improvement rate: 40.24%

Generation 13
Best fitness: 2.84208713603e-09
Worst fitness: 776782.707841
Average fitness: 7691.245479
Number of repeated individuals: 2
Mutation improvement rate: 10.0%
Crossover improvement rate: 57.14%

Generation 14
Best fitness: 2.84208713603e-09
Worst fitness: 3479.01525925
Average fitness: 34.7123412137
Number of repeated individuals: 2
Mutation improvement rate: 12.5%
Crossover improvement rate: 45.45%

Generation 15
Best fitness: 2.84208713603e-09
Worst fitness: 9.17713930443e+18
Average fitness: 9.08627653904e+16
Number of repeated individuals: 2
Mutation improvement rate: 7.14%
Crossover improvement rate: 48.75%

Generation 16
Best fitness: 2.84208713603e-09
Worst fitness: 1525.16252328
Average fitness: 15.5627517872
Number of repeated individuals: 1
Mutation improvement rate: 20.0%
Crossover improvement rate: 50.0%

Generation 17
Best fitness: 2.84208713603e-09
Worst fitness: 9.22337203685e+17
Average fitness: 9.22337203685e+15
Number of repeated individuals: 3
Mutation improvement rate: 5.56%
Crossover improvement rate: 44.74%

Generation 18
Best fitness: 2.84208713603e-09
Worst fitness: 24.8526580467
Average fitness: 0.68962027159
Number of repeated individuals: 7
Mutation improvement rate: 4.55%
Crossover improvement rate: 54.29%

Generation 19
Best fitness: 2.84208713603e-09
Worst fitness: 32.0613001506
Average fitness: 0.600713784947
Number of repeated individuals: 3
Mutation improvement rate: 16.67%
Crossover improvement rate: 46.51%

Generation 20
Best fitness: 2.84208713603e-09
Worst fitness: 8.4751390189
Average fitness: 0.343778922137
Number of repeated individuals: 3
Mutation improvement rate: 0.0%
Crossover improvement rate: 44.05%

Generation 21
Best fitness: 2.84208713603e-09
Worst fitness: 10.4669002923
Average fitness: 0.365485056382
Number of repeated individuals: 3
Mutation improvement rate: 0.0%
Crossover improvement rate: 36.05%

Generation 22
Best fitness: 2.84208713603e-09
Worst fitness: 4.15018743915
Average fitness: 0.229806195344
Number of repeated individuals: 3
Mutation improvement rate: 0.0%
Crossover improvement rate: 38.64%

Generation 23
Best fitness: 2.84208713603e-09
Worst fitness: 15.4394037898
Average fitness: 0.453712061399
Number of repeated individuals: 4
Mutation improvement rate: 6.25%
Crossover improvement rate: 46.15%

Generation 24
Best fitness: 2.84208713603e-09
Worst fitness: inf
Average fitness: 9.13205152164e+16
Number of repeated individuals: 4
Mutation improvement rate: 0.0%
Crossover improvement rate: 37.21%

Generation 25
Best fitness: 2.84208713603e-09
Worst fitness: 162308772.547
Average fitness: 1623088.05758
Number of repeated individuals: 6
Mutation improvement rate: 0.0%
Crossover improvement rate: 28.89%

Generation 26
Best fitness: 2.84208713603e-09
Worst fitness: inf
Average fitness: 9.22337203685e+16
Number of repeated individuals: 6
Mutation improvement rate: 0.0%
Crossover improvement rate: 28.05%

Generation 27
Best fitness: 2.84208713603e-09
Worst fitness: 162308772.547
Average fitness: 1607018.38494
Number of repeated individuals: 6
Mutation improvement rate: 25.0%
Crossover improvement rate: 30.23%

Generation 28
Best fitness: 2.84208713603e-09
Worst fitness: inf
Average fitness: 9.22337203686e+16
Number of repeated individuals: 7
Mutation improvement rate: 5.56%
Crossover improvement rate: 28.38%

Generation 29
Best fitness: 2.84208713603e-09
Worst fitness: inf
Average fitness: 1.84467440737e+17
Number of repeated individuals: 7
Mutation improvement rate: 10.0%
Crossover improvement rate: 30.49%

Generation 30
Best fitness: 2.84208713603e-09
Worst fitness: inf
Average fitness: 9.22337203685e+16
Number of repeated individuals: 10
Mutation improvement rate: 0.0%
Crossover improvement rate: 30.95%

Generation 31
Best fitness: 2.84208713603e-09
Worst fitness: inf
Average fitness: 2.73961545649e+17
Number of repeated individuals: 6
Mutation improvement rate: 0.0%
Crossover improvement rate: 34.15%

Generation 32
Best fitness: 2.84208713603e-09
Worst fitness: 0.872822103049
Average fitness: 0.15669120845
Number of repeated individuals: 8
Mutation improvement rate: 50.0%
Crossover improvement rate: 22.73%

Generation 33
Best fitness: 2.84208713603e-09
Worst fitness: inf
Average fitness: 2.76701161106e+17
Number of repeated individuals: 8
Mutation improvement rate: 10.0%
Crossover improvement rate: 23.26%

Generation 34
Best fitness: 2.84208713603e-09
Worst fitness: 4.8055783123
Average fitness: 0.194901155827
Number of repeated individuals: 7
Mutation improvement rate: 16.67%
Crossover improvement rate: 32.14%

Generation 35
Best fitness: 2.84208713603e-09
Worst fitness: inf
Average fitness: 9.13205152164e+16
Number of repeated individuals: 11
Mutation improvement rate: 0.0%
Crossover improvement rate: 25.64%

Generation 36
Best fitness: 2.84208713603e-09
Worst fitness: 9.49777986682
Average fitness: 0.300625473002
Number of repeated individuals: 9
Mutation improvement rate: 0.0%
Crossover improvement rate: 38.89%

Generation 37
Best fitness: 2.84208713603e-09
Worst fitness: inf
Average fitness: 9.13205152437e+16
Number of repeated individuals: 7
Mutation improvement rate: 0.0%
Crossover improvement rate: 35.9%

Generation 38
Best fitness: 2.84208713603e-09
Worst fitness: inf
Average fitness: 2.76701161106e+17
Number of repeated individuals: 3
Mutation improvement rate: 0.0%
Crossover improvement rate: 31.4%

Generation 39
Best fitness: 2.84208713603e-09
Worst fitness: 2079.49730639
Average fitness: 21.6873496596
Number of repeated individuals: 4
Mutation improvement rate: 8.33%
Crossover improvement rate: 35.0%

Generation 40
Best fitness: 2.84208713603e-09
Worst fitness: inf
Average fitness: 2.76701161106e+17
Number of repeated individuals: 2
Mutation improvement rate: 0.0%
Crossover improvement rate: 31.4%

Generation 41
Best fitness: 2.84208713603e-09
Worst fitness: inf
Average fitness: 1.84467440737e+17
Number of repeated individuals: 1
Mutation improvement rate: 0.0%
Crossover improvement rate: 35.37%

Generation 42
Best fitness: 2.84208713603e-09
Worst fitness: inf
Average fitness: 9.13205152164e+16
Number of repeated individuals: 0
Mutation improvement rate: 0.0%
Crossover improvement rate: 21.74%

Generation 43
Best fitness: 2.84208713603e-09
Worst fitness: inf
Average fitness: 9.13205152194e+16
Number of repeated individuals: 0
Mutation improvement rate: 0.0%
Crossover improvement rate: 27.03%

Generation 44
Best fitness: 2.84208713603e-09
Worst fitness: 10.5063111676
Average fitness: 0.340452918937
Number of repeated individuals: 2
Mutation improvement rate: 0.0%
Crossover improvement rate: 13.1%

Generation 45
Best fitness: 2.84208713603e-09
Worst fitness: 25.2044314495
Average fitness: 0.31733228394
Number of repeated individuals: 0
Mutation improvement rate: 0.0%
Crossover improvement rate: 6.1%

Generation 46
Best fitness: 2.84208713603e-09
Worst fitness: inf
Average fitness: 9.22337203685e+16
Number of repeated individuals: 1
Mutation improvement rate: 0.0%
Crossover improvement rate: 1.25%

Generation 47
Best fitness: 2.84208713603e-09
Worst fitness: inf
Average fitness: 1.84467440737e+17
Number of repeated individuals: 0
Mutation improvement rate: 0.0%
Crossover improvement rate: 12.82%

Generation 48
Best fitness: 2.84208713603e-09
Worst fitness: inf
Average fitness: 1.82641030433e+17
Number of repeated individuals: 0
Mutation improvement rate: 0.0%
Crossover improvement rate: 6.1%

Generation 49
Best fitness: 2.84208713603e-09
Worst fitness: inf
Average fitness: 9.22337203685e+16
Number of repeated individuals: 0
Mutation improvement rate: 0.0%
Crossover improvement rate: 2.5%

Generation 50
Best fitness: 2.84208713603e-09
Worst fitness: inf
Average fitness: 1.84467440737e+17
Number of repeated individuals: 0
Mutation improvement rate: 0.0%
Crossover improvement rate: 8.97%

Generation 51
Best fitness: 2.84208713603e-09
Worst fitness: inf
Average fitness: 3.50841871852e+17
Number of repeated individuals: 0
Mutation improvement rate: 0.0%
Crossover improvement rate: 2.44%

Generation 52
Best fitness: 2.84208713603e-09
Worst fitness: inf
Average fitness: 9.13205152166e+16
Number of repeated individuals: 0
Mutation improvement rate: 0.0%
Crossover improvement rate: 5.95%

Generation 53
Best fitness: 2.84208713603e-09
Worst fitness: inf
Average fitness: 9.22337203685e+16
Number of repeated individuals: 0
Mutation improvement rate: 0.0%
Crossover improvement rate: 2.38%

Generation 54
Best fitness: 2.84208713603e-09
Worst fitness: 2.58911021136
Average fitness: 0.0611033153087
Number of repeated individuals: 0
Mutation improvement rate: 0.0%
Crossover improvement rate: 1.14%

Generation 55
Best fitness: 2.84208713603e-09
Worst fitness: inf
Average fitness: 1.82641030433e+17
Number of repeated individuals: 0
Mutation improvement rate: 0.0%
Crossover improvement rate: 1.22%

Generation 56
Best fitness: 2.84208713603e-09
Worst fitness: inf
Average fitness: 1.82641030433e+17
Number of repeated individuals: 0
Mutation improvement rate: 0.0%
Crossover improvement rate: 11.25%

Generation 57
Best fitness: 2.84208713603e-09
Worst fitness: 37.6848328618
Average fitness: 0.546751266603
Number of repeated individuals: 0
Mutation improvement rate: 0.0%
Crossover improvement rate: 4.44%

Generation 58
Best fitness: 2.84208713603e-09
Worst fitness: 129626.358672
Average fitness: 1284.59821339
Number of repeated individuals: 1
Mutation improvement rate: 0.0%
Crossover improvement rate: 1.32%

Generation 59
Best fitness: 2.84208713603e-09
Worst fitness: inf
Average fitness: 9.22337203685e+16
Number of repeated individuals: 0
Mutation improvement rate: 16.67%
Crossover improvement rate: 6.1%

Generation 60
Best fitness: 2.84208713603e-09
Worst fitness: 8.05779027162
Average fitness: 0.209109672155
Number of repeated individuals: 0
Mutation improvement rate: 0.0%
Crossover improvement rate: 2.33%

Generation 61
Best fitness: 2.84208713603e-09
Worst fitness: inf
Average fitness: 9.22337203685e+16
Number of repeated individuals: 1
Mutation improvement rate: 0.0%
Crossover improvement rate: 4.44%

Generation 62
Best fitness: 2.84208713603e-09
Worst fitness: inf
Average fitness: 9.22337203685e+16
Number of repeated individuals: 0
Mutation improvement rate: 0.0%
Crossover improvement rate: 0.0%

Generation 63
Best fitness: 2.84208713603e-09
Worst fitness: 155015535.93
Average fitness: 1550155.45332
Number of repeated individuals: 1
Mutation improvement rate: 0.0%
Crossover improvement rate: 0.0%

Generation 64
Best fitness: 2.84208713603e-09
Worst fitness: 8.54848139876
Average fitness: 0.118688421416
Number of repeated individuals: 1
Mutation improvement rate: 0.0%
Crossover improvement rate: 3.49%

Generation 65
Best fitness: 2.84208713603e-09
Worst fitness: 0.782003051272
Average fitness: 0.0351636821647
Number of repeated individuals: 0
Mutation improvement rate: 0.0%
Crossover improvement rate: 0.0%

Generation 66
Best fitness: 2.84208713603e-09
Worst fitness: 3.42584005273
Average fitness: 0.150969622834
Number of repeated individuals: 0
Mutation improvement rate: 0.0%
Crossover improvement rate: 0.0%

Generation 67
Best fitness: 2.84208713603e-09
Worst fitness: inf
Average fitness: 9.22337203685e+16
Number of repeated individuals: 1
Mutation improvement rate: 0.0%
Crossover improvement rate: 2.78%

Generation 68
Best fitness: 2.84208713603e-09
Worst fitness: inf
Average fitness: 1.84467440737e+17
Number of repeated individuals: 0
Mutation improvement rate: 0.0%
Crossover improvement rate: 2.94%

Generation 69
Best fitness: 2.84208713603e-09
Worst fitness: inf
Average fitness: 9.22337203685e+16
Number of repeated individuals: 0
Mutation improvement rate: 0.0%
Crossover improvement rate: 3.57%

Generation 70
Best fitness: 2.84208713603e-09
Worst fitness: inf
Average fitness: 9.22337203685e+16
Number of repeated individuals: 0
Mutation improvement rate: 0.0%
Crossover improvement rate: 0.0%

Generation 71
Best fitness: 2.84208713603e-09
Worst fitness: 16971654.1936
Average fitness: 168036.517885
Number of repeated individuals: 0
Mutation improvement rate: 0.0%
Crossover improvement rate: 0.0%

Generation 72
Best fitness: 2.84208713603e-09
Worst fitness: inf
Average fitness: 1.84467440737e+17
Number of repeated individuals: 0
Mutation improvement rate: 0.0%
Crossover improvement rate: 0.0%

Generation 73
Best fitness: 2.84208713603e-09
Worst fitness: inf
Average fitness: 1.84467440737e+17
Number of repeated individuals: 0
Mutation improvement rate: 0.0%
Crossover improvement rate: 0.0%

Generation 74
Best fitness: 2.84208713603e-09
Worst fitness: inf
Average fitness: 1.84467440737e+17
Number of repeated individuals: 0
Mutation improvement rate: 0.0%
Crossover improvement rate: 1.25%

Generation 75
Best fitness: 2.84208713603e-09
Worst fitness: inf
Average fitness: 3.65282060866e+17
Number of repeated individuals: 1
Mutation improvement rate: 0.0%
Crossover improvement rate: 4.76%

Generation 76
Best fitness: 2.84208713603e-09
Worst fitness: inf
Average fitness: 9.13205152179e+16
Number of repeated individuals: 1
Mutation improvement rate: 0.0%
Crossover improvement rate: 6.52%

Generation 77
Best fitness: 2.84208713603e-09
Worst fitness: 1.77491239157
Average fitness: 0.0896247089876
Number of repeated individuals: 0
Mutation improvement rate: 0.0%
Crossover improvement rate: 0.0%

Generation 78
Best fitness: 2.84208713603e-09
Worst fitness: inf
Average fitness: 3.68934881474e+17
Number of repeated individuals: 0
Mutation improvement rate: 0.0%
Crossover improvement rate: 4.76%

Generation 79
Best fitness: 2.84208713603e-09
Worst fitness: inf
Average fitness: 9.13205152165e+16
Number of repeated individuals: 1
Mutation improvement rate: 0.0%
Crossover improvement rate: 7.14%

Generation 80
Best fitness: 2.84208713603e-09
Worst fitness: inf
Average fitness: 2.73961545649e+17
Number of repeated individuals: 0
Mutation improvement rate: 0.0%
Crossover improvement rate: 6.94%

Generation 81
Best fitness: 2.84208713603e-09
Worst fitness: 162308772.547
Average fitness: 1607017.82637
Number of repeated individuals: 0
Mutation improvement rate: 0.0%
Crossover improvement rate: 4.35%

Generation 82
Best fitness: 2.84208713603e-09
Worst fitness: inf
Average fitness: 3.74414112387e+17
Number of repeated individuals: 0
Mutation improvement rate: 0.0%
Crossover improvement rate: 2.22%

Generation 83
Best fitness: 2.84208713603e-09
Worst fitness: 9.22337203685e+17
Average fitness: 9.13205152164e+15
Number of repeated individuals: 0
Mutation improvement rate: 0.0%
Crossover improvement rate: 2.5%

Generation 84
Best fitness: 2.84208713603e-09
Worst fitness: 11.4915709701
Average fitness: 0.232735022043
Number of repeated individuals: 1
Mutation improvement rate: 0.0%
Crossover improvement rate: 0.0%

Generation 85
Best fitness: 2.84208713603e-09
Worst fitness: 2.3961885145e+16
Average fitness: 2.3961885145e+14
Number of repeated individuals: 0
Mutation improvement rate: 0.0%
Crossover improvement rate: 1.16%

Generation 86
Best fitness: 2.84208713603e-09
Worst fitness: inf
Average fitness: 1.82641030433e+17
Number of repeated individuals: 0
Mutation improvement rate: 0.0%
Crossover improvement rate: 0.0%

Generation 87
Best fitness: 2.84208713603e-09
Worst fitness: inf
Average fitness: 1.9990840437e+62
Number of repeated individuals: 1
Mutation improvement rate: 0.0%
Crossover improvement rate: 6.76%

Generation 88
Best fitness: 2.84208713603e-09
Worst fitness: inf
Average fitness: 1.82641030433e+17
Number of repeated individuals: 0
Mutation improvement rate: 0.0%
Crossover improvement rate: 3.49%

Generation 89
Best fitness: 2.84208713603e-09
Worst fitness: 2.71091882098
Average fitness: 0.0582955727142
Number of repeated individuals: 0
Mutation improvement rate: 0.0%
Crossover improvement rate: 1.16%

Generation 90
Best fitness: 2.84208713603e-09
Worst fitness: 14.2199247579
Average fitness: 0.53394870616
Number of repeated individuals: 0
Mutation improvement rate: 0.0%
Crossover improvement rate: 0.0%

Generation 91
Best fitness: 2.84208713603e-09
Worst fitness: inf
Average fitness: 9.22337203701e+16
Number of repeated individuals: 0
Mutation improvement rate: 0.0%
Crossover improvement rate: 0.0%

Generation 92
Best fitness: 2.84208713603e-09
Worst fitness: 7.64554939667
Average fitness: 0.12367952171
Number of repeated individuals: 0
Mutation improvement rate: 0.0%
Crossover improvement rate: 1.16%

Generation 93
Best fitness: 2.84208713603e-09
Worst fitness: inf
Average fitness: 9.22337203685e+16
Number of repeated individuals: 1
Mutation improvement rate: 0.0%
Crossover improvement rate: 0.0%

Generation 94
Best fitness: 2.84208713603e-09
Worst fitness: 17.8463968929
Average fitness: 0.43814988923
Number of repeated individuals: 0
Mutation improvement rate: 0.0%
Crossover improvement rate: 2.17%

Generation 95
Best fitness: 2.84208713603e-09
Worst fitness: 9.22337203685e+18
Average fitness: 1.04405871794e+17
Number of repeated individuals: 0
Mutation improvement rate: 0.0%
Crossover improvement rate: 1.35%

Generation 96
Best fitness: 2.84208713603e-09
Worst fitness: inf
Average fitness: 9.13205152164e+16
Number of repeated individuals: 0
Mutation improvement rate: 7.14%
Crossover improvement rate: 1.22%

Generation 97
Best fitness: 2.84208713603e-09
Worst fitness: inf
Average fitness: 9.22337203685e+16
Number of repeated individuals: 1
Mutation improvement rate: 0.0%
Crossover improvement rate: 11.54%

Generation 98
Best fitness: 2.84208713603e-09
Worst fitness: 10.2975357723
Average fitness: 0.155982514951
Number of repeated individuals: 0
Mutation improvement rate: 0.0%
Crossover improvement rate: 1.22%

Generation 99
Best fitness: 2.84208713603e-09
Worst fitness: inf
Average fitness: 6.28427667099e+24
Number of repeated individuals: 0
Mutation improvement rate: 0.0%
Crossover improvement rate: 0.0%

Generation 100
Best fitness: 2.84208713603e-09
Worst fitness: inf
Average fitness: 1.01457092405e+17
Number of repeated individuals: 0
Mutation improvement rate: 0.0%
Crossover improvement rate: 1.32%

Top 5 individuals for training dataset:

	 ((x1)^((x0)+(sin(sqrt((-8.713882672623237)^(cos(0.8028577400703831))))))) 	Fitness: 2.84208713603e-09
	 ((x1)^((x0)+(sin(sqrt((-8.713882672623237)^(((-0.5059289275279788)+(x1))/(x1))))))) 	Fitness: 2.84208713603e-09
	 ((x1)^((x0)+(sin(sqrt((-8.713882672623237)^(((-5.670991809520078)+((-8.713882672623237)-(((x0)+(0.20075697887294908))/(x1))))/(x1))))))) 	Fitness: 2.84208713603e-09
	 ((x1)^((x0)+(sin(sqrt((-8.713882672623237)^(log(sin(sqrt((x1)+(sin(sin(sin(((x1)*(-2.4737403243055027))-(x0)))))))))))))) 	Fitness: 2.84208713603e-09
	 ((x1)^((x0)+(sin(sqrt((-8.713882672623237)^(((-5.670991809520078)+(((cos((-5.670991809520078)+(sin(sqrt(x1)))))-(x0))-(((x0)+(0.20075697887294908))/(x1))))/(x1))))))) 	Fitness: 2.84208713603e-09

Top 5 individuals for test dataset:

	 ((x1)^((x0)+(sin(sqrt((-8.713882672623237)^(cos(0.8028577400703831))))))) 	Fitness: 2.84208713603e-09
	 ((x1)^((x0)+(sin(sqrt((-8.713882672623237)^(((-0.5059289275279788)+(x1))/(x1))))))) 	Fitness: 2.84208713603e-09
	 ((x1)^((x0)+(sin(sqrt((-8.713882672623237)^(((-5.670991809520078)+((-8.713882672623237)-(((x0)+(0.20075697887294908))/(x1))))/(x1))))))) 	Fitness: 2.84208713603e-09
	 ((x1)^((x0)+(sin(sqrt((-8.713882672623237)^(log(sin(sqrt((x1)+(sin(sin(sin(((x1)*(-2.4737403243055027))-(x0)))))))))))))) 	Fitness: 2.84208713603e-09
	 ((x1)^((x0)+(sin(sqrt((-8.713882672623237)^(((-5.670991809520078)+(((cos((-5.670991809520078)+(sin(sqrt(x1)))))-(x0))-(((x0)+(0.20075697887294908))/(x1))))/(x1))))))) 	Fitness: 2.84208713603e-09
