Generation 1
Best fitness: 2.84208713603e-09
Worst fitness: inf
Average fitness: 1.17922491017e+17
Number of repeated individuals: 9
Mutation improvement rate: 50.0%
Crossover improvement rate: 52.5%

Generation 2
Best fitness: 2.84208713603e-09
Worst fitness: 14620.7127638
Average fitness: 149.563544289
Number of repeated individuals: 5
Mutation improvement rate: 20.0%
Crossover improvement rate: 47.56%

Generation 3
Best fitness: 2.84208713603e-09
Worst fitness: inf
Average fitness: 1.16332286644e+17
Number of repeated individuals: 7
Mutation improvement rate: 36.36%
Crossover improvement rate: 33.82%

Generation 4
Best fitness: 2.84208713603e-09
Worst fitness: 1100.05510846
Average fitness: 11.7164646924
Number of repeated individuals: 14
Mutation improvement rate: 50.0%
Crossover improvement rate: 50.0%

Generation 5
Best fitness: 2.84208713603e-09
Worst fitness: 71.3835458371
Average fitness: 2.05770650808
Number of repeated individuals: 14
Mutation improvement rate: 16.67%
Crossover improvement rate: 53.41%

Generation 6
Best fitness: 2.84208713603e-09
Worst fitness: 62.463894692
Average fitness: 1.08561675792
Number of repeated individuals: 14
Mutation improvement rate: 20.0%
Crossover improvement rate: 51.25%

Generation 7
Best fitness: 2.84208713603e-09
Worst fitness: inf
Average fitness: 9.13205152164e+16
Number of repeated individuals: 8
Mutation improvement rate: 6.25%
Crossover improvement rate: 40.79%

Generation 8
Best fitness: 2.84208713603e-09
Worst fitness: 63.7260322475
Average fitness: 1.01159572665
Number of repeated individuals: 7
Mutation improvement rate: 50.0%
Crossover improvement rate: 51.06%

Generation 9
Best fitness: 2.84208713603e-09
Worst fitness: 9.22337203685e+18
Average fitness: 9.13205152164e+16
Number of repeated individuals: 7
Mutation improvement rate: 0.0%
Crossover improvement rate: 55.43%

Generation 10
Best fitness: 2.84208713603e-09
Worst fitness: 12.7147374821
Average fitness: 0.587863990153
Number of repeated individuals: 12
Mutation improvement rate: 10.0%
Crossover improvement rate: 39.02%

Generation 11
Best fitness: 2.84208713603e-09
Worst fitness: 2.0070632952
Average fitness: 0.253808130086
Number of repeated individuals: 10
Mutation improvement rate: 20.0%
Crossover improvement rate: 40.7%

Generation 12
Best fitness: 2.84208713603e-09
Worst fitness: inf
Average fitness: 9.13205152164e+16
Number of repeated individuals: 9
Mutation improvement rate: 0.0%
Crossover improvement rate: 45.35%

Generation 13
Best fitness: 2.84208713603e-09
Worst fitness: inf
Average fitness: 9.13205152164e+16
Number of repeated individuals: 9
Mutation improvement rate: 33.33%
Crossover improvement rate: 43.33%

Generation 14
Best fitness: 2.84208713603e-09
Worst fitness: 12.4477359231
Average fitness: 0.445091418845
Number of repeated individuals: 5
Mutation improvement rate: 7.14%
Crossover improvement rate: 42.5%

Generation 15
Best fitness: 2.84208713603e-09
Worst fitness: 16.9161970141
Average fitness: 0.459233021343
Number of repeated individuals: 10
Mutation improvement rate: 18.75%
Crossover improvement rate: 42.5%

Generation 16
Best fitness: 2.84208713603e-09
Worst fitness: inf
Average fitness: 9.13205152164e+16
Number of repeated individuals: 8
Mutation improvement rate: 0.0%
Crossover improvement rate: 52.27%

Generation 17
Best fitness: 2.84208713603e-09
Worst fitness: 16286.8758335
Average fitness: 163.293260413
Number of repeated individuals: 4
Mutation improvement rate: 7.14%
Crossover improvement rate: 32.93%

Generation 18
Best fitness: 2.84208713603e-09
Worst fitness: 2.228323643
Average fitness: 0.204462479093
Number of repeated individuals: 8
Mutation improvement rate: 10.0%
Crossover improvement rate: 43.9%

Generation 19
Best fitness: 2.84208713603e-09
Worst fitness: 12.4681165041
Average fitness: 0.390592314466
Number of repeated individuals: 11
Mutation improvement rate: 0.0%
Crossover improvement rate: 48.81%

Generation 20
Best fitness: 2.84208713603e-09
Worst fitness: inf
Average fitness: 9.13205152164e+16
Number of repeated individuals: 10
Mutation improvement rate: 0.0%
Crossover improvement rate: 48.84%

Generation 21
Best fitness: 2.84208713603e-09
Worst fitness: 6.92952280574
Average fitness: 0.403650389345
Number of repeated individuals: 13
Mutation improvement rate: 8.33%
Crossover improvement rate: 42.31%

Generation 22
Best fitness: 2.84208713603e-09
Worst fitness: inf
Average fitness: 9.13205152164e+16
Number of repeated individuals: 22
Mutation improvement rate: 20.0%
Crossover improvement rate: 30.95%

Generation 23
Best fitness: 2.84208713603e-09
Worst fitness: inf
Average fitness: 2.76701161106e+17
Number of repeated individuals: 19
Mutation improvement rate: 12.5%
Crossover improvement rate: 39.47%

Generation 24
Best fitness: 2.84208713603e-09
Worst fitness: inf
Average fitness: 9.13205152164e+16
Number of repeated individuals: 16
Mutation improvement rate: 12.5%
Crossover improvement rate: 25.58%

Generation 25
Best fitness: 2.84208713603e-09
Worst fitness: 1.67444512975
Average fitness: 0.208830597837
Number of repeated individuals: 13
Mutation improvement rate: 25.0%
Crossover improvement rate: 50.0%

Generation 26
Best fitness: 2.84208713603e-09
Worst fitness: 1.14554178669
Average fitness: 0.190163427773
Number of repeated individuals: 14
Mutation improvement rate: 0.0%
Crossover improvement rate: 55.41%

Generation 27
Best fitness: 2.84208713603e-09
Worst fitness: inf
Average fitness: 9.13205152164e+16
Number of repeated individuals: 12
Mutation improvement rate: 25.0%
Crossover improvement rate: 37.78%

Generation 28
Best fitness: 2.84208713603e-09
Worst fitness: inf
Average fitness: 9.22337203685e+16
Number of repeated individuals: 14
Mutation improvement rate: 10.0%
Crossover improvement rate: 40.24%

Generation 29
Best fitness: 2.84208713603e-09
Worst fitness: 3.60036580758e+12
Average fitness: 35650323679.0
Number of repeated individuals: 12
Mutation improvement rate: 0.0%
Crossover improvement rate: 48.75%

Generation 30
Best fitness: 2.84208713603e-09
Worst fitness: 23.6084159629
Average fitness: 0.549469484083
Number of repeated individuals: 14
Mutation improvement rate: 10.0%
Crossover improvement rate: 48.75%

Generation 31
Best fitness: 2.84208713603e-09
Worst fitness: inf
Average fitness: 9.13205152164e+16
Number of repeated individuals: 15
Mutation improvement rate: 7.14%
Crossover improvement rate: 38.75%

Generation 32
Best fitness: 2.84208713603e-09
Worst fitness: inf
Average fitness: 9.13205152164e+16
Number of repeated individuals: 14
Mutation improvement rate: 10.0%
Crossover improvement rate: 34.88%

Generation 33
Best fitness: 2.84208713603e-09
Worst fitness: inf
Average fitness: 1.82641030433e+17
Number of repeated individuals: 15
Mutation improvement rate: 25.0%
Crossover improvement rate: 54.55%

Generation 34
Best fitness: 2.84208713603e-09
Worst fitness: inf
Average fitness: 9.22337203685e+16
Number of repeated individuals: 14
Mutation improvement rate: 12.5%
Crossover improvement rate: 41.46%

Generation 35
Best fitness: 2.84208713603e-09
Worst fitness: 15.6019217637
Average fitness: 0.353170283121
Number of repeated individuals: 16
Mutation improvement rate: 0.0%
Crossover improvement rate: 36.05%

Generation 36
Best fitness: 2.84208713603e-09
Worst fitness: 7.12938501819
Average fitness: 0.238849875519
Number of repeated individuals: 9
Mutation improvement rate: 10.0%
Crossover improvement rate: 39.29%

Generation 37
Best fitness: 2.84208713603e-09
Worst fitness: inf
Average fitness: 9.22337203685e+16
Number of repeated individuals: 5
Mutation improvement rate: 0.0%
Crossover improvement rate: 38.64%

Generation 38
Best fitness: 2.84208713603e-09
Worst fitness: inf
Average fitness: 9.22337203685e+16
Number of repeated individuals: 7
Mutation improvement rate: 6.25%
Crossover improvement rate: 41.03%

Generation 39
Best fitness: 2.84208713603e-09
Worst fitness: inf
Average fitness: 9.22337203685e+16
Number of repeated individuals: 9
Mutation improvement rate: 16.67%
Crossover improvement rate: 37.8%

Generation 40
Best fitness: 2.84208713603e-09
Worst fitness: 4.8381857778e+129
Average fitness: 4.79028294832e+127
Number of repeated individuals: 13
Mutation improvement rate: 7.14%
Crossover improvement rate: 48.72%

Generation 41
Best fitness: 2.84208713603e-09
Worst fitness: 162307051.377
Average fitness: 1623070.82939
Number of repeated individuals: 9
Mutation improvement rate: 0.0%
Crossover improvement rate: 43.18%

Generation 42
Best fitness: 2.84208713603e-09
Worst fitness: inf
Average fitness: 9.1320515218e+16
Number of repeated individuals: 8
Mutation improvement rate: 16.67%
Crossover improvement rate: 37.5%

Generation 43
Best fitness: 2.84208713603e-09
Worst fitness: 1.97682519681
Average fitness: 0.136105716623
Number of repeated individuals: 6
Mutation improvement rate: 0.0%
Crossover improvement rate: 46.51%

Generation 44
Best fitness: 2.84208713603e-09
Worst fitness: inf
Average fitness: 9.22337203686e+16
Number of repeated individuals: 6
Mutation improvement rate: 0.0%
Crossover improvement rate: 44.32%

Generation 45
Best fitness: 2.84208713603e-09
Worst fitness: 6.92952280574
Average fitness: 0.178257937798
Number of repeated individuals: 8
Mutation improvement rate: 0.0%
Crossover improvement rate: 41.86%

Generation 46
Best fitness: 2.84208713603e-09
Worst fitness: 4.5966084361e+18
Average fitness: 5.46430261365e+16
Number of repeated individuals: 11
Mutation improvement rate: 8.33%
Crossover improvement rate: 53.75%

Generation 47
Best fitness: 2.84208713603e-09
Worst fitness: 1414.98974931
Average fitness: 14.3967115233
Number of repeated individuals: 6
Mutation improvement rate: 12.5%
Crossover improvement rate: 46.43%

Generation 48
Best fitness: 2.84208713603e-09
Worst fitness: 1.49454694905
Average fitness: 0.134684246283
Number of repeated individuals: 8
Mutation improvement rate: 0.0%
Crossover improvement rate: 48.75%

Generation 49
Best fitness: 2.84208713603e-09
Worst fitness: inf
Average fitness: 9.13205152164e+16
Number of repeated individuals: 9
Mutation improvement rate: 0.0%
Crossover improvement rate: 52.44%

Generation 50
Best fitness: 2.84208713603e-09
Worst fitness: 1986.88338909
Average fitness: 19.8621633179
Number of repeated individuals: 4
Mutation improvement rate: 16.67%
Crossover improvement rate: 42.68%

Generation 51
Best fitness: 2.84208713603e-09
Worst fitness: inf
Average fitness: 9.22337203685e+16
Number of repeated individuals: 7
Mutation improvement rate: 10.0%
Crossover improvement rate: 51.16%

Generation 52
Best fitness: 2.84208713603e-09
Worst fitness: 303700049.898
Average fitness: 3037000.5996
Number of repeated individuals: 8
Mutation improvement rate: 16.67%
Crossover improvement rate: 34.15%

Generation 53
Best fitness: 2.84208713603e-09
Worst fitness: 6.3445167676
Average fitness: 0.190262650451
Number of repeated individuals: 4
Mutation improvement rate: 12.5%
Crossover improvement rate: 38.37%

Generation 54
Best fitness: 2.84208713603e-09
Worst fitness: 6.76611383256
Average fitness: 0.222661766523
Number of repeated individuals: 7
Mutation improvement rate: 8.33%
Crossover improvement rate: 46.15%

Generation 55
Best fitness: 2.84208713603e-09
Worst fitness: 3.64195244347
Average fitness: 0.148656119876
Number of repeated individuals: 11
Mutation improvement rate: 0.0%
Crossover improvement rate: 38.37%

Generation 56
Best fitness: 2.84208713603e-09
Worst fitness: 125.685263346
Average fitness: 1.70790119734
Number of repeated individuals: 14
Mutation improvement rate: 20.0%
Crossover improvement rate: 41.46%

Generation 57
Best fitness: 2.84208713603e-09
Worst fitness: inf
Average fitness: 9.22337203685e+16
Number of repeated individuals: 16
Mutation improvement rate: 0.0%
Crossover improvement rate: 35.9%

Generation 58
Best fitness: 2.84208713603e-09
Worst fitness: 8.33023211332
Average fitness: 0.327029827106
Number of repeated individuals: 15
Mutation improvement rate: 0.0%
Crossover improvement rate: 44.19%

Generation 59
Best fitness: 2.84208713603e-09
Worst fitness: inf
Average fitness: 9.13205152164e+16
Number of repeated individuals: 17
Mutation improvement rate: 20.0%
Crossover improvement rate: 46.34%

Generation 60
Best fitness: 2.84208713603e-09
Worst fitness: 8.8247376565
Average fitness: 0.270251090836
Number of repeated individuals: 20
Mutation improvement rate: 25.0%
Crossover improvement rate: 38.64%

Generation 61
Best fitness: 2.84208713603e-09
Worst fitness: inf
Average fitness: 1.82641030434e+17
Number of repeated individuals: 19
Mutation improvement rate: 12.5%
Crossover improvement rate: 29.55%

Generation 62
Best fitness: 2.84208713603e-09
Worst fitness: 4.98340917939e+17
Average fitness: 4.98538310616e+15
Number of repeated individuals: 11
Mutation improvement rate: 0.0%
Crossover improvement rate: 43.02%

Generation 63
Best fitness: 2.84208713603e-09
Worst fitness: inf
Average fitness: 9.22337203685e+16
Number of repeated individuals: 9
Mutation improvement rate: 0.0%
Crossover improvement rate: 41.25%

Generation 64
Best fitness: 2.84208713603e-09
Worst fitness: inf
Average fitness: 9.13205152164e+16
Number of repeated individuals: 3
Mutation improvement rate: 12.5%
Crossover improvement rate: 46.34%

Generation 65
Best fitness: 2.84208713603e-09
Worst fitness: 6.91992606861
Average fitness: 0.215016757054
Number of repeated individuals: 3
Mutation improvement rate: 16.67%
Crossover improvement rate: 51.19%

Generation 66
Best fitness: 2.84208713603e-09
Worst fitness: 0.782003051272
Average fitness: 0.0898137179238
Number of repeated individuals: 4
Mutation improvement rate: 12.5%
Crossover improvement rate: 51.14%

Generation 67
Best fitness: 2.84208713603e-09
Worst fitness: 39.414887308
Average fitness: 0.761107040151
Number of repeated individuals: 11
Mutation improvement rate: 12.5%
Crossover improvement rate: 43.42%

Generation 68
Best fitness: 2.84208713603e-09
Worst fitness: inf
Average fitness: 9.22337203685e+16
Number of repeated individuals: 8
Mutation improvement rate: 10.0%
Crossover improvement rate: 38.89%

Generation 69
Best fitness: 2.84208713603e-09
Worst fitness: 30.3332371757
Average fitness: 0.469534307515
Number of repeated individuals: 9
Mutation improvement rate: 0.0%
Crossover improvement rate: 44.87%

Generation 70
Best fitness: 2.84208713603e-09
Worst fitness: inf
Average fitness: 1.82641033755e+17
Number of repeated individuals: 14
Mutation improvement rate: 0.0%
Crossover improvement rate: 37.21%

Generation 71
Best fitness: 2.84208713603e-09
Worst fitness: 5.13421883293e+18
Average fitness: 5.13422232678e+16
Number of repeated individuals: 10
Mutation improvement rate: 0.0%
Crossover improvement rate: 44.44%

Generation 72
Best fitness: 2.84208713603e-09
Worst fitness: 6.73353294518
Average fitness: 0.290189435487
Number of repeated individuals: 9
Mutation improvement rate: 0.0%
Crossover improvement rate: 46.34%

Generation 73
Best fitness: 2.84208713603e-09
Worst fitness: 2.56288671537
Average fitness: 0.1655459527
Number of repeated individuals: 12
Mutation improvement rate: 10.0%
Crossover improvement rate: 50.0%

Generation 74
Best fitness: 2.84208713603e-09
Worst fitness: inf
Average fitness: 1.82641030433e+17
Number of repeated individuals: 6
Mutation improvement rate: 8.33%
Crossover improvement rate: 38.1%

Generation 75
Best fitness: 2.84208713603e-09
Worst fitness: inf
Average fitness: 9.13205152164e+16
Number of repeated individuals: 8
Mutation improvement rate: 50.0%
Crossover improvement rate: 40.48%

Generation 76
Best fitness: 2.84208713603e-09
Worst fitness: inf
Average fitness: 9.22337203685e+16
Number of repeated individuals: 5
Mutation improvement rate: 0.0%
Crossover improvement rate: 34.52%

Generation 77
Best fitness: 2.84208713603e-09
Worst fitness: 5.77260039114
Average fitness: 0.210566181964
Number of repeated individuals: 4
Mutation improvement rate: 10.0%
Crossover improvement rate: 30.95%

Generation 78
Best fitness: 2.84208713603e-09
Worst fitness: 6.87263312422
Average fitness: 0.211928996267
Number of repeated individuals: 3
Mutation improvement rate: 16.67%
Crossover improvement rate: 26.14%

Generation 79
Best fitness: 2.84208713603e-09
Worst fitness: inf
Average fitness: 9.22337203685e+16
Number of repeated individuals: 2
Mutation improvement rate: 0.0%
Crossover improvement rate: 21.43%

Generation 80
Best fitness: 2.84208713603e-09
Worst fitness: 162308772.547
Average fitness: 1607017.79203
Number of repeated individuals: 2
Mutation improvement rate: 6.25%
Crossover improvement rate: 15.79%

Generation 81
Best fitness: 2.84208713603e-09
Worst fitness: 1.76669573024e+18
Average fitness: 1.74920369331e+16
Number of repeated individuals: 1
Mutation improvement rate: 0.0%
Crossover improvement rate: 14.29%

Generation 82
Best fitness: 2.84208713603e-09
Worst fitness: inf
Average fitness: 9.22337630529e+16
Number of repeated individuals: 1
Mutation improvement rate: 16.67%
Crossover improvement rate: 7.32%

Generation 83
Best fitness: 2.84208713603e-09
Worst fitness: 88.2487556139
Average fitness: 1.1909996409
Number of repeated individuals: 2
Mutation improvement rate: 25.0%
Crossover improvement rate: 21.43%

Generation 84
Best fitness: 2.84208713603e-09
Worst fitness: 1945964452.41
Average fitness: 19266975.7681
Number of repeated individuals: 2
Mutation improvement rate: 0.0%
Crossover improvement rate: 5.81%

Generation 85
Best fitness: 2.84208713603e-09
Worst fitness: 9.57773052734
Average fitness: 0.236560813235
Number of repeated individuals: 1
Mutation improvement rate: 0.0%
Crossover improvement rate: 10.26%

Generation 86
Best fitness: 2.84208713603e-09
Worst fitness: 3.03358321654
Average fitness: 0.111805405324
Number of repeated individuals: 0
Mutation improvement rate: 0.0%
Crossover improvement rate: 10.26%

Generation 87
Best fitness: 2.84208713603e-09
Worst fitness: inf
Average fitness: 6.43423183189e+48
Number of repeated individuals: 0
Mutation improvement rate: 0.0%
Crossover improvement rate: 4.44%

Generation 88
Best fitness: 2.84208713603e-09
Worst fitness: 22.6862730758
Average fitness: 0.345423588105
Number of repeated individuals: 3
Mutation improvement rate: 8.33%
Crossover improvement rate: 3.75%

Generation 89
Best fitness: 2.84208713603e-09
Worst fitness: 2.09789838017
Average fitness: 0.0520246681495
Number of repeated individuals: 2
Mutation improvement rate: 0.0%
Crossover improvement rate: 6.98%

Generation 90
Best fitness: 2.84208713603e-09
Worst fitness: 150387152615.0
Average fitness: 1488981709.16
Number of repeated individuals: 2
Mutation improvement rate: 0.0%
Crossover improvement rate: 2.38%

Generation 91
Best fitness: 2.84208713603e-09
Worst fitness: 975.119745719
Average fitness: 10.4972097597
Number of repeated individuals: 1
Mutation improvement rate: 0.0%
Crossover improvement rate: 3.85%

Generation 92
Best fitness: 2.84208713603e-09
Worst fitness: 4717.46165449
Average fitness: 46.8320048828
Number of repeated individuals: 0
Mutation improvement rate: 0.0%
Crossover improvement rate: 7.69%

Generation 93
Best fitness: 2.84208713603e-09
Worst fitness: 22.3745174601
Average fitness: 0.346875856948
Number of repeated individuals: 2
Mutation improvement rate: 0.0%
Crossover improvement rate: 2.44%

Generation 94
Best fitness: 2.84208713603e-09
Worst fitness: inf
Average fitness: 1.00452566738e+17
Number of repeated individuals: 0
Mutation improvement rate: 0.0%
Crossover improvement rate: 7.14%

Generation 95
Best fitness: 2.84208713603e-09
Worst fitness: 192207.473034
Average fitness: 1922.16579426
Number of repeated individuals: 0
Mutation improvement rate: 0.0%
Crossover improvement rate: 12.2%

Generation 96
Best fitness: 2.84208713603e-09
Worst fitness: 1.48659996504
Average fitness: 0.0372759760869
Number of repeated individuals: 0
Mutation improvement rate: 0.0%
Crossover improvement rate: 6.1%

Generation 97
Best fitness: 2.84208713603e-09
Worst fitness: 214748364.7
Average fitness: 2126221.70592
Number of repeated individuals: 0
Mutation improvement rate: 0.0%
Crossover improvement rate: 1.22%

Generation 98
Best fitness: 2.84208713603e-09
Worst fitness: inf
Average fitness: 1.38207868662e+26
Number of repeated individuals: 2
Mutation improvement rate: 0.0%
Crossover improvement rate: 4.55%

Generation 99
Best fitness: 2.84208713603e-09
Worst fitness: inf
Average fitness: 1.38207868662e+26
Number of repeated individuals: 0
Mutation improvement rate: 0.0%
Crossover improvement rate: 2.38%

Generation 100
Best fitness: 2.84208713603e-09
Worst fitness: 0.78825120058
Average fitness: 0.0416451425191
Number of repeated individuals: 0
Mutation improvement rate: 0.0%
Crossover improvement rate: 1.11%

Top 5 individuals for training dataset:

	 ((x1)^((x1)^(cos(sin((((cos(sqrt(-6.145476014360554)))*(-6.08858175320512))^(cos(x0)))*((x0)^(x0))))))) 	Fitness: 2.84208713603e-09
	 ((x1)^((x1)^(cos(sin((((x0)*(sin(x1)))^((-6.08858175320512)^(log(x0))))*(((-6.08858175320512)^(x0))*(x1))))))) 	Fitness: 2.84208713603e-09
	 ((x1)^((x1)^(cos(sin((((sin((-4.765047182860855)/(-3.3983024677965856)))^(sqrt(x1)))+(-6.145476014360554))^((cos(4.9571751789545715))^(log(sin(-6.145476014360554))))))))) 	Fitness: 2.84208713603e-09
	 ((x1)^((x1)^(cos(sin((((x0)*(sin(x1)))^((-6.08858175320512)^(log(x0))))*(((-6.08858175320512)^(cos(x1)))*(x1))))))) 	Fitness: 2.84208713603e-09
	 ((x1)^((x1)^(cos(sin((((x0)*(sin(x1)))^((sqrt(x0))^(log(x0))))*(((-6.08858175320512)^(cos(x1)))*(x1))))))) 	Fitness: 2.84208713603e-09

Top 5 individuals for test dataset:

	 ((x1)^((x1)^(cos(sin((((cos(sqrt(-6.145476014360554)))*(-6.08858175320512))^(cos(x0)))*((x0)^(x0))))))) 	Fitness: 2.84208713603e-09
	 ((x1)^((x1)^(cos(sin((((x0)*(sin(x1)))^((-6.08858175320512)^(log(x0))))*(((-6.08858175320512)^(x0))*(x1))))))) 	Fitness: 2.84208713603e-09
	 ((x1)^((x1)^(cos(sin((((sin((-4.765047182860855)/(-3.3983024677965856)))^(sqrt(x1)))+(-6.145476014360554))^((cos(4.9571751789545715))^(log(sin(-6.145476014360554))))))))) 	Fitness: 2.84208713603e-09
	 ((x1)^((x1)^(cos(sin((((x0)*(sin(x1)))^((-6.08858175320512)^(log(x0))))*(((-6.08858175320512)^(cos(x1)))*(x1))))))) 	Fitness: 2.84208713603e-09
	 ((x1)^((x1)^(cos(sin((((x0)*(sin(x1)))^((sqrt(x0))^(log(x0))))*(((-6.08858175320512)^(cos(x1)))*(x1))))))) 	Fitness: 2.84208713603e-09
