Generation 1
Best fitness: 0.0889449133759
Worst fitness: inf
Average fitness: 1.00452566754e+17
Number of repeated individuals: 8
Mutation improvement rate: 25.0%
Crossover improvement rate: 59.09%

Generation 2
Best fitness: 0.0774400888723
Worst fitness: inf
Average fitness: 1.03194730556e+17
Number of repeated individuals: 6
Mutation improvement rate: 25.0%
Crossover improvement rate: 46.15%

Generation 3
Best fitness: 0.0682238080066
Worst fitness: inf
Average fitness: 1.8730423944e+117
Number of repeated individuals: 2
Mutation improvement rate: 18.75%
Crossover improvement rate: 52.63%

Generation 4
Best fitness: 0.0487314374025
Worst fitness: 3.36643347185e+17
Average fitness: 3.36643347488e+15
Number of repeated individuals: 1
Mutation improvement rate: 37.5%
Crossover improvement rate: 46.51%

Generation 5
Best fitness: 0.00855393339547
Worst fitness: inf
Average fitness: 3.05395921979e+149
Number of repeated individuals: 1
Mutation improvement rate: 10.0%
Crossover improvement rate: 36.9%

Generation 6
Best fitness: 0.00855393339547
Worst fitness: inf
Average fitness: 2.76701161106e+17
Number of repeated individuals: 1
Mutation improvement rate: 14.29%
Crossover improvement rate: 41.25%

Generation 7
Best fitness: 0.00855393339547
Worst fitness: inf
Average fitness: 9.22337203685e+16
Number of repeated individuals: 2
Mutation improvement rate: 6.25%
Crossover improvement rate: 36.25%

Generation 8
Best fitness: 2.84208713603e-09
Worst fitness: inf
Average fitness: 9.22337504659e+16
Number of repeated individuals: 1
Mutation improvement rate: 6.25%
Crossover improvement rate: 41.89%

Generation 9
Best fitness: 2.84208713603e-09
Worst fitness: 11.3337679649
Average fitness: 0.614574505705
Number of repeated individuals: 2
Mutation improvement rate: 14.29%
Crossover improvement rate: 40.0%

Generation 10
Best fitness: 2.84208713603e-09
Worst fitness: inf
Average fitness: 9.13205152164e+16
Number of repeated individuals: 0
Mutation improvement rate: 25.0%
Crossover improvement rate: 48.78%

Generation 11
Best fitness: 2.84208713603e-09
Worst fitness: inf
Average fitness: 9.13205152164e+16
Number of repeated individuals: 0
Mutation improvement rate: 12.5%
Crossover improvement rate: 45.45%

Generation 12
Best fitness: 2.84208713603e-09
Worst fitness: 264297571.012
Average fitness: 2616809.30777
Number of repeated individuals: 0
Mutation improvement rate: 0.0%
Crossover improvement rate: 31.11%

Generation 13
Best fitness: 2.84208713603e-09
Worst fitness: 12.4681165041
Average fitness: 0.401299308607
Number of repeated individuals: 0
Mutation improvement rate: 20.0%
Crossover improvement rate: 41.67%

Generation 14
Best fitness: 2.84208713603e-09
Worst fitness: 8.69564944003
Average fitness: 0.379243395641
Number of repeated individuals: 0
Mutation improvement rate: 12.5%
Crossover improvement rate: 41.86%

Generation 15
Best fitness: 2.84208713603e-09
Worst fitness: 9.78659959852
Average fitness: 0.44955492663
Number of repeated individuals: 0
Mutation improvement rate: 25.0%
Crossover improvement rate: 34.09%

Generation 16
Best fitness: 2.84208713603e-09
Worst fitness: 51.2861805918
Average fitness: 1.08166906865
Number of repeated individuals: 0
Mutation improvement rate: 16.67%
Crossover improvement rate: 38.1%

Generation 17
Best fitness: 2.84208713603e-09
Worst fitness: inf
Average fitness: 9.22337203685e+16
Number of repeated individuals: 0
Mutation improvement rate: 7.14%
Crossover improvement rate: 32.5%

Generation 18
Best fitness: 2.84208713603e-09
Worst fitness: 9.22337203685e+17
Average fitness: 9.13205152164e+15
Number of repeated individuals: 0
Mutation improvement rate: 0.0%
Crossover improvement rate: 40.24%

Generation 19
Best fitness: 2.84208713603e-09
Worst fitness: 1.89805231905e+37
Average fitness: 1.87925972183e+35
Number of repeated individuals: 0
Mutation improvement rate: 0.0%
Crossover improvement rate: 33.33%

Generation 20
Best fitness: 2.84208713603e-09
Worst fitness: 76242.6360624
Average fitness: 755.242753579
Number of repeated individuals: 1
Mutation improvement rate: 16.67%
Crossover improvement rate: 38.75%

Generation 21
Best fitness: 2.84208713603e-09
Worst fitness: 1.60638461349
Average fitness: 0.216944705983
Number of repeated individuals: 0
Mutation improvement rate: 12.5%
Crossover improvement rate: 38.1%

Generation 22
Best fitness: 2.84208713603e-09
Worst fitness: 90.6807068916
Average fitness: 1.25073634404
Number of repeated individuals: 1
Mutation improvement rate: 0.0%
Crossover improvement rate: 35.37%

Generation 23
Best fitness: 2.84208713603e-09
Worst fitness: 9.22337203685e+17
Average fitness: 9.13205152164e+15
Number of repeated individuals: 1
Mutation improvement rate: 10.0%
Crossover improvement rate: 43.18%

Generation 24
Best fitness: 2.84208713603e-09
Worst fitness: 16.527573162
Average fitness: 0.422305998095
Number of repeated individuals: 1
Mutation improvement rate: 12.5%
Crossover improvement rate: 45.24%

Generation 25
Best fitness: 2.84208713603e-09
Worst fitness: 19.2664541795
Average fitness: 0.473459577188
Number of repeated individuals: 1
Mutation improvement rate: 25.0%
Crossover improvement rate: 36.05%

Generation 26
Best fitness: 2.84208713603e-09
Worst fitness: 5.518937185
Average fitness: 0.249481623363
Number of repeated individuals: 1
Mutation improvement rate: 0.0%
Crossover improvement rate: 30.68%

Generation 27
Best fitness: 2.84208713603e-09
Worst fitness: inf
Average fitness: 9.22337203685e+16
Number of repeated individuals: 2
Mutation improvement rate: 6.25%
Crossover improvement rate: 36.11%

Generation 28
Best fitness: 2.84208713603e-09
Worst fitness: 149.879254746
Average fitness: 1.76073277355
Number of repeated individuals: 1
Mutation improvement rate: 0.0%
Crossover improvement rate: 21.79%

Generation 29
Best fitness: 2.84208713603e-09
Worst fitness: 3.33246187674
Average fitness: 0.214011030657
Number of repeated individuals: 3
Mutation improvement rate: 0.0%
Crossover improvement rate: 32.14%

Generation 30
Best fitness: 2.84208713603e-09
Worst fitness: 1.89805231905e+37
Average fitness: 3.7961046381e+35
Number of repeated individuals: 2
Mutation improvement rate: 10.0%
Crossover improvement rate: 26.74%

Generation 31
Best fitness: 2.84208713603e-09
Worst fitness: inf
Average fitness: 1.87925972183e+35
Number of repeated individuals: 2
Mutation improvement rate: 0.0%
Crossover improvement rate: 34.62%

Generation 32
Best fitness: 2.84208713603e-09
Worst fitness: 9.78659959852
Average fitness: 0.242286112628
Number of repeated individuals: 2
Mutation improvement rate: 0.0%
Crossover improvement rate: 36.9%

Generation 33
Best fitness: 2.84208713603e-09
Worst fitness: 9.22337203685e+17
Average fitness: 1.06526291897e+16
Number of repeated individuals: 2
Mutation improvement rate: 0.0%
Crossover improvement rate: 29.55%

Generation 34
Best fitness: 2.84208713603e-09
Worst fitness: 8.3160295089
Average fitness: 0.3216854364
Number of repeated individuals: 2
Mutation improvement rate: 0.0%
Crossover improvement rate: 25.56%

Generation 35
Best fitness: 2.84208713603e-09
Worst fitness: 1.95488578568
Average fitness: 0.176561351303
Number of repeated individuals: 2
Mutation improvement rate: 0.0%
Crossover improvement rate: 35.71%

Generation 36
Best fitness: 2.84208713603e-09
Worst fitness: 3.73204561158
Average fitness: 0.191078583977
Number of repeated individuals: 2
Mutation improvement rate: 0.0%
Crossover improvement rate: 27.5%

Generation 37
Best fitness: 2.84208713603e-09
Worst fitness: 1.9758312272
Average fitness: 0.162099112055
Number of repeated individuals: 3
Mutation improvement rate: 0.0%
Crossover improvement rate: 29.27%

Generation 38
Best fitness: 2.84208713603e-09
Worst fitness: 3253329.46227
Average fitness: 32211.44887
Number of repeated individuals: 3
Mutation improvement rate: 0.0%
Crossover improvement rate: 23.68%

Generation 39
Best fitness: 2.84208713603e-09
Worst fitness: 12.2512621802
Average fitness: 0.382727230592
Number of repeated individuals: 2
Mutation improvement rate: 0.0%
Crossover improvement rate: 23.68%

Generation 40
Best fitness: 2.84208713603e-09
Worst fitness: 1.89805231905e+37
Average fitness: 1.87925972183e+35
Number of repeated individuals: 1
Mutation improvement rate: 0.0%
Crossover improvement rate: 15.0%

Generation 41
Best fitness: 2.84208713603e-09
Worst fitness: 0.832731360559
Average fitness: 0.124892106902
Number of repeated individuals: 2
Mutation improvement rate: 0.0%
Crossover improvement rate: 27.78%

Generation 42
Best fitness: 2.84208713603e-09
Worst fitness: 135.963602919
Average fitness: 2.27834851639
Number of repeated individuals: 1
Mutation improvement rate: 0.0%
Crossover improvement rate: 15.85%

Generation 43
Best fitness: 2.84208713603e-09
Worst fitness: 6.99866677159
Average fitness: 0.216647502735
Number of repeated individuals: 1
Mutation improvement rate: 0.0%
Crossover improvement rate: 22.09%

Generation 44
Best fitness: 2.84208713603e-09
Worst fitness: 245.884658758
Average fitness: 2.67632058341
Number of repeated individuals: 1
Mutation improvement rate: 0.0%
Crossover improvement rate: 11.84%

Generation 45
Best fitness: 2.84208713603e-09
Worst fitness: 4.25913814976
Average fitness: 0.24326267841
Number of repeated individuals: 1
Mutation improvement rate: 0.0%
Crossover improvement rate: 22.62%

Generation 46
Best fitness: 2.84208713603e-09
Worst fitness: 176.981836862
Average fitness: 2.01794476483
Number of repeated individuals: 1
Mutation improvement rate: 0.0%
Crossover improvement rate: 22.37%

Generation 47
Best fitness: 2.84208713603e-09
Worst fitness: 6.6598113643e+18
Average fitness: 6.6598113643e+16
Number of repeated individuals: 1
Mutation improvement rate: 0.0%
Crossover improvement rate: 30.77%

Generation 48
Best fitness: 2.84208713603e-09
Worst fitness: 43.3745013148
Average fitness: 0.546132468065
Number of repeated individuals: 1
Mutation improvement rate: 0.0%
Crossover improvement rate: 28.41%

Generation 49
Best fitness: 2.84208713603e-09
Worst fitness: inf
Average fitness: 9.22337203685e+16
Number of repeated individuals: 3
Mutation improvement rate: 0.0%
Crossover improvement rate: 40.24%

Generation 50
Best fitness: 2.84208713603e-09
Worst fitness: 22.4730474249
Average fitness: 0.427304693378
Number of repeated individuals: 3
Mutation improvement rate: 16.67%
Crossover improvement rate: 44.05%

Generation 51
Best fitness: 2.84208713603e-09
Worst fitness: inf
Average fitness: 9.22337203685e+16
Number of repeated individuals: 3
Mutation improvement rate: 0.0%
Crossover improvement rate: 33.33%

Generation 52
Best fitness: 2.84208713603e-09
Worst fitness: inf
Average fitness: 9.22337203685e+16
Number of repeated individuals: 2
Mutation improvement rate: 0.0%
Crossover improvement rate: 40.0%

Generation 53
Best fitness: 2.84208713603e-09
Worst fitness: 3.94850463109
Average fitness: 0.254602441138
Number of repeated individuals: 2
Mutation improvement rate: 20.0%
Crossover improvement rate: 33.33%

Generation 54
Best fitness: 2.84208713603e-09
Worst fitness: inf
Average fitness: 1.84467440737e+17
Number of repeated individuals: 2
Mutation improvement rate: 0.0%
Crossover improvement rate: 40.7%

Generation 55
Best fitness: 2.84208713603e-09
Worst fitness: 15.6122946253
Average fitness: 0.402643941654
Number of repeated individuals: 3
Mutation improvement rate: 7.14%
Crossover improvement rate: 29.27%

Generation 56
Best fitness: 2.84208713603e-09
Worst fitness: 2.35119255875
Average fitness: 0.176957534437
Number of repeated individuals: 3
Mutation improvement rate: 30.0%
Crossover improvement rate: 42.68%

Generation 57
Best fitness: 2.84208713603e-09
Worst fitness: 3.24233036653e+35
Average fitness: 3.24233036653e+33
Number of repeated individuals: 3
Mutation improvement rate: 25.0%
Crossover improvement rate: 36.9%

Generation 58
Best fitness: 2.84208713603e-09
Worst fitness: inf
Average fitness: 9.22337203685e+16
Number of repeated individuals: 5
Mutation improvement rate: 25.0%
Crossover improvement rate: 50.0%

Generation 59
Best fitness: 2.84208713603e-09
Worst fitness: 3.94850463109
Average fitness: 0.237209807648
Number of repeated individuals: 6
Mutation improvement rate: 0.0%
Crossover improvement rate: 38.46%

Generation 60
Best fitness: 2.84208713603e-09
Worst fitness: 29363817585.7
Average fitness: 290730867.549
Number of repeated individuals: 8
Mutation improvement rate: 0.0%
Crossover improvement rate: 34.44%

Generation 61
Best fitness: 2.84208713603e-09
Worst fitness: inf
Average fitness: 9.22337203685e+16
Number of repeated individuals: 9
Mutation improvement rate: 30.0%
Crossover improvement rate: 53.75%

Generation 62
Best fitness: 2.84208713603e-09
Worst fitness: inf
Average fitness: 9.13205152164e+16
Number of repeated individuals: 6
Mutation improvement rate: 16.67%
Crossover improvement rate: 45.24%

Generation 63
Best fitness: 2.84208713603e-09
Worst fitness: inf
Average fitness: 9.22337203685e+16
Number of repeated individuals: 5
Mutation improvement rate: 0.0%
Crossover improvement rate: 42.5%

Generation 64
Best fitness: 2.84208713603e-09
Worst fitness: 93.4939967545
Average fitness: 1.09940282413
Number of repeated individuals: 11
Mutation improvement rate: 16.67%
Crossover improvement rate: 46.05%

Generation 65
Best fitness: 2.84208713603e-09
Worst fitness: inf
Average fitness: 1.87925972183e+35
Number of repeated individuals: 10
Mutation improvement rate: 0.0%
Crossover improvement rate: 41.46%

Generation 66
Best fitness: 2.84208713603e-09
Worst fitness: inf
Average fitness: 1.00452566738e+17
Number of repeated individuals: 9
Mutation improvement rate: 0.0%
Crossover improvement rate: 51.19%

Generation 67
Best fitness: 2.84208713603e-09
Worst fitness: inf
Average fitness: 9.22337203685e+16
Number of repeated individuals: 7
Mutation improvement rate: 7.14%
Crossover improvement rate: 41.25%

Generation 68
Best fitness: 2.84208713603e-09
Worst fitness: 8.23845554837
Average fitness: 0.405310818041
Number of repeated individuals: 2
Mutation improvement rate: 0.0%
Crossover improvement rate: 38.89%

Generation 69
Best fitness: 2.84208713603e-09
Worst fitness: 3.0654253075
Average fitness: 0.137510778619
Number of repeated individuals: 2
Mutation improvement rate: 25.0%
Crossover improvement rate: 50.0%

Generation 70
Best fitness: 2.84208713603e-09
Worst fitness: 2.96407751289
Average fitness: 0.168426907744
Number of repeated individuals: 5
Mutation improvement rate: 6.25%
Crossover improvement rate: 37.18%

Generation 71
Best fitness: 2.84208713603e-09
Worst fitness: 5397422006.92
Average fitness: 53439822.4295
Number of repeated individuals: 3
Mutation improvement rate: 25.0%
Crossover improvement rate: 34.88%

Generation 72
Best fitness: 2.84208713603e-09
Worst fitness: inf
Average fitness: 9.13205152164e+16
Number of repeated individuals: 6
Mutation improvement rate: 0.0%
Crossover improvement rate: 40.7%

Generation 73
Best fitness: 2.84208713603e-09
Worst fitness: 3.08447470204
Average fitness: 0.14603294088
Number of repeated individuals: 9
Mutation improvement rate: 33.33%
Crossover improvement rate: 51.16%

Generation 74
Best fitness: 2.84208713603e-09
Worst fitness: inf
Average fitness: 9.22337203685e+16
Number of repeated individuals: 5
Mutation improvement rate: 0.0%
Crossover improvement rate: 32.5%

Generation 75
Best fitness: 2.84208713603e-09
Worst fitness: 8.58602872683
Average fitness: 0.222483511844
Number of repeated individuals: 10
Mutation improvement rate: 12.5%
Crossover improvement rate: 45.24%

Generation 76
Best fitness: 2.84208713603e-09
Worst fitness: inf
Average fitness: 1.82641030433e+17
Number of repeated individuals: 5
Mutation improvement rate: 14.29%
Crossover improvement rate: 40.0%

Generation 77
Best fitness: 2.84208713603e-09
Worst fitness: inf
Average fitness: 1.82662996356e+17
Number of repeated individuals: 8
Mutation improvement rate: 33.33%
Crossover improvement rate: 42.05%

Generation 78
Best fitness: 2.84208713603e-09
Worst fitness: inf
Average fitness: 1.84467440739e+17
Number of repeated individuals: 7
Mutation improvement rate: 0.0%
Crossover improvement rate: 47.73%

Generation 79
Best fitness: 2.84208713603e-09
Worst fitness: inf
Average fitness: 9.13205152164e+16
Number of repeated individuals: 5
Mutation improvement rate: 7.14%
Crossover improvement rate: 34.52%

Generation 80
Best fitness: 2.84208713603e-09
Worst fitness: 6.99866677159
Average fitness: 0.305569210778
Number of repeated individuals: 2
Mutation improvement rate: 0.0%
Crossover improvement rate: 51.09%

Generation 81
Best fitness: 2.84208713603e-09
Worst fitness: inf
Average fitness: 9.13205152164e+16
Number of repeated individuals: 2
Mutation improvement rate: 6.25%
Crossover improvement rate: 56.41%

Generation 82
Best fitness: 2.84208713603e-09
Worst fitness: 2.28383521986
Average fitness: 0.146929680241
Number of repeated individuals: 4
Mutation improvement rate: 12.5%
Crossover improvement rate: 47.62%

Generation 83
Best fitness: 2.84208713603e-09
Worst fitness: inf
Average fitness: 1.82641030433e+17
Number of repeated individuals: 4
Mutation improvement rate: 0.0%
Crossover improvement rate: 42.68%

Generation 84
Best fitness: 2.84208713603e-09
Worst fitness: 10.5481958444
Average fitness: 0.225275826063
Number of repeated individuals: 4
Mutation improvement rate: 25.0%
Crossover improvement rate: 42.86%

Generation 85
Best fitness: 2.84208713603e-09
Worst fitness: 12.1631611214
Average fitness: 0.339701381692
Number of repeated individuals: 3
Mutation improvement rate: 0.0%
Crossover improvement rate: 42.86%

Generation 86
Best fitness: 2.84208713603e-09
Worst fitness: 2.89513770601e+18
Average fitness: 2.86647297625e+16
Number of repeated individuals: 3
Mutation improvement rate: 0.0%
Crossover improvement rate: 35.0%

Generation 87
Best fitness: 2.84208713603e-09
Worst fitness: inf
Average fitness: 9.22337203685e+16
Number of repeated individuals: 5
Mutation improvement rate: 10.0%
Crossover improvement rate: 42.68%

Generation 88
Best fitness: 2.84208713603e-09
Worst fitness: 43.3745013148
Average fitness: 0.615415001236
Number of repeated individuals: 6
Mutation improvement rate: 0.0%
Crossover improvement rate: 52.5%

Generation 89
Best fitness: 2.84208713603e-09
Worst fitness: inf
Average fitness: 9.13205152164e+16
Number of repeated individuals: 3
Mutation improvement rate: 25.0%
Crossover improvement rate: 42.05%

Generation 90
Best fitness: 2.84208713603e-09
Worst fitness: 53033.5331645
Average fitness: 530.718264452
Number of repeated individuals: 5
Mutation improvement rate: 7.14%
Crossover improvement rate: 47.5%

Generation 91
Best fitness: 2.84208713603e-09
Worst fitness: 303700049.898
Average fitness: 3037001.02574
Number of repeated individuals: 5
Mutation improvement rate: 33.33%
Crossover improvement rate: 44.19%

Generation 92
Best fitness: 2.84208713603e-09
Worst fitness: inf
Average fitness: 8.48740543033e+78
Number of repeated individuals: 4
Mutation improvement rate: 0.0%
Crossover improvement rate: 39.53%

Generation 93
Best fitness: 2.84208713603e-09
Worst fitness: 7.08952601273
Average fitness: 0.250436164441
Number of repeated individuals: 2
Mutation improvement rate: 0.0%
Crossover improvement rate: 39.53%

Generation 94
Best fitness: 2.84208713603e-09
Worst fitness: 130311352674.0
Average fitness: 1303113526.85
Number of repeated individuals: 3
Mutation improvement rate: 33.33%
Crossover improvement rate: 45.45%

Generation 95
Best fitness: 2.84208713603e-09
Worst fitness: 4.61058027704e+13
Average fitness: 461058027705.0
Number of repeated individuals: 3
Mutation improvement rate: 16.67%
Crossover improvement rate: 46.34%

Generation 96
Best fitness: 2.84208713603e-09
Worst fitness: 4.66441010957
Average fitness: 0.1957084358
Number of repeated individuals: 3
Mutation improvement rate: 25.0%
Crossover improvement rate: 45.0%

Generation 97
Best fitness: 2.84208713603e-09
Worst fitness: 9.22337203685e+17
Average fitness: 9.22337203685e+15
Number of repeated individuals: 4
Mutation improvement rate: 16.67%
Crossover improvement rate: 50.0%

Generation 98
Best fitness: 2.84208713603e-09
Worst fitness: 8.96138172727
Average fitness: 0.36197304203
Number of repeated individuals: 2
Mutation improvement rate: 16.67%
Crossover improvement rate: 42.22%

Generation 99
Best fitness: 2.84208713603e-09
Worst fitness: 2.28177113086
Average fitness: 0.165274881026
Number of repeated individuals: 2
Mutation improvement rate: 25.0%
Crossover improvement rate: 46.34%

Generation 100
Best fitness: 2.84208713603e-09
Worst fitness: inf
Average fitness: 9.13205152164e+16
Number of repeated individuals: 5
Mutation improvement rate: 16.67%
Crossover improvement rate: 44.87%

Top 5 individuals for training dataset:

	 ((x0)^(x0)) 	Fitness: 2.84208713603e-09
	 ((x1)^(x0)) 	Fitness: 2.84208713603e-09
	 ((x1)^(x0)) 	Fitness: 2.84208713603e-09
	 ((x1)^(x1)) 	Fitness: 2.84208713603e-09
	 ((x1)^(x1)) 	Fitness: 2.84208713603e-09

Top 5 individuals for test dataset:

	 ((x0)^(x0)) 	Fitness: 2.84208713603e-09
	 ((x1)^(x0)) 	Fitness: 2.84208713603e-09
	 ((x1)^(x0)) 	Fitness: 2.84208713603e-09
	 ((x1)^(x1)) 	Fitness: 2.84208713603e-09
	 ((x1)^(x1)) 	Fitness: 2.84208713603e-09
