Generation 1
Best fitness: 0.0848788065795
Worst fitness: 102.790811709
Average fitness: 1.91661660026
Number of repeated individuals: 5
Mutation improvement rate: 12.5%
Crossover improvement rate: 55.68%

Generation 2
Best fitness: 0.0848788065795
Worst fitness: 1.04493391716e+12
Average fitness: 10345880371.3
Number of repeated individuals: 5
Mutation improvement rate: 0.0%
Crossover improvement rate: 48.81%

Generation 3
Best fitness: 2.84208713603e-09
Worst fitness: 12.3294719936
Average fitness: 0.761966038115
Number of repeated individuals: 6
Mutation improvement rate: 100.0%
Crossover improvement rate: 48.86%

Generation 4
Best fitness: 2.84208713603e-09
Worst fitness: 43.0186229835
Average fitness: 0.829065074828
Number of repeated individuals: 5
Mutation improvement rate: 0.0%
Crossover improvement rate: 41.49%

Generation 5
Best fitness: 2.84208713603e-09
Worst fitness: 8.03316383933
Average fitness: 0.379928184932
Number of repeated individuals: 1
Mutation improvement rate: 25.0%
Crossover improvement rate: 54.55%

Generation 6
Best fitness: 2.84208713603e-09
Worst fitness: 9.22337203685e+17
Average fitness: 9.22337203685e+15
Number of repeated individuals: 3
Mutation improvement rate: 18.75%
Crossover improvement rate: 44.74%

Generation 7
Best fitness: 2.84208713603e-09
Worst fitness: 52.7639259688
Average fitness: 0.763649139215
Number of repeated individuals: 4
Mutation improvement rate: 0.0%
Crossover improvement rate: 54.76%

Generation 8
Best fitness: 2.84208713603e-09
Worst fitness: 48.3111058485
Average fitness: 0.783345774544
Number of repeated individuals: 1
Mutation improvement rate: 10.0%
Crossover improvement rate: 40.48%

Generation 9
Best fitness: 2.84208713603e-09
Worst fitness: 303700049.998
Average fitness: 3037001.07733
Number of repeated individuals: 5
Mutation improvement rate: 0.0%
Crossover improvement rate: 38.1%

Generation 10
Best fitness: 2.84208713603e-09
Worst fitness: 303700049.971
Average fitness: 3006932.001
Number of repeated individuals: 2
Mutation improvement rate: 8.33%
Crossover improvement rate: 36.59%

Generation 11
Best fitness: 2.84208713603e-09
Worst fitness: 6.34545677975
Average fitness: 0.383014039921
Number of repeated individuals: 4
Mutation improvement rate: 20.0%
Crossover improvement rate: 43.75%

Generation 12
Best fitness: 2.84208713603e-09
Worst fitness: 8.58831788066
Average fitness: 0.400430843181
Number of repeated individuals: 5
Mutation improvement rate: 7.14%
Crossover improvement rate: 48.68%

Generation 13
Best fitness: 2.84208713603e-09
Worst fitness: inf
Average fitness: 9.13205152164e+16
Number of repeated individuals: 3
Mutation improvement rate: 21.43%
Crossover improvement rate: 43.59%

Generation 14
Best fitness: 2.84208713603e-09
Worst fitness: 6.10548241452e+134
Average fitness: 6.10548241452e+132
Number of repeated individuals: 5
Mutation improvement rate: 5.0%
Crossover improvement rate: 44.74%

Generation 15
Best fitness: 2.84208713603e-09
Worst fitness: inf
Average fitness: 9.22337203685e+16
Number of repeated individuals: 4
Mutation improvement rate: 20.0%
Crossover improvement rate: 47.5%

Generation 16
Best fitness: 2.84208713603e-09
Worst fitness: 1792708061.49
Average fitness: 17749585.2071
Number of repeated individuals: 6
Mutation improvement rate: 0.0%
Crossover improvement rate: 32.93%

Generation 17
Best fitness: 2.84208713603e-09
Worst fitness: 210408643.095
Average fitness: 2083254.26133
Number of repeated individuals: 8
Mutation improvement rate: 7.14%
Crossover improvement rate: 50.0%

Generation 18
Best fitness: 2.84208713603e-09
Worst fitness: inf
Average fitness: 9.22337203685e+16
Number of repeated individuals: 5
Mutation improvement rate: 20.83%
Crossover improvement rate: 38.89%

Generation 19
Best fitness: 2.84208713603e-09
Worst fitness: 6.29911550167
Average fitness: 0.328183571644
Number of repeated individuals: 6
Mutation improvement rate: 21.43%
Crossover improvement rate: 42.31%

Generation 20
Best fitness: 2.84208713603e-09
Worst fitness: inf
Average fitness: 9.22337203685e+16
Number of repeated individuals: 4
Mutation improvement rate: 0.0%
Crossover improvement rate: 37.21%

Generation 21
Best fitness: 2.84208713603e-09
Worst fitness: 68.4551590456
Average fitness: 0.896064138375
Number of repeated individuals: 5
Mutation improvement rate: 0.0%
Crossover improvement rate: 39.53%

Generation 22
Best fitness: 2.84208713603e-09
Worst fitness: inf
Average fitness: 9.22337203685e+16
Number of repeated individuals: 11
Mutation improvement rate: 6.25%
Crossover improvement rate: 36.84%

Generation 23
Best fitness: 2.84208713603e-09
Worst fitness: inf
Average fitness: 9.2233720419e+16
Number of repeated individuals: 9
Mutation improvement rate: 0.0%
Crossover improvement rate: 40.48%

Generation 24
Best fitness: 2.84208713603e-09
Worst fitness: inf
Average fitness: 9.13205152164e+16
Number of repeated individuals: 12
Mutation improvement rate: 0.0%
Crossover improvement rate: 31.4%

Generation 25
Best fitness: 2.84208713603e-09
Worst fitness: 2.26841799655
Average fitness: 0.201362015304
Number of repeated individuals: 8
Mutation improvement rate: 10.0%
Crossover improvement rate: 38.1%

Generation 26
Best fitness: 2.84208713603e-09
Worst fitness: inf
Average fitness: 1.0625118575e+17
Number of repeated individuals: 6
Mutation improvement rate: 0.0%
Crossover improvement rate: 34.62%

Generation 27
Best fitness: 2.84208713603e-09
Worst fitness: 10.3147770386
Average fitness: 0.233597466086
Number of repeated individuals: 9
Mutation improvement rate: 0.0%
Crossover improvement rate: 29.55%

Generation 28
Best fitness: 2.84208713603e-09
Worst fitness: 1.82917243833
Average fitness: 0.156510617324
Number of repeated individuals: 14
Mutation improvement rate: 0.0%
Crossover improvement rate: 30.23%

Generation 29
Best fitness: 2.84208713603e-09
Worst fitness: 525754.448203
Average fitness: 5257.8341283
Number of repeated individuals: 10
Mutation improvement rate: 6.25%
Crossover improvement rate: 21.79%

Generation 30
Best fitness: 2.84208713603e-09
Worst fitness: 1.95172871351e+19
Average fitness: 1.95172871351e+17
Number of repeated individuals: 15
Mutation improvement rate: 0.0%
Crossover improvement rate: 23.81%

Generation 31
Best fitness: 2.84208713603e-09
Worst fitness: 8.42877439774
Average fitness: 0.25026163994
Number of repeated individuals: 16
Mutation improvement rate: 14.29%
Crossover improvement rate: 25.61%

Generation 32
Best fitness: 2.84208713603e-09
Worst fitness: 13527.4712624
Average fitness: 135.521527248
Number of repeated individuals: 14
Mutation improvement rate: 12.5%
Crossover improvement rate: 23.81%

Generation 33
Best fitness: 2.84208713603e-09
Worst fitness: inf
Average fitness: 3.65282060866e+17
Number of repeated individuals: 8
Mutation improvement rate: 0.0%
Crossover improvement rate: 31.4%

Generation 34
Best fitness: 2.84208713603e-09
Worst fitness: inf
Average fitness: 1.84467440737e+17
Number of repeated individuals: 5
Mutation improvement rate: 0.0%
Crossover improvement rate: 34.88%

Generation 35
Best fitness: 2.84208713603e-09
Worst fitness: 0.788370961032
Average fitness: 0.114055531011
Number of repeated individuals: 6
Mutation improvement rate: 0.0%
Crossover improvement rate: 30.0%

Generation 36
Best fitness: 2.84208713603e-09
Worst fitness: inf
Average fitness: 9.13205152164e+16
Number of repeated individuals: 2
Mutation improvement rate: 0.0%
Crossover improvement rate: 27.27%

Generation 37
Best fitness: 2.84208713603e-09
Worst fitness: 7.48773110542
Average fitness: 0.1764001225
Number of repeated individuals: 4
Mutation improvement rate: 12.5%
Crossover improvement rate: 36.36%

Generation 38
Best fitness: 2.84208713603e-09
Worst fitness: inf
Average fitness: 9.1320515218e+16
Number of repeated individuals: 5
Mutation improvement rate: 12.5%
Crossover improvement rate: 36.84%

Generation 39
Best fitness: 2.84208713603e-09
Worst fitness: 5.00744091006
Average fitness: 0.146593548494
Number of repeated individuals: 5
Mutation improvement rate: 0.0%
Crossover improvement rate: 30.43%

Generation 40
Best fitness: 2.84208713603e-09
Worst fitness: 8.70131177696e+18
Average fitness: 8.61516017521e+16
Number of repeated individuals: 5
Mutation improvement rate: 0.0%
Crossover improvement rate: 38.64%

Generation 41
Best fitness: 2.84208713603e-09
Worst fitness: inf
Average fitness: 9.13205152164e+16
Number of repeated individuals: 8
Mutation improvement rate: 0.0%
Crossover improvement rate: 29.76%

Generation 42
Best fitness: 2.84208713603e-09
Worst fitness: 13.8228742774
Average fitness: 0.474407798658
Number of repeated individuals: 6
Mutation improvement rate: 0.0%
Crossover improvement rate: 40.48%

Generation 43
Best fitness: 2.84208713603e-09
Worst fitness: 1.95982961953
Average fitness: 0.1853227159
Number of repeated individuals: 9
Mutation improvement rate: 6.25%
Crossover improvement rate: 32.05%

Generation 44
Best fitness: 2.84208713603e-09
Worst fitness: 1070.86591346
Average fitness: 10.7947768637
Number of repeated individuals: 7
Mutation improvement rate: 8.33%
Crossover improvement rate: 34.15%

Generation 45
Best fitness: 2.84208713603e-09
Worst fitness: 48.6376725958
Average fitness: 0.84929529842
Number of repeated individuals: 7
Mutation improvement rate: 11.11%
Crossover improvement rate: 45.95%

Generation 46
Best fitness: 2.84208713603e-09
Worst fitness: 12.1128612486
Average fitness: 0.276065826925
Number of repeated individuals: 10
Mutation improvement rate: 0.0%
Crossover improvement rate: 39.47%

Generation 47
Best fitness: 2.84208713603e-09
Worst fitness: 1.75413525802
Average fitness: 0.130985988596
Number of repeated individuals: 17
Mutation improvement rate: 0.0%
Crossover improvement rate: 39.53%

Generation 48
Best fitness: 2.84208713603e-09
Worst fitness: 5.96517798872
Average fitness: 0.270670887124
Number of repeated individuals: 14
Mutation improvement rate: 5.56%
Crossover improvement rate: 29.17%

Generation 49
Best fitness: 2.84208713603e-09
Worst fitness: 9.13766538105
Average fitness: 0.349059498988
Number of repeated individuals: 16
Mutation improvement rate: 6.25%
Crossover improvement rate: 35.53%

Generation 50
Best fitness: 2.84208713603e-09
Worst fitness: 23.9499336047
Average fitness: 0.44980677937
Number of repeated individuals: 12
Mutation improvement rate: 0.0%
Crossover improvement rate: 37.21%

Generation 51
Best fitness: 2.84208713603e-09
Worst fitness: 42.3788039056
Average fitness: 0.704340113204
Number of repeated individuals: 9
Mutation improvement rate: 0.0%
Crossover improvement rate: 41.03%

Generation 52
Best fitness: 2.84208713603e-09
Worst fitness: 9.78652013601
Average fitness: 0.383031368919
Number of repeated individuals: 7
Mutation improvement rate: 0.0%
Crossover improvement rate: 42.22%

Generation 53
Best fitness: 2.84208713603e-09
Worst fitness: 9.62636826672e+26
Average fitness: 9.53105768982e+24
Number of repeated individuals: 6
Mutation improvement rate: 0.0%
Crossover improvement rate: 40.0%

Generation 54
Best fitness: 2.84208713603e-09
Worst fitness: 3.09720749913
Average fitness: 0.129566057133
Number of repeated individuals: 12
Mutation improvement rate: 0.0%
Crossover improvement rate: 35.0%

Generation 55
Best fitness: 2.84208713603e-09
Worst fitness: 6.4430840197
Average fitness: 0.244845859343
Number of repeated individuals: 9
Mutation improvement rate: 8.33%
Crossover improvement rate: 27.5%

Generation 56
Best fitness: 2.84208713603e-09
Worst fitness: inf
Average fitness: 1.82641030433e+17
Number of repeated individuals: 6
Mutation improvement rate: 4.55%
Crossover improvement rate: 45.71%

Generation 57
Best fitness: 2.84208713603e-09
Worst fitness: inf
Average fitness: 1.82641030433e+17
Number of repeated individuals: 9
Mutation improvement rate: 0.0%
Crossover improvement rate: 47.67%

Generation 58
Best fitness: 2.84208713603e-09
Worst fitness: 88.5556775755
Average fitness: 1.16334251337
Number of repeated individuals: 11
Mutation improvement rate: 0.0%
Crossover improvement rate: 33.72%

Generation 59
Best fitness: 2.84208713603e-09
Worst fitness: 6.27017108632
Average fitness: 0.257358871185
Number of repeated individuals: 9
Mutation improvement rate: 0.0%
Crossover improvement rate: 34.15%

Generation 60
Best fitness: 2.84208713603e-09
Worst fitness: inf
Average fitness: 1.84467440737e+17
Number of repeated individuals: 13
Mutation improvement rate: 8.33%
Crossover improvement rate: 32.93%

Generation 61
Best fitness: 2.84208713603e-09
Worst fitness: inf
Average fitness: 9.22337203686e+16
Number of repeated individuals: 12
Mutation improvement rate: 0.0%
Crossover improvement rate: 32.93%

Generation 62
Best fitness: 2.84208713603e-09
Worst fitness: 12.8365434648
Average fitness: 0.308789039218
Number of repeated individuals: 11
Mutation improvement rate: 7.14%
Crossover improvement rate: 34.62%

Generation 63
Best fitness: 2.84208713603e-09
Worst fitness: inf
Average fitness: 1.82641030433e+17
Number of repeated individuals: 5
Mutation improvement rate: 8.33%
Crossover improvement rate: 45.12%

Generation 64
Best fitness: 2.84208713603e-09
Worst fitness: 0.938167825743
Average fitness: 0.0851761675721
Number of repeated individuals: 8
Mutation improvement rate: 0.0%
Crossover improvement rate: 40.0%

Generation 65
Best fitness: 2.84208713603e-09
Worst fitness: inf
Average fitness: 1.84467440737e+17
Number of repeated individuals: 5
Mutation improvement rate: 0.0%
Crossover improvement rate: 30.43%

Generation 66
Best fitness: 2.84208713603e-09
Worst fitness: inf
Average fitness: 1.04481585497e+17
Number of repeated individuals: 4
Mutation improvement rate: 25.0%
Crossover improvement rate: 41.86%

Generation 67
Best fitness: 2.84208713603e-09
Worst fitness: 9.14169003459e+18
Average fitness: 1.03893006725e+17
Number of repeated individuals: 3
Mutation improvement rate: 0.0%
Crossover improvement rate: 26.74%

Generation 68
Best fitness: 2.84208713603e-09
Worst fitness: 162308772.547
Average fitness: 1607017.88219
Number of repeated individuals: 2
Mutation improvement rate: 0.0%
Crossover improvement rate: 31.82%

Generation 69
Best fitness: 2.84208713603e-09
Worst fitness: 6.84613418338
Average fitness: 0.169371258015
Number of repeated individuals: 3
Mutation improvement rate: 0.0%
Crossover improvement rate: 25.0%

Generation 70
Best fitness: 2.84208713603e-09
Worst fitness: inf
Average fitness: 9.13205152164e+16
Number of repeated individuals: 3
Mutation improvement rate: 0.0%
Crossover improvement rate: 16.25%

Generation 71
Best fitness: 2.84208713603e-09
Worst fitness: inf
Average fitness: 9.13205152164e+16
Number of repeated individuals: 5
Mutation improvement rate: 0.0%
Crossover improvement rate: 22.09%

Generation 72
Best fitness: 2.84208713603e-09
Worst fitness: 5.37129680434
Average fitness: 0.220941090039
Number of repeated individuals: 7
Mutation improvement rate: 0.0%
Crossover improvement rate: 22.22%

Generation 73
Best fitness: 2.84208713603e-09
Worst fitness: inf
Average fitness: 9.13205152164e+16
Number of repeated individuals: 13
Mutation improvement rate: 0.0%
Crossover improvement rate: 31.71%

Generation 74
Best fitness: 2.84208713603e-09
Worst fitness: 4.08410517509
Average fitness: 0.174062504754
Number of repeated individuals: 9
Mutation improvement rate: 0.0%
Crossover improvement rate: 32.95%

Generation 75
Best fitness: 2.84208713603e-09
Worst fitness: inf
Average fitness: 9.22337203685e+16
Number of repeated individuals: 15
Mutation improvement rate: 0.0%
Crossover improvement rate: 33.33%

Generation 76
Best fitness: 2.84208713603e-09
Worst fitness: inf
Average fitness: 1.82641030433e+17
Number of repeated individuals: 14
Mutation improvement rate: 16.67%
Crossover improvement rate: 32.14%

Generation 77
Best fitness: 2.84208713603e-09
Worst fitness: inf
Average fitness: 9.22337203685e+16
Number of repeated individuals: 8
Mutation improvement rate: 0.0%
Crossover improvement rate: 43.9%

Generation 78
Best fitness: 2.84208713603e-09
Worst fitness: 1.44089736561
Average fitness: 0.108081076237
Number of repeated individuals: 8
Mutation improvement rate: 0.0%
Crossover improvement rate: 38.64%

Generation 79
Best fitness: 2.84208713603e-09
Worst fitness: inf
Average fitness: 1.82641030433e+17
Number of repeated individuals: 2
Mutation improvement rate: 16.67%
Crossover improvement rate: 27.38%

Generation 80
Best fitness: 2.84208713603e-09
Worst fitness: 4.25838108757
Average fitness: 0.112960627439
Number of repeated individuals: 1
Mutation improvement rate: 0.0%
Crossover improvement rate: 56.25%

Generation 81
Best fitness: 2.84208713603e-09
Worst fitness: 4.32676118183
Average fitness: 0.112168747367
Number of repeated individuals: 2
Mutation improvement rate: 0.0%
Crossover improvement rate: 35.37%

Generation 82
Best fitness: 2.84208713603e-09
Worst fitness: 0.788370961032
Average fitness: 0.0854770538839
Number of repeated individuals: 2
Mutation improvement rate: 0.0%
Crossover improvement rate: 34.52%

Generation 83
Best fitness: 2.84208713603e-09
Worst fitness: inf
Average fitness: 9.13205152164e+16
Number of repeated individuals: 7
Mutation improvement rate: 0.0%
Crossover improvement rate: 31.71%

Generation 84
Best fitness: 2.84208713603e-09
Worst fitness: 2.02304805866
Average fitness: 0.0737118228511
Number of repeated individuals: 3
Mutation improvement rate: 0.0%
Crossover improvement rate: 32.22%

Generation 85
Best fitness: 2.84208713603e-09
Worst fitness: 34.7966629333
Average fitness: 0.436377104203
Number of repeated individuals: 0
Mutation improvement rate: 0.0%
Crossover improvement rate: 26.19%

Generation 86
Best fitness: 2.84208713603e-09
Worst fitness: inf
Average fitness: 9.13205152164e+16
Number of repeated individuals: 0
Mutation improvement rate: 8.33%
Crossover improvement rate: 30.0%

Generation 87
Best fitness: 2.84208713603e-09
Worst fitness: inf
Average fitness: 9.13205152164e+16
Number of repeated individuals: 0
Mutation improvement rate: 0.0%
Crossover improvement rate: 30.23%

Generation 88
Best fitness: 2.84208713603e-09
Worst fitness: 1.23981232034
Average fitness: 0.0433612461525
Number of repeated individuals: 0
Mutation improvement rate: 0.0%
Crossover improvement rate: 27.38%

Generation 89
Best fitness: 2.84208713603e-09
Worst fitness: inf
Average fitness: 9.22337203685e+16
Number of repeated individuals: 0
Mutation improvement rate: 0.0%
Crossover improvement rate: 13.64%

Generation 90
Best fitness: 2.84208713603e-09
Worst fitness: 3.06937892153
Average fitness: 0.0643807721089
Number of repeated individuals: 1
Mutation improvement rate: 0.0%
Crossover improvement rate: 2.44%

Generation 91
Best fitness: 2.84208713603e-09
Worst fitness: inf
Average fitness: 9.13205152164e+16
Number of repeated individuals: 0
Mutation improvement rate: 0.0%
Crossover improvement rate: 0.0%

Generation 92
Best fitness: 2.84208713603e-09
Worst fitness: 0.788370961032
Average fitness: 0.0162793045177
Number of repeated individuals: 1
Mutation improvement rate: 0.0%
Crossover improvement rate: 1.14%

Generation 93
Best fitness: 2.84208713603e-09
Worst fitness: 1.14248292498
Average fitness: 0.038518089429
Number of repeated individuals: 1
Mutation improvement rate: 0.0%
Crossover improvement rate: 0.0%

Generation 94
Best fitness: 2.84208713603e-09
Worst fitness: 1.9758312272
Average fitness: 0.0443061836285
Number of repeated individuals: 0
Mutation improvement rate: 0.0%
Crossover improvement rate: 1.32%

Generation 95
Best fitness: 2.84208713603e-09
Worst fitness: 0.788370961032
Average fitness: 0.0383757096392
Number of repeated individuals: 0
Mutation improvement rate: 0.0%
Crossover improvement rate: 2.27%

Generation 96
Best fitness: 2.84208713603e-09
Worst fitness: inf
Average fitness: 9.13205152164e+16
Number of repeated individuals: 1
Mutation improvement rate: 0.0%
Crossover improvement rate: 2.7%

Generation 97
Best fitness: 2.84208713603e-09
Worst fitness: 14.9969333766
Average fitness: 0.202276744815
Number of repeated individuals: 0
Mutation improvement rate: 0.0%
Crossover improvement rate: 0.0%

Generation 98
Best fitness: 2.84208713603e-09
Worst fitness: 41.9346870806
Average fitness: 0.534706799046
Number of repeated individuals: 0
Mutation improvement rate: 0.0%
Crossover improvement rate: 3.57%

Generation 99
Best fitness: 2.84208713603e-09
Worst fitness: inf
Average fitness: 9.13205152164e+16
Number of repeated individuals: 1
Mutation improvement rate: 0.0%
Crossover improvement rate: 3.33%

Generation 100
Best fitness: 2.84208713603e-09
Worst fitness: 9.22337203685e+17
Average fitness: 9.22337203685e+15
Number of repeated individuals: 0
Mutation improvement rate: 0.0%
Crossover improvement rate: 2.5%

Top 5 individuals for training dataset:

	 ((x0)^((sqrt(((sqrt(x0))/(cos(sin(x0))))^(((log((((cos(sin(cos(log(4.118247040486228)))))/((((x0)^((x1)^(log(-6.097998898321828))))+((x1)^(x1)))^((x1)^(x0))))^(cos(sqrt(x1))))*(cos(sqrt(cos((cos(sqrt(((cos((sin(cos(-6.703725558167088)))/(log(4.118247040486228))))/((7.8201182338626865)/(((1.8590384249741465)*(5.040974405708237))/((((sin(x1))*(5.040974405708237))^((((x0)^(sin(x1)))/(-2.284636199994581))^((x0)/((((sqrt(cos((cos(-8.543812542587922))/((x0)^(x1)))))^(((x0)/(-2.284636199994581))^((x0)/((x0)+(x0)))))^(cos((cos(sqrt(cos((((((cos((((x0)/(-4.333468065447825))/(cos(x1)))^(((log(sqrt(log((sqrt(8.154521640263336))^(sqrt(x1))))))^((x1)/(((x0)*(cos((x1)^(((log((x1)/(x0)))^((x1)/((sin(sqrt(x0)))/(log(4.118247040486228)))))*((x0)/((x0)/(log(4.118247040486228))))))))/(log(4.118247040486228)))))*(cos(sqrt(-6.06208065320957))))))^((x1)/(x1)))*(1.8590384249741465))^((x0)/((x0)/(log(4.118247040486228)))))/(cos(sin((-0.9055296725524435)^(x0)))))^(((x0)^(x0))*(cos(sqrt(-1.905607265874913))))))))/(x0))))+(x0)))))^((3.9455403256258403)^(x0))))))*(log(4.118247040486228)))))/((x0)^(x1))))))))^((x0)/((x0)/(log(4.118247040486228)))))*(cos(sqrt(cos(5.790168921330444)))))))*(x1))) 	Fitness: 2.84208713603e-09
	 ((x0)^((sqrt(((sqrt(x0))/(cos(sin(x0))))^(((log((((cos(sin(sin(cos(sqrt(cos((((x0)/(-4.333468065447825))/(cos(x1)))^(((cos(x1))^((x1)/(x1)))*(cos(sqrt(cos(x1))))))))))))/((((x0)^((x1)^(log(-6.097998898321828))))+((x1)^(x1)))^((x1)^(x0))))^(cos(sqrt(cos((cos(-2.284636199994581))/((sin(cos((cos((sin(cos(-6.703725558167088)))/(log(4.118247040486228))))/((7.8201182338626865)/(((1.8590384249741465)*(5.040974405708237))/((((1.8590384249741465)*(5.040974405708237))^((((x0)^(sin(x1)))/(-2.284636199994581))^((x0)/((((sqrt(cos((cos(-8.543812542587922))/((x0)^(x1)))))^(((x0)/(-2.284636199994581))^((x0)/(sqrt((cos(((x1)/((x1)/(cos(cos(x1)))))/(cos(cos((cos(sqrt(cos(((sqrt(cos(((sqrt(x0))/(cos(sin(x1))))^(x0))))/(cos(sin(cos(-0.9055296725524435)))))^((cos((cos(sqrt(cos(((sqrt(cos(x1)))/(cos((x1)/((sin(sqrt(x0)))/(log((3.9455403256258403)^(x0)))))))^(x1)))))/(5.790168921330444)))*(x0))))))/((x1)^(x1)))))))-(log((log(-2.284636199994581))/(-3.2996728933041712))))))))^(cos((cos(7.8201182338626865))/(x0))))+(x0)))))^((3.9455403256258403)^(x0))))))))^((x1)^(x1))))))))*(cos(sqrt(cos((cos(sqrt(x0)))/((x0)^(x1))))))))^((x0)/((x0)/(log(4.118247040486228)))))*(cos(sqrt(cos(5.790168921330444)))))))*(x1))) 	Fitness: 2.84208713603e-09
	 ((x0)^((sqrt(((sqrt(x0))/(cos(sin(x0))))^(((log((((cos(sin(sin(cos(sqrt(cos((((x0)/(-4.333468065447825))/(cos(x1)))^(((cos(x1))^((x1)/(x1)))*(cos(sqrt(cos(x1))))))))))))/((((x0)^((x1)^(log(-6.097998898321828))))+((x1)^(x1)))^((x1)^(x0))))^(cos(sqrt(x1))))*(cos(sqrt(cos((cos(sqrt(((cos((sin(cos(-6.703725558167088)))/(log(4.118247040486228))))/((7.8201182338626865)/(((1.8590384249741465)*(5.040974405708237))/((((sin(x1))*(5.040974405708237))^((((x0)^(sin(x1)))/(-2.284636199994581))^((x0)/((((sqrt(cos((cos(-8.543812542587922))/((x0)^(x1)))))^(((x0)/(-2.284636199994581))^((x0)/((x0)+(x0)))))^(cos((cos(sqrt(cos((((((cos((((x0)/(-4.333468065447825))/(cos(x1)))^(((log(sqrt(log((sqrt(8.154521640263336))^(sqrt(x1))))))^((x1)/(((x0)*(cos((x1)^(((log((x1)/(x0)))^(x1))*((x0)/((x0)/(log(4.118247040486228))))))))/(log(4.118247040486228)))))*(cos(sqrt(-6.06208065320957))))))^((x1)/(x1)))*(1.8590384249741465))^((x0)/((x0)/(log(4.118247040486228)))))/(cos(sin((-0.9055296725524435)^(x0)))))^(((x0)^(x0))*(cos(sqrt(-1.905607265874913))))))))/(x0))))+(x0)))))^((3.9455403256258403)^(x0))))))*(log(4.118247040486228)))))/((x0)^(x1))))))))^((x0)/((x0)/(log(4.118247040486228)))))*(cos(sqrt(cos(5.790168921330444)))))))*(x1))) 	Fitness: 2.84208713603e-09
	 ((x0)^((sqrt(((sqrt(x0))/(cos(sin(x0))))^(((log((((cos(sin(sin(cos(sqrt(cos((((x0)/(-4.333468065447825))/(cos(x1)))^(((cos(x1))^((x1)/(x1)))*(cos(sqrt(cos(x1))))))))))))/((((x0)^((x1)^(log(-6.097998898321828))))+((x1)^(x1)))^((x1)^(x0))))^(cos(sqrt(x1))))*(cos(sqrt(cos((cos(sqrt(((cos((sin(cos(-6.703725558167088)))/(log(4.118247040486228))))/((7.8201182338626865)/(((1.8590384249741465)*(5.040974405708237))/((((sin(x1))*(5.040974405708237))^((((x0)^(sin(x1)))/(-2.284636199994581))^((x0)/((((sqrt(cos((cos(-8.543812542587922))/((x0)^(x1)))))^(((x0)/(-2.284636199994581))^((x0)/((x0)+(x0)))))^(cos((cos(sqrt(cos((((((cos((((x0)/(-4.333468065447825))/(cos(x1)))^(((log(sqrt(log((sqrt(8.154521640263336))^(sqrt(x1))))))^((x1)/(((x0)*(cos((x1)^(((log((x1)/(x0)))^((x1)/((sin(sqrt(x0)))/(log(4.118247040486228)))))*((x0)/((x0)/(log(4.118247040486228))))))))/(log(4.118247040486228)))))*(cos(sqrt(-6.06208065320957))))))^((x1)/(x1)))*(1.8590384249741465))^((x0)/((x0)/(log(4.118247040486228)))))/(cos(sin((-0.9055296725524435)^(x0)))))^(cos(((sqrt(x0))/(cos(sin(x1))))^(x0)))))))/(x0))))+(x0)))))^((3.9455403256258403)^(x0))))))*(log(4.118247040486228)))))/((x0)^(x1))))))))^((x0)/((x0)/(log(4.118247040486228)))))*(cos(sqrt(cos(5.790168921330444)))))))*(x1))) 	Fitness: 2.84208713603e-09
	 ((x1)^((sqrt(((sqrt(x0))/(cos(sin(x0))))^(((log((((cos(sin(sin(cos(sqrt(cos((((x0)/(-4.333468065447825))/(cos(x1)))^(((cos((((x1)/(x0))/(sqrt(cos(((sqrt(cos(((sqrt(cos(x1)))/(cos((x1)/((sin(sqrt(x0)))/(log((3.9455403256258403)^(x0)))))))^(x1))))/(cos(sin(cos(-0.9055296725524435)))))^((x0)*(cos(sqrt(cos(x1)))))))))^(((log(sqrt(log(((sqrt(x0))/(cos(sin(x1))))^(sqrt(x1))))))^((x1)/(((sqrt(cos((((sin(-7.687078425053642))/((x0)*(-7.5470758324140075)))^(sqrt((x0)/(x0))))-(cos(sin((x1)*(5.790168921330444)))))))*(sin((-0.9055296725524435)^(x0))))/(log(4.118247040486228)))))*(cos(sqrt(cos(x1)))))))^((x1)/(x1)))*(cos(sqrt(cos(x1))))))))))))/((((x0)^((x1)^(log((x1)^(sqrt(x1))))))+((x1)^(x1)))^((x1)^(x0))))^(cos(sqrt(cos((cos(-2.284636199994581))/((sin(cos(cos((sin(-7.687078425053642))/((x1)^((-0.9055296725524435)^(sqrt((cos(((x1)/((x1)/(cos(cos(x1)))))/(cos(cos((cos(sqrt(cos(((sqrt(cos(((sqrt(x0))/(cos(sin(x1))))^(x0))))/(cos(sin(cos(-0.9055296725524435)))))^((cos((cos(sqrt(cos(x1))))/(5.790168921330444)))*(x0))))))/((x1)^(x1)))))))-(x1)))))))))^((x1)^(x1))))))))*(cos(sqrt(cos(x1))))))^((x0)/((x0)/(log(4.118247040486228)))))*(cos(sqrt(cos(5.790168921330444)))))))*(x1))) 	Fitness: 2.84208713603e-09

Top 5 individuals for test dataset:

	 ((x0)^((sqrt(((sqrt(x0))/(cos(sin(x0))))^(((log((((cos(sin(cos(log(4.118247040486228)))))/((((x0)^((x1)^(log(-6.097998898321828))))+((x1)^(x1)))^((x1)^(x0))))^(cos(sqrt(x1))))*(cos(sqrt(cos((cos(sqrt(((cos((sin(cos(-6.703725558167088)))/(log(4.118247040486228))))/((7.8201182338626865)/(((1.8590384249741465)*(5.040974405708237))/((((sin(x1))*(5.040974405708237))^((((x0)^(sin(x1)))/(-2.284636199994581))^((x0)/((((sqrt(cos((cos(-8.543812542587922))/((x0)^(x1)))))^(((x0)/(-2.284636199994581))^((x0)/((x0)+(x0)))))^(cos((cos(sqrt(cos((((((cos((((x0)/(-4.333468065447825))/(cos(x1)))^(((log(sqrt(log((sqrt(8.154521640263336))^(sqrt(x1))))))^((x1)/(((x0)*(cos((x1)^(((log((x1)/(x0)))^((x1)/((sin(sqrt(x0)))/(log(4.118247040486228)))))*((x0)/((x0)/(log(4.118247040486228))))))))/(log(4.118247040486228)))))*(cos(sqrt(-6.06208065320957))))))^((x1)/(x1)))*(1.8590384249741465))^((x0)/((x0)/(log(4.118247040486228)))))/(cos(sin((-0.9055296725524435)^(x0)))))^(((x0)^(x0))*(cos(sqrt(-1.905607265874913))))))))/(x0))))+(x0)))))^((3.9455403256258403)^(x0))))))*(log(4.118247040486228)))))/((x0)^(x1))))))))^((x0)/((x0)/(log(4.118247040486228)))))*(cos(sqrt(cos(5.790168921330444)))))))*(x1))) 	Fitness: 2.84208713603e-09
	 ((x0)^((sqrt(((sqrt(x0))/(cos(sin(x0))))^(((log((((cos(sin(sin(cos(sqrt(cos((((x0)/(-4.333468065447825))/(cos(x1)))^(((cos(x1))^((x1)/(x1)))*(cos(sqrt(cos(x1))))))))))))/((((x0)^((x1)^(log(-6.097998898321828))))+((x1)^(x1)))^((x1)^(x0))))^(cos(sqrt(cos((cos(-2.284636199994581))/((sin(cos((cos((sin(cos(-6.703725558167088)))/(log(4.118247040486228))))/((7.8201182338626865)/(((1.8590384249741465)*(5.040974405708237))/((((1.8590384249741465)*(5.040974405708237))^((((x0)^(sin(x1)))/(-2.284636199994581))^((x0)/((((sqrt(cos((cos(-8.543812542587922))/((x0)^(x1)))))^(((x0)/(-2.284636199994581))^((x0)/(sqrt((cos(((x1)/((x1)/(cos(cos(x1)))))/(cos(cos((cos(sqrt(cos(((sqrt(cos(((sqrt(x0))/(cos(sin(x1))))^(x0))))/(cos(sin(cos(-0.9055296725524435)))))^((cos((cos(sqrt(cos(((sqrt(cos(x1)))/(cos((x1)/((sin(sqrt(x0)))/(log((3.9455403256258403)^(x0)))))))^(x1)))))/(5.790168921330444)))*(x0))))))/((x1)^(x1)))))))-(log((log(-2.284636199994581))/(-3.2996728933041712))))))))^(cos((cos(7.8201182338626865))/(x0))))+(x0)))))^((3.9455403256258403)^(x0))))))))^((x1)^(x1))))))))*(cos(sqrt(cos((cos(sqrt(x0)))/((x0)^(x1))))))))^((x0)/((x0)/(log(4.118247040486228)))))*(cos(sqrt(cos(5.790168921330444)))))))*(x1))) 	Fitness: 2.84208713603e-09
	 ((x0)^((sqrt(((sqrt(x0))/(cos(sin(x0))))^(((log((((cos(sin(sin(cos(sqrt(cos((((x0)/(-4.333468065447825))/(cos(x1)))^(((cos(x1))^((x1)/(x1)))*(cos(sqrt(cos(x1))))))))))))/((((x0)^((x1)^(log(-6.097998898321828))))+((x1)^(x1)))^((x1)^(x0))))^(cos(sqrt(x1))))*(cos(sqrt(cos((cos(sqrt(((cos((sin(cos(-6.703725558167088)))/(log(4.118247040486228))))/((7.8201182338626865)/(((1.8590384249741465)*(5.040974405708237))/((((sin(x1))*(5.040974405708237))^((((x0)^(sin(x1)))/(-2.284636199994581))^((x0)/((((sqrt(cos((cos(-8.543812542587922))/((x0)^(x1)))))^(((x0)/(-2.284636199994581))^((x0)/((x0)+(x0)))))^(cos((cos(sqrt(cos((((((cos((((x0)/(-4.333468065447825))/(cos(x1)))^(((log(sqrt(log((sqrt(8.154521640263336))^(sqrt(x1))))))^((x1)/(((x0)*(cos((x1)^(((log((x1)/(x0)))^(x1))*((x0)/((x0)/(log(4.118247040486228))))))))/(log(4.118247040486228)))))*(cos(sqrt(-6.06208065320957))))))^((x1)/(x1)))*(1.8590384249741465))^((x0)/((x0)/(log(4.118247040486228)))))/(cos(sin((-0.9055296725524435)^(x0)))))^(((x0)^(x0))*(cos(sqrt(-1.905607265874913))))))))/(x0))))+(x0)))))^((3.9455403256258403)^(x0))))))*(log(4.118247040486228)))))/((x0)^(x1))))))))^((x0)/((x0)/(log(4.118247040486228)))))*(cos(sqrt(cos(5.790168921330444)))))))*(x1))) 	Fitness: 2.84208713603e-09
	 ((x0)^((sqrt(((sqrt(x0))/(cos(sin(x0))))^(((log((((cos(sin(sin(cos(sqrt(cos((((x0)/(-4.333468065447825))/(cos(x1)))^(((cos(x1))^((x1)/(x1)))*(cos(sqrt(cos(x1))))))))))))/((((x0)^((x1)^(log(-6.097998898321828))))+((x1)^(x1)))^((x1)^(x0))))^(cos(sqrt(x1))))*(cos(sqrt(cos((cos(sqrt(((cos((sin(cos(-6.703725558167088)))/(log(4.118247040486228))))/((7.8201182338626865)/(((1.8590384249741465)*(5.040974405708237))/((((sin(x1))*(5.040974405708237))^((((x0)^(sin(x1)))/(-2.284636199994581))^((x0)/((((sqrt(cos((cos(-8.543812542587922))/((x0)^(x1)))))^(((x0)/(-2.284636199994581))^((x0)/((x0)+(x0)))))^(cos((cos(sqrt(cos((((((cos((((x0)/(-4.333468065447825))/(cos(x1)))^(((log(sqrt(log((sqrt(8.154521640263336))^(sqrt(x1))))))^((x1)/(((x0)*(cos((x1)^(((log((x1)/(x0)))^((x1)/((sin(sqrt(x0)))/(log(4.118247040486228)))))*((x0)/((x0)/(log(4.118247040486228))))))))/(log(4.118247040486228)))))*(cos(sqrt(-6.06208065320957))))))^((x1)/(x1)))*(1.8590384249741465))^((x0)/((x0)/(log(4.118247040486228)))))/(cos(sin((-0.9055296725524435)^(x0)))))^(cos(((sqrt(x0))/(cos(sin(x1))))^(x0)))))))/(x0))))+(x0)))))^((3.9455403256258403)^(x0))))))*(log(4.118247040486228)))))/((x0)^(x1))))))))^((x0)/((x0)/(log(4.118247040486228)))))*(cos(sqrt(cos(5.790168921330444)))))))*(x1))) 	Fitness: 2.84208713603e-09
	 ((x1)^((sqrt(((sqrt(x0))/(cos(sin(x0))))^(((log((((cos(sin(sin(cos(sqrt(cos((((x0)/(-4.333468065447825))/(cos(x1)))^(((cos((((x1)/(x0))/(sqrt(cos(((sqrt(cos(((sqrt(cos(x1)))/(cos((x1)/((sin(sqrt(x0)))/(log((3.9455403256258403)^(x0)))))))^(x1))))/(cos(sin(cos(-0.9055296725524435)))))^((x0)*(cos(sqrt(cos(x1)))))))))^(((log(sqrt(log(((sqrt(x0))/(cos(sin(x1))))^(sqrt(x1))))))^((x1)/(((sqrt(cos((((sin(-7.687078425053642))/((x0)*(-7.5470758324140075)))^(sqrt((x0)/(x0))))-(cos(sin((x1)*(5.790168921330444)))))))*(sin((-0.9055296725524435)^(x0))))/(log(4.118247040486228)))))*(cos(sqrt(cos(x1)))))))^((x1)/(x1)))*(cos(sqrt(cos(x1))))))))))))/((((x0)^((x1)^(log((x1)^(sqrt(x1))))))+((x1)^(x1)))^((x1)^(x0))))^(cos(sqrt(cos((cos(-2.284636199994581))/((sin(cos(cos((sin(-7.687078425053642))/((x1)^((-0.9055296725524435)^(sqrt((cos(((x1)/((x1)/(cos(cos(x1)))))/(cos(cos((cos(sqrt(cos(((sqrt(cos(((sqrt(x0))/(cos(sin(x1))))^(x0))))/(cos(sin(cos(-0.9055296725524435)))))^((cos((cos(sqrt(cos(x1))))/(5.790168921330444)))*(x0))))))/((x1)^(x1)))))))-(x1)))))))))^((x1)^(x1))))))))*(cos(sqrt(cos(x1))))))^((x0)/((x0)/(log(4.118247040486228)))))*(cos(sqrt(cos(5.790168921330444)))))))*(x1))) 	Fitness: 2.84208713603e-09
