Generation 1
Best fitness: 0.093579229739
Worst fitness: inf
Average fitness: 1.82641030433e+17
Number of repeated individuals: 11
Mutation improvement rate: 25.0%
Crossover improvement rate: 48.89%

Generation 2
Best fitness: 0.0902376598064
Worst fitness: inf
Average fitness: 9.13205152209e+16
Number of repeated individuals: 8
Mutation improvement rate: 18.75%
Crossover improvement rate: 40.0%

Generation 3
Best fitness: 0.0902376598064
Worst fitness: 25026.8633681
Average fitness: 301.401507308
Number of repeated individuals: 12
Mutation improvement rate: 16.67%
Crossover improvement rate: 39.02%

Generation 4
Best fitness: 0.0887119401701
Worst fitness: 10.1489246914
Average fitness: 0.872203238066
Number of repeated individuals: 9
Mutation improvement rate: 50.0%
Crossover improvement rate: 47.22%

Generation 5
Best fitness: 0.0887119401701
Worst fitness: 6.28226922561
Average fitness: 0.733469741327
Number of repeated individuals: 10
Mutation improvement rate: 0.0%
Crossover improvement rate: 38.64%

Generation 6
Best fitness: 0.0887119401701
Worst fitness: 9.60692201837e+16
Average fitness: 9.60692201904e+14
Number of repeated individuals: 5
Mutation improvement rate: 11.11%
Crossover improvement rate: 52.63%

Generation 7
Best fitness: 0.0887119401701
Worst fitness: inf
Average fitness: 1.10680464442e+17
Number of repeated individuals: 5
Mutation improvement rate: 25.0%
Crossover improvement rate: 43.59%

Generation 8
Best fitness: 0.0586599552294
Worst fitness: 17.1641249313
Average fitness: 0.741108089344
Number of repeated individuals: 5
Mutation improvement rate: 28.57%
Crossover improvement rate: 52.63%

Generation 9
Best fitness: 0.0586599552294
Worst fitness: 46.520248788
Average fitness: 0.9100687524
Number of repeated individuals: 9
Mutation improvement rate: 0.0%
Crossover improvement rate: 51.25%

Generation 10
Best fitness: 0.0586599552294
Worst fitness: 13.4790428246
Average fitness: 0.656806424881
Number of repeated individuals: 2
Mutation improvement rate: 33.33%
Crossover improvement rate: 34.09%

Generation 11
Best fitness: 0.0586599552294
Worst fitness: 11.2185130995
Average fitness: 0.798562201961
Number of repeated individuals: 3
Mutation improvement rate: 0.0%
Crossover improvement rate: 39.02%

Generation 12
Best fitness: 0.0586599552294
Worst fitness: 9.22337203685e+17
Average fitness: 9.22337203685e+15
Number of repeated individuals: 1
Mutation improvement rate: 7.14%
Crossover improvement rate: 42.68%

Generation 13
Best fitness: 0.0586599552294
Worst fitness: 9.22337203685e+17
Average fitness: 9.13205152164e+15
Number of repeated individuals: 4
Mutation improvement rate: 25.0%
Crossover improvement rate: 39.53%

Generation 14
Best fitness: 0.041834076853
Worst fitness: 660648908924.0
Average fitness: 6541078307.25
Number of repeated individuals: 4
Mutation improvement rate: 16.67%
Crossover improvement rate: 44.44%

Generation 15
Best fitness: 0.041834076853
Worst fitness: 247926.672606
Average fitness: 2479.76013661
Number of repeated individuals: 1
Mutation improvement rate: 12.5%
Crossover improvement rate: 40.79%

Generation 16
Best fitness: 0.041834076853
Worst fitness: 27.4199646219
Average fitness: 0.710777815794
Number of repeated individuals: 0
Mutation improvement rate: 0.0%
Crossover improvement rate: 38.37%

Generation 17
Best fitness: 0.041834076853
Worst fitness: 23.3338964065
Average fitness: 0.637601174586
Number of repeated individuals: 0
Mutation improvement rate: 20.0%
Crossover improvement rate: 46.34%

Generation 18
Best fitness: 2.84208713603e-09
Worst fitness: 96.9962625206
Average fitness: 1.6625834284
Number of repeated individuals: 1
Mutation improvement rate: 11.11%
Crossover improvement rate: 38.46%

Generation 19
Best fitness: 2.84208713603e-09
Worst fitness: 9.22337203685e+17
Average fitness: 9.22337203685e+15
Number of repeated individuals: 1
Mutation improvement rate: 0.0%
Crossover improvement rate: 40.91%

Generation 20
Best fitness: 2.84208713603e-09
Worst fitness: 9.22337203685e+17
Average fitness: 9.13205152196e+15
Number of repeated individuals: 4
Mutation improvement rate: 5.56%
Crossover improvement rate: 36.49%

Generation 21
Best fitness: 2.84208713603e-09
Worst fitness: 9.72862011476
Average fitness: 0.521373250242
Number of repeated individuals: 0
Mutation improvement rate: 0.0%
Crossover improvement rate: 47.73%

Generation 22
Best fitness: 2.84208713603e-09
Worst fitness: 80.2485775193
Average fitness: 1.09548231353
Number of repeated individuals: 4
Mutation improvement rate: 21.43%
Crossover improvement rate: 42.11%

Generation 23
Best fitness: 2.84208713603e-09
Worst fitness: 13.8457753072
Average fitness: 0.534045429044
Number of repeated individuals: 3
Mutation improvement rate: 10.0%
Crossover improvement rate: 46.34%

Generation 24
Best fitness: 2.84208713603e-09
Worst fitness: 9.17713930443e+18
Average fitness: 9.08627653904e+16
Number of repeated individuals: 1
Mutation improvement rate: 7.14%
Crossover improvement rate: 36.59%

Generation 25
Best fitness: 2.84208713603e-09
Worst fitness: 1.41743439734
Average fitness: 0.163672761121
Number of repeated individuals: 1
Mutation improvement rate: 0.0%
Crossover improvement rate: 43.33%

Generation 26
Best fitness: 2.84208713603e-09
Worst fitness: 69.6858681052
Average fitness: 1.00729512446
Number of repeated individuals: 2
Mutation improvement rate: 0.0%
Crossover improvement rate: 40.0%

Generation 27
Best fitness: 2.84208713603e-09
Worst fitness: 7.88827681362
Average fitness: 0.396609129881
Number of repeated individuals: 0
Mutation improvement rate: 0.0%
Crossover improvement rate: 28.89%

Generation 28
Best fitness: 2.84208713603e-09
Worst fitness: 30.9487488275
Average fitness: 0.66446219376
Number of repeated individuals: 1
Mutation improvement rate: 10.0%
Crossover improvement rate: 45.35%

Generation 29
Best fitness: 2.84208713603e-09
Worst fitness: 28.2542881995
Average fitness: 0.805331225786
Number of repeated individuals: 0
Mutation improvement rate: 8.33%
Crossover improvement rate: 36.25%

Generation 30
Best fitness: 2.84208713603e-09
Worst fitness: 9.22337203685e+17
Average fitness: 9.13205152164e+15
Number of repeated individuals: 3
Mutation improvement rate: 12.5%
Crossover improvement rate: 26.14%

Generation 31
Best fitness: 2.84208713603e-09
Worst fitness: 9.22337203685e+17
Average fitness: 9.13205152164e+15
Number of repeated individuals: 0
Mutation improvement rate: 0.0%
Crossover improvement rate: 11.9%

Generation 32
Best fitness: 2.84208713603e-09
Worst fitness: inf
Average fitness: 1.0958461826e+17
Number of repeated individuals: 0
Mutation improvement rate: 0.0%
Crossover improvement rate: 28.95%

Generation 33
Best fitness: 2.84208713603e-09
Worst fitness: 9.22337203685e+18
Average fitness: 9.13205152164e+16
Number of repeated individuals: 2
Mutation improvement rate: 0.0%
Crossover improvement rate: 17.44%

Generation 34
Best fitness: 2.84208713603e-09
Worst fitness: 9.17713930443e+18
Average fitness: 9.08627653904e+16
Number of repeated individuals: 2
Mutation improvement rate: 28.57%
Crossover improvement rate: 17.95%

Generation 35
Best fitness: 2.84208713603e-09
Worst fitness: 9.34326792293
Average fitness: 0.437702057279
Number of repeated individuals: 0
Mutation improvement rate: 0.0%
Crossover improvement rate: 17.44%

Generation 36
Best fitness: 2.84208713603e-09
Worst fitness: 218.872062641
Average fitness: 2.8245174698
Number of repeated individuals: 1
Mutation improvement rate: 0.0%
Crossover improvement rate: 12.79%

Generation 37
Best fitness: 2.84208713603e-09
Worst fitness: 46.0904847654
Average fitness: 0.722205693863
Number of repeated individuals: 0
Mutation improvement rate: 0.0%
Crossover improvement rate: 9.09%

Generation 38
Best fitness: 2.84208713603e-09
Worst fitness: inf
Average fitness: 9.22337203685e+16
Number of repeated individuals: 0
Mutation improvement rate: 0.0%
Crossover improvement rate: 8.54%

Generation 39
Best fitness: 2.84208713603e-09
Worst fitness: 9.22337203685e+17
Average fitness: 9.2233720396e+15
Number of repeated individuals: 0
Mutation improvement rate: 0.0%
Crossover improvement rate: 1.19%

Generation 40
Best fitness: 2.84208713603e-09
Worst fitness: 14.2088717694
Average fitness: 0.191347476841
Number of repeated individuals: 1
Mutation improvement rate: 0.0%
Crossover improvement rate: 2.33%

Generation 41
Best fitness: 2.84208713603e-09
Worst fitness: 22.6232588164
Average fitness: 0.526397087674
Number of repeated individuals: 0
Mutation improvement rate: 0.0%
Crossover improvement rate: 6.98%

Generation 42
Best fitness: 2.84208713603e-09
Worst fitness: 966.951488542
Average fitness: 9.80709531341
Number of repeated individuals: 0
Mutation improvement rate: 0.0%
Crossover improvement rate: 4.65%

Generation 43
Best fitness: 2.84208713603e-09
Worst fitness: 13.7985521819
Average fitness: 0.318124990968
Number of repeated individuals: 1
Mutation improvement rate: 0.0%
Crossover improvement rate: 3.66%

Generation 44
Best fitness: 2.84208713603e-09
Worst fitness: 47.0944439041
Average fitness: 0.873195392786
Number of repeated individuals: 2
Mutation improvement rate: 0.0%
Crossover improvement rate: 2.44%

Generation 45
Best fitness: 2.84208713603e-09
Worst fitness: 3.60350237304e+15
Average fitness: 3.56782413172e+13
Number of repeated individuals: 0
Mutation improvement rate: 0.0%
Crossover improvement rate: 1.19%

Generation 46
Best fitness: 2.84208713603e-09
Worst fitness: 12.5290264007
Average fitness: 0.432099704259
Number of repeated individuals: 0
Mutation improvement rate: 0.0%
Crossover improvement rate: 2.5%

Generation 47
Best fitness: 2.84208713603e-09
Worst fitness: 5.97384695175e+18
Average fitness: 5.97384695175e+16
Number of repeated individuals: 0
Mutation improvement rate: 0.0%
Crossover improvement rate: 4.76%

Generation 48
Best fitness: 2.84208713603e-09
Worst fitness: 9.22337203685e+17
Average fitness: 9.22337203686e+15
Number of repeated individuals: 1
Mutation improvement rate: 0.0%
Crossover improvement rate: 0.0%

Generation 49
Best fitness: 2.84208713603e-09
Worst fitness: 5845.12486648
Average fitness: 82.851848342
Number of repeated individuals: 0
Mutation improvement rate: 0.0%
Crossover improvement rate: 8.89%

Generation 50
Best fitness: 2.84208713603e-09
Worst fitness: 9.22337203685e+17
Average fitness: 9.22337203685e+15
Number of repeated individuals: 1
Mutation improvement rate: 0.0%
Crossover improvement rate: 5.95%

Generation 51
Best fitness: 2.84208713603e-09
Worst fitness: 19.2663204678
Average fitness: 0.512377105049
Number of repeated individuals: 1
Mutation improvement rate: 0.0%
Crossover improvement rate: 1.14%

Generation 52
Best fitness: 2.84208713603e-09
Worst fitness: 6.52190891267e+18
Average fitness: 6.52190891267e+16
Number of repeated individuals: 0
Mutation improvement rate: 0.0%
Crossover improvement rate: 5.68%

Generation 53
Best fitness: 2.84208713603e-09
Worst fitness: 172.041978781
Average fitness: 1.82728180946
Number of repeated individuals: 0
Mutation improvement rate: 0.0%
Crossover improvement rate: 0.0%

Generation 54
Best fitness: 2.84208713603e-09
Worst fitness: 163.10860965
Average fitness: 1.7475230337
Number of repeated individuals: 0
Mutation improvement rate: 0.0%
Crossover improvement rate: 0.0%

Generation 55
Best fitness: 2.84208713603e-09
Worst fitness: 56.4468099838
Average fitness: 0.711430296792
Number of repeated individuals: 0
Mutation improvement rate: 0.0%
Crossover improvement rate: 5.0%

Generation 56
Best fitness: 2.84208713603e-09
Worst fitness: 9.22337203685e+17
Average fitness: 9.13205152164e+15
Number of repeated individuals: 0
Mutation improvement rate: 0.0%
Crossover improvement rate: 2.38%

Generation 57
Best fitness: 2.84208713603e-09
Worst fitness: 9.22337203685e+17
Average fitness: 9.22337203685e+15
Number of repeated individuals: 1
Mutation improvement rate: 0.0%
Crossover improvement rate: 0.0%

Generation 58
Best fitness: 2.84208713603e-09
Worst fitness: 9.22337902585e+17
Average fitness: 9.22337902585e+15
Number of repeated individuals: 2
Mutation improvement rate: 0.0%
Crossover improvement rate: 2.38%

Generation 59
Best fitness: 2.84208713603e-09
Worst fitness: 1.16559354999e+18
Average fitness: 1.16559354999e+16
Number of repeated individuals: 1
Mutation improvement rate: 0.0%
Crossover improvement rate: 1.28%

Generation 60
Best fitness: 2.84208713603e-09
Worst fitness: 545.93882516
Average fitness: 9.58570081972
Number of repeated individuals: 1
Mutation improvement rate: 0.0%
Crossover improvement rate: 2.5%

Generation 61
Best fitness: 2.84208713603e-09
Worst fitness: 26.0000662733
Average fitness: 0.399361590575
Number of repeated individuals: 0
Mutation improvement rate: 0.0%
Crossover improvement rate: 1.28%

Generation 62
Best fitness: 2.84208713603e-09
Worst fitness: 15.1015822296
Average fitness: 0.291950739064
Number of repeated individuals: 1
Mutation improvement rate: 0.0%
Crossover improvement rate: 3.49%

Generation 63
Best fitness: 2.84124029318e-09
Worst fitness: 13248.8084427
Average fitness: 131.21451865
Number of repeated individuals: 0
Mutation improvement rate: 12.5%
Crossover improvement rate: 6.98%

Generation 64
Best fitness: 2.84124029318e-09
Worst fitness: 9.75228130326
Average fitness: 0.136941897104
Number of repeated individuals: 0
Mutation improvement rate: 0.0%
Crossover improvement rate: 2.44%

Generation 65
Best fitness: 2.84124029318e-09
Worst fitness: 3.86374272053
Average fitness: 0.0964210537401
Number of repeated individuals: 0
Mutation improvement rate: 0.0%
Crossover improvement rate: 2.56%

Generation 66
Best fitness: 2.84124029318e-09
Worst fitness: 62.6227074498
Average fitness: 1.44583095425
Number of repeated individuals: 0
Mutation improvement rate: 0.0%
Crossover improvement rate: 1.28%

Generation 67
Best fitness: 2.84124029318e-09
Worst fitness: 658.668974189
Average fitness: 7.28944737078
Number of repeated individuals: 0
Mutation improvement rate: 0.0%
Crossover improvement rate: 0.0%

Generation 68
Best fitness: 2.84124029318e-09
Worst fitness: 3949.60770699
Average fitness: 39.7825362579
Number of repeated individuals: 0
Mutation improvement rate: 0.0%
Crossover improvement rate: 2.17%

Generation 69
Best fitness: 2.84124029318e-09
Worst fitness: 9.22337203685e+17
Average fitness: 9.13205152164e+15
Number of repeated individuals: 0
Mutation improvement rate: 0.0%
Crossover improvement rate: 1.16%

Generation 70
Best fitness: 2.84124029318e-09
Worst fitness: 2.20903870376
Average fitness: 0.0772980114463
Number of repeated individuals: 0
Mutation improvement rate: 0.0%
Crossover improvement rate: 0.0%

Generation 71
Best fitness: 2.84124029318e-09
Worst fitness: 5.71205039139
Average fitness: 0.239025397781
Number of repeated individuals: 2
Mutation improvement rate: 0.0%
Crossover improvement rate: 3.85%

Generation 72
Best fitness: 2.84124029318e-09
Worst fitness: 6.27588774757e+17
Average fitness: 6.27588774757e+15
Number of repeated individuals: 0
Mutation improvement rate: 0.0%
Crossover improvement rate: 6.1%

Generation 73
Best fitness: 2.84124029318e-09
Worst fitness: 6.04804110916
Average fitness: 0.0856983463845
Number of repeated individuals: 0
Mutation improvement rate: 0.0%
Crossover improvement rate: 5.68%

Generation 74
Best fitness: 2.84124029318e-09
Worst fitness: 39.29568422
Average fitness: 0.528404788572
Number of repeated individuals: 0
Mutation improvement rate: 0.0%
Crossover improvement rate: 0.0%

Generation 75
Best fitness: 2.84124029318e-09
Worst fitness: 1.9758312272
Average fitness: 0.0512465530733
Number of repeated individuals: 0
Mutation improvement rate: 0.0%
Crossover improvement rate: 0.0%

Generation 76
Best fitness: 2.84124029318e-09
Worst fitness: inf
Average fitness: 1.00452566738e+17
Number of repeated individuals: 0
Mutation improvement rate: 0.0%
Crossover improvement rate: 0.0%

Generation 77
Best fitness: 2.84124029318e-09
Worst fitness: 123.500751912
Average fitness: 1.30916596943
Number of repeated individuals: 0
Mutation improvement rate: 0.0%
Crossover improvement rate: 0.0%

Generation 78
Best fitness: 2.84124029318e-09
Worst fitness: 19.6471022528
Average fitness: 0.328132942673
Number of repeated individuals: 0
Mutation improvement rate: 0.0%
Crossover improvement rate: 0.0%

Generation 79
Best fitness: 2.84124029318e-09
Worst fitness: 4.05372713323
Average fitness: 0.0810763279554
Number of repeated individuals: 0
Mutation improvement rate: 0.0%
Crossover improvement rate: 2.44%

Generation 80
Best fitness: 2.84124029318e-09
Worst fitness: 47.5257315298
Average fitness: 0.495391566296
Number of repeated individuals: 0
Mutation improvement rate: 0.0%
Crossover improvement rate: 0.0%

Generation 81
Best fitness: 2.84124029318e-09
Worst fitness: 9.04523720553
Average fitness: 0.196093341266
Number of repeated individuals: 3
Mutation improvement rate: 0.0%
Crossover improvement rate: 0.0%

Generation 82
Best fitness: 2.84124029318e-09
Worst fitness: 9.44620825841
Average fitness: 0.146817143062
Number of repeated individuals: 1
Mutation improvement rate: 0.0%
Crossover improvement rate: 0.0%

Generation 83
Best fitness: 2.84124029318e-09
Worst fitness: 1.36528554923e+19
Average fitness: 1.35176787053e+17
Number of repeated individuals: 1
Mutation improvement rate: 0.0%
Crossover improvement rate: 1.43%

Generation 84
Best fitness: 2.84124029318e-09
Worst fitness: 95.3104058983
Average fitness: 1.01277992984
Number of repeated individuals: 0
Mutation improvement rate: 0.0%
Crossover improvement rate: 3.75%

Generation 85
Best fitness: 2.84124029318e-09
Worst fitness: 2.14372263868
Average fitness: 0.0658829493961
Number of repeated individuals: 0
Mutation improvement rate: 0.0%
Crossover improvement rate: 1.19%

Generation 86
Best fitness: 2.84124029318e-09
Worst fitness: 2227.6576365
Average fitness: 22.4166994217
Number of repeated individuals: 0
Mutation improvement rate: 0.0%
Crossover improvement rate: 0.0%

Generation 87
Best fitness: 2.84124029318e-09
Worst fitness: 52.9196860318
Average fitness: 0.823303069384
Number of repeated individuals: 1
Mutation improvement rate: 0.0%
Crossover improvement rate: 3.33%

Generation 88
Best fitness: 2.84124029318e-09
Worst fitness: 442.771221403
Average fitness: 4.75341851124
Number of repeated individuals: 0
Mutation improvement rate: 0.0%
Crossover improvement rate: 3.66%

Generation 89
Best fitness: 2.84124029318e-09
Worst fitness: 7.66047927496e+17
Average fitness: 7.58463294551e+15
Number of repeated individuals: 0
Mutation improvement rate: 0.0%
Crossover improvement rate: 3.41%

Generation 90
Best fitness: 2.84124029318e-09
Worst fitness: 86.6898023184
Average fitness: 1.20781244966
Number of repeated individuals: 0
Mutation improvement rate: 0.0%
Crossover improvement rate: 2.63%

Generation 91
Best fitness: 2.84124029318e-09
Worst fitness: 13.9319841606
Average fitness: 0.197997107262
Number of repeated individuals: 0
Mutation improvement rate: 0.0%
Crossover improvement rate: 2.27%

Generation 92
Best fitness: 2.84124029318e-09
Worst fitness: 11.8665738892
Average fitness: 0.34348830852
Number of repeated individuals: 0
Mutation improvement rate: 0.0%
Crossover improvement rate: 2.5%

Generation 93
Best fitness: 2.84124029318e-09
Worst fitness: 132.422436702
Average fitness: 2.3226504763
Number of repeated individuals: 0
Mutation improvement rate: 0.0%
Crossover improvement rate: 5.56%

Generation 94
Best fitness: 2.84124029318e-09
Worst fitness: 1.5654043833
Average fitness: 0.0325318663944
Number of repeated individuals: 0
Mutation improvement rate: 0.0%
Crossover improvement rate: 0.0%

Generation 95
Best fitness: 2.84124029318e-09
Worst fitness: 2610.82368291
Average fitness: 27.9520663462
Number of repeated individuals: 0
Mutation improvement rate: 0.0%
Crossover improvement rate: 0.0%

Generation 96
Best fitness: 2.84124029318e-09
Worst fitness: 9.22337203685e+17
Average fitness: 9.13205152164e+15
Number of repeated individuals: 0
Mutation improvement rate: 0.0%
Crossover improvement rate: 0.0%

Generation 97
Best fitness: 2.84124029318e-09
Worst fitness: 5.66356063874
Average fitness: 0.134554896026
Number of repeated individuals: 1
Mutation improvement rate: 0.0%
Crossover improvement rate: 0.0%

Generation 98
Best fitness: 2.84124029318e-09
Worst fitness: inf
Average fitness: 9.22337203685e+16
Number of repeated individuals: 1
Mutation improvement rate: 0.0%
Crossover improvement rate: 3.75%

Generation 99
Best fitness: 2.84124029318e-09
Worst fitness: 10418449.126
Average fitness: 103153.752221
Number of repeated individuals: 1
Mutation improvement rate: 0.0%
Crossover improvement rate: 3.75%

Generation 100
Best fitness: 2.84124029318e-09
Worst fitness: 3891206.19647
Average fitness: 38912.1218608
Number of repeated individuals: 0
Mutation improvement rate: 0.0%
Crossover improvement rate: 2.38%

Top 5 individuals for training dataset:

	 (((x1)^(x0))+((((x1)/(-9.488617933352844))*(((x1)-((sin((x1)+(x0)))+(((x1)/((sin(sqrt((x0)/((x1)+(x0)))))+(x0)))*(cos(((-8.941717127440619)-(x1))*(sin(x1)))))))+((x1)+(x0))))^(2.375743270823012))) 	Fitness: 2.84124029318e-09
	 (((x1)^(x0))+((((x1)/(-9.488617933352844))*(((3.7167263031270465)-((sin((x1)+(x0)))+(x1)))+((x1)+(x0))))^(2.375743270823012))) 	Fitness: 2.84208713603e-09
	 (((x0)^(x0))+((((x1)/(-9.488617933352844))*(((3.7167263031270465)-((-2.4358618567336743)+(((x1)/((sin(sqrt(sqrt(cos(x1)))))+(x0)))*(cos(x1)))))+(log((sqrt(cos((x1)/(-9.488617933352844))))-((sqrt(((((x1)^(x0))*((sin(cos((x1)^(x0))))+(x0)))-(sin(((x1)^(x0))+((((x1)/(-9.488617933352844))*(((3.7167263031270465)-((sin((x1)+(x0)))+(x1)))+((x1)+(x0))))^(2.375743270823012)))))/((sqrt((x1)/(-9.488617933352844)))^(sqrt(x0)))))^(sqrt(-2.4358618567336743)))))))^(((2.375743270823012)+(x1))^(sqrt(x1))))) 	Fitness: 2.84208713603e-09
	 (((x1)^(x0))+((((sqrt(-2.4358618567336743))/(-9.488617933352844))*(((3.7167263031270465)-((sin((x1)+(x0)))+(((x0)/((sin(sqrt((x0)/(((sin((x0)/(log(-4.39492180916975))))+(sin(((sqrt(x1))/((x1)/(-9.488617933352844)))/(log(log((x1)-((sqrt(x0))^(sqrt(-2.4358618567336743)))))))))+(sin((sin(sqrt(cos((((x1)/(-9.488617933352844))*(((3.7167263031270465)-(((x1)^(x0))+(((x1)/(x0))*(cos((x1)/(-9.488617933352844))))))+((x1)+(x0))))^(sin(cos(x1)))))))/(x1)))))))+(x0)))*(cos(x1)))))+((x1)+(x0))))^(2.375743270823012))) 	Fitness: 2.84208713603e-09
	 (((x1)^(x0))+((((x1)/(-9.488617933352844))*(((3.7167263031270465)-((sin(sqrt((x1)/(x1))))+(((x1)/((sin(sqrt((sqrt((x0)/((sin((x0)/(log(-4.39492180916975))))+(sin((((-4.39492180916975)*(x1))/((x1)/(-9.488617933352844)))/(log(log(x0))))))))/((sin((((-4.39492180916975)*((x1)+(x0)))/(x1))/(x0)))+(sin((sqrt(-9.488617933352844))/(log(log((sqrt(cos((x0)*(cos(x1)))))-((sqrt(((cos(cos(x1)))-(sin((5.6677320809603575)^(cos(x1)))))/((4.064750623032097)+(sqrt(((x1)/(x1))*(x1))))))^(sqrt(-2.4358618567336743))))))))))))+(sin(cos(x1)))))*(cos(x1)))))+((5.6677320809603575)+(x0))))^(2.375743270823012))) 	Fitness: 2.84208713603e-09

Top 5 individuals for test dataset:

	 (((x1)^(x0))+((((x1)/(-9.488617933352844))*(((x1)-((sin((x1)+(x0)))+(((x1)/((sin(sqrt((x0)/((x1)+(x0)))))+(x0)))*(cos(((-8.941717127440619)-(x1))*(sin(x1)))))))+((x1)+(x0))))^(2.375743270823012))) 	Fitness: 2.84124029318e-09
	 (((x1)^(x0))+((((x1)/(-9.488617933352844))*(((3.7167263031270465)-((sin((x1)+(x0)))+(x1)))+((x1)+(x0))))^(2.375743270823012))) 	Fitness: 2.84208713603e-09
	 (((x0)^(x0))+((((x1)/(-9.488617933352844))*(((3.7167263031270465)-((-2.4358618567336743)+(((x1)/((sin(sqrt(sqrt(cos(x1)))))+(x0)))*(cos(x1)))))+(log((sqrt(cos((x1)/(-9.488617933352844))))-((sqrt(((((x1)^(x0))*((sin(cos((x1)^(x0))))+(x0)))-(sin(((x1)^(x0))+((((x1)/(-9.488617933352844))*(((3.7167263031270465)-((sin((x1)+(x0)))+(x1)))+((x1)+(x0))))^(2.375743270823012)))))/((sqrt((x1)/(-9.488617933352844)))^(sqrt(x0)))))^(sqrt(-2.4358618567336743)))))))^(((2.375743270823012)+(x1))^(sqrt(x1))))) 	Fitness: 2.84208713603e-09
	 (((x1)^(x0))+((((sqrt(-2.4358618567336743))/(-9.488617933352844))*(((3.7167263031270465)-((sin((x1)+(x0)))+(((x0)/((sin(sqrt((x0)/(((sin((x0)/(log(-4.39492180916975))))+(sin(((sqrt(x1))/((x1)/(-9.488617933352844)))/(log(log((x1)-((sqrt(x0))^(sqrt(-2.4358618567336743)))))))))+(sin((sin(sqrt(cos((((x1)/(-9.488617933352844))*(((3.7167263031270465)-(((x1)^(x0))+(((x1)/(x0))*(cos((x1)/(-9.488617933352844))))))+((x1)+(x0))))^(sin(cos(x1)))))))/(x1)))))))+(x0)))*(cos(x1)))))+((x1)+(x0))))^(2.375743270823012))) 	Fitness: 2.84208713603e-09
	 (((x1)^(x0))+((((x1)/(-9.488617933352844))*(((3.7167263031270465)-((sin(sqrt((x1)/(x1))))+(((x1)/((sin(sqrt((sqrt((x0)/((sin((x0)/(log(-4.39492180916975))))+(sin((((-4.39492180916975)*(x1))/((x1)/(-9.488617933352844)))/(log(log(x0))))))))/((sin((((-4.39492180916975)*((x1)+(x0)))/(x1))/(x0)))+(sin((sqrt(-9.488617933352844))/(log(log((sqrt(cos((x0)*(cos(x1)))))-((sqrt(((cos(cos(x1)))-(sin((5.6677320809603575)^(cos(x1)))))/((4.064750623032097)+(sqrt(((x1)/(x1))*(x1))))))^(sqrt(-2.4358618567336743))))))))))))+(sin(cos(x1)))))*(cos(x1)))))+((5.6677320809603575)+(x0))))^(2.375743270823012))) 	Fitness: 2.84208713603e-09
