Generation 1
Best fitness: 2.77477679664e-09
Worst fitness: inf
Average fitness: 2.3344712128e+17
Number of repeated individuals: 11
Mutation improvement rate: 0.0%
Crossover improvement rate: 42.55%

Generation 2
Best fitness: 2.77477679664e-09
Worst fitness: 3.00528683668e+13
Average fitness: 297553197667.0
Number of repeated individuals: 39
Mutation improvement rate: 0.0%
Crossover improvement rate: 33.72%

Generation 3
Best fitness: 2.77477679664e-09
Worst fitness: inf
Average fitness: 2.12321994499e+63
Number of repeated individuals: 52
Mutation improvement rate: 0.0%
Crossover improvement rate: 28.41%

Generation 4
Best fitness: 2.77477679664e-09
Worst fitness: inf
Average fitness: 3.07712344015e+95
Number of repeated individuals: 60
Mutation improvement rate: 0.0%
Crossover improvement rate: 7.78%

Generation 5
Best fitness: 2.77477679664e-09
Worst fitness: inf
Average fitness: 4.28890428888e+63
Number of repeated individuals: 63
Mutation improvement rate: 0.0%
Crossover improvement rate: 1.16%

Generation 6
Best fitness: 2.77477679664e-09
Worst fitness: inf
Average fitness: 4.24643988998e+63
Number of repeated individuals: 55
Mutation improvement rate: 0.0%
Crossover improvement rate: 3.33%

Generation 7
Best fitness: 2.77477679664e-09
Worst fitness: inf
Average fitness: 6.43335643332e+63
Number of repeated individuals: 47
Mutation improvement rate: 0.0%
Crossover improvement rate: 1.14%

Generation 8
Best fitness: 2.77477679664e-09
Worst fitness: inf
Average fitness: 2.85621599486e+108
Number of repeated individuals: 49
Mutation improvement rate: 0.0%
Crossover improvement rate: 1.11%

Generation 9
Best fitness: 2.77477679664e-09
Worst fitness: inf
Average fitness: 1.51362543904e+138
Number of repeated individuals: 43
Mutation improvement rate: 0.0%
Crossover improvement rate: 0.0%

Generation 10
Best fitness: 2.77477679664e-09
Worst fitness: inf
Average fitness: 1.42810799743e+108
Number of repeated individuals: 27
Mutation improvement rate: 0.0%
Crossover improvement rate: 2.56%

Generation 11
Best fitness: 2.77477679664e-09
Worst fitness: inf
Average fitness: 2.06164399663e+65
Number of repeated individuals: 28
Mutation improvement rate: 0.0%
Crossover improvement rate: 2.13%

Generation 12
Best fitness: 2.77477679664e-09
Worst fitness: inf
Average fitness: 4.79359464813e+64
Number of repeated individuals: 34
Mutation improvement rate: 0.0%
Crossover improvement rate: 1.11%

Generation 13
Best fitness: 2.77477679664e-09
Worst fitness: inf
Average fitness: 1.42810799743e+108
Number of repeated individuals: 26
Mutation improvement rate: 0.0%
Crossover improvement rate: 0.0%

Generation 14
Best fitness: 2.77477679664e-09
Worst fitness: inf
Average fitness: 1.41396831429e+108
Number of repeated individuals: 19
Mutation improvement rate: 0.0%
Crossover improvement rate: 0.0%

Generation 15
Best fitness: 2.77477679664e-09
Worst fitness: inf
Average fitness: 4.28890428888e+63
Number of repeated individuals: 12
Mutation improvement rate: 0.0%
Crossover improvement rate: 0.0%

Generation 16
Best fitness: 2.77477679664e-09
Worst fitness: inf
Average fitness: 1.07222607222e+64
Number of repeated individuals: 13
Mutation improvement rate: 0.0%
Crossover improvement rate: 0.0%

Generation 17
Best fitness: 2.77477679664e-09
Worst fitness: inf
Average fitness: 2.14445214444e+63
Number of repeated individuals: 11
Mutation improvement rate: 0.0%
Crossover improvement rate: 1.11%

Generation 18
Best fitness: 2.77477679664e-09
Worst fitness: inf
Average fitness: 6.36965983497e+63
Number of repeated individuals: 4
Mutation improvement rate: 0.0%
Crossover improvement rate: 0.0%

Generation 19
Best fitness: 2.77477679664e-09
Worst fitness: inf
Average fitness: 3.74414112387e+17
Number of repeated individuals: 12
Mutation improvement rate: 0.0%
Crossover improvement rate: 0.0%

Generation 20
Best fitness: 2.77477679664e-09
Worst fitness: inf
Average fitness: 1.18532164873e+18
Number of repeated individuals: 9
Mutation improvement rate: 0.0%
Crossover improvement rate: 0.0%

Generation 21
Best fitness: 2.77477679664e-09
Worst fitness: inf
Average fitness: 1.2019339432e+64
Number of repeated individuals: 7
Mutation improvement rate: 0.0%
Crossover improvement rate: 0.0%

Generation 22
Best fitness: 2.77477679664e-09
Worst fitness: inf
Average fitness: 7.19727415395e+147
Number of repeated individuals: 5
Mutation improvement rate: 0.0%
Crossover improvement rate: 0.0%

Generation 23
Best fitness: 2.77477679664e-09
Worst fitness: inf
Average fitness: 4.49475415856e+17
Number of repeated individuals: 5
Mutation improvement rate: 0.0%
Crossover improvement rate: 0.0%

Generation 24
Best fitness: 2.77477679664e-09
Worst fitness: inf
Average fitness: 1.75513870206e+17
Number of repeated individuals: 3
Mutation improvement rate: 0.0%
Crossover improvement rate: 0.0%

Generation 25
Best fitness: 2.77477679664e-09
Worst fitness: inf
Average fitness: 2.29899763976e+139
Number of repeated individuals: 3
Mutation improvement rate: 0.0%
Crossover improvement rate: 0.0%

Generation 26
Best fitness: 2.77477679664e-09
Worst fitness: inf
Average fitness: 3.83546163909e+17
Number of repeated individuals: 1
Mutation improvement rate: 0.0%
Crossover improvement rate: 0.0%

Generation 27
Best fitness: 2.77477679664e-09
Worst fitness: inf
Average fitness: 2.73961545649e+17
Number of repeated individuals: 1
Mutation improvement rate: 0.0%
Crossover improvement rate: 0.0%

Generation 28
Best fitness: 2.77477679664e-09
Worst fitness: inf
Average fitness: 2.14445214444e+63
Number of repeated individuals: 1
Mutation improvement rate: 0.0%
Crossover improvement rate: 0.0%

Generation 29
Best fitness: 2.77477679664e-09
Worst fitness: inf
Average fitness: 1.14551175158e+21
Number of repeated individuals: 2
Mutation improvement rate: 0.0%
Crossover improvement rate: 0.0%

Generation 30
Best fitness: 2.77477679664e-09
Worst fitness: inf
Average fitness: 1.82641030434e+17
Number of repeated individuals: 2
Mutation improvement rate: 0.0%
Crossover improvement rate: 0.0%

Generation 31
Best fitness: 2.77477679664e-09
Worst fitness: inf
Average fitness: 8.07671009153e+64
Number of repeated individuals: 0
Mutation improvement rate: 0.0%
Crossover improvement rate: 0.0%

Generation 32
Best fitness: 2.77477679664e-09
Worst fitness: inf
Average fitness: 1.82641030433e+17
Number of repeated individuals: 2
Mutation improvement rate: 0.0%
Crossover improvement rate: 0.0%

Generation 33
Best fitness: 2.77477679664e-09
Worst fitness: inf
Average fitness: 4.24643988998e+63
Number of repeated individuals: 1
Mutation improvement rate: 0.0%
Crossover improvement rate: 0.0%

Generation 34
Best fitness: 2.77477679664e-09
Worst fitness: inf
Average fitness: 2.14445214976e+63
Number of repeated individuals: 1
Mutation improvement rate: 0.0%
Crossover improvement rate: 0.0%

Generation 35
Best fitness: 2.77477679664e-09
Worst fitness: inf
Average fitness: 1.26110152632e+20
Number of repeated individuals: 2
Mutation improvement rate: 0.0%
Crossover improvement rate: 0.0%

Generation 36
Best fitness: 2.77477679664e-09
Worst fitness: inf
Average fitness: 4.24643988998e+63
Number of repeated individuals: 2
Mutation improvement rate: 0.0%
Crossover improvement rate: 0.0%

Generation 37
Best fitness: 2.77477679664e-09
Worst fitness: inf
Average fitness: 4.56602576082e+17
Number of repeated individuals: 2
Mutation improvement rate: 0.0%
Crossover improvement rate: 0.0%

Generation 38
Best fitness: 2.77477679664e-09
Worst fitness: inf
Average fitness: 5.62581381203e+64
Number of repeated individuals: 0
Mutation improvement rate: 0.0%
Crossover improvement rate: 0.0%

Generation 39
Best fitness: 2.77477679664e-09
Worst fitness: inf
Average fitness: 2.73961545649e+17
Number of repeated individuals: 5
Mutation improvement rate: 0.0%
Crossover improvement rate: 0.0%

Generation 40
Best fitness: 2.77477679664e-09
Worst fitness: 467.426799378
Average fitness: 5.1215443063
Number of repeated individuals: 1
Mutation improvement rate: 0.0%
Crossover improvement rate: 0.0%

Generation 41
Best fitness: 2.77477679664e-09
Worst fitness: inf
Average fitness: 2.14445214444e+63
Number of repeated individuals: 2
Mutation improvement rate: 0.0%
Crossover improvement rate: 0.0%

Generation 42
Best fitness: 2.77477679664e-09
Worst fitness: inf
Average fitness: 9.22337203685e+16
Number of repeated individuals: 0
Mutation improvement rate: 0.0%
Crossover improvement rate: 0.0%

Generation 43
Best fitness: 2.77477679664e-09
Worst fitness: inf
Average fitness: 2.02329641044e+18
Number of repeated individuals: 1
Mutation improvement rate: 0.0%
Crossover improvement rate: 0.0%

Generation 44
Best fitness: 2.77477679664e-09
Worst fitness: inf
Average fitness: 9.22337203685e+16
Number of repeated individuals: 1
Mutation improvement rate: 0.0%
Crossover improvement rate: 0.0%

Generation 45
Best fitness: 2.77477679664e-09
Worst fitness: inf
Average fitness: 5.62625694248e+17
Number of repeated individuals: 0
Mutation improvement rate: 0.0%
Crossover improvement rate: 0.0%

Generation 46
Best fitness: 2.77477679664e-09
Worst fitness: inf
Average fitness: 1.84467779982e+17
Number of repeated individuals: 2
Mutation improvement rate: 0.0%
Crossover improvement rate: 0.0%

Generation 47
Best fitness: 2.77477679664e-09
Worst fitness: inf
Average fitness: 2.73961545649e+17
Number of repeated individuals: 1
Mutation improvement rate: 0.0%
Crossover improvement rate: 0.0%

Generation 48
Best fitness: 2.77477679664e-09
Worst fitness: inf
Average fitness: 2.12321994499e+63
Number of repeated individuals: 2
Mutation improvement rate: 0.0%
Crossover improvement rate: 0.0%

Generation 49
Best fitness: 2.77477679664e-09
Worst fitness: inf
Average fitness: 3.68934881479e+17
Number of repeated individuals: 3
Mutation improvement rate: 0.0%
Crossover improvement rate: 0.0%

Generation 50
Best fitness: 2.77477679664e-09
Worst fitness: 2.14445214444e+65
Average fitness: 2.14445214444e+63
Number of repeated individuals: 1
Mutation improvement rate: 0.0%
Crossover improvement rate: 0.0%

Generation 51
Best fitness: 2.77477679664e-09
Worst fitness: inf
Average fitness: 2.12321994499e+63
Number of repeated individuals: 3
Mutation improvement rate: 0.0%
Crossover improvement rate: 0.0%

Generation 52
Best fitness: 2.77477679664e-09
Worst fitness: inf
Average fitness: 9.22337203685e+16
Number of repeated individuals: 4
Mutation improvement rate: 0.0%
Crossover improvement rate: 0.0%

Generation 53
Best fitness: 2.77477679664e-09
Worst fitness: inf
Average fitness: 9.13205152164e+16
Number of repeated individuals: 0
Mutation improvement rate: 0.0%
Crossover improvement rate: 0.0%

Generation 54
Best fitness: 2.77477679664e-09
Worst fitness: inf
Average fitness: 1.82641030433e+17
Number of repeated individuals: 2
Mutation improvement rate: 0.0%
Crossover improvement rate: 0.0%

Generation 55
Best fitness: 2.77477679664e-09
Worst fitness: inf
Average fitness: 2.73961545649e+17
Number of repeated individuals: 0
Mutation improvement rate: 0.0%
Crossover improvement rate: 0.0%

Generation 56
Best fitness: 2.77477679664e-09
Worst fitness: inf
Average fitness: 9.22337203685e+16
Number of repeated individuals: 0
Mutation improvement rate: 0.0%
Crossover improvement rate: 0.0%

Generation 57
Best fitness: 2.77477679664e-09
Worst fitness: inf
Average fitness: 9.22337203685e+16
Number of repeated individuals: 0
Mutation improvement rate: 0.0%
Crossover improvement rate: 0.0%

Generation 58
Best fitness: 2.77477679664e-09
Worst fitness: inf
Average fitness: 1.82641030433e+17
Number of repeated individuals: 1
Mutation improvement rate: 0.0%
Crossover improvement rate: 0.0%

Generation 59
Best fitness: 2.77477679664e-09
Worst fitness: inf
Average fitness: 9.1320787098e+16
Number of repeated individuals: 2
Mutation improvement rate: 0.0%
Crossover improvement rate: 0.0%

Generation 60
Best fitness: 2.77477679664e-09
Worst fitness: inf
Average fitness: 5.63216724272e+130
Number of repeated individuals: 0
Mutation improvement rate: 0.0%
Crossover improvement rate: 0.0%

Generation 61
Best fitness: 2.77477679664e-09
Worst fitness: inf
Average fitness: 3.38434135485e+17
Number of repeated individuals: 3
Mutation improvement rate: 0.0%
Crossover improvement rate: 0.0%

Generation 62
Best fitness: 2.77477679664e-09
Worst fitness: inf
Average fitness: 2.73961545649e+17
Number of repeated individuals: 2
Mutation improvement rate: 0.0%
Crossover improvement rate: 0.0%

Generation 63
Best fitness: 2.77477679664e-09
Worst fitness: inf
Average fitness: 9.22337203685e+16
Number of repeated individuals: 2
Mutation improvement rate: 0.0%
Crossover improvement rate: 0.0%

Generation 64
Best fitness: 2.77477679664e-09
Worst fitness: inf
Average fitness: 2.12321994499e+63
Number of repeated individuals: 2
Mutation improvement rate: 0.0%
Crossover improvement rate: 0.0%

Generation 65
Best fitness: 2.77477679664e-09
Worst fitness: 2.14445214444e+65
Average fitness: 4.28890428888e+63
Number of repeated individuals: 2
Mutation improvement rate: 0.0%
Crossover improvement rate: 0.0%

Generation 66
Best fitness: 2.77477679664e-09
Worst fitness: inf
Average fitness: 2.12321994499e+63
Number of repeated individuals: 0
Mutation improvement rate: 0.0%
Crossover improvement rate: 0.0%

Generation 67
Best fitness: 2.77477679664e-09
Worst fitness: inf
Average fitness: 2.14445214444e+63
Number of repeated individuals: 0
Mutation improvement rate: 0.0%
Crossover improvement rate: 0.0%

Generation 68
Best fitness: 2.77477679664e-09
Worst fitness: inf
Average fitness: 2.76701161106e+17
Number of repeated individuals: 1
Mutation improvement rate: 0.0%
Crossover improvement rate: 0.0%

Generation 69
Best fitness: 2.77477679664e-09
Worst fitness: 60.6489681281
Average fitness: 0.694492454044
Number of repeated individuals: 3
Mutation improvement rate: 0.0%
Crossover improvement rate: 0.0%

Generation 70
Best fitness: 2.77477679664e-09
Worst fitness: inf
Average fitness: 2.76701161106e+17
Number of repeated individuals: 0
Mutation improvement rate: 0.0%
Crossover improvement rate: 0.0%

Generation 71
Best fitness: 2.77477679664e-09
Worst fitness: 4.9116526448
Average fitness: 0.128362879311
Number of repeated individuals: 0
Mutation improvement rate: 0.0%
Crossover improvement rate: 0.0%

Generation 72
Best fitness: 2.77477679664e-09
Worst fitness: inf
Average fitness: 9.22337203685e+16
Number of repeated individuals: 0
Mutation improvement rate: 0.0%
Crossover improvement rate: 0.0%

Generation 73
Best fitness: 2.77477679664e-09
Worst fitness: inf
Average fitness: 9.13205152164e+16
Number of repeated individuals: 3
Mutation improvement rate: 0.0%
Crossover improvement rate: 0.0%

Generation 74
Best fitness: 2.77477679664e-09
Worst fitness: inf
Average fitness: 7.23042659809e+17
Number of repeated individuals: 2
Mutation improvement rate: 0.0%
Crossover improvement rate: 0.0%

Generation 75
Best fitness: 2.77477679664e-09
Worst fitness: inf
Average fitness: 9.22337429101e+16
Number of repeated individuals: 0
Mutation improvement rate: 0.0%
Crossover improvement rate: 0.0%

Generation 76
Best fitness: 2.77477679664e-09
Worst fitness: inf
Average fitness: 1.82641030433e+17
Number of repeated individuals: 0
Mutation improvement rate: 0.0%
Crossover improvement rate: 0.0%

Generation 77
Best fitness: 2.77477679664e-09
Worst fitness: inf
Average fitness: 1.84467440737e+17
Number of repeated individuals: 1
Mutation improvement rate: 0.0%
Crossover improvement rate: 0.0%

Generation 78
Best fitness: 2.77477679664e-09
Worst fitness: inf
Average fitness: 2.14445214444e+63
Number of repeated individuals: 0
Mutation improvement rate: 0.0%
Crossover improvement rate: 0.0%

Generation 79
Best fitness: 2.77477679664e-09
Worst fitness: 2.14445214444e+65
Average fitness: 2.14550396056e+63
Number of repeated individuals: 0
Mutation improvement rate: 0.0%
Crossover improvement rate: 0.0%

Generation 80
Best fitness: 2.77477679664e-09
Worst fitness: inf
Average fitness: 1.82641030433e+17
Number of repeated individuals: 1
Mutation improvement rate: 0.0%
Crossover improvement rate: 0.0%

Generation 81
Best fitness: 2.77477679664e-09
Worst fitness: inf
Average fitness: 3.68934881474e+17
Number of repeated individuals: 1
Mutation improvement rate: 0.0%
Crossover improvement rate: 0.0%

Generation 82
Best fitness: 2.77477679664e-09
Worst fitness: 8.98983104089e+18
Average fitness: 8.98983104089e+16
Number of repeated individuals: 1
Mutation improvement rate: 0.0%
Crossover improvement rate: 0.0%

Generation 83
Best fitness: 2.77477679664e-09
Worst fitness: inf
Average fitness: 7.21939721984e+130
Number of repeated individuals: 0
Mutation improvement rate: 0.0%
Crossover improvement rate: 0.0%

Generation 84
Best fitness: 2.77477679664e-09
Worst fitness: inf
Average fitness: 3.68934881474e+17
Number of repeated individuals: 2
Mutation improvement rate: 0.0%
Crossover improvement rate: 0.0%

Generation 85
Best fitness: 2.77477679664e-09
Worst fitness: inf
Average fitness: 9.13205152164e+16
Number of repeated individuals: 0
Mutation improvement rate: 0.0%
Crossover improvement rate: 0.0%

Generation 86
Best fitness: 2.77477679664e-09
Worst fitness: 285.157486272
Average fitness: 2.99915740544
Number of repeated individuals: 0
Mutation improvement rate: 0.0%
Crossover improvement rate: 0.0%

Generation 87
Best fitness: 2.77477679664e-09
Worst fitness: inf
Average fitness: 9.13205152164e+16
Number of repeated individuals: 1
Mutation improvement rate: 0.0%
Crossover improvement rate: 0.0%

Generation 88
Best fitness: 2.77477679664e-09
Worst fitness: inf
Average fitness: 2.14445214444e+63
Number of repeated individuals: 0
Mutation improvement rate: 0.0%
Crossover improvement rate: 0.0%

Generation 89
Best fitness: 2.77477679664e-09
Worst fitness: inf
Average fitness: 1.84467440737e+17
Number of repeated individuals: 0
Mutation improvement rate: 0.0%
Crossover improvement rate: 0.0%

Generation 90
Best fitness: 2.77477679664e-09
Worst fitness: 9.20220606911e+31
Average fitness: 9.20220606911e+29
Number of repeated individuals: 1
Mutation improvement rate: 0.0%
Crossover improvement rate: 0.0%

Generation 91
Best fitness: 2.77477679664e-09
Worst fitness: 2.9444615852
Average fitness: 0.0573883400639
Number of repeated individuals: 2
Mutation improvement rate: 0.0%
Crossover improvement rate: 0.0%

Generation 92
Best fitness: 2.77477679664e-09
Worst fitness: inf
Average fitness: 9.13205152576e+16
Number of repeated individuals: 0
Mutation improvement rate: 0.0%
Crossover improvement rate: 0.0%

Generation 93
Best fitness: 2.77477679664e-09
Worst fitness: inf
Average fitness: 2.14445214444e+63
Number of repeated individuals: 1
Mutation improvement rate: 0.0%
Crossover improvement rate: 0.0%

Generation 94
Best fitness: 2.77477679664e-09
Worst fitness: inf
Average fitness: 9.13205152164e+16
Number of repeated individuals: 3
Mutation improvement rate: 0.0%
Crossover improvement rate: 0.0%

Generation 95
Best fitness: 2.77477679664e-09
Worst fitness: inf
Average fitness: 2.12321994499e+63
Number of repeated individuals: 2
Mutation improvement rate: 0.0%
Crossover improvement rate: 0.0%

Generation 96
Best fitness: 2.77477679664e-09
Worst fitness: inf
Average fitness: 9.13205152164e+16
Number of repeated individuals: 0
Mutation improvement rate: 0.0%
Crossover improvement rate: 0.0%

Generation 97
Best fitness: 2.77477679664e-09
Worst fitness: 3.44501983057e+23
Average fitness: 3.44501983057e+21
Number of repeated individuals: 2
Mutation improvement rate: 0.0%
Crossover improvement rate: 0.0%

Generation 98
Best fitness: 2.77477679664e-09
Worst fitness: inf
Average fitness: 3.6084756282e+17
Number of repeated individuals: 1
Mutation improvement rate: 0.0%
Crossover improvement rate: 0.0%

Generation 99
Best fitness: 2.77477679664e-09
Worst fitness: 11.0729998335
Average fitness: 0.138673722547
Number of repeated individuals: 0
Mutation improvement rate: 0.0%
Crossover improvement rate: 0.0%

Generation 100
Best fitness: 2.77477679664e-09
Worst fitness: inf
Average fitness: 9.13205152164e+16
Number of repeated individuals: 0
Mutation improvement rate: 0.0%
Crossover improvement rate: 0.0%

Generation 101
Best fitness: 2.77477679664e-09
Worst fitness: 1.47257552163e+152
Average fitness: 1.47257552163e+150
Number of repeated individuals: 1
Mutation improvement rate: 0.0%
Crossover improvement rate: 0.0%

Generation 102
Best fitness: 2.77477679664e-09
Worst fitness: inf
Average fitness: 9.22337203685e+16
Number of repeated individuals: 1
Mutation improvement rate: 0.0%
Crossover improvement rate: 0.0%

Generation 103
Best fitness: 2.77477679664e-09
Worst fitness: inf
Average fitness: 1.84467440737e+17
Number of repeated individuals: 0
Mutation improvement rate: 0.0%
Crossover improvement rate: 0.0%

Generation 104
Best fitness: 2.77477679664e-09
Worst fitness: inf
Average fitness: 1.82641030433e+17
Number of repeated individuals: 0
Mutation improvement rate: 0.0%
Crossover improvement rate: 0.0%

Generation 105
Best fitness: 2.77477679664e-09
Worst fitness: inf
Average fitness: 9.13205152164e+16
Number of repeated individuals: 2
Mutation improvement rate: 0.0%
Crossover improvement rate: 0.0%

Generation 106
Best fitness: 2.77477679664e-09
Worst fitness: 467.426799378
Average fitness: 5.40378547577
Number of repeated individuals: 1
Mutation improvement rate: 0.0%
Crossover improvement rate: 0.0%

Generation 107
Best fitness: 2.77477679664e-09
Worst fitness: inf
Average fitness: 1.82641030433e+17
Number of repeated individuals: 0
Mutation improvement rate: 0.0%
Crossover improvement rate: 0.0%

Generation 108
Best fitness: 2.77477679664e-09
Worst fitness: inf
Average fitness: 2.14445214444e+63
Number of repeated individuals: 2
Mutation improvement rate: 0.0%
Crossover improvement rate: 0.0%

Generation 109
Best fitness: 2.77477679664e-09
Worst fitness: inf
Average fitness: 2.12321994499e+63
Number of repeated individuals: 1
Mutation improvement rate: 0.0%
Crossover improvement rate: 0.0%

Generation 110
Best fitness: 2.77477679664e-09
Worst fitness: inf
Average fitness: 9.13781486869e+59
Number of repeated individuals: 0
Mutation improvement rate: 0.0%
Crossover improvement rate: 0.0%

Generation 111
Best fitness: 2.77477679664e-09
Worst fitness: inf
Average fitness: 1.57452809495e+17
Number of repeated individuals: 0
Mutation improvement rate: 0.0%
Crossover improvement rate: 0.0%

Generation 112
Best fitness: 2.77477679664e-09
Worst fitness: 3.75277273751
Average fitness: 0.102999178934
Number of repeated individuals: 0
Mutation improvement rate: 0.0%
Crossover improvement rate: 0.0%

Generation 113
Best fitness: 2.77477679664e-09
Worst fitness: inf
Average fitness: 9.22337203685e+16
Number of repeated individuals: 1
Mutation improvement rate: 0.0%
Crossover improvement rate: 0.0%

Generation 114
Best fitness: 2.77477679664e-09
Worst fitness: inf
Average fitness: 2.14445214444e+63
Number of repeated individuals: 0
Mutation improvement rate: 0.0%
Crossover improvement rate: 0.0%

Generation 115
Best fitness: 2.77477679664e-09
Worst fitness: inf
Average fitness: 1.84467440737e+17
Number of repeated individuals: 0
Mutation improvement rate: 0.0%
Crossover improvement rate: 0.0%

Generation 116
Best fitness: 2.77477679664e-09
Worst fitness: 4.78584221035e+92
Average fitness: 4.78584221035e+90
Number of repeated individuals: 3
Mutation improvement rate: 0.0%
Crossover improvement rate: 0.0%

Generation 117
Best fitness: 2.77477679664e-09
Worst fitness: 4.76444744161
Average fitness: 0.075588198628
Number of repeated individuals: 3
Mutation improvement rate: 0.0%
Crossover improvement rate: 0.0%

Generation 118
Best fitness: 2.77477679664e-09
Worst fitness: 46.4144314003
Average fitness: 0.61317668239
Number of repeated individuals: 0
Mutation improvement rate: 0.0%
Crossover improvement rate: 0.0%

Generation 119
Best fitness: 2.77477679664e-09
Worst fitness: 9.87488728753e+65
Average fitness: 9.87488728753e+63
Number of repeated individuals: 2
Mutation improvement rate: 0.0%
Crossover improvement rate: 0.0%

Generation 120
Best fitness: 2.77477679664e-09
Worst fitness: 4.80641159014e+152
Average fitness: 4.75882335658e+150
Number of repeated individuals: 0
Mutation improvement rate: 0.0%
Crossover improvement rate: 0.0%

Generation 121
Best fitness: 2.77477679664e-09
Worst fitness: 54.6117978468
Average fitness: 0.841279500583
Number of repeated individuals: 1
Mutation improvement rate: 0.0%
Crossover improvement rate: 0.0%

Generation 122
Best fitness: 2.77477679664e-09
Worst fitness: 3.75277273751
Average fitness: 0.093415173052
Number of repeated individuals: 1
Mutation improvement rate: 0.0%
Crossover improvement rate: 0.0%

Generation 123
Best fitness: 2.77477679664e-09
Worst fitness: 9.43519685991
Average fitness: 0.215183964039
Number of repeated individuals: 1
Mutation improvement rate: 0.0%
Crossover improvement rate: 0.0%

Generation 124
Best fitness: 2.77477679664e-09
Worst fitness: 54.6117978468
Average fitness: 0.732400106232
Number of repeated individuals: 1
Mutation improvement rate: 0.0%
Crossover improvement rate: 0.0%

Generation 125
Best fitness: 2.77477679664e-09
Worst fitness: inf
Average fitness: 9.22337203685e+16
Number of repeated individuals: 0
Mutation improvement rate: 0.0%
Crossover improvement rate: 0.0%

Generation 126
Best fitness: 2.77477679664e-09
Worst fitness: inf
Average fitness: 3.82520609321e+82
Number of repeated individuals: 0
Mutation improvement rate: 0.0%
Crossover improvement rate: 0.0%

Generation 127
Best fitness: 2.77477679664e-09
Worst fitness: 101.7219833
Average fitness: 1.56321044087
Number of repeated individuals: 0
Mutation improvement rate: 0.0%
Crossover improvement rate: 0.0%

Generation 128
Best fitness: 2.77477679664e-09
Worst fitness: 2.77477679664e-09
Average fitness: 2.77477679664e-09
Number of repeated individuals: 0
Mutation improvement rate: 0.0%
Crossover improvement rate: 0.0%

Generation 129
Best fitness: 2.77477679664e-09
Worst fitness: 11.1888524414
Average fitness: 0.187828635731
Number of repeated individuals: 0
Mutation improvement rate: 0.0%
Crossover improvement rate: 0.0%

Generation 130
Best fitness: 2.77477679664e-09
Worst fitness: inf
Average fitness: 2.12321994499e+63
Number of repeated individuals: 0
Mutation improvement rate: 0.0%
Crossover improvement rate: 0.0%

Generation 131
Best fitness: 2.77477679664e-09
Worst fitness: 467.426799378
Average fitness: 6.41802107924
Number of repeated individuals: 0
Mutation improvement rate: 0.0%
Crossover improvement rate: 0.0%

Generation 132
Best fitness: 2.77477679664e-09
Worst fitness: inf
Average fitness: 9.22337203685e+16
Number of repeated individuals: 2
Mutation improvement rate: 0.0%
Crossover improvement rate: 0.0%

Generation 133
Best fitness: 2.77477679664e-09
Worst fitness: inf
Average fitness: 9.22337203685e+16
Number of repeated individuals: 0
Mutation improvement rate: 0.0%
Crossover improvement rate: 0.0%

Generation 134
Best fitness: 2.77477679664e-09
Worst fitness: 53.8166471934
Average fitness: 0.575694202028
Number of repeated individuals: 1
Mutation improvement rate: 0.0%
Crossover improvement rate: 0.0%

Generation 135
Best fitness: 2.77477679664e-09
Worst fitness: 2.77477679664e-09
Average fitness: 2.77477679664e-09
Number of repeated individuals: 0
Mutation improvement rate: 0.0%
Crossover improvement rate: 0.0%

Generation 136
Best fitness: 2.77477679664e-09
Worst fitness: 2.80194431
Average fitness: 0.0494685666453
Number of repeated individuals: 0
Mutation improvement rate: 0.0%
Crossover improvement rate: 0.0%

Generation 137
Best fitness: 2.77477679664e-09
Worst fitness: 80.9964322426
Average fitness: 2.63911246746
Number of repeated individuals: 1
Mutation improvement rate: 0.0%
Crossover improvement rate: 0.0%

Generation 138
Best fitness: 2.77477679664e-09
Worst fitness: inf
Average fitness: 2.12321994499e+63
Number of repeated individuals: 1
Mutation improvement rate: 0.0%
Crossover improvement rate: 0.0%

Generation 139
Best fitness: 2.77477679664e-09
Worst fitness: 86992.5270194
Average fitness: 869.953196019
Number of repeated individuals: 2
Mutation improvement rate: 0.0%
Crossover improvement rate: 0.0%

Generation 140
Best fitness: 2.77477679664e-09
Worst fitness: 8.01890709096e+30
Average fitness: 8.01890709096e+28
Number of repeated individuals: 1
Mutation improvement rate: 0.0%
Crossover improvement rate: 0.0%

Generation 141
Best fitness: 2.77477679664e-09
Worst fitness: 467.426799378
Average fitness: 4.7486123968
Number of repeated individuals: 0
Mutation improvement rate: 0.0%
Crossover improvement rate: 0.0%

Generation 142
Best fitness: 2.77477679664e-09
Worst fitness: 13.5813612699
Average fitness: 0.315616075425
Number of repeated individuals: 1
Mutation improvement rate: 0.0%
Crossover improvement rate: 0.0%

Generation 143
Best fitness: 2.77477679664e-09
Worst fitness: 13.9945923734
Average fitness: 0.205404702786
Number of repeated individuals: 0
Mutation improvement rate: 0.0%
Crossover improvement rate: 0.0%

Generation 144
Best fitness: 2.77477679664e-09
Worst fitness: inf
Average fitness: 9.22337203685e+16
Number of repeated individuals: 1
Mutation improvement rate: 0.0%
Crossover improvement rate: 0.0%

Generation 145
Best fitness: 2.77477679664e-09
Worst fitness: 54.6117978468
Average fitness: 1.16056453449
Number of repeated individuals: 0
Mutation improvement rate: 0.0%
Crossover improvement rate: 0.0%

Generation 146
Best fitness: 2.77477679664e-09
Worst fitness: inf
Average fitness: 1.84467440737e+17
Number of repeated individuals: 1
Mutation improvement rate: 0.0%
Crossover improvement rate: 0.0%

Generation 147
Best fitness: 2.77477679664e-09
Worst fitness: 2.77477679664e-09
Average fitness: 2.77477679664e-09
Number of repeated individuals: 0
Mutation improvement rate: 0.0%
Crossover improvement rate: 0.0%

Generation 148
Best fitness: 2.77477679664e-09
Worst fitness: inf
Average fitness: 2.98981595093e+63
Number of repeated individuals: 0
Mutation improvement rate: 0.0%
Crossover improvement rate: 0.0%

Generation 149
Best fitness: 2.77477679664e-09
Worst fitness: 59.0381232764
Average fitness: 1.22773075905
Number of repeated individuals: 0
Mutation improvement rate: 0.0%
Crossover improvement rate: 0.0%

Generation 150
Best fitness: 2.77477679664e-09
Worst fitness: 2.77477679664e-09
Average fitness: 2.77477679664e-09
Number of repeated individuals: 2
Mutation improvement rate: 0.0%
Crossover improvement rate: 0.0%

Generation 151
Best fitness: 2.77477679664e-09
Worst fitness: inf
Average fitness: 9.22337203685e+16
Number of repeated individuals: 1
Mutation improvement rate: 0.0%
Crossover improvement rate: 0.0%

Generation 152
Best fitness: 2.77477679664e-09
Worst fitness: 3.75277273751
Average fitness: 0.0706468068274
Number of repeated individuals: 1
Mutation improvement rate: 0.0%
Crossover improvement rate: 0.0%

Generation 153
Best fitness: 2.77477679664e-09
Worst fitness: 11.1888524414
Average fitness: 0.169294309254
Number of repeated individuals: 2
Mutation improvement rate: 0.0%
Crossover improvement rate: 0.0%

Generation 154
Best fitness: 2.77477679664e-09
Worst fitness: 2.14445214444e+65
Average fitness: 2.12321994499e+63
Number of repeated individuals: 0
Mutation improvement rate: 0.0%
Crossover improvement rate: 0.0%

Generation 155
Best fitness: 2.77477679664e-09
Worst fitness: inf
Average fitness: 9.13205152164e+16
Number of repeated individuals: 2
Mutation improvement rate: 0.0%
Crossover improvement rate: 0.0%

Generation 156
Best fitness: 2.77477679664e-09
Worst fitness: 2.77477679664e-09
Average fitness: 2.77477679664e-09
Number of repeated individuals: 0
Mutation improvement rate: 0.0%
Crossover improvement rate: 0.0%

Generation 157
Best fitness: 2.77477679664e-09
Worst fitness: 11.1888524414
Average fitness: 0.240915171851
Number of repeated individuals: 2
Mutation improvement rate: 0.0%
Crossover improvement rate: 0.0%

Generation 158
Best fitness: 2.77477679664e-09
Worst fitness: 54.6117978468
Average fitness: 0.738122095667
Number of repeated individuals: 1
Mutation improvement rate: 0.0%
Crossover improvement rate: 0.0%

Generation 159
Best fitness: 2.77477679664e-09
Worst fitness: inf
Average fitness: 9.13205152164e+16
Number of repeated individuals: 0
Mutation improvement rate: 0.0%
Crossover improvement rate: 0.0%

Generation 160
Best fitness: 2.77477679664e-09
Worst fitness: 54.6117978468
Average fitness: 1.05977191291
Number of repeated individuals: 2
Mutation improvement rate: 0.0%
Crossover improvement rate: 0.0%

Generation 161
Best fitness: 2.77477679664e-09
Worst fitness: 7.31554267193e+19
Average fitness: 7.2431115656e+17
Number of repeated individuals: 1
Mutation improvement rate: 0.0%
Crossover improvement rate: 0.0%

Generation 162
Best fitness: 2.77477679664e-09
Worst fitness: 3.50190822603e+22
Average fitness: 3.46723586736e+20
Number of repeated individuals: 2
Mutation improvement rate: 0.0%
Crossover improvement rate: 0.0%

Generation 163
Best fitness: 2.77477679664e-09
Worst fitness: 11.1888524414
Average fitness: 0.149429465894
Number of repeated individuals: 2
Mutation improvement rate: 0.0%
Crossover improvement rate: 0.0%

Generation 164
Best fitness: 2.77477679664e-09
Worst fitness: inf
Average fitness: 9.13205152164e+16
Number of repeated individuals: 2
Mutation improvement rate: 0.0%
Crossover improvement rate: 0.0%

Generation 165
Best fitness: 2.77477679664e-09
Worst fitness: 246.072935646
Average fitness: 2.87405132034
Number of repeated individuals: 1
Mutation improvement rate: 0.0%
Crossover improvement rate: 0.0%

Generation 166
Best fitness: 2.77477679664e-09
Worst fitness: 13.8639977316
Average fitness: 0.242540144014
Number of repeated individuals: 1
Mutation improvement rate: 0.0%
Crossover improvement rate: 0.0%

Generation 167
Best fitness: 2.77477679664e-09
Worst fitness: inf
Average fitness: 9.22337203685e+16
Number of repeated individuals: 1
Mutation improvement rate: 0.0%
Crossover improvement rate: 0.0%

Generation 168
Best fitness: 2.77477679664e-09
Worst fitness: inf
Average fitness: 1.84467440737e+17
Number of repeated individuals: 0
Mutation improvement rate: 0.0%
Crossover improvement rate: 0.0%

Generation 169
Best fitness: 2.77477679664e-09
Worst fitness: inf
Average fitness: 9.13205152164e+16
Number of repeated individuals: 1
Mutation improvement rate: 0.0%
Crossover improvement rate: 0.0%

Generation 170
Best fitness: 2.77477679664e-09
Worst fitness: 6.51002575856e+17
Average fitness: 6.44557005798e+15
Number of repeated individuals: 0
Mutation improvement rate: 0.0%
Crossover improvement rate: 0.0%

Generation 171
Best fitness: 2.77477679664e-09
Worst fitness: 2.14445214444e+65
Average fitness: 2.14445214444e+63
Number of repeated individuals: 2
Mutation improvement rate: 0.0%
Crossover improvement rate: 0.0%

Generation 172
Best fitness: 2.77477679664e-09
Worst fitness: 2.46425359792
Average fitness: 0.0246425387262
Number of repeated individuals: 0
Mutation improvement rate: 0.0%
Crossover improvement rate: 0.0%

Generation 173
Best fitness: 2.77477679664e-09
Worst fitness: 467.426799378
Average fitness: 5.25794508773
Number of repeated individuals: 0
Mutation improvement rate: 0.0%
Crossover improvement rate: 0.0%

Generation 174
Best fitness: 2.77477679664e-09
Worst fitness: inf
Average fitness: 9.22337203685e+16
Number of repeated individuals: 0
Mutation improvement rate: 0.0%
Crossover improvement rate: 0.0%

Generation 175
Best fitness: 2.77477679664e-09
Worst fitness: inf
Average fitness: 1.82641030433e+17
Number of repeated individuals: 0
Mutation improvement rate: 0.0%
Crossover improvement rate: 0.0%

Generation 176
Best fitness: 2.77477679664e-09
Worst fitness: 2.14445214444e+65
Average fitness: 2.14445214444e+63
Number of repeated individuals: 0
Mutation improvement rate: 0.0%
Crossover improvement rate: 0.0%

Generation 177
Best fitness: 2.77477679664e-09
Worst fitness: 4740.62694409
Average fitness: 47.5120786503
Number of repeated individuals: 1
Mutation improvement rate: 0.0%
Crossover improvement rate: 0.0%

Generation 178
Best fitness: 2.77477679664e-09
Worst fitness: 330.104619422
Average fitness: 3.44087844282
Number of repeated individuals: 0
Mutation improvement rate: 0.0%
Crossover improvement rate: 0.0%

Generation 179
Best fitness: 2.77477679664e-09
Worst fitness: inf
Average fitness: 9.22337203685e+16
Number of repeated individuals: 0
Mutation improvement rate: 0.0%
Crossover improvement rate: 0.0%

Generation 180
Best fitness: 2.77477679664e-09
Worst fitness: 12.6237636664
Average fitness: 0.173521982173
Number of repeated individuals: 0
Mutation improvement rate: 0.0%
Crossover improvement rate: 0.0%

Generation 181
Best fitness: 2.77477679664e-09
Worst fitness: 54.6117978468
Average fitness: 0.723787164636
Number of repeated individuals: 2
Mutation improvement rate: 0.0%
Crossover improvement rate: 0.0%

Generation 182
Best fitness: 2.77477679664e-09
Worst fitness: 3.86135015619e+86
Average fitness: 3.86135015619e+84
Number of repeated individuals: 0
Mutation improvement rate: 0.0%
Crossover improvement rate: 0.0%

Generation 183
Best fitness: 2.77477679664e-09
Worst fitness: 3.77405556729
Average fitness: 0.03774055842
Number of repeated individuals: 0
Mutation improvement rate: 0.0%
Crossover improvement rate: 0.0%

Generation 184
Best fitness: 2.77477679664e-09
Worst fitness: inf
Average fitness: 9.13205152164e+16
Number of repeated individuals: 0
Mutation improvement rate: 0.0%
Crossover improvement rate: 0.0%

Generation 185
Best fitness: 2.77477679664e-09
Worst fitness: 11.1888524414
Average fitness: 0.195767749951
Number of repeated individuals: 0
Mutation improvement rate: 0.0%
Crossover improvement rate: 0.0%

Generation 186
Best fitness: 2.77477679664e-09
Worst fitness: 4.34605529349
Average fitness: 0.143533661029
Number of repeated individuals: 0
Mutation improvement rate: 0.0%
Crossover improvement rate: 0.0%

Generation 187
Best fitness: 2.77477679664e-09
Worst fitness: 3.26645406033
Average fitness: 0.0606082648152
Number of repeated individuals: 0
Mutation improvement rate: 0.0%
Crossover improvement rate: 0.0%

Generation 188
Best fitness: 2.77477679664e-09
Worst fitness: 3.75277273751
Average fitness: 0.0577359488983
Number of repeated individuals: 0
Mutation improvement rate: 0.0%
Crossover improvement rate: 0.0%

Generation 189
Best fitness: 2.77477679664e-09
Worst fitness: 361.817545535
Average fitness: 4.30934720295
Number of repeated individuals: 1
Mutation improvement rate: 0.0%
Crossover improvement rate: 0.0%

Generation 190
Best fitness: 2.77477679664e-09
Worst fitness: 54.6117978468
Average fitness: 0.605534089164
Number of repeated individuals: 0
Mutation improvement rate: 0.0%
Crossover improvement rate: 0.0%

Generation 191
Best fitness: 2.77477679664e-09
Worst fitness: 19914.0697864
Average fitness: 201.351511122
Number of repeated individuals: 1
Mutation improvement rate: 0.0%
Crossover improvement rate: 0.0%

Generation 192
Best fitness: 2.77477679664e-09
Worst fitness: 1919.69961797
Average fitness: 19.0313254638
Number of repeated individuals: 0
Mutation improvement rate: 0.0%
Crossover improvement rate: 0.0%

Generation 193
Best fitness: 2.77477679664e-09
Worst fitness: 76.1315973185
Average fitness: 0.761315975932
Number of repeated individuals: 1
Mutation improvement rate: 0.0%
Crossover improvement rate: 0.0%

Generation 194
Best fitness: 2.77477679664e-09
Worst fitness: 2.14445214444e+65
Average fitness: 2.14445214444e+63
Number of repeated individuals: 1
Mutation improvement rate: 0.0%
Crossover improvement rate: 0.0%

Generation 195
Best fitness: 2.77477679664e-09
Worst fitness: inf
Average fitness: 1.84467440737e+17
Number of repeated individuals: 1
Mutation improvement rate: 0.0%
Crossover improvement rate: 0.0%

Generation 196
Best fitness: 2.77477679664e-09
Worst fitness: inf
Average fitness: 9.22337203685e+16
Number of repeated individuals: 1
Mutation improvement rate: 0.0%
Crossover improvement rate: 0.0%

Generation 197
Best fitness: 2.77477679664e-09
Worst fitness: 575318696288.0
Average fitness: 5696224715.94
Number of repeated individuals: 1
Mutation improvement rate: 0.0%
Crossover improvement rate: 0.0%

Generation 198
Best fitness: 2.77477679664e-09
Worst fitness: 2.14445214444e+65
Average fitness: 2.14445214444e+63
Number of repeated individuals: 1
Mutation improvement rate: 0.0%
Crossover improvement rate: 0.0%

Generation 199
Best fitness: 2.77477679664e-09
Worst fitness: 11.1888524414
Average fitness: 0.239598640486
Number of repeated individuals: 0
Mutation improvement rate: 0.0%
Crossover improvement rate: 0.0%

Generation 200
Best fitness: 2.77477679664e-09
Worst fitness: 54.6117978468
Average fitness: 1.12641855166
Number of repeated individuals: 3
Mutation improvement rate: 0.0%
Crossover improvement rate: 0.0%

Generation 201
Best fitness: 2.77477679664e-09
Worst fitness: inf
Average fitness: 9.22337203685e+16
Number of repeated individuals: 0
Mutation improvement rate: 0.0%
Crossover improvement rate: 0.0%

Generation 202
Best fitness: 2.77477679664e-09
Worst fitness: inf
Average fitness: 1.82641030433e+17
Number of repeated individuals: 0
Mutation improvement rate: 0.0%
Crossover improvement rate: 0.0%

Generation 203
Best fitness: 2.77477679664e-09
Worst fitness: 4.2847238643
Average fitness: 0.04284724139
Number of repeated individuals: 0
Mutation improvement rate: 0.0%
Crossover improvement rate: 0.0%

Generation 204
Best fitness: 2.77477679664e-09
Worst fitness: 54.6117978468
Average fitness: 0.602005424145
Number of repeated individuals: 1
Mutation improvement rate: 0.0%
Crossover improvement rate: 0.0%

Generation 205
Best fitness: 2.77477679664e-09
Worst fitness: inf
Average fitness: 9.22337203685e+16
Number of repeated individuals: 1
Mutation improvement rate: 0.0%
Crossover improvement rate: 0.0%

Generation 206
Best fitness: 2.77477679664e-09
Worst fitness: 4.41928986678
Average fitness: 0.136916521027
Number of repeated individuals: 0
Mutation improvement rate: 0.0%
Crossover improvement rate: 0.0%

Generation 207
Best fitness: 2.77477679664e-09
Worst fitness: 1.34520289778e+12
Average fitness: 13318840588.8
Number of repeated individuals: 0
Mutation improvement rate: 0.0%
Crossover improvement rate: 0.0%

Generation 208
Best fitness: 2.77477679664e-09
Worst fitness: 3.75277273751
Average fitness: 0.108144128912
Number of repeated individuals: 0
Mutation improvement rate: 0.0%
Crossover improvement rate: 0.0%

Generation 209
Best fitness: 2.77477679664e-09
Worst fitness: inf
Average fitness: 9.22337203685e+16
Number of repeated individuals: 0
Mutation improvement rate: 0.0%
Crossover improvement rate: 0.0%

Generation 210
Best fitness: 2.77477679664e-09
Worst fitness: 54.6117978468
Average fitness: 0.671615192184
Number of repeated individuals: 0
Mutation improvement rate: 0.0%
Crossover improvement rate: 0.0%

Generation 211
Best fitness: 2.77477679664e-09
Worst fitness: 2.62476424589e+64
Average fitness: 2.59877648108e+62
Number of repeated individuals: 0
Mutation improvement rate: 0.0%
Crossover improvement rate: 0.0%

Generation 212
Best fitness: 2.77477679664e-09
Worst fitness: inf
Average fitness: 9.22337203685e+16
Number of repeated individuals: 0
Mutation improvement rate: 0.0%
Crossover improvement rate: 0.0%

Generation 213
Best fitness: 2.77477679664e-09
Worst fitness: 54.6117978468
Average fitness: 0.987871650803
Number of repeated individuals: 0
Mutation improvement rate: 0.0%
Crossover improvement rate: 0.0%

Generation 214
Best fitness: 2.77477679664e-09
Worst fitness: inf
Average fitness: 1.84467440737e+17
Number of repeated individuals: 0
Mutation improvement rate: 0.0%
Crossover improvement rate: 0.0%

Generation 215
Best fitness: 2.77477679664e-09
Worst fitness: inf
Average fitness: 3.50283056324e+20
Number of repeated individuals: 1
Mutation improvement rate: 0.0%
Crossover improvement rate: 0.0%

Generation 216
Best fitness: 2.77477679664e-09
Worst fitness: 54.6117978468
Average fitness: 0.58365902968
Number of repeated individuals: 0
Mutation improvement rate: 0.0%
Crossover improvement rate: 0.0%

Generation 217
Best fitness: 2.77477679664e-09
Worst fitness: inf
Average fitness: 9.13205152164e+16
Number of repeated individuals: 0
Mutation improvement rate: 0.0%
Crossover improvement rate: 0.0%

Generation 218
Best fitness: 2.77477679664e-09
Worst fitness: 59.0381232764
Average fitness: 0.590381235511
Number of repeated individuals: 0
Mutation improvement rate: 0.0%
Crossover improvement rate: 0.0%

Generation 219
Best fitness: 2.77477679664e-09
Worst fitness: inf
Average fitness: 9.13205152164e+16
Number of repeated individuals: 3
Mutation improvement rate: 0.0%
Crossover improvement rate: 0.0%

Generation 220
Best fitness: 2.77477679664e-09
Worst fitness: 54.6117978468
Average fitness: 0.575016028876
Number of repeated individuals: 0
Mutation improvement rate: 0.0%
Crossover improvement rate: 0.0%

Generation 221
Best fitness: 2.77477679664e-09
Worst fitness: 3.81225820106
Average fitness: 0.167015451144
Number of repeated individuals: 0
Mutation improvement rate: 0.0%
Crossover improvement rate: 0.0%

Generation 222
Best fitness: 2.77477679664e-09
Worst fitness: 2.42295273617
Average fitness: 0.0239896337985
Number of repeated individuals: 1
Mutation improvement rate: 0.0%
Crossover improvement rate: 0.0%

Generation 223
Best fitness: 2.77477679664e-09
Worst fitness: 54.6274466026
Average fitness: 1.14609162058
Number of repeated individuals: 0
Mutation improvement rate: 0.0%
Crossover improvement rate: 0.0%

Generation 224
Best fitness: 2.77477679664e-09
Worst fitness: inf
Average fitness: 9.22337203685e+16
Number of repeated individuals: 0
Mutation improvement rate: 0.0%
Crossover improvement rate: 0.0%

Generation 225
Best fitness: 2.77477679664e-09
Worst fitness: 3.85069238409
Average fitness: 0.0706239406111
Number of repeated individuals: 0
Mutation improvement rate: 0.0%
Crossover improvement rate: 0.0%

Generation 226
Best fitness: 2.77477679664e-09
Worst fitness: inf
Average fitness: 9.22337203685e+16
Number of repeated individuals: 0
Mutation improvement rate: 0.0%
Crossover improvement rate: 0.0%

Generation 227
Best fitness: 2.77477679664e-09
Worst fitness: 11.1888524414
Average fitness: 0.110780719988
Number of repeated individuals: 0
Mutation improvement rate: 0.0%
Crossover improvement rate: 0.0%

Generation 228
Best fitness: 2.77477679664e-09
Worst fitness: 2.79437214927
Average fitness: 0.0279437242397
Number of repeated individuals: 0
Mutation improvement rate: 0.0%
Crossover improvement rate: 0.0%

Generation 229
Best fitness: 2.77477679664e-09
Worst fitness: inf
Average fitness: 6.24823130331e+18
Number of repeated individuals: 0
Mutation improvement rate: 0.0%
Crossover improvement rate: 0.0%

Generation 230
Best fitness: 2.77477679664e-09
Worst fitness: inf
Average fitness: 9.22337203685e+16
Number of repeated individuals: 2
Mutation improvement rate: 0.0%
Crossover improvement rate: 0.0%

Generation 231
Best fitness: 2.77477679664e-09
Worst fitness: 4.72819779148
Average fitness: 0.0472819806619
Number of repeated individuals: 3
Mutation improvement rate: 0.0%
Crossover improvement rate: 0.0%

Generation 232
Best fitness: 2.77477679664e-09
Worst fitness: 2.30280534962e+13
Average fitness: 228000529665.0
Number of repeated individuals: 0
Mutation improvement rate: 0.0%
Crossover improvement rate: 0.0%

Generation 233
Best fitness: 2.77477679664e-09
Worst fitness: 2.99599132311
Average fitness: 0.0299599159782
Number of repeated individuals: 0
Mutation improvement rate: 0.0%
Crossover improvement rate: 0.0%

Generation 234
Best fitness: 2.77477679664e-09
Worst fitness: 54.6117978468
Average fitness: 0.598472616213
Number of repeated individuals: 3
Mutation improvement rate: 0.0%
Crossover improvement rate: 0.0%

Generation 235
Best fitness: 2.77477679664e-09
Worst fitness: 54.6117978468
Average fitness: 0.611589430028
Number of repeated individuals: 0
Mutation improvement rate: 0.0%
Crossover improvement rate: 0.0%

Generation 236
Best fitness: 2.77477679664e-09
Worst fitness: 3.75276415785
Average fitness: 0.0371560835181
Number of repeated individuals: 0
Mutation improvement rate: 0.0%
Crossover improvement rate: 0.0%

Generation 237
Best fitness: 2.77477679664e-09
Worst fitness: 3.83171684505
Average fitness: 0.0761335213969
Number of repeated individuals: 0
Mutation improvement rate: 0.0%
Crossover improvement rate: 0.0%

Generation 238
Best fitness: 2.77477679664e-09
Worst fitness: 11.1888524414
Average fitness: 0.139657925537
Number of repeated individuals: 1
Mutation improvement rate: 0.0%
Crossover improvement rate: 0.0%

Generation 239
Best fitness: 2.77477679664e-09
Worst fitness: 388216553.012
Average fitness: 3882165.78452
Number of repeated individuals: 2
Mutation improvement rate: 0.0%
Crossover improvement rate: 0.0%

Generation 240
Best fitness: 2.77477679664e-09
Worst fitness: 123.004274392
Average fitness: 1.25798646814
Number of repeated individuals: 3
Mutation improvement rate: 0.0%
Crossover improvement rate: 0.0%

Generation 241
Best fitness: 2.77477679664e-09
Worst fitness: 54.6117978468
Average fitness: 0.546117981215
Number of repeated individuals: 2
Mutation improvement rate: 0.0%
Crossover improvement rate: 0.0%

Generation 242
Best fitness: 2.77477679664e-09
Worst fitness: 5.10810142027e+99
Average fitness: 5.10810142027e+97
Number of repeated individuals: 4
Mutation improvement rate: 0.0%
Crossover improvement rate: 0.0%

Generation 243
Best fitness: 2.77477679664e-09
Worst fitness: 2.14445214444e+65
Average fitness: 2.12321994499e+63
Number of repeated individuals: 0
Mutation improvement rate: 0.0%
Crossover improvement rate: 0.0%

Generation 244
Best fitness: 2.77477679664e-09
Worst fitness: inf
Average fitness: 9.22337203685e+16
Number of repeated individuals: 2
Mutation improvement rate: 0.0%
Crossover improvement rate: 0.0%

Generation 245
Best fitness: 2.77477679664e-09
Worst fitness: inf
Average fitness: 9.22337203685e+16
Number of repeated individuals: 2
Mutation improvement rate: 0.0%
Crossover improvement rate: 0.0%

Generation 246
Best fitness: 2.77477679664e-09
Worst fitness: inf
Average fitness: 1.82641030433e+17
Number of repeated individuals: 2
Mutation improvement rate: 0.0%
Crossover improvement rate: 0.0%

Generation 247
Best fitness: 2.77477679664e-09
Worst fitness: inf
Average fitness: 9.13205152164e+16
Number of repeated individuals: 0
Mutation improvement rate: 0.0%
Crossover improvement rate: 0.0%

Generation 248
Best fitness: 2.77477679664e-09
Worst fitness: inf
Average fitness: 1.84467440737e+17
Number of repeated individuals: 1
Mutation improvement rate: 0.0%
Crossover improvement rate: 0.0%

Generation 249
Best fitness: 2.77477679664e-09
Worst fitness: 54.6117978468
Average fitness: 0.726235894656
Number of repeated individuals: 0
Mutation improvement rate: 0.0%
Crossover improvement rate: 0.0%

Generation 250
Best fitness: 2.77477679664e-09
Worst fitness: 2.85959246083
Average fitness: 0.0285959273553
Number of repeated individuals: 0
Mutation improvement rate: 0.0%
Crossover improvement rate: 0.0%

Generation 251
Best fitness: 2.77477679664e-09
Worst fitness: 11.1888524414
Average fitness: 0.147885056284
Number of repeated individuals: 2
Mutation improvement rate: 0.0%
Crossover improvement rate: 0.0%

Generation 252
Best fitness: 2.77477679664e-09
Worst fitness: inf
Average fitness: 9.22337203685e+16
Number of repeated individuals: 0
Mutation improvement rate: 0.0%
Crossover improvement rate: 0.0%

Generation 253
Best fitness: 2.77477679664e-09
Worst fitness: 430413.339812
Average fitness: 4261.54588301
Number of repeated individuals: 0
Mutation improvement rate: 0.0%
Crossover improvement rate: 0.0%

Generation 254
Best fitness: 2.77477679664e-09
Worst fitness: inf
Average fitness: 1.82641030433e+17
Number of repeated individuals: 0
Mutation improvement rate: 0.0%
Crossover improvement rate: 0.0%

Generation 255
Best fitness: 2.77477679664e-09
Worst fitness: inf
Average fitness: 9.13205152164e+16
Number of repeated individuals: 0
Mutation improvement rate: 0.0%
Crossover improvement rate: 0.0%

Generation 256
Best fitness: 2.77477679664e-09
Worst fitness: 18496188024.6
Average fitness: 184961880.417
Number of repeated individuals: 3
Mutation improvement rate: 0.0%
Crossover improvement rate: 0.0%

Generation 257
Best fitness: 2.77477679664e-09
Worst fitness: inf
Average fitness: 1.00452566738e+17
Number of repeated individuals: 6
Mutation improvement rate: 0.0%
Crossover improvement rate: 0.0%

Generation 258
Best fitness: 2.77477679664e-09
Worst fitness: 3899.89131949
Average fitness: 39.8076314956
Number of repeated individuals: 1
Mutation improvement rate: 0.0%
Crossover improvement rate: 0.0%

Generation 259
Best fitness: 2.77477679664e-09
Worst fitness: 11.1888524414
Average fitness: 0.205303697438
Number of repeated individuals: 1
Mutation improvement rate: 0.0%
Crossover improvement rate: 0.0%

Generation 260
Best fitness: 2.77477679664e-09
Worst fitness: inf
Average fitness: 9.22337203685e+16
Number of repeated individuals: 0
Mutation improvement rate: 0.0%
Crossover improvement rate: 0.0%

Generation 261
Best fitness: 2.77477679664e-09
Worst fitness: 3.75314348833
Average fitness: 0.102370049221
Number of repeated individuals: 1
Mutation improvement rate: 0.0%
Crossover improvement rate: 0.0%

Generation 262
Best fitness: 2.77477679664e-09
Worst fitness: inf
Average fitness: 9.13205152164e+16
Number of repeated individuals: 0
Mutation improvement rate: 0.0%
Crossover improvement rate: 0.0%

Generation 263
Best fitness: 2.77477679664e-09
Worst fitness: inf
Average fitness: 9.13205152164e+16
Number of repeated individuals: 0
Mutation improvement rate: 0.0%
Crossover improvement rate: 0.0%

Generation 264
Best fitness: 2.77477679664e-09
Worst fitness: inf
Average fitness: 9.13205152164e+16
Number of repeated individuals: 0
Mutation improvement rate: 0.0%
Crossover improvement rate: 0.0%

Generation 265
Best fitness: 2.77477679664e-09
Worst fitness: 7.04149503683
Average fitness: 0.20294813802
Number of repeated individuals: 0
Mutation improvement rate: 0.0%
Crossover improvement rate: 0.0%

Generation 266
Best fitness: 2.77477679664e-09
Worst fitness: 252.542267777
Average fitness: 2.64790110404
Number of repeated individuals: 0
Mutation improvement rate: 0.0%
Crossover improvement rate: 0.0%

Generation 267
Best fitness: 2.77477679664e-09
Worst fitness: 54.7417822746
Average fitness: 0.592275736477
Number of repeated individuals: 0
Mutation improvement rate: 0.0%
Crossover improvement rate: 0.0%

Generation 268
Best fitness: 2.77477679664e-09
Worst fitness: inf
Average fitness: 1.11578422576e+112
Number of repeated individuals: 1
Mutation improvement rate: 0.0%
Crossover improvement rate: 0.0%

Generation 269
Best fitness: 2.77477679664e-09
Worst fitness: inf
Average fitness: 1.82641030433e+17
Number of repeated individuals: 1
Mutation improvement rate: 0.0%
Crossover improvement rate: 0.0%

Generation 270
Best fitness: 2.77477679664e-09
Worst fitness: 11.1888524414
Average fitness: 0.221000815258
Number of repeated individuals: 3
Mutation improvement rate: 0.0%
Crossover improvement rate: 0.0%

Generation 271
Best fitness: 2.77477679664e-09
Worst fitness: inf
Average fitness: 9.22337203685e+16
Number of repeated individuals: 0
Mutation improvement rate: 0.0%
Crossover improvement rate: 0.0%

Generation 272
Best fitness: 2.77477679664e-09
Worst fitness: 3.48634662195e+30
Average fitness: 3.48634662195e+28
Number of repeated individuals: 0
Mutation improvement rate: 0.0%
Crossover improvement rate: 0.0%

Generation 273
Best fitness: 2.77477679664e-09
Worst fitness: 2.77477679664e-09
Average fitness: 2.77477679664e-09
Number of repeated individuals: 0
Mutation improvement rate: 0.0%
Crossover improvement rate: 0.0%

Generation 274
Best fitness: 2.77477679664e-09
Worst fitness: inf
Average fitness: 9.22337203685e+16
Number of repeated individuals: 1
Mutation improvement rate: 0.0%
Crossover improvement rate: 0.0%

Generation 275
Best fitness: 2.77477679664e-09
Worst fitness: 2.77477679664e-09
Average fitness: 2.77477679664e-09
Number of repeated individuals: 2
Mutation improvement rate: 0.0%
Crossover improvement rate: 0.0%

Generation 276
Best fitness: 2.77477679664e-09
Worst fitness: 528.110781657
Average fitness: 8.19515383781
Number of repeated individuals: 3
Mutation improvement rate: 0.0%
Crossover improvement rate: 0.0%

Generation 277
Best fitness: 2.77477679664e-09
Worst fitness: 3.75277273751
Average fitness: 0.100509246475
Number of repeated individuals: 0
Mutation improvement rate: 0.0%
Crossover improvement rate: 0.0%

Generation 278
Best fitness: 2.77477679664e-09
Worst fitness: 145.65021165
Average fitness: 1.5866274068
Number of repeated individuals: 0
Mutation improvement rate: 0.0%
Crossover improvement rate: 0.0%

Generation 279
Best fitness: 2.77477679664e-09
Worst fitness: inf
Average fitness: 9.22337203685e+16
Number of repeated individuals: 1
Mutation improvement rate: 0.0%
Crossover improvement rate: 0.0%

Generation 280
Best fitness: 2.77477679664e-09
Worst fitness: inf
Average fitness: 1.60572006642e+17
Number of repeated individuals: 0
Mutation improvement rate: 0.0%
Crossover improvement rate: 0.0%

Generation 281
Best fitness: 2.77477679664e-09
Worst fitness: inf
Average fitness: 1.82641030433e+17
Number of repeated individuals: 1
Mutation improvement rate: 0.0%
Crossover improvement rate: 0.0%

Generation 282
Best fitness: 2.77477679664e-09
Worst fitness: 3.74709151895
Average fitness: 0.0614984692234
Number of repeated individuals: 2
Mutation improvement rate: 0.0%
Crossover improvement rate: 0.0%

Generation 283
Best fitness: 2.77477679664e-09
Worst fitness: 3.24505292704e+46
Average fitness: 3.24505292704e+44
Number of repeated individuals: 0
Mutation improvement rate: 0.0%
Crossover improvement rate: 0.0%

Generation 284
Best fitness: 2.77477679664e-09
Worst fitness: 3.75604002894
Average fitness: 0.0796676835034
Number of repeated individuals: 0
Mutation improvement rate: 0.0%
Crossover improvement rate: 0.0%

Generation 285
Best fitness: 2.77477679664e-09
Worst fitness: 3.75225802362
Average fitness: 0.114688498246
Number of repeated individuals: 1
Mutation improvement rate: 0.0%
Crossover improvement rate: 0.0%

Generation 286
Best fitness: 2.77477679664e-09
Worst fitness: inf
Average fitness: 9.22337203685e+16
Number of repeated individuals: 2
Mutation improvement rate: 0.0%
Crossover improvement rate: 0.0%

Generation 287
Best fitness: 2.77477679664e-09
Worst fitness: 3.58052039782e+40
Average fitness: 3.58052039782e+38
Number of repeated individuals: 0
Mutation improvement rate: 0.0%
Crossover improvement rate: 0.0%

Generation 288
Best fitness: 2.77477679664e-09
Worst fitness: inf
Average fitness: 9.22337203685e+16
Number of repeated individuals: 0
Mutation improvement rate: 0.0%
Crossover improvement rate: 0.0%

Generation 289
Best fitness: 2.77477679664e-09
Worst fitness: inf
Average fitness: 1.82641030433e+17
Number of repeated individuals: 1
Mutation improvement rate: 0.0%
Crossover improvement rate: 0.0%

Generation 290
Best fitness: 2.77477679664e-09
Worst fitness: 54.6117978468
Average fitness: 0.725868590906
Number of repeated individuals: 1
Mutation improvement rate: 0.0%
Crossover improvement rate: 0.0%

Generation 291
Best fitness: 2.77477679664e-09
Worst fitness: inf
Average fitness: 9.22337203685e+16
Number of repeated individuals: 2
Mutation improvement rate: 0.0%
Crossover improvement rate: 0.0%

Generation 292
Best fitness: 2.77477679664e-09
Worst fitness: inf
Average fitness: 9.13205152164e+16
Number of repeated individuals: 0
Mutation improvement rate: 0.0%
Crossover improvement rate: 0.0%

Generation 293
Best fitness: 2.77477679664e-09
Worst fitness: inf
Average fitness: 2.73961545649e+17
Number of repeated individuals: 0
Mutation improvement rate: 0.0%
Crossover improvement rate: 0.0%

Generation 294
Best fitness: 2.77477679664e-09
Worst fitness: inf
Average fitness: 9.13205152164e+16
Number of repeated individuals: 0
Mutation improvement rate: 0.0%
Crossover improvement rate: 0.0%

Generation 295
Best fitness: 2.77477679664e-09
Worst fitness: 1.22998537661e+46
Average fitness: 1.22998537661e+44
Number of repeated individuals: 1
Mutation improvement rate: 0.0%
Crossover improvement rate: 0.0%

Generation 296
Best fitness: 2.77477679664e-09
Worst fitness: inf
Average fitness: 9.13205152164e+16
Number of repeated individuals: 0
Mutation improvement rate: 0.0%
Crossover improvement rate: 0.0%

Generation 297
Best fitness: 2.77477679664e-09
Worst fitness: 1188.66573155
Average fitness: 11.9590205521
Number of repeated individuals: 0
Mutation improvement rate: 0.0%
Crossover improvement rate: 0.0%

Generation 298
Best fitness: 2.77477679664e-09
Worst fitness: inf
Average fitness: 9.22337203685e+16
Number of repeated individuals: 0
Mutation improvement rate: 0.0%
Crossover improvement rate: 0.0%

Generation 299
Best fitness: 2.77477679664e-09
Worst fitness: inf
Average fitness: 9.13205152164e+16
Number of repeated individuals: 3
Mutation improvement rate: 0.0%
Crossover improvement rate: 0.0%

Generation 300
Best fitness: 2.77477679664e-09
Worst fitness: inf
Average fitness: 9.22337203685e+16
Number of repeated individuals: 1
Mutation improvement rate: 0.0%
Crossover improvement rate: 0.0%

Generation 301
Best fitness: 2.77477679664e-09
Worst fitness: 1.3910179246e+15
Average fitness: 1.3910179246e+13
Number of repeated individuals: 0
Mutation improvement rate: 0.0%
Crossover improvement rate: 0.0%

Generation 302
Best fitness: 2.77477679664e-09
Worst fitness: 1.62189808404e+125
Average fitness: 1.62189808404e+123
Number of repeated individuals: 0
Mutation improvement rate: 0.0%
Crossover improvement rate: 0.0%

Generation 303
Best fitness: 2.77477679664e-09
Worst fitness: inf
Average fitness: 1.91773081954e+17
Number of repeated individuals: 2
Mutation improvement rate: 0.0%
Crossover improvement rate: 0.0%

Generation 304
Best fitness: 2.77477679664e-09
Worst fitness: inf
Average fitness: 1.82641030433e+17
Number of repeated individuals: 1
Mutation improvement rate: 0.0%
Crossover improvement rate: 0.0%

Generation 305
Best fitness: 2.77477679664e-09
Worst fitness: inf
Average fitness: 1.84467440737e+17
Number of repeated individuals: 0
Mutation improvement rate: 0.0%
Crossover improvement rate: 0.0%

Generation 306
Best fitness: 2.77477679664e-09
Worst fitness: inf
Average fitness: 9.13205152164e+16
Number of repeated individuals: 1
Mutation improvement rate: 0.0%
Crossover improvement rate: 0.0%

Generation 307
Best fitness: 2.77477679664e-09
Worst fitness: 2.14445214444e+65
Average fitness: 2.14445214444e+63
Number of repeated individuals: 0
Mutation improvement rate: 0.0%
Crossover improvement rate: 0.0%

Generation 308
Best fitness: 2.77477679664e-09
Worst fitness: inf
Average fitness: 1.84467440737e+17
Number of repeated individuals: 1
Mutation improvement rate: 0.0%
Crossover improvement rate: 0.0%

Generation 309
Best fitness: 2.77477679664e-09
Worst fitness: inf
Average fitness: 9.22337203685e+16
Number of repeated individuals: 0
Mutation improvement rate: 0.0%
Crossover improvement rate: 0.0%

Generation 310
Best fitness: 2.77477679664e-09
Worst fitness: inf
Average fitness: 9.13205152164e+16
Number of repeated individuals: 0
Mutation improvement rate: 0.0%
Crossover improvement rate: 0.0%

Generation 311
Best fitness: 2.77477679664e-09
Worst fitness: inf
Average fitness: 1.84467440737e+17
Number of repeated individuals: 0
Mutation improvement rate: 0.0%
Crossover improvement rate: 0.0%

Generation 312
Best fitness: 2.77477679664e-09
Worst fitness: inf
Average fitness: 1.84467440737e+17
Number of repeated individuals: 2
Mutation improvement rate: 0.0%
Crossover improvement rate: 0.0%

Generation 313
Best fitness: 2.77477679664e-09
Worst fitness: inf
Average fitness: 9.22337203685e+16
Number of repeated individuals: 0
Mutation improvement rate: 0.0%
Crossover improvement rate: 0.0%

Generation 314
Best fitness: 2.77477679664e-09
Worst fitness: inf
Average fitness: 6.99912291824e+66
Number of repeated individuals: 1
Mutation improvement rate: 0.0%
Crossover improvement rate: 0.0%

Generation 315
Best fitness: 2.77477679664e-09
Worst fitness: 7.62534908208
Average fitness: 0.182467427413
Number of repeated individuals: 0
Mutation improvement rate: 0.0%
Crossover improvement rate: 0.0%

Generation 316
Best fitness: 2.77477679664e-09
Worst fitness: 467.426799378
Average fitness: 5.30143511316
Number of repeated individuals: 0
Mutation improvement rate: 0.0%
Crossover improvement rate: 0.0%

Generation 317
Best fitness: 2.77477679664e-09
Worst fitness: inf
Average fitness: 9.22337203685e+16
Number of repeated individuals: 1
Mutation improvement rate: 0.0%
Crossover improvement rate: 0.0%

Generation 318
Best fitness: 2.77477679664e-09
Worst fitness: inf
Average fitness: 9.22337203685e+16
Number of repeated individuals: 1
Mutation improvement rate: 0.0%
Crossover improvement rate: 0.0%

Generation 319
Best fitness: 2.77477679664e-09
Worst fitness: 467.426799378
Average fitness: 8.09534125263
Number of repeated individuals: 0
Mutation improvement rate: 0.0%
Crossover improvement rate: 0.0%

Generation 320
Best fitness: 2.77477679664e-09
Worst fitness: 3.79359770998
Average fitness: 0.10244033317
Number of repeated individuals: 0
Mutation improvement rate: 0.0%
Crossover improvement rate: 0.0%

Generation 321
Best fitness: 2.77477679664e-09
Worst fitness: 10.1925978713
Average fitness: 0.138738572559
Number of repeated individuals: 0
Mutation improvement rate: 0.0%
Crossover improvement rate: 0.0%

Generation 322
Best fitness: 2.77477679664e-09
Worst fitness: inf
Average fitness: 9.22337203685e+16
Number of repeated individuals: 0
Mutation improvement rate: 0.0%
Crossover improvement rate: 0.0%

Generation 323
Best fitness: 2.77477679664e-09
Worst fitness: inf
Average fitness: 3.08590471371e+94
Number of repeated individuals: 0
Mutation improvement rate: 0.0%
Crossover improvement rate: 0.0%

Generation 324
Best fitness: 2.77477679664e-09
Worst fitness: 300.669663955
Average fitness: 2.97692736864
Number of repeated individuals: 2
Mutation improvement rate: 0.0%
Crossover improvement rate: 0.0%

Generation 325
Best fitness: 2.77477679664e-09
Worst fitness: inf
Average fitness: 9.13205152164e+16
Number of repeated individuals: 1
Mutation improvement rate: 0.0%
Crossover improvement rate: 0.0%

Generation 326
Best fitness: 2.77477679664e-09
Worst fitness: 3.02988388231
Average fitness: 0.114127684754
Number of repeated individuals: 0
Mutation improvement rate: 0.0%
Crossover improvement rate: 0.0%

Generation 327
Best fitness: 2.77477679664e-09
Worst fitness: 36.6228683385
Average fitness: 0.362602659564
Number of repeated individuals: 0
Mutation improvement rate: 0.0%
Crossover improvement rate: 0.0%

Generation 328
Best fitness: 2.77477679664e-09
Worst fitness: 18.1231312597
Average fitness: 0.263059261538
Number of repeated individuals: 1
Mutation improvement rate: 0.0%
Crossover improvement rate: 0.0%

Generation 329
Best fitness: 2.77477679664e-09
Worst fitness: 2.77477679664e-09
Average fitness: 2.77477679664e-09
Number of repeated individuals: 0
Mutation improvement rate: 0.0%
Crossover improvement rate: 0.0%

Generation 330
Best fitness: 2.77477679664e-09
Worst fitness: 2.77477679664e-09
Average fitness: 2.77477679664e-09
Number of repeated individuals: 0
Mutation improvement rate: 0.0%
Crossover improvement rate: 0.0%

Generation 331
Best fitness: 2.77477679664e-09
Worst fitness: 3.87017192255
Average fitness: 0.0769040680744
Number of repeated individuals: 1
Mutation improvement rate: 0.0%
Crossover improvement rate: 0.0%

Generation 332
Best fitness: 2.77477679664e-09
Worst fitness: inf
Average fitness: 9.22337203685e+16
Number of repeated individuals: 1
Mutation improvement rate: 0.0%
Crossover improvement rate: 0.0%

Generation 333
Best fitness: 2.77477679664e-09
Worst fitness: inf
Average fitness: 2.12321994499e+63
Number of repeated individuals: 3
Mutation improvement rate: 0.0%
Crossover improvement rate: 0.0%

Generation 334
Best fitness: 2.77477679664e-09
Worst fitness: 80.9964322426
Average fitness: 1.52550780997
Number of repeated individuals: 0
Mutation improvement rate: 0.0%
Crossover improvement rate: 0.0%

Generation 335
Best fitness: 2.77477679664e-09
Worst fitness: inf
Average fitness: 1.84467440737e+17
Number of repeated individuals: 0
Mutation improvement rate: 0.0%
Crossover improvement rate: 0.0%

Generation 336
Best fitness: 2.77477679664e-09
Worst fitness: 388216553.012
Average fitness: 3882165.67699
Number of repeated individuals: 0
Mutation improvement rate: 0.0%
Crossover improvement rate: 0.0%

Generation 337
Best fitness: 2.77477679664e-09
Worst fitness: inf
Average fitness: 1.82641030433e+17
Number of repeated individuals: 2
Mutation improvement rate: 0.0%
Crossover improvement rate: 0.0%

Generation 338
Best fitness: 2.77477679664e-09
Worst fitness: 9.19715628766
Average fitness: 0.129512614089
Number of repeated individuals: 0
Mutation improvement rate: 0.0%
Crossover improvement rate: 0.0%

Generation 339
Best fitness: 2.77477679664e-09
Worst fitness: inf
Average fitness: 1.00185386033e+97
Number of repeated individuals: 2
Mutation improvement rate: 0.0%
Crossover improvement rate: 0.0%

Generation 340
Best fitness: 2.77477679664e-09
Worst fitness: inf
Average fitness: 1.59256992549e+26
Number of repeated individuals: 0
Mutation improvement rate: 0.0%
Crossover improvement rate: 0.0%

Generation 341
Best fitness: 2.77477679664e-09
Worst fitness: inf
Average fitness: 9.13205152164e+16
Number of repeated individuals: 0
Mutation improvement rate: 0.0%
Crossover improvement rate: 0.0%

Generation 342
Best fitness: 2.77477679664e-09
Worst fitness: inf
Average fitness: 9.13205152164e+16
Number of repeated individuals: 2
Mutation improvement rate: 0.0%
Crossover improvement rate: 0.0%

Generation 343
Best fitness: 2.77477679664e-09
Worst fitness: 2.10932427725e+60
Average fitness: 2.08843987846e+58
Number of repeated individuals: 0
Mutation improvement rate: 0.0%
Crossover improvement rate: 0.0%

Generation 344
Best fitness: 2.77477679664e-09
Worst fitness: 54.6117978468
Average fitness: 0.760232406588
Number of repeated individuals: 1
Mutation improvement rate: 0.0%
Crossover improvement rate: 0.0%

Generation 345
Best fitness: 2.77477679664e-09
Worst fitness: 9.14957590331e+91
Average fitness: 9.05898604289e+89
Number of repeated individuals: 0
Mutation improvement rate: 0.0%
Crossover improvement rate: 0.0%

Generation 346
Best fitness: 2.77477679664e-09
Worst fitness: 2.14445214444e+65
Average fitness: 2.12321994499e+63
Number of repeated individuals: 2
Mutation improvement rate: 0.0%
Crossover improvement rate: 0.0%

Generation 347
Best fitness: 2.77477679664e-09
Worst fitness: 54.6117978468
Average fitness: 0.685754011373
Number of repeated individuals: 0
Mutation improvement rate: 0.0%
Crossover improvement rate: 0.0%

Generation 348
Best fitness: 2.77477679664e-09
Worst fitness: inf
Average fitness: 1.82641030433e+17
Number of repeated individuals: 1
Mutation improvement rate: 0.0%
Crossover improvement rate: 0.0%

Generation 349
Best fitness: 2.77477679664e-09
Worst fitness: 2.14445214444e+65
Average fitness: 2.14445214444e+63
Number of repeated individuals: 0
Mutation improvement rate: 0.0%
Crossover improvement rate: 0.0%

Generation 350
Best fitness: 2.77477679664e-09
Worst fitness: 9.91273513273
Average fitness: 0.193504726023
Number of repeated individuals: 1
Mutation improvement rate: 0.0%
Crossover improvement rate: 0.0%

Generation 351
Best fitness: 2.77477679664e-09
Worst fitness: 11.1888524414
Average fitness: 0.358556965467
Number of repeated individuals: 2
Mutation improvement rate: 0.0%
Crossover improvement rate: 0.0%

Generation 352
Best fitness: 2.77477679664e-09
Worst fitness: 3.84885413058
Average fitness: 0.0758965168449
Number of repeated individuals: 3
Mutation improvement rate: 0.0%
Crossover improvement rate: 0.0%

Generation 353
Best fitness: 2.77477679664e-09
Worst fitness: 2.8259077885
Average fitness: 0.0294285725567
Number of repeated individuals: 0
Mutation improvement rate: 0.0%
Crossover improvement rate: 0.0%

Generation 354
Best fitness: 2.77477679664e-09
Worst fitness: 3.80530480665
Average fitness: 0.0504902231761
Number of repeated individuals: 0
Mutation improvement rate: 0.0%
Crossover improvement rate: 0.0%

Generation 355
Best fitness: 2.77477679664e-09
Worst fitness: 9.8603921656
Average fitness: 0.153832160353
Number of repeated individuals: 0
Mutation improvement rate: 0.0%
Crossover improvement rate: 0.0%

Generation 356
Best fitness: 2.77477679664e-09
Worst fitness: 2.77477679664e-09
Average fitness: 2.77477679664e-09
Number of repeated individuals: 0
Mutation improvement rate: 0.0%
Crossover improvement rate: 0.0%

Generation 357
Best fitness: 2.77477679664e-09
Worst fitness: inf
Average fitness: 9.13205152164e+16
Number of repeated individuals: 2
Mutation improvement rate: 0.0%
Crossover improvement rate: 0.0%

Generation 358
Best fitness: 2.77477679664e-09
Worst fitness: 2.45170900321e+13
Average fitness: 245170900322.0
Number of repeated individuals: 0
Mutation improvement rate: 0.0%
Crossover improvement rate: 0.0%

Generation 359
Best fitness: 2.77477679664e-09
Worst fitness: inf
Average fitness: 9.22337203685e+16
Number of repeated individuals: 3
Mutation improvement rate: 0.0%
Crossover improvement rate: 0.0%

Generation 360
Best fitness: 2.77477679664e-09
Worst fitness: 61.8183967209
Average fitness: 0.803425814209
Number of repeated individuals: 1
Mutation improvement rate: 0.0%
Crossover improvement rate: 0.0%

Generation 361
Best fitness: 2.77477679664e-09
Worst fitness: inf
Average fitness: 9.13205152164e+16
Number of repeated individuals: 1
Mutation improvement rate: 0.0%
Crossover improvement rate: 0.0%

Generation 362
Best fitness: 2.77477679664e-09
Worst fitness: inf
Average fitness: 3.86275061114e+84
Number of repeated individuals: 1
Mutation improvement rate: 0.0%
Crossover improvement rate: 0.0%

Generation 363
Best fitness: 2.77477679664e-09
Worst fitness: 88.9749692999
Average fitness: 0.9086073438
Number of repeated individuals: 4
Mutation improvement rate: 0.0%
Crossover improvement rate: 0.0%

Generation 364
Best fitness: 2.77477679664e-09
Worst fitness: inf
Average fitness: 9.13205152164e+16
Number of repeated individuals: 2
Mutation improvement rate: 0.0%
Crossover improvement rate: 0.0%

Generation 365
Best fitness: 2.77477679664e-09
Worst fitness: 4.1715928562e+17
Average fitness: 4.13028995663e+15
Number of repeated individuals: 1
Mutation improvement rate: 0.0%
Crossover improvement rate: 0.0%

Generation 366
Best fitness: 2.77477679664e-09
Worst fitness: 3.83694396648
Average fitness: 0.0656565979253
Number of repeated individuals: 0
Mutation improvement rate: 0.0%
Crossover improvement rate: 0.0%

Generation 367
Best fitness: 2.77477679664e-09
Worst fitness: 1.54209437188e+17
Average fitness: 1.52682611077e+15
Number of repeated individuals: 1
Mutation improvement rate: 0.0%
Crossover improvement rate: 0.0%

Generation 368
Best fitness: 2.77477679664e-09
Worst fitness: 36.6943575678
Average fitness: 0.795235587803
Number of repeated individuals: 0
Mutation improvement rate: 0.0%
Crossover improvement rate: 0.0%

Generation 369
Best fitness: 2.77477679664e-09
Worst fitness: 462190762832.0
Average fitness: 4621907628.49
Number of repeated individuals: 0
Mutation improvement rate: 0.0%
Crossover improvement rate: 0.0%

Generation 370
Best fitness: 2.77477679664e-09
Worst fitness: 54.6117978468
Average fitness: 0.568394839469
Number of repeated individuals: 0
Mutation improvement rate: 0.0%
Crossover improvement rate: 0.0%

Generation 371
Best fitness: 2.77477679664e-09
Worst fitness: 54.6117978468
Average fitness: 1.78560582523
Number of repeated individuals: 1
Mutation improvement rate: 0.0%
Crossover improvement rate: 0.0%

Generation 372
Best fitness: 2.77477679664e-09
Worst fitness: inf
Average fitness: 3.68934881474e+17
Number of repeated individuals: 0
Mutation improvement rate: 0.0%
Crossover improvement rate: 0.0%

Generation 373
Best fitness: 2.77477679664e-09
Worst fitness: 53.7561461749
Average fitness: 0.684520846341
Number of repeated individuals: 1
Mutation improvement rate: 0.0%
Crossover improvement rate: 0.0%

Generation 374
Best fitness: 2.77477679664e-09
Worst fitness: 6.75520128998
Average fitness: 0.0924053818607
Number of repeated individuals: 1
Mutation improvement rate: 0.0%
Crossover improvement rate: 0.0%

Generation 375
Best fitness: 2.77477679664e-09
Worst fitness: inf
Average fitness: 9.22337203685e+16
Number of repeated individuals: 1
Mutation improvement rate: 0.0%
Crossover improvement rate: 0.0%

Generation 376
Best fitness: 2.77477679664e-09
Worst fitness: 4.35269079072
Average fitness: 0.188482752684
Number of repeated individuals: 1
Mutation improvement rate: 0.0%
Crossover improvement rate: 0.0%

Generation 377
Best fitness: 2.77477679664e-09
Worst fitness: 19.7715657904
Average fitness: 0.4279930458
Number of repeated individuals: 1
Mutation improvement rate: 0.0%
Crossover improvement rate: 0.0%

Generation 378
Best fitness: 2.77477679664e-09
Worst fitness: 7.27739671255e+105
Average fitness: 7.20534327975e+103
Number of repeated individuals: 1
Mutation improvement rate: 0.0%
Crossover improvement rate: 0.0%

Generation 379
Best fitness: 2.77477679664e-09
Worst fitness: 2.79437214927
Average fitness: 0.0465831148755
Number of repeated individuals: 1
Mutation improvement rate: 0.0%
Crossover improvement rate: 0.0%

Generation 380
Best fitness: 2.77477679664e-09
Worst fitness: 4524.86532966
Average fitness: 44.839013916
Number of repeated individuals: 4
Mutation improvement rate: 0.0%
Crossover improvement rate: 0.0%

Generation 381
Best fitness: 2.77477679664e-09
Worst fitness: 3.15603058053
Average fitness: 0.0394050019519
Number of repeated individuals: 0
Mutation improvement rate: 0.0%
Crossover improvement rate: 0.0%

Generation 382
Best fitness: 2.77477679664e-09
Worst fitness: inf
Average fitness: 9.13205152164e+16
Number of repeated individuals: 0
Mutation improvement rate: 0.0%
Crossover improvement rate: 0.0%

Generation 383
Best fitness: 2.77477679664e-09
Worst fitness: inf
Average fitness: 1.84467440737e+17
Number of repeated individuals: 1
Mutation improvement rate: 0.0%
Crossover improvement rate: 0.0%

Generation 384
Best fitness: 2.77477679664e-09
Worst fitness: inf
Average fitness: 9.22337203685e+16
Number of repeated individuals: 0
Mutation improvement rate: 0.0%
Crossover improvement rate: 0.0%

Generation 385
Best fitness: 2.77477679664e-09
Worst fitness: 2959.8949099
Average fitness: 29.6734819086
Number of repeated individuals: 3
Mutation improvement rate: 0.0%
Crossover improvement rate: 0.0%

Generation 386
Best fitness: 2.77477679664e-09
Worst fitness: 4.50377659687e+94
Average fitness: 4.45918474937e+92
Number of repeated individuals: 0
Mutation improvement rate: 0.0%
Crossover improvement rate: 0.0%

Generation 387
Best fitness: 2.77477679664e-09
Worst fitness: 9.17251463083
Average fitness: 0.118466308555
Number of repeated individuals: 1
Mutation improvement rate: 0.0%
Crossover improvement rate: 0.0%

Generation 388
Best fitness: 2.77477679664e-09
Worst fitness: 3.35961206767
Average fitness: 0.0935313922705
Number of repeated individuals: 1
Mutation improvement rate: 0.0%
Crossover improvement rate: 0.0%

Generation 389
Best fitness: 2.77477679664e-09
Worst fitness: 2.14445214444e+65
Average fitness: 2.12321994499e+63
Number of repeated individuals: 2
Mutation improvement rate: 0.0%
Crossover improvement rate: 0.0%

Generation 390
Best fitness: 2.77477679664e-09
Worst fitness: 11.1888524414
Average fitness: 0.110780719988
Number of repeated individuals: 0
Mutation improvement rate: 0.0%
Crossover improvement rate: 0.0%

Generation 391
Best fitness: 2.77477679664e-09
Worst fitness: 5.48276030086
Average fitness: 0.0878626008123
Number of repeated individuals: 2
Mutation improvement rate: 0.0%
Crossover improvement rate: 0.0%

Generation 392
Best fitness: 2.77477679664e-09
Worst fitness: inf
Average fitness: 9.13205152164e+16
Number of repeated individuals: 3
Mutation improvement rate: 0.0%
Crossover improvement rate: 0.0%

Generation 393
Best fitness: 2.77477679664e-09
Worst fitness: 1.74988785651e+12
Average fitness: 17325622410.6
Number of repeated individuals: 1
Mutation improvement rate: 0.0%
Crossover improvement rate: 0.0%

Generation 394
Best fitness: 2.77477679664e-09
Worst fitness: inf
Average fitness: 9.13205152164e+16
Number of repeated individuals: 0
Mutation improvement rate: 0.0%
Crossover improvement rate: 0.0%

Generation 395
Best fitness: 2.77477679664e-09
Worst fitness: inf
Average fitness: 9.13205152164e+16
Number of repeated individuals: 1
Mutation improvement rate: 0.0%
Crossover improvement rate: 0.0%

Generation 396
Best fitness: 2.77477679664e-09
Worst fitness: inf
Average fitness: 1.84467440737e+17
Number of repeated individuals: 0
Mutation improvement rate: 0.0%
Crossover improvement rate: 0.0%

Generation 397
Best fitness: 2.77477679664e-09
Worst fitness: inf
Average fitness: 2.12321994499e+63
Number of repeated individuals: 1
Mutation improvement rate: 0.0%
Crossover improvement rate: 0.0%

Generation 398
Best fitness: 2.77477679664e-09
Worst fitness: 3.85997209328
Average fitness: 0.0658845991807
Number of repeated individuals: 2
Mutation improvement rate: 0.0%
Crossover improvement rate: 0.0%

Generation 399
Best fitness: 2.77477679664e-09
Worst fitness: 1127.66966067
Average fitness: 11.3570973442
Number of repeated individuals: 1
Mutation improvement rate: 0.0%
Crossover improvement rate: 0.0%

Generation 400
Best fitness: 2.77477679664e-09
Worst fitness: 525.440065504
Average fitness: 5.37059210171
Number of repeated individuals: 0
Mutation improvement rate: 0.0%
Crossover improvement rate: 0.0%

Generation 401
Best fitness: 