Generation 1
Best fitness: 2.77477679664e-09
Worst fitness: 435.750281772
Average fitness: 12.1928948781
Number of repeated individuals: 10
Mutation improvement rate: 0.0%
Crossover improvement rate: 30.68%

Generation 2
Best fitness: 2.77477679664e-09
Worst fitness: inf
Average fitness: 9.22337203685e+16
Number of repeated individuals: 17
Mutation improvement rate: 0.0%
Crossover improvement rate: 33.72%

Generation 3
Best fitness: 2.77477679664e-09
Worst fitness: inf
Average fitness: 2.73961545649e+17
Number of repeated individuals: 34
Mutation improvement rate: 25.0%
Crossover improvement rate: 28.72%

Generation 4
Best fitness: 2.77477679664e-09
Worst fitness: inf
Average fitness: 9.22337203685e+16
Number of repeated individuals: 47
Mutation improvement rate: 0.0%
Crossover improvement rate: 22.83%

Generation 5
Best fitness: 2.77477679664e-09
Worst fitness: 54.6117978468
Average fitness: 12.5841456825
Number of repeated individuals: 78
Mutation improvement rate: 0.0%
Crossover improvement rate: 12.77%

Generation 6
Best fitness: 2.77477679664e-09
Worst fitness: 54.6117978468
Average fitness: 12.9799862595
Number of repeated individuals: 91
Mutation improvement rate: 0.0%
Crossover improvement rate: 2.08%

Generation 7
Best fitness: 2.77477679664e-09
Worst fitness: 152.24685089
Average fitness: 18.0979982319
Number of repeated individuals: 91
Mutation improvement rate: 0.0%
Crossover improvement rate: 0.0%

Generation 8
Best fitness: 2.77477679664e-09
Worst fitness: inf
Average fitness: 9.13205152164e+16
Number of repeated individuals: 89
Mutation improvement rate: 0.0%
Crossover improvement rate: 1.11%

Generation 9
Best fitness: 2.77477679664e-09
Worst fitness: inf
Average fitness: 9.13205152164e+16
Number of repeated individuals: 87
Mutation improvement rate: 0.0%
Crossover improvement rate: 1.14%

Generation 10
Best fitness: 2.77477679664e-09
Worst fitness: 54.6117978468
Average fitness: 14.3656921838
Number of repeated individuals: 91
Mutation improvement rate: 0.0%
Crossover improvement rate: 4.44%

Generation 11
Best fitness: 2.77477679664e-09
Worst fitness: 393743.785027
Average fitness: 3909.32187858
Number of repeated individuals: 94
Mutation improvement rate: 0.0%
Crossover improvement rate: 1.11%

Generation 12
Best fitness: 2.77477679664e-09
Worst fitness: 54.6117978468
Average fitness: 13.789114876
Number of repeated individuals: 93
Mutation improvement rate: 0.0%
Crossover improvement rate: 0.0%

Generation 13
Best fitness: 2.77477679664e-09
Worst fitness: 54.6117978468
Average fitness: 13.1521343697
Number of repeated individuals: 97
Mutation improvement rate: 0.0%
Crossover improvement rate: 1.04%

Generation 14
Best fitness: 2.77477679664e-09
Worst fitness: 326.306790529
Average fitness: 16.0975050553
Number of repeated individuals: 92
Mutation improvement rate: 0.0%
Crossover improvement rate: 1.11%

Generation 15
Best fitness: 2.77477679664e-09
Worst fitness: 54.6117978468
Average fitness: 10.2018524424
Number of repeated individuals: 96
Mutation improvement rate: 0.0%
Crossover improvement rate: 0.0%

Generation 16
Best fitness: 2.77477679664e-09
Worst fitness: 186.525161346
Average fitness: 14.8348408522
Number of repeated individuals: 84
Mutation improvement rate: 0.0%
Crossover improvement rate: 0.0%

Generation 17
Best fitness: 2.77477679664e-09
Worst fitness: 54.6117978468
Average fitness: 13.5706854925
Number of repeated individuals: 95
Mutation improvement rate: 0.0%
Crossover improvement rate: 0.0%

Generation 18
Best fitness: 2.77477679664e-09
Worst fitness: 54.6117978468
Average fitness: 17.6922395774
Number of repeated individuals: 95
Mutation improvement rate: 0.0%
Crossover improvement rate: 0.0%

Generation 19
Best fitness: 2.77477679664e-09
Worst fitness: 61.4158063918
Average fitness: 15.2882446124
Number of repeated individuals: 93
Mutation improvement rate: 0.0%
Crossover improvement rate: 3.26%

Generation 20
Best fitness: 2.77477679664e-09
Worst fitness: 54.6117978468
Average fitness: 13.815314883
Number of repeated individuals: 93
Mutation improvement rate: 0.0%
Crossover improvement rate: 2.17%

Generation 21
Best fitness: 2.77477679664e-09
Worst fitness: 5206.17060624
Average fitness: 63.1586576354
Number of repeated individuals: 90
Mutation improvement rate: 0.0%
Crossover improvement rate: 1.14%

Generation 22
Best fitness: 2.77477679664e-09
Worst fitness: 54.6117978468
Average fitness: 12.027555915
Number of repeated individuals: 96
Mutation improvement rate: 0.0%
Crossover improvement rate: 0.0%

Generation 23
Best fitness: 2.77477679664e-09
Worst fitness: 54.6117978468
Average fitness: 14.9290752761
Number of repeated individuals: 94
Mutation improvement rate: 0.0%
Crossover improvement rate: 1.11%

Generation 24
Best fitness: 2.77477679664e-09
Worst fitness: 64.3769568391
Average fitness: 12.7626207057
Number of repeated individuals: 90
Mutation improvement rate: 0.0%
Crossover improvement rate: 2.22%

Generation 25
Best fitness: 2.77477679664e-09
Worst fitness: 19945.1525226
Average fitness: 212.186648801
Number of repeated individuals: 89
Mutation improvement rate: 0.0%
Crossover improvement rate: 0.0%

Generation 26
Best fitness: 2.77477679664e-09
Worst fitness: 54.6117978468
Average fitness: 13.3384267075
Number of repeated individuals: 91
Mutation improvement rate: 0.0%
Crossover improvement rate: 0.0%

Generation 27
Best fitness: 2.77477679664e-09
Worst fitness: 55.7893030193
Average fitness: 13.3277659124
Number of repeated individuals: 89
Mutation improvement rate: 0.0%
Crossover improvement rate: 0.0%

Generation 28
Best fitness: 2.77477679664e-09
Worst fitness: 1820.92234363
Average fitness: 31.413677847
Number of repeated individuals: 92
Mutation improvement rate: 0.0%
Crossover improvement rate: 0.0%

Generation 29
Best fitness: 2.77477679664e-09
Worst fitness: 1831.71030062
Average fitness: 33.488516075
Number of repeated individuals: 94
Mutation improvement rate: 0.0%
Crossover improvement rate: 0.0%

Generation 30
Best fitness: 2.77477679664e-09
Worst fitness: 54.6117978468
Average fitness: 12.3906813632
Number of repeated individuals: 90
Mutation improvement rate: 0.0%
Crossover improvement rate: 0.0%

Generation 31
Best fitness: 2.77477679664e-09
Worst fitness: 330.079835822
Average fitness: 18.2166530624
Number of repeated individuals: 91
Mutation improvement rate: 0.0%
Crossover improvement rate: 0.0%

Generation 32
Best fitness: 2.77477679664e-09
Worst fitness: inf
Average fitness: 9.22337203685e+16
Number of repeated individuals: 89
Mutation improvement rate: 20.0%
Crossover improvement rate: 0.0%

Generation 33
Best fitness: 2.77477679664e-09
Worst fitness: 54.6117978468
Average fitness: 12.6183719956
Number of repeated individuals: 92
Mutation improvement rate: 0.0%
Crossover improvement rate: 2.13%

Generation 34
Best fitness: 2.77477679664e-09
Worst fitness: 4.7736264423e+94
Average fitness: 4.7736264423e+92
Number of repeated individuals: 92
Mutation improvement rate: 0.0%
Crossover improvement rate: 0.0%

Generation 35
Best fitness: 2.77477679664e-09
Worst fitness: 8560.58020797
Average fitness: 99.0160824909
Number of repeated individuals: 93
Mutation improvement rate: 0.0%
Crossover improvement rate: 1.14%

Generation 36
Best fitness: 2.77477679664e-09
Worst fitness: 54.6117978468
Average fitness: 14.2202257751
Number of repeated individuals: 95
Mutation improvement rate: 0.0%
Crossover improvement rate: 1.11%

Generation 37
Best fitness: 2.77477679664e-09
Worst fitness: 54.6117978468
Average fitness: 12.4914227499
Number of repeated individuals: 95
Mutation improvement rate: 0.0%
Crossover improvement rate: 0.0%

Generation 38
Best fitness: 2.77477679664e-09
Worst fitness: 222.375027301
Average fitness: 18.076862313
Number of repeated individuals: 96
Mutation improvement rate: 0.0%
Crossover improvement rate: 1.09%

Generation 39
Best fitness: 2.77477679664e-09
Worst fitness: 54.6117978468
Average fitness: 14.8437623188
Number of repeated individuals: 95
Mutation improvement rate: 0.0%
Crossover improvement rate: 1.09%

Generation 40
Best fitness: 2.77477679664e-09
Worst fitness: 54.6117978468
Average fitness: 11.515776991
Number of repeated individuals: 94
Mutation improvement rate: 0.0%
Crossover improvement rate: 1.06%

Generation 41
Best fitness: 2.77477679664e-09
Worst fitness: 54.6117978468
Average fitness: 14.3591268473
Number of repeated individuals: 95
Mutation improvement rate: 0.0%
Crossover improvement rate: 1.06%

Generation 42
Best fitness: 2.77477679664e-09
Worst fitness: 16402.7850994
Average fitness: 177.678104498
Number of repeated individuals: 95
Mutation improvement rate: 0.0%
Crossover improvement rate: 0.0%

Generation 43
Best fitness: 2.77477679664e-09
Worst fitness: 54.6117978468
Average fitness: 13.5935588833
Number of repeated individuals: 96
Mutation improvement rate: 0.0%
Crossover improvement rate: 0.0%

Generation 44
Best fitness: 2.77477679664e-09
Worst fitness: 54.6117978468
Average fitness: 12.6220465171
Number of repeated individuals: 95
Mutation improvement rate: 0.0%
Crossover improvement rate: 1.06%

Generation 45
Best fitness: 2.77477679664e-09
Worst fitness: 54.6117978468
Average fitness: 10.352979496
Number of repeated individuals: 95
Mutation improvement rate: 0.0%
Crossover improvement rate: 0.0%

Generation 46
Best fitness: 2.77477679664e-09
Worst fitness: 54.6117978468
Average fitness: 12.7179302152
Number of repeated individuals: 91
Mutation improvement rate: 0.0%
Crossover improvement rate: 0.0%

Generation 47
Best fitness: 2.77477679664e-09
Worst fitness: 1.37204422662e+113
Average fitness: 1.37204422662e+111
Number of repeated individuals: 86
Mutation improvement rate: 0.0%
Crossover improvement rate: 1.22%

Generation 48
Best fitness: 2.77477679664e-09
Worst fitness: 54.6117978468
Average fitness: 12.5982960818
Number of repeated individuals: 94
Mutation improvement rate: 0.0%
Crossover improvement rate: 1.09%

Generation 49
Best fitness: 2.77477679664e-09
Worst fitness: 54.6117978468
Average fitness: 15.8358213833
Number of repeated individuals: 97
Mutation improvement rate: 0.0%
Crossover improvement rate: 0.0%

Generation 50
Best fitness: 2.77477679664e-09
Worst fitness: 5.6553483952e+15
Average fitness: 5.6553483952e+13
Number of repeated individuals: 89
Mutation improvement rate: 12.5%
Crossover improvement rate: 0.0%

Generation 51
Best fitness: 2.77477679664e-09
Worst fitness: 54.6117978468
Average fitness: 15.0463769513
Number of repeated individuals: 95
Mutation improvement rate: 0.0%
Crossover improvement rate: 1.06%

Generation 52
Best fitness: 2.77477679664e-09
Worst fitness: 60005280519.6
Average fitness: 594111702.645
Number of repeated individuals: 95
Mutation improvement rate: 0.0%
Crossover improvement rate: 2.22%

Generation 53
Best fitness: 2.77477679664e-09
Worst fitness: 1.02045863084e+59
Average fitness: 1.02045863084e+57
Number of repeated individuals: 84
Mutation improvement rate: 0.0%
Crossover improvement rate: 2.63%

Generation 54
Best fitness: 2.77477679664e-09
Worst fitness: 54.6117978468
Average fitness: 17.7344048618
Number of repeated individuals: 95
Mutation improvement rate: 0.0%
Crossover improvement rate: 0.0%

Generation 55
Best fitness: 2.77477679664e-09
Worst fitness: 280.486925825
Average fitness: 17.9031982376
Number of repeated individuals: 87
Mutation improvement rate: 0.0%
Crossover improvement rate: 1.19%

Generation 56
Best fitness: 2.77477679664e-09
Worst fitness: 54.6117978468
Average fitness: 12.2903305206
Number of repeated individuals: 92
Mutation improvement rate: 0.0%
Crossover improvement rate: 0.0%

Generation 57
Best fitness: 2.77477679664e-09
Worst fitness: 54.6117978468
Average fitness: 16.5676543529
Number of repeated individuals: 96
Mutation improvement rate: 0.0%
Crossover improvement rate: 0.0%

Generation 58
Best fitness: 2.77477679664e-09
Worst fitness: 54.6117978468
Average fitness: 17.1228154345
Number of repeated individuals: 97
Mutation improvement rate: 0.0%
Crossover improvement rate: 1.09%

Generation 59
Best fitness: 2.77477679664e-09
Worst fitness: 54.6117978468
Average fitness: 15.3277132041
Number of repeated individuals: 94
Mutation improvement rate: 0.0%
Crossover improvement rate: 0.0%

Generation 60
Best fitness: 2.77477679664e-09
Worst fitness: 60.7283872095
Average fitness: 12.1239214433
Number of repeated individuals: 93
Mutation improvement rate: 0.0%
Crossover improvement rate: 1.14%

Generation 61
Best fitness: 2.77477679664e-09
Worst fitness: 54.6117978468
Average fitness: 10.2736892618
Number of repeated individuals: 97
Mutation improvement rate: 0.0%
Crossover improvement rate: 0.0%

Generation 62
Best fitness: 2.77477679664e-09
Worst fitness: 4869.56348212
Average fitness: 64.7549232556
Number of repeated individuals: 92
Mutation improvement rate: 0.0%
Crossover improvement rate: 0.0%

Generation 63
Best fitness: 2.77477679664e-09
Worst fitness: 54.6117978468
Average fitness: 15.7986652176
Number of repeated individuals: 98
Mutation improvement rate: 0.0%
Crossover improvement rate: 0.0%

Generation 64
Best fitness: 2.77477679664e-09
Worst fitness: 54.6117978468
Average fitness: 13.0848256028
Number of repeated individuals: 96
Mutation improvement rate: 0.0%
Crossover improvement rate: 1.04%

Generation 65
Best fitness: 2.77477679664e-09
Worst fitness: 54.6117978468
Average fitness: 11.0330442928
Number of repeated individuals: 92
Mutation improvement rate: 0.0%
Crossover improvement rate: 0.0%

Generation 66
Best fitness: 2.77477679664e-09
Worst fitness: 54.6117978468
Average fitness: 12.6220139578
Number of repeated individuals: 95
Mutation improvement rate: 0.0%
Crossover improvement rate: 0.0%

Generation 67
Best fitness: 2.77477679664e-09
Worst fitness: 54.6117978468
Average fitness: 17.2966504408
Number of repeated individuals: 94
Mutation improvement rate: 0.0%
Crossover improvement rate: 0.0%

Generation 68
Best fitness: 2.77477679664e-09
Worst fitness: 54.6117978468
Average fitness: 13.6358217387
Number of repeated individuals: 98
Mutation improvement rate: 0.0%
Crossover improvement rate: 3.19%

Generation 69
Best fitness: 2.77477679664e-09
Worst fitness: 54.6117978468
Average fitness: 12.6526460614
Number of repeated individuals: 91
Mutation improvement rate: 0.0%
Crossover improvement rate: 1.09%

Generation 70
Best fitness: 2.77477679664e-09
Worst fitness: 54.6117978468
Average fitness: 12.6222027682
Number of repeated individuals: 95
Mutation improvement rate: 0.0%
Crossover improvement rate: 0.0%

Generation 71
Best fitness: 2.77477679664e-09
Worst fitness: 54.6117978468
Average fitness: 11.0170757082
Number of repeated individuals: 94
Mutation improvement rate: 0.0%
Crossover improvement rate: 0.0%

Generation 72
Best fitness: 2.77477679664e-09
Worst fitness: 4524.86532966
Average fitness: 61.2973350971
Number of repeated individuals: 88
Mutation improvement rate: 0.0%
Crossover improvement rate: 0.0%

Generation 73
Best fitness: 2.77477679664e-09
Worst fitness: 54.6117978468
Average fitness: 13.2929831993
Number of repeated individuals: 93
Mutation improvement rate: 0.0%
Crossover improvement rate: 0.0%

Generation 74
Best fitness: 2.77477679664e-09
Worst fitness: 54.6117978468
Average fitness: 10.7745958387
Number of repeated individuals: 91
Mutation improvement rate: 0.0%
Crossover improvement rate: 0.0%

Generation 75
Best fitness: 2.77477679664e-09
Worst fitness: 54.6117978468
Average fitness: 13.1908892315
Number of repeated individuals: 96
Mutation improvement rate: 0.0%
Crossover improvement rate: 0.0%

Generation 76
Best fitness: 2.77477679664e-09
Worst fitness: inf
Average fitness: 9.22337203685e+16
Number of repeated individuals: 87
Mutation improvement rate: 0.0%
Crossover improvement rate: 0.0%

Generation 77
Best fitness: 2.77477679664e-09
Worst fitness: 54.6117978468
Average fitness: 16.1426825195
Number of repeated individuals: 92
Mutation improvement rate: 0.0%
Crossover improvement rate: 1.09%

Generation 78
Best fitness: 2.77477679664e-09
Worst fitness: 54.6117978468
Average fitness: 11.6522271839
Number of repeated individuals: 89
Mutation improvement rate: 0.0%
Crossover improvement rate: 2.27%

Generation 79
Best fitness: 2.77477679664e-09
Worst fitness: 54.6117978468
Average fitness: 15.2772023878
Number of repeated individuals: 96
Mutation improvement rate: 0.0%
Crossover improvement rate: 0.0%

Generation 80
Best fitness: 2.77477679664e-09
Worst fitness: 5.71219687345e+61
Average fitness: 5.65564046876e+59
Number of repeated individuals: 91
Mutation improvement rate: 0.0%
Crossover improvement rate: 1.16%

Generation 81
Best fitness: 2.77477679664e-09
Worst fitness: 48184254.646
Average fitness: 477090.755804
Number of repeated individuals: 92
Mutation improvement rate: 0.0%
Crossover improvement rate: 0.0%

Generation 82
Best fitness: 2.77477679664e-09
Worst fitness: 54.6117978468
Average fitness: 13.0264125451
Number of repeated individuals: 96
Mutation improvement rate: 0.0%
Crossover improvement rate: 1.11%

Generation 83
Best fitness: 2.77477679664e-09
Worst fitness: 54.6117978468
Average fitness: 14.3030525821
Number of repeated individuals: 94
Mutation improvement rate: 0.0%
Crossover improvement rate: 1.14%

Generation 84
Best fitness: 2.77477679664e-09
Worst fitness: 54.6117978468
Average fitness: 15.4256902046
Number of repeated individuals: 96
Mutation improvement rate: 0.0%
Crossover improvement rate: 3.12%

Generation 85
Best fitness: 2.77477679664e-09
Worst fitness: inf
Average fitness: 9.13205152164e+16
Number of repeated individuals: 89
Mutation improvement rate: 0.0%
Crossover improvement rate: 0.0%

Generation 86
Best fitness: 2.77477679664e-09
Worst fitness: 5801820509.32
Average fitness: 57443780.3612
Number of repeated individuals: 93
Mutation improvement rate: 0.0%
Crossover improvement rate: 3.33%

Generation 87
Best fitness: 2.77477679664e-09
Worst fitness: 54.6117978468
Average fitness: 13.5717454818
Number of repeated individuals: 97
Mutation improvement rate: 0.0%
Crossover improvement rate: 0.0%

Generation 88
Best fitness: 2.77477679664e-09
Worst fitness: 374.520122165
Average fitness: 16.0568612902
Number of repeated individuals: 90
Mutation improvement rate: 0.0%
Crossover improvement rate: 0.0%

Generation 89
Best fitness: 2.77477679664e-09
Worst fitness: 54.6117978468
Average fitness: 14.2690128626
Number of repeated individuals: 97
Mutation improvement rate: 0.0%
Crossover improvement rate: 0.0%

Generation 90
Best fitness: 2.77477679664e-09
Worst fitness: 54.6117978468
Average fitness: 8.64523546246
Number of repeated individuals: 94
Mutation improvement rate: 0.0%
Crossover improvement rate: 0.0%

Generation 91
Best fitness: 2.77477679664e-09
Worst fitness: 385058.366812
Average fitness: 3827.40934619
Number of repeated individuals: 94
Mutation improvement rate: 0.0%
Crossover improvement rate: 0.0%

Generation 92
Best fitness: 2.77477679664e-09
Worst fitness: 54.6117978468
Average fitness: 11.0609780477
Number of repeated individuals: 91
Mutation improvement rate: 0.0%
Crossover improvement rate: 0.0%

Generation 93
Best fitness: 2.77477679664e-09
Worst fitness: inf
Average fitness: 9.22337203685e+16
Number of repeated individuals: 88
Mutation improvement rate: 0.0%
Crossover improvement rate: 1.22%

Generation 94
Best fitness: 2.77477679664e-09
Worst fitness: 54.6117978468
Average fitness: 10.9731751004
Number of repeated individuals: 92
Mutation improvement rate: 0.0%
Crossover improvement rate: 0.0%

Generation 95
Best fitness: 2.77477679664e-09
Worst fitness: 54.6117978468
Average fitness: 13.8098584288
Number of repeated individuals: 95
Mutation improvement rate: 0.0%
Crossover improvement rate: 0.0%

Generation 96
Best fitness: 2.77477679664e-09
Worst fitness: 54.6117978468
Average fitness: 13.1521343697
Number of repeated individuals: 97
Mutation improvement rate: 0.0%
Crossover improvement rate: 1.02%

Generation 97
Best fitness: 2.77477679664e-09
Worst fitness: 54.6117978468
Average fitness: 12.675247327
Number of repeated individuals: 94
Mutation improvement rate: 0.0%
Crossover improvement rate: 0.0%

Generation 98
Best fitness: 2.77477679664e-09
Worst fitness: 54.6117978468
Average fitness: 13.1379128069
Number of repeated individuals: 96
Mutation improvement rate: 0.0%
Crossover improvement rate: 0.0%

Generation 99
Best fitness: 2.77477679664e-09
Worst fitness: 54.6117978468
Average fitness: 12.8031307793
Number of repeated individuals: 93
Mutation improvement rate: 0.0%
Crossover improvement rate: 0.0%

Generation 100
Best fitness: 2.77477679664e-09
Worst fitness: inf
Average fitness: 9.13205152164e+16
Number of repeated individuals: 93
Mutation improvement rate: 0.0%
Crossover improvement rate: 0.0%